start,end,duration,activity,returnCode
2017-08-02 07:08:06.100425,2017-08-02 07:08:21.571624,0:00:15.471199,printing,0
2017-08-02 07:08:21.576952,2017-08-02 07:08:36.673276,0:00:15.096324,printing,0
2017-08-02 07:08:36.679442,2017-08-02 07:08:52.247921,0:00:15.568479,printing,0
2017-08-02 07:08:52.254122,2017-08-02 07:12:31.160513,0:03:38.906391,private,0
2017-08-02 07:12:31.167734,2017-08-02 07:13:56.307142,0:01:25.139408,browsing,0
2017-08-02 07:13:56.314753,2017-08-02 07:15:51.112159,0:01:54.797406,private,0
2017-08-02 07:15:51.118265,2017-08-02 07:16:06.200127,0:00:15.081862,printing,0
2017-08-02 07:16:06.205941,2017-08-02 07:17:43.253008,0:01:37.047067,copyFiles,0
2017-08-02 07:17:43.259081,2017-08-02 07:18:54.169400,0:01:10.910319,browsing,0
2017-08-02 07:18:54.182916,2017-08-02 07:25:00.523562,0:06:06.340646,browsing,0
2017-08-02 07:25:00.529930,2017-08-02 07:34:39.505185,0:09:38.975255,browsing,0
2017-08-02 07:34:39.512191,2017-08-02 07:35:05.582666,0:00:26.070475,printing,0
2017-08-02 07:35:05.588700,2017-08-02 07:36:06.486104,0:01:00.897404,mailing,0
2017-08-02 07:36:06.491692,2017-08-02 07:36:14.167752,0:00:07.676060,ssh,0
2017-08-02 07:36:14.173892,2017-08-02 07:37:40.169110,0:01:25.995218,private,0
2017-08-02 07:37:40.175982,2017-08-02 07:39:20.977328,0:01:40.801346,private,0
2017-08-02 07:39:20.984665,2017-08-02 07:39:36.038799,0:00:15.054134,printing,0
2017-08-02 07:39:36.045924,2017-08-02 07:41:58.752112,0:02:22.706188,browsing,0
2017-08-02 07:41:58.759097,2017-08-02 07:42:56.727921,0:00:57.968824,private,0
2017-08-02 07:42:56.734348,2017-08-02 07:43:41.371948,0:00:44.637600,browsing,0
2017-08-02 07:43:41.381537,2017-08-02 07:45:12.340920,0:01:30.959383,browsing,0
2017-08-02 07:45:12.347511,2017-08-02 07:46:24.834585,0:01:12.487074,browsing,0
2017-08-02 07:46:24.841659,2017-08-02 07:50:54.700616,0:04:29.858957,private,0
2017-08-02 07:50:54.707470,2017-08-02 07:52:16.016657,0:01:21.309187,mailing,0
2017-08-02 07:52:16.022790,2017-08-02 07:55:50.602956,0:03:34.580166,browsing,0
2017-08-02 07:55:50.610838,2017-08-02 07:59:35.105510,0:03:44.494672,browsing,0
2017-08-02 07:59:35.112896,2017-08-02 08:00:36.340504,0:01:01.227608,mailing,0
2017-08-02 08:00:36.346492,2017-08-02 08:05:28.444639,0:04:52.098147,breaks,0
2017-08-02 08:05:28.465134,2017-08-02 08:05:43.621530,0:00:15.156396,printing,0
2017-08-02 08:05:43.651009,2017-08-02 08:07:01.321830,0:01:17.670821,browsing,0
2017-08-02 08:07:02.458385,2017-08-02 08:17:02.463513,0:10:00.005128,private,-1
2017-08-02 08:17:02.473383,2017-08-02 08:20:18.760472,0:03:16.287089,browsing,0
2017-08-02 08:20:18.766935,2017-08-02 08:28:48.421518,0:08:29.654583,private,0
2017-08-02 08:28:48.427808,2017-08-02 08:33:06.265535,0:04:17.837727,browsing,0
2017-08-02 08:33:06.272256,2017-08-02 08:34:41.301023,0:01:35.028767,breaks,0
2017-08-02 08:34:41.308490,2017-08-02 08:38:06.661778,0:03:25.353288,browsing,0
2017-08-02 08:38:06.668158,2017-08-02 08:41:57.644358,0:03:50.976200,browsing,0
2017-08-02 08:41:57.651546,2017-08-02 08:47:16.556068,0:05:18.904522,private,0
2017-08-02 08:47:16.562256,2017-08-02 08:48:22.557161,0:01:05.994905,private,0
2017-08-02 08:48:22.563475,2017-08-02 08:51:39.987941,0:03:17.424466,private,0
2017-08-02 08:51:39.993444,2017-08-02 08:57:04.739113,0:05:24.745669,private,0
2017-08-02 08:57:04.746308,2017-08-02 09:03:57.373503,0:06:52.627195,browsing,0
2017-08-02 09:03:57.379855,2017-08-02 09:05:43.589737,0:01:46.209882,ssh,0
2017-08-02 09:05:43.609860,2017-08-02 09:13:05.426253,0:07:21.816393,private,0
2017-08-02 09:13:05.433082,2017-08-02 09:18:17.335293,0:05:11.902211,browsing,0
2017-08-02 09:18:17.342107,2017-08-02 09:23:19.205641,0:05:01.863534,private,0
2017-08-02 09:23:19.211801,2017-08-02 09:25:24.504687,0:02:05.292886,browsing,0
2017-08-02 09:25:24.512683,2017-08-02 09:26:33.783589,0:01:09.270906,private,0
2017-08-02 09:26:33.790478,2017-08-02 10:00:18.851016,0:33:45.060538,offline,0
2017-08-02 10:00:18.858573,2017-08-02 10:03:21.961103,0:03:03.102530,breaks,0
2017-08-02 10:03:21.969414,2017-08-02 10:06:56.111362,0:03:34.141948,browsing,0
2017-08-02 10:06:56.117955,2017-08-02 10:10:41.797246,0:03:45.679291,private,0
2017-08-02 10:10:41.804288,2017-08-02 10:16:26.689914,0:05:44.885626,private,0
2017-08-02 10:16:26.696618,2017-08-02 10:18:51.733218,0:02:25.036600,private,0
2017-08-02 10:18:51.739082,2017-08-02 10:23:05.700527,0:04:13.961445,private,0
2017-08-02 10:23:05.706442,2017-08-02 10:29:07.073341,0:06:01.366899,browsing,0
2017-08-02 10:29:07.080050,2017-08-02 10:31:50.625733,0:02:43.545683,private,0
2017-08-02 10:31:50.632791,2017-08-02 10:33:42.827354,0:01:52.194563,browsing,0
2017-08-02 10:33:42.834609,2017-08-02 11:06:00.918739,0:32:18.084130,meeting,0
2017-08-02 11:06:00.925935,2017-08-02 11:08:20.467131,0:02:19.541196,private,0
2017-08-02 11:08:20.474342,2017-08-02 11:11:54.085896,0:03:33.611554,private,0
2017-08-02 11:11:54.092533,2017-08-02 11:12:54.243319,0:01:00.150786,private,0
2017-08-02 11:12:54.251582,2017-08-02 11:13:30.912510,0:00:36.660928,browsing,0
2017-08-02 11:13:30.918973,2017-08-02 11:14:47.432545,0:01:16.513572,private,0
2017-08-02 11:14:47.439159,2017-08-02 11:19:02.414936,0:04:14.975777,browsing,0
2017-08-02 11:19:02.422079,2017-08-02 11:20:35.611354,0:01:33.189275,browsing,0
2017-08-02 11:20:35.618363,2017-08-02 11:21:53.765671,0:01:18.147308,browsing,0
2017-08-02 11:21:53.773339,2017-08-02 11:24:53.542611,0:02:59.769272,private,0
2017-08-02 11:24:53.550247,2017-08-02 11:28:36.871637,0:03:43.321390,browsing,0
2017-08-02 11:28:36.879527,2017-08-02 11:30:09.317513,0:01:32.437986,mailing,0
2017-08-02 11:30:09.322880,2017-08-02 13:04:31.338465,1:34:22.015585,meeting,0
2017-08-02 13:04:31.346197,2017-08-02 13:05:22.135539,0:00:50.789342,mailing,0
2017-08-02 13:05:22.140872,2017-08-02 13:08:22.146115,0:03:00.005243,private,0
2017-08-02 13:08:22.152795,2017-08-02 13:10:42.362000,0:02:20.209205,browsing,0
2017-08-02 13:10:42.368967,2017-08-02 13:14:42.069402,0:03:59.700435,copyFiles,0
2017-08-02 13:14:42.076026,2017-08-02 13:19:38.148972,0:04:56.072946,breaks,0
2017-08-02 13:19:38.156402,2017-08-02 13:21:53.118468,0:02:14.962066,browsing,0
2017-08-02 13:21:53.125725,2017-08-02 13:23:11.013140,0:01:17.887415,browsing,0
2017-08-02 13:23:11.018042,2017-08-02 13:24:13.404654,0:01:02.386612,browsing,0
2017-08-02 13:24:13.410885,2017-08-02 13:27:09.897814,0:02:56.486929,private,0
2017-08-02 13:27:09.904205,2017-08-02 13:37:09.910661,0:10:00.006456,browsing,-1
2017-08-02 13:37:09.918742,2017-08-02 13:41:32.931417,0:04:23.012675,private,0
2017-08-02 13:41:32.940617,2017-08-02 13:43:18.062703,0:01:45.122086,browsing,0
2017-08-02 13:43:18.069232,2017-08-02 13:53:00.416041,0:09:42.346809,browsing,0
2017-08-02 13:53:00.423566,2017-08-02 13:54:14.318789,0:01:13.895223,private,0
2017-08-02 13:54:14.327295,2017-08-02 14:02:30.936834,0:08:16.609539,private,0
2017-08-02 14:02:30.946571,2017-08-02 14:04:34.174767,0:02:03.228196,private,0
2017-08-02 14:04:34.185374,2017-08-02 14:09:55.837275,0:05:21.651901,private,0
2017-08-02 14:09:55.844167,2017-08-02 14:16:35.671598,0:06:39.827431,private,0
2017-08-02 14:16:35.677959,2017-08-02 14:17:50.782171,0:01:15.104212,browsing,0
2017-08-02 14:17:50.788681,2017-08-02 14:21:29.808292,0:03:39.019611,private,0
2017-08-02 14:21:29.816058,2017-08-02 14:26:22.865286,0:04:53.049228,private,0
2017-08-02 14:26:22.872706,2017-08-02 15:07:36.944421,0:41:14.071715,offline,0
2017-08-02 15:07:36.951208,2017-08-02 15:10:01.903229,0:02:24.952021,browsing,0
2017-08-02 15:10:01.909787,2017-08-02 15:15:34.988581,0:05:33.078794,browsing,0
2017-08-02 15:15:34.994674,2017-08-02 15:15:50.041933,0:00:15.047259,printing,0
2017-08-02 15:15:50.048098,2017-08-02 15:17:58.568458,0:02:08.520360,private,0
2017-08-02 15:17:58.659205,2017-08-02 15:25:38.758409,0:07:40.099204,private,0
2017-08-02 15:25:38.764878,2017-08-02 15:27:40.525791,0:02:01.760913,mailing,0
2017-08-02 15:27:40.531662,2017-08-02 15:28:41.194206,0:01:00.662544,mailing,0
2017-08-02 15:28:41.200047,2017-08-02 15:29:00.055991,0:00:18.855944,browsing,0
2017-08-02 15:29:00.062653,2017-08-02 15:35:32.142998,0:06:32.080345,browsing,0
2017-08-02 15:35:32.156945,2017-08-02 15:36:27.824671,0:00:55.667726,private,0
2017-08-02 15:36:27.832282,2017-08-02 15:37:13.023427,0:00:45.191145,printing,0
2017-08-02 15:37:13.032189,2017-08-02 15:43:25.104927,0:06:12.072738,browsing,0
2017-08-02 15:43:25.111223,2017-08-02 15:53:25.122306,0:10:00.011083,browsing,-1
2017-08-02 15:53:25.158676,2017-08-02 15:55:13.019493,0:01:47.860817,browsing,0
2017-08-02 15:55:13.025208,2017-08-02 16:00:35.819148,0:05:22.793940,browsing,0
2017-08-02 16:00:35.825502,2017-08-02 16:04:47.557637,0:04:11.732135,browsing,0
2017-08-02 16:04:47.576945,2017-08-02 16:08:24.346252,0:03:36.769307,browsing,0
2017-08-02 16:08:24.357523,2017-08-02 16:10:46.447978,0:02:22.090455,breaks,0
2017-08-02 16:10:46.470732,2017-08-02 16:13:44.392161,0:02:57.921429,private,0
2017-08-02 16:13:44.398762,2017-08-02 16:19:34.760094,0:05:50.361332,browsing,0
2017-08-02 16:19:34.773296,2017-08-02 16:29:34.786298,0:10:00.013002,private,-1
2017-08-02 16:29:34.797315,2017-08-02 16:29:49.878670,0:00:15.081355,browsing,0
2017-08-02 16:29:49.886262,2017-08-02 17:31:40.984008,1:01:51.097746,meeting,0
2017-08-02 17:31:40.989565,2017-08-02 17:41:40.996609,0:10:00.007044,browsing,-1
2017-08-02 17:41:41.006689,2017-08-02 17:51:41.019398,0:10:00.012709,private,-1
2017-08-02 17:51:41.027274,2017-08-02 17:52:16.976050,0:00:35.948776,browsing,0
2017-08-02 17:52:16.982186,2017-08-02 17:53:37.734193,0:01:20.752007,mailing,0
2017-08-02 17:53:37.755709,2017-08-02 17:57:38.490898,0:04:00.735189,private,0
2017-08-02 17:57:38.497852,2017-08-02 18:01:52.826350,0:04:14.328498,private,0
2017-08-02 18:01:52.832835,2017-08-02 18:11:52.844741,0:10:00.011906,private,-1
2017-08-02 18:11:52.850132,2017-08-02 18:25:54.948540,0:14:02.098408,offline,0
2017-08-02 18:25:54.956647,2017-08-02 18:30:28.232950,0:04:33.276303,browsing,0
2017-08-02 18:30:28.245922,2017-08-02 18:34:43.267078,0:04:15.021156,private,0
2017-08-02 18:34:43.273270,2017-08-02 18:44:43.284243,0:10:00.010973,private,-1
2017-08-02 18:44:43.294976,2017-08-02 18:47:40.040671,0:02:56.745695,browsing,0
2017-08-02 18:47:40.049687,2017-08-02 18:50:44.038945,0:03:03.989258,private,0
2017-08-02 18:50:44.066660,2017-08-02 19:43:59.169031,0:53:15.102371,meeting,0
2017-08-02 19:43:59.179073,2017-08-02 19:48:13.822283,0:04:14.643210,browsing,0
2017-08-02 19:48:13.827390,2017-08-02 19:56:51.775334,0:08:37.947944,private,0
2017-08-02 19:56:51.782808,2017-08-02 20:22:11.879536,0:25:20.096728,offline,0
2017-08-03 07:05:20.530582,2017-08-03 07:06:10.987988,0:00:50.457406,mailing,0
2017-08-03 07:06:10.993259,2017-08-03 07:09:04.877839,0:02:53.884580,private,0
2017-08-03 07:09:04.885213,2017-08-03 07:12:40.903937,0:03:36.018724,browsing,0
2017-08-03 07:12:40.911740,2017-08-03 07:18:07.574925,0:05:26.663185,private,0
2017-08-03 07:18:07.582002,2017-08-03 07:25:18.444434,0:07:10.862432,private,0
2017-08-03 07:25:18.450805,2017-08-03 07:26:30.011640,0:01:11.560835,browsing,0
2017-08-03 07:26:30.018226,2017-08-03 07:27:34.903630,0:01:04.885404,browsing,0
2017-08-03 07:27:34.910167,2017-08-03 07:30:16.598315,0:02:41.688148,private,0
2017-08-03 07:30:16.605390,2017-08-03 08:03:40.645960,0:33:24.040570,meeting,0
2017-08-03 08:03:40.656025,2017-08-03 08:06:11.849231,0:02:31.193206,private,0
2017-08-03 08:06:11.855655,2017-08-03 08:10:05.717073,0:03:53.861418,browsing,0
2017-08-03 08:10:05.723621,2017-08-03 08:16:21.240024,0:06:15.516403,browsing,0
2017-08-03 08:16:21.246178,2017-08-03 08:17:55.373733,0:01:34.127555,browsing,0
2017-08-03 08:17:55.379758,2017-08-03 08:18:11.546441,0:00:16.166683,browsing,0
2017-08-03 08:18:11.553405,2017-08-03 08:19:15.940639,0:01:04.387234,private,0
2017-08-03 08:19:15.947038,2017-08-03 09:33:05.049104,1:13:49.102066,meeting,0
2017-08-03 09:33:05.055859,2017-08-03 09:36:00.947644,0:02:55.891785,browsing,0
2017-08-03 09:36:00.954132,2017-08-03 09:38:19.337337,0:02:18.383205,private,0
2017-08-03 09:38:19.345010,2017-08-03 09:38:34.442826,0:00:15.097816,printing,0
2017-08-03 09:38:34.449607,2017-08-03 09:41:35.332156,0:03:00.882549,mailing,0
2017-08-03 09:41:35.337409,2017-08-03 09:41:48.096671,0:00:12.759262,browsing,0
2017-08-03 09:41:48.103681,2017-08-03 09:51:48.110200,0:10:00.006519,browsing,-1
2017-08-03 09:51:48.116757,2017-08-03 09:52:30.071626,0:00:41.954869,browsing,0
2017-08-03 09:52:30.078788,2017-08-03 09:52:38.219641,0:00:08.140853,browsing,0
2017-08-03 09:52:38.226555,2017-08-03 09:54:11.808522,0:01:33.581967,private,0
2017-08-03 09:54:11.814790,2017-08-03 09:56:23.914613,0:02:12.099823,browsing,0
2017-08-03 09:56:23.920216,2017-08-03 09:58:31.829119,0:02:07.908903,private,0
2017-08-03 09:58:31.836958,2017-08-03 09:59:35.282035,0:01:03.445077,browsing,0
2017-08-03 09:59:35.288366,2017-08-03 10:01:47.536539,0:02:12.248173,private,0
2017-08-03 10:01:47.544011,2017-08-03 10:08:31.774337,0:06:44.230326,private,0
2017-08-03 10:08:31.781042,2017-08-03 10:08:46.835841,0:00:15.054799,printing,0
2017-08-03 10:08:46.841748,2017-08-03 10:13:15.506224,0:04:28.664476,copyFiles,0
2017-08-03 10:13:15.513222,2017-08-03 10:16:56.295830,0:03:40.782608,browsing,0
2017-08-03 10:16:56.302861,2017-08-03 10:24:35.657487,0:07:39.354626,browsing,0
2017-08-03 10:24:35.664981,2017-08-03 10:24:50.706167,0:00:15.041186,printing,0
2017-08-03 10:24:50.712448,2017-08-03 10:56:58.800953,0:32:08.088505,offline,0
2017-08-03 10:56:58.807640,2017-08-03 11:01:00.390572,0:04:01.582932,private,0
2017-08-03 11:01:00.397535,2017-08-03 11:03:44.556563,0:02:44.159028,browsing,0
2017-08-03 11:03:44.562753,2017-08-03 11:05:32.631500,0:01:48.068747,browsing,0
2017-08-03 11:05:32.637743,2017-08-03 11:08:06.686367,0:02:34.048624,browsing,0
2017-08-03 11:08:06.691669,2017-08-03 11:08:41.903791,0:00:35.212122,printing,0
2017-08-03 11:08:41.910071,2017-08-03 11:08:48.248159,0:00:06.338088,browsing,0
2017-08-03 11:08:48.254770,2017-08-03 11:09:40.020544,0:00:51.765774,private,0
2017-08-03 11:09:40.026736,2017-08-03 11:19:40.032614,0:10:00.005878,browsing,-1
2017-08-03 11:19:40.039036,2017-08-03 11:22:58.140372,0:03:18.101336,breaks,0
2017-08-03 11:22:58.148113,2017-08-03 11:32:58.160619,0:10:00.012506,browsing,-1
2017-08-03 11:32:58.167163,2017-08-03 11:44:58.850662,0:12:00.683499,copyFiles,0
2017-08-03 11:44:58.858166,2017-08-03 11:46:14.229538,0:01:15.371372,private,0
2017-08-03 11:46:14.235810,2017-08-03 11:50:12.303706,0:03:58.067896,breaks,0
2017-08-03 11:50:12.314353,2017-08-03 11:50:37.664712,0:00:25.350359,printing,0
2017-08-03 11:50:37.670617,2017-08-03 11:53:39.844770,0:03:02.174153,private,0
2017-08-03 11:53:39.877381,2017-08-03 11:54:16.589761,0:00:36.712380,browsing,0
2017-08-03 11:54:16.596621,2017-08-03 11:55:17.154878,0:01:00.558257,mailing,0
2017-08-03 11:55:17.160112,2017-08-03 11:55:32.205209,0:00:15.045097,printing,0
2017-08-03 11:55:32.215505,2017-08-03 11:56:43.371801,0:01:11.156296,private,0
2017-08-03 11:56:43.378485,2017-08-03 11:57:48.165364,0:01:04.786879,browsing,0
2017-08-03 11:57:48.171673,2017-08-03 13:19:28.260518,1:21:40.088845,meeting,0
2017-08-03 13:19:28.267362,2017-08-03 13:20:57.386691,0:01:29.119329,browsing,0
2017-08-03 13:20:57.399266,2017-08-03 13:23:37.861338,0:02:40.462072,private,0
2017-08-03 13:23:37.866708,2017-08-03 13:27:49.800473,0:04:11.933765,private,0
2017-08-03 13:27:49.806929,2017-08-03 13:31:13.186548,0:03:23.379619,browsing,0
2017-08-03 13:31:13.192433,2017-08-03 13:34:37.711953,0:03:24.519520,browsing,0
2017-08-03 13:34:37.717836,2017-08-03 13:36:29.550215,0:01:51.832379,private,0
2017-08-03 13:36:29.557093,2017-08-03 13:37:09.925706,0:00:40.368613,browsing,0
2017-08-03 13:37:09.932120,2017-08-03 13:37:35.217251,0:00:25.285131,printing,0
2017-08-03 13:37:35.223815,2017-08-03 13:39:02.308352,0:01:27.084537,breaks,0
2017-08-03 13:39:02.317011,2017-08-03 13:43:10.366306,0:04:08.049295,browsing,0
2017-08-03 13:43:10.372441,2017-08-03 13:45:05.666089,0:01:55.293648,browsing,0
2017-08-03 13:45:05.671987,2017-08-03 13:46:35.767260,0:01:30.095273,private,0
2017-08-03 13:46:35.773587,2017-08-03 13:48:33.829462,0:01:58.055875,private,0
2017-08-03 13:48:33.835368,2017-08-03 13:51:14.108158,0:02:40.272790,private,0
2017-08-03 13:51:14.114699,2017-08-03 13:51:21.297388,0:00:07.182689,browsing,0
2017-08-03 13:51:21.304261,2017-08-03 13:51:27.995445,0:00:06.691184,browsing,0
2017-08-03 13:51:28.001247,2017-08-03 14:01:28.007074,0:10:00.005827,browsing,-1
2017-08-03 14:01:28.012920,2017-08-03 14:08:55.712283,0:07:27.699363,browsing,0
2017-08-03 14:08:55.719448,2017-08-03 14:19:14.258581,0:10:18.539133,private,-1
2017-08-03 14:19:26.994194,2017-08-03 16:10:48.051832,1:51:21.057638,meeting,0
2017-08-03 16:11:00.705161,2017-08-03 17:06:07.201272,0:55:06.496111,printing,0
2017-08-03 17:06:32.441652,2017-08-03 17:27:20.680005,0:20:48.238353,mailing,-1
2017-08-03 17:27:20.689147,2017-08-03 19:21:03.596583,1:53:42.907436,meeting,0
2017-08-04 09:18:17.258800,2017-08-04 09:18:33.360173,0:00:16.101373,printing,0
2017-08-04 09:18:33.363669,2017-08-04 09:19:41.712070,0:01:08.348401,private,0
2017-08-04 09:19:41.718780,2017-08-04 09:22:00.162452,0:02:18.443672,browsing,0
2017-08-04 09:22:00.179211,2017-08-04 09:26:41.487777,0:04:41.308566,browsing,0
2017-08-04 09:26:41.493677,2017-08-04 09:29:38.305242,0:02:56.811565,browsing,0
2017-08-04 09:29:38.314157,2017-08-04 09:31:07.738267,0:01:29.424110,browsing,0
2017-08-04 09:31:07.744780,2017-08-04 09:36:56.309651,0:05:48.564871,private,0
2017-08-04 09:36:56.314948,2017-08-04 09:41:55.940973,0:04:59.626025,browsing,0
2017-08-04 09:41:55.947577,2017-08-04 09:45:08.572989,0:03:12.625412,private,0
2017-08-04 09:45:08.578164,2017-08-04 09:45:23.796217,0:00:15.218053,printing,0
2017-08-04 09:45:23.802765,2017-08-04 09:47:41.741618,0:02:17.938853,browsing,0
2017-08-04 09:47:41.747419,2017-08-04 09:48:44.898087,0:01:03.150668,private,0
2017-08-04 09:48:44.903949,2017-08-04 09:53:59.866684,0:05:14.962735,copyFiles,0
2017-08-04 09:53:59.872601,2017-08-04 09:55:38.462557,0:01:38.589956,private,0
2017-08-04 09:55:38.468291,2017-08-04 09:58:01.569316,0:02:23.101025,breaks,0
2017-08-04 09:58:01.575824,2017-08-04 10:08:01.578184,0:10:00.002360,browsing,-1
2017-08-04 10:08:01.583259,2017-08-04 10:12:59.296169,0:04:57.712910,private,0
2017-08-04 10:12:59.301774,2017-08-04 10:19:08.026993,0:06:08.725219,private,0
2017-08-04 10:19:08.032685,2017-08-04 10:23:19.090002,0:04:11.057317,breaks,0
2017-08-04 10:23:19.096546,2017-08-04 10:25:00.666430,0:01:41.569884,browsing,0
2017-08-04 10:25:00.672709,2017-08-04 10:25:25.122750,0:00:24.450041,browsing,0
2017-08-04 10:25:25.128331,2017-08-04 10:29:26.408153,0:04:01.279822,browsing,0
2017-08-04 10:29:26.420720,2017-08-04 10:29:52.190488,0:00:25.769768,browsing,0
2017-08-04 10:29:52.195407,2017-08-04 10:33:15.936394,0:03:23.740987,private,0
2017-08-04 10:33:15.942264,2017-08-04 10:34:55.754086,0:01:39.811822,browsing,0
2017-08-04 10:34:55.761868,2017-08-04 10:39:21.855198,0:04:26.093330,browsing,0
2017-08-04 10:39:21.860621,2017-08-04 10:43:36.401823,0:04:14.541202,private,0
2017-08-04 10:43:36.407943,2017-08-04 11:01:03.295611,0:17:26.887668,copyFiles,0
2017-08-04 11:01:03.675109,2017-08-04 11:02:49.307875,0:01:45.632766,browsing,0
2017-08-04 11:02:49.313781,2017-08-04 11:04:10.663339,0:01:21.349558,browsing,0
2017-08-04 11:04:10.669402,2017-08-04 11:07:24.115318,0:03:13.445916,private,0
2017-08-04 11:07:24.120703,2017-08-04 11:08:27.040271,0:01:02.919568,private,0
2017-08-04 11:08:27.045714,2017-08-04 11:10:36.193697,0:02:09.147983,private,0
2017-08-04 11:10:36.199006,2017-08-04 11:10:41.984872,0:00:05.785866,browsing,0
2017-08-04 11:10:41.990785,2017-08-04 11:11:18.674822,0:00:36.684037,browsing,0
2017-08-04 11:11:18.679762,2017-08-04 11:15:57.726750,0:04:39.046988,private,0
2017-08-04 11:15:57.732369,2017-08-04 11:21:00.742763,0:05:03.010394,private,0
2017-08-04 11:21:00.747254,2017-08-04 11:30:17.464034,0:09:16.716780,browsing,0
2017-08-04 11:30:17.468922,2017-08-04 11:31:27.084890,0:01:09.615968,browsing,0
2017-08-04 11:31:27.090395,2017-08-04 11:31:30.102144,0:00:03.011749,mailing,-1
2017-08-04 11:31:30.107001,2017-08-04 11:35:36.008406,0:04:05.901405,private,0
2017-08-04 11:35:36.015204,2017-08-04 11:41:23.343861,0:05:47.328657,private,0
2017-08-04 11:41:23.349980,2017-08-04 12:38:20.448393,0:56:57.098413,breaks,0
2017-08-04 12:38:20.453879,2017-08-04 12:38:35.878669,0:00:15.424790,printing,0
2017-08-04 12:38:35.884244,2017-08-04 13:57:53.947553,1:19:18.063309,meeting,0
2017-08-04 13:57:53.955239,2017-08-04 14:01:21.570418,0:03:27.615179,private,0
2017-08-04 14:01:21.585343,2017-08-04 14:03:57.448163,0:02:35.862820,private,0
2017-08-04 14:03:57.486519,2017-08-04 14:04:35.943461,0:00:38.456942,copyFiles,0
2017-08-04 14:04:35.961830,2017-08-04 14:06:51.396547,0:02:15.434717,private,0
2017-08-04 14:06:51.403184,2017-08-04 14:06:58.350391,0:00:06.947207,browsing,0
2017-08-04 14:06:58.369255,2017-08-04 14:16:58.373231,0:10:00.003976,browsing,-1
2017-08-04 14:16:58.380790,2017-08-04 14:17:13.441807,0:00:15.061017,printing,0
2017-08-04 14:17:13.447128,2017-08-04 14:20:33.014700,0:03:19.567572,private,0
2017-08-04 14:20:33.021596,2017-08-04 14:20:36.239754,0:00:03.218158,ssh,-1
2017-08-04 14:20:36.245945,2017-08-04 14:26:50.310211,0:06:14.064266,offline,0
2017-08-04 14:26:50.321093,2017-08-04 14:31:26.386151,0:04:36.065058,private,0
2017-08-04 14:31:26.392317,2017-08-04 14:34:59.442937,0:03:33.050620,breaks,0
2017-08-04 14:34:59.449741,2017-08-04 14:36:22.700450,0:01:23.250709,browsing,0
2017-08-04 14:36:22.706411,2017-08-04 14:36:37.744874,0:00:15.038463,printing,0
2017-08-04 14:36:37.750212,2017-08-04 14:39:24.855247,0:02:47.105035,private,0
2017-08-04 14:39:24.866320,2017-08-04 14:49:24.894199,0:10:00.027879,private,-1
2017-08-04 14:49:24.899543,2017-08-04 14:50:00.036304,0:00:35.136761,printing,0
2017-08-04 14:50:00.043190,2017-08-04 14:51:51.197587,0:01:51.154397,private,0
2017-08-04 14:51:51.203292,2017-08-04 14:52:57.061475,0:01:05.858183,private,0
2017-08-04 14:52:57.069243,2017-08-04 15:02:57.097062,0:10:00.027819,private,-1
2017-08-04 15:02:57.109551,2017-08-04 15:05:40.048917,0:02:42.939366,browsing,0
2017-08-04 15:05:40.055627,2017-08-04 15:05:43.057554,0:00:03.001927,mailing,-1
2017-08-04 15:05:43.062452,2017-08-04 15:13:48.358872,0:08:05.296420,private,0
2017-08-04 15:13:48.365280,2017-08-04 15:17:14.458686,0:03:26.093406,private,0
2017-08-04 15:17:14.464733,2017-08-04 15:18:56.620638,0:01:42.155905,private,0
2017-08-04 15:18:56.627404,2017-08-04 15:20:40.319557,0:01:43.692153,browsing,0
2017-08-04 15:20:40.325885,2017-08-04 15:20:50.831467,0:00:10.505582,browsing,0
2017-08-04 15:20:50.838298,2017-08-04 15:22:06.904012,0:01:16.065714,breaks,0
2017-08-04 15:22:06.909837,2017-08-04 15:23:15.029951,0:01:08.120114,browsing,0
2017-08-04 15:23:15.036707,2017-08-04 15:23:30.103157,0:00:15.066450,printing,0
2017-08-04 15:23:30.110131,2017-08-04 15:23:40.024451,0:00:09.914320,browsing,0
2017-08-04 15:23:40.030488,2017-08-04 15:30:45.242524,0:07:05.212036,copyFiles,0
2017-08-04 15:30:45.248693,2017-08-04 15:31:20.420099,0:00:35.171406,printing,0
2017-08-04 15:31:20.440327,2017-08-04 15:33:36.927657,0:02:16.487330,private,0
2017-08-04 15:33:36.934379,2017-08-04 15:36:05.419481,0:02:28.485102,private,0
2017-08-04 15:36:05.424842,2017-08-04 15:37:24.563733,0:01:19.138891,browsing,0
2017-08-04 15:37:24.570832,2017-08-04 15:47:24.578182,0:10:00.007350,browsing,-1
2017-08-04 15:47:24.583428,2017-08-04 15:55:33.903176,0:08:09.319748,private,0
2017-08-04 15:55:33.908651,2017-08-04 15:57:30.468743,0:01:56.560092,browsing,0
2017-08-04 15:57:30.478031,2017-08-04 15:59:30.833697,0:02:00.355666,private,0
2017-08-04 15:59:30.839436,2017-08-04 16:07:36.635211,0:08:05.795775,private,0
2017-08-04 16:07:36.641876,2017-08-04 16:11:34.333365,0:03:57.691489,browsing,0
2017-08-04 16:11:34.339488,2017-08-04 16:12:16.470702,0:00:42.131214,browsing,0
2017-08-04 16:12:16.476001,2017-08-04 16:12:31.517220,0:00:15.041219,printing,0
2017-08-04 16:12:31.522949,2017-08-04 16:12:39.162645,0:00:07.639696,browsing,0
2017-08-04 16:12:39.168613,2017-08-04 16:59:33.267839,0:46:54.099226,meeting,0
2017-08-04 16:59:33.275018,2017-08-04 17:03:21.376651,0:03:48.101633,breaks,0
2017-08-04 17:03:21.384990,2017-08-04 17:03:24.393619,0:00:03.008629,mailing,-1
2017-08-04 17:03:24.436803,2017-08-04 17:03:27.392606,0:00:02.955803,mailing,-1
2017-08-04 17:03:27.398382,2017-08-04 17:06:44.497056,0:03:17.098674,breaks,0
2017-08-04 17:06:44.503554,2017-08-04 17:09:48.607364,0:03:04.103810,browsing,0
2017-08-04 17:09:48.613486,2017-08-04 17:09:51.615899,0:00:03.002413,mailing,-1
2017-08-04 17:09:51.622200,2017-08-04 17:14:11.880754,0:04:20.258554,ssh,0
2017-08-04 17:14:11.887394,2017-08-04 17:15:35.047553,0:01:23.160159,browsing,0
2017-08-04 17:15:35.053956,2017-08-04 17:16:53.624598,0:01:18.570642,browsing,0
2017-08-04 17:16:53.632038,2017-08-04 17:34:13.720590,0:17:20.088552,offline,0
2017-08-04 17:34:13.728002,2017-08-04 17:44:02.729798,0:09:49.001796,private,0
2017-08-04 17:44:02.735172,2017-08-04 17:51:04.376168,0:07:01.640996,browsing,0
2017-08-04 17:51:04.382713,2017-08-04 18:07:13.481765,0:16:09.099052,offline,0
2017-08-04 18:07:13.488599,2017-08-04 18:07:16.490540,0:00:03.001941,mailing,-1
2017-08-04 18:07:16.496753,2017-08-04 18:11:24.423736,0:04:07.926983,private,0
2017-08-04 18:11:24.433835,2017-08-04 18:13:44.094930,0:02:19.661095,private,0
2017-08-04 18:13:44.101225,2017-08-04 18:19:38.032623,0:05:53.931398,browsing,0
2017-08-04 18:19:38.040463,2017-08-04 18:24:52.305071,0:05:14.264608,browsing,0
2017-08-04 18:24:52.311080,2017-08-04 18:28:16.659700,0:03:24.348620,private,0
2017-08-04 18:28:16.666312,2017-08-04 18:36:52.354343,0:08:35.688031,private,0
2017-08-04 18:36:52.360005,2017-08-04 18:46:26.661078,0:09:34.301073,copyFiles,0
2017-08-04 18:46:26.670916,2017-08-04 18:51:53.694008,0:05:27.023092,private,0
2017-08-04 18:51:53.700084,2017-08-04 18:54:04.441036,0:02:10.740952,browsing,0
2017-08-04 18:54:04.446661,2017-08-04 18:54:07.450178,0:00:03.003517,mailing,-1
2017-08-04 18:54:07.456400,2017-08-04 18:54:32.822141,0:00:25.365741,printing,0
2017-08-07 09:23:09.218824,2017-08-07 09:23:34.460428,0:00:25.241604,printing,0
2017-08-07 09:23:34.465566,2017-08-07 09:28:32.566532,0:04:58.100966,breaks,0
2017-08-07 09:28:32.573479,2017-08-07 09:31:04.220793,0:02:31.647314,browsing,0
2017-08-07 09:31:04.227545,2017-08-07 09:31:20.132198,0:00:15.904653,printing,0
2017-08-07 09:31:20.138319,2017-08-07 09:32:10.691301,0:00:50.552982,browsing,0
2017-08-07 09:32:11.813873,2017-08-07 09:35:35.917275,0:03:24.103402,private,0
2017-08-07 09:35:35.967376,2017-08-07 09:40:17.142114,0:04:41.174738,browsing,0
2017-08-07 09:40:17.147034,2017-08-07 09:41:15.380311,0:00:58.233277,private,0
2017-08-07 09:41:15.386144,2017-08-07 09:45:08.326947,0:03:52.940803,private,0
2017-08-07 09:45:08.629212,2017-08-07 09:48:28.678982,0:03:20.049770,breaks,0
2017-08-07 09:48:28.685540,2017-08-07 09:48:53.744668,0:00:25.059128,printing,0
2017-08-07 09:48:53.751177,2017-08-07 09:48:56.968438,0:00:03.217261,ssh,-1
2017-08-07 09:48:56.974318,2017-08-07 09:49:02.658937,0:00:05.684619,browsing,0
2017-08-07 09:49:02.664932,2017-08-07 09:49:27.726331,0:00:25.061399,printing,0
2017-08-07 09:49:27.732700,2017-08-07 09:49:52.805421,0:00:25.072721,printing,0
2017-08-07 09:49:52.811307,2017-08-07 09:50:07.853758,0:00:15.042451,printing,0
2017-08-07 09:50:07.860022,2017-08-07 09:50:10.862068,0:00:03.002046,mailing,-1
2017-08-07 09:50:10.867067,2017-08-07 09:51:00.808434,0:00:49.941367,private,0
2017-08-07 09:51:00.813850,2017-08-07 09:56:40.535021,0:05:39.721171,browsing,0
2017-08-07 09:56:40.540717,2017-08-07 09:59:28.720533,0:02:48.179816,private,0
2017-08-07 09:59:28.726321,2017-08-07 10:33:28.827353,0:34:00.101032,offline,0
2017-08-07 10:33:28.834884,2017-08-07 10:41:51.935923,0:08:23.101039,offline,0
2017-08-07 10:41:51.947803,2017-08-07 10:42:45.315246,0:00:53.367443,browsing,0
2017-08-07 10:42:45.320908,2017-08-07 10:44:54.541832,0:02:09.220924,browsing,0
2017-08-07 10:44:54.547937,2017-08-07 10:45:19.610546,0:00:25.062609,printing,0
2017-08-07 10:45:19.616691,2017-08-07 10:50:42.656415,0:05:23.039724,private,0
2017-08-07 10:50:42.661289,2017-08-07 10:52:41.855304,0:01:59.194015,private,0
2017-08-07 10:52:41.861342,2017-08-07 10:53:59.649653,0:01:17.788311,browsing,0
2017-08-07 10:53:59.655226,2017-08-07 10:54:02.658130,0:00:03.002904,mailing,-1
2017-08-07 10:54:02.663227,2017-08-07 10:57:36.764655,0:03:34.101428,breaks,0
2017-08-07 10:57:36.783677,2017-08-07 10:57:43.213771,0:00:06.430094,browsing,0
2017-08-07 10:57:43.230606,2017-08-07 11:00:21.953673,0:02:38.723067,private,0
2017-08-07 11:00:21.959190,2017-08-07 11:02:45.785394,0:02:23.826204,private,0
2017-08-07 11:02:45.790553,2017-08-07 11:08:14.803226,0:05:29.012673,browsing,0
2017-08-07 11:08:14.809333,2017-08-07 11:08:28.013776,0:00:13.204443,browsing,0
2017-08-07 11:08:28.019420,2017-08-07 11:09:23.731636,0:00:55.712216,browsing,0
2017-08-07 11:09:23.737075,2017-08-07 11:09:58.262745,0:00:34.525670,browsing,0
2017-08-07 11:09:58.268870,2017-08-07 11:14:11.515217,0:04:13.246347,browsing,0
2017-08-07 11:14:11.521353,2017-08-07 11:15:05.785756,0:00:54.264403,browsing,0
2017-08-07 11:15:05.791471,2017-08-07 11:16:33.958532,0:01:28.167061,browsing,0
2017-08-07 11:16:33.964390,2017-08-07 11:17:43.820787,0:01:09.856397,browsing,0
2017-08-07 11:17:43.826451,2017-08-07 11:20:49.928537,0:03:06.102086,offline,0
2017-08-07 11:20:49.936156,2017-08-07 11:25:52.441193,0:05:02.505037,private,0
2017-08-07 11:25:52.446951,2017-08-07 11:29:35.479889,0:03:43.032938,private,0
2017-08-07 11:29:35.485899,2017-08-07 11:29:38.485691,0:00:02.999792,mailing,-1
2017-08-07 11:29:38.490409,2017-08-07 11:32:41.576148,0:03:03.085739,breaks,0
2017-08-07 11:32:41.582293,2017-08-07 11:34:26.716063,0:01:45.133770,private,0
2017-08-08 09:54:45.284611,2017-08-08 09:55:00.610638,0:00:15.326027,printing,0
2017-08-08 09:55:00.613920,2017-08-08 10:05:00.616396,0:10:00.002476,private,-1
2017-08-08 10:05:00.621828,2017-08-08 10:08:24.936456,0:03:24.314628,browsing,0
2017-08-08 10:08:24.941951,2017-08-08 10:15:50.645486,0:07:25.703535,browsing,0
2017-08-08 10:15:50.651556,2017-08-08 10:15:53.653741,0:00:03.002185,mailing,-1
2017-08-08 10:15:53.658928,2017-08-08 10:20:11.064654,0:04:17.405726,browsing,0
2017-08-08 10:20:11.070316,2017-08-08 11:15:30.166654,0:55:19.096338,meeting,0
2017-08-08 11:15:30.172179,2017-08-08 11:15:55.920394,0:00:25.748215,printing,0
2017-08-08 11:15:55.936234,2017-08-08 11:15:58.937436,0:00:03.001202,mailing,-1
2017-08-08 11:15:58.942563,2017-08-08 11:25:58.944980,0:10:00.002417,browsing,-1
2017-08-08 11:25:58.951039,2017-08-08 11:26:44.234509,0:00:45.283470,private,0
2017-08-08 11:26:44.240056,2017-08-08 11:28:21.781270,0:01:37.541214,private,0
2017-08-08 11:28:21.786302,2017-08-08 11:35:38.226341,0:07:16.440039,browsing,0
2017-08-08 11:35:38.232139,2017-08-08 11:39:33.258531,0:03:55.026392,private,0
2017-08-08 11:39:33.263972,2017-08-08 11:40:35.539271,0:01:02.275299,private,0
2017-08-08 11:40:35.544563,2017-08-08 11:42:07.579518,0:01:32.034955,private,0
2017-08-08 11:42:07.586092,2017-08-08 11:42:10.587235,0:00:03.001143,mailing,-1
2017-08-08 11:42:10.594954,2017-08-08 12:25:58.612760,0:43:48.017806,meeting,0
2017-08-08 12:25:58.620309,2017-08-08 12:26:13.650174,0:00:15.029865,printing,0
2017-08-08 12:26:13.655741,2017-08-08 12:28:47.344059,0:02:33.688318,browsing,0
2017-08-08 12:28:47.349649,2017-08-08 12:29:12.399674,0:00:25.050025,printing,0
2017-08-08 12:29:12.405596,2017-08-08 12:30:18.231718,0:01:05.826122,browsing,0
2017-08-08 12:30:18.236401,2017-08-08 12:31:11.298272,0:00:53.061871,private,0
2017-08-08 12:31:11.563717,2017-08-08 12:32:32.185052,0:01:20.621335,private,0
2017-08-08 12:32:32.190154,2017-08-08 12:33:26.468044,0:00:54.277890,private,0
2017-08-08 12:33:26.475494,2017-08-08 12:34:36.432541,0:01:09.957047,private,0
2017-08-08 12:34:36.437816,2017-08-08 12:35:11.592049,0:00:35.154233,printing,0
2017-08-08 12:35:11.600756,2017-08-08 12:35:59.059703,0:00:47.458947,browsing,0
2017-08-08 12:35:59.065003,2017-08-08 12:38:27.409401,0:02:28.344398,private,0
2017-08-08 12:38:27.414562,2017-08-08 12:39:44.078018,0:01:16.663456,browsing,0
2017-08-08 12:39:44.083292,2017-08-08 12:40:57.089541,0:01:13.006249,browsing,0
2017-08-08 12:40:57.094963,2017-08-08 12:45:42.688521,0:04:45.593558,browsing,0
2017-08-08 12:45:42.694404,2017-08-08 12:49:58.752478,0:04:16.058074,private,0
2017-08-08 12:49:58.757962,2017-08-08 12:50:04.589488,0:00:05.831526,browsing,0
2017-08-08 12:50:04.595180,2017-08-08 12:59:34.107171,0:09:29.511991,private,0
2017-08-08 12:59:34.113075,2017-08-08 13:00:05.109724,0:00:30.996649,private,0
2017-08-08 13:00:05.115035,2017-08-08 13:00:40.200297,0:00:35.085262,printing,0
2017-08-08 13:00:40.206594,2017-08-08 13:04:55.697809,0:04:15.491215,ssh,0
2017-08-08 13:04:55.703030,2017-08-08 13:10:23.994656,0:05:28.291626,copyFiles,0
2017-08-08 13:10:23.999919,2017-08-08 13:14:11.019217,0:03:47.019298,breaks,0
2017-08-08 13:14:11.026426,2017-08-08 13:14:59.576067,0:00:48.549641,private,0
2017-08-08 13:14:59.581423,2017-08-08 13:15:28.030021,0:00:28.448598,browsing,0
2017-08-08 13:15:28.035282,2017-08-08 13:16:18.993856,0:00:50.958574,private,0
2017-08-08 13:16:18.999344,2017-08-08 13:18:40.098361,0:02:21.099017,browsing,0
2017-08-08 13:18:40.103384,2017-08-08 13:20:16.001400,0:01:35.898016,private,0
2017-08-08 13:20:16.007210,2017-08-08 13:38:48.108169,0:18:32.100959,offline,0
2017-08-08 13:38:48.115025,2017-08-08 13:44:17.998070,0:05:29.883045,copyFiles,0
2017-08-08 13:44:18.003564,2017-08-08 13:45:36.162752,0:01:18.159188,browsing,0
2017-08-08 13:45:36.168164,2017-08-08 13:46:55.243144,0:01:19.074980,browsing,0
2017-08-08 13:46:55.248569,2017-08-08 13:50:57.907206,0:04:02.658637,browsing,0
2017-08-08 13:50:57.912431,2017-08-08 13:55:34.786150,0:04:36.873719,private,0
2017-08-08 13:55:34.792148,2017-08-08 13:56:24.533782,0:00:49.741634,browsing,0
2017-08-08 13:56:24.539430,2017-08-08 14:10:01.610390,0:13:37.070960,meeting,0
2017-08-08 14:10:01.616605,2017-08-08 14:10:07.402839,0:00:05.786234,browsing,0
2017-08-08 14:10:07.408563,2017-08-08 14:11:44.492056,0:01:37.083493,private,0
2017-08-08 14:11:44.497701,2017-08-08 14:12:55.317482,0:01:10.819781,private,0
2017-08-08 14:12:55.322995,2017-08-08 14:12:58.325728,0:00:03.002733,mailing,-1
2017-08-08 14:12:58.330559,2017-08-08 14:17:49.850243,0:04:51.519684,browsing,0
2017-08-08 14:17:49.856099,2017-08-08 14:24:52.600621,0:07:02.744522,private,0
2017-08-08 14:24:52.606348,2017-08-08 14:26:46.597491,0:01:53.991143,private,0
2017-08-08 14:26:46.602946,2017-08-08 14:27:19.808300,0:00:33.205354,private,0
2017-08-08 14:27:19.813417,2017-08-08 14:45:30.914334,0:18:11.100917,offline,0
2017-08-08 14:45:30.920545,2017-08-08 14:46:05.991845,0:00:35.071300,printing,0
2017-08-08 14:46:05.997669,2017-08-08 15:05:05.033558,0:18:59.035889,meeting,0
2017-08-08 15:05:05.038736,2017-08-08 15:06:28.042937,0:01:23.004201,private,0
2017-08-08 15:06:28.047856,2017-08-08 15:08:34.909222,0:02:06.861366,browsing,0
2017-08-08 15:08:34.914522,2017-08-08 15:15:13.365973,0:06:38.451451,browsing,0
2017-08-08 15:15:13.371199,2017-08-08 15:15:16.371626,0:00:03.000427,mailing,-1
2017-08-08 15:15:16.376934,2017-08-08 15:16:11.672294,0:00:55.295360,printing,0
2017-08-08 15:16:11.677934,2017-08-08 15:17:02.124946,0:00:50.447012,browsing,0
2017-08-08 15:17:02.130230,2017-08-08 15:17:05.133967,0:00:03.003737,mailing,-1
2017-08-08 15:17:05.139072,2017-08-08 16:03:21.239860,0:46:16.100788,meeting,0
2017-08-08 16:03:21.245748,2017-08-08 16:04:08.864392,0:00:47.618644,browsing,0
2017-08-08 16:04:08.869563,2017-08-08 16:09:38.331670,0:05:29.462107,browsing,0
2017-08-08 16:09:38.337462,2017-08-08 16:19:38.340038,0:10:00.002576,private,-1
2017-08-08 16:19:38.346283,2017-08-08 16:20:17.071456,0:00:38.725173,browsing,0
2017-08-08 16:20:17.076890,2017-08-08 16:22:45.594309,0:02:28.517419,private,0
2017-08-08 16:22:45.599615,2017-08-08 16:23:31.882316,0:00:46.282701,browsing,0
2017-08-08 16:23:31.887183,2017-08-08 16:24:02.033739,0:00:30.146556,private,0
2017-08-08 16:24:02.039033,2017-08-08 16:24:17.066289,0:00:15.027256,printing,0
2017-08-08 16:24:17.071516,2017-08-08 16:26:33.103542,0:02:16.032026,private,0
2017-08-08 16:26:33.109465,2017-08-08 16:27:46.536724,0:01:13.427259,private,0
2017-08-08 16:27:46.541798,2017-08-08 16:28:52.989677,0:01:06.447879,private,0
2017-08-08 16:28:52.994591,2017-08-08 16:33:12.102908,0:04:19.108317,browsing,0
2017-08-08 16:33:12.107721,2017-08-08 17:15:21.194851,0:42:09.087130,offline,0
2017-08-08 17:15:21.200086,2017-08-08 17:17:28.306817,0:02:07.106731,browsing,0
2017-08-08 17:17:28.312396,2017-08-08 18:24:00.325130,1:06:32.012734,meeting,0
2017-08-08 18:24:00.331224,2017-08-08 18:27:30.620364,0:03:30.289140,browsing,0
2017-08-08 18:27:30.626037,2017-08-08 18:27:33.630528,0:00:03.004491,mailing,-1
2017-08-08 18:27:33.635886,2017-08-08 18:30:42.679757,0:03:09.043871,copyFiles,0
2017-08-08 18:30:42.685323,2017-08-08 18:37:50.347023,0:07:07.661700,browsing,0
2017-08-08 18:37:50.352638,2017-08-08 18:42:18.620193,0:04:28.267555,private,0
2017-08-08 18:42:18.625907,2017-08-08 18:42:43.688669,0:00:25.062762,printing,0
2017-08-08 18:42:43.694507,2017-08-08 18:43:08.755247,0:00:25.060740,printing,0
2017-08-08 18:43:08.760769,2017-08-08 18:48:32.728152,0:05:23.967383,browsing,0
2017-08-08 18:48:32.733509,2017-08-08 18:49:23.196590,0:00:50.463081,browsing,0
2017-08-08 18:49:23.201706,2017-08-08 18:52:16.547543,0:02:53.345837,private,0
2017-08-08 18:52:16.557130,2017-08-08 18:55:42.646481,0:03:26.089351,browsing,0
2017-08-08 18:55:42.679681,2017-08-08 18:56:13.043733,0:00:30.364052,browsing,0
2017-08-08 18:56:13.049026,2017-08-08 18:58:19.110307,0:02:06.061281,breaks,0
2017-08-08 18:58:19.118720,2017-08-08 19:00:45.241063,0:02:26.122343,browsing,0
2017-08-08 19:00:45.272709,2017-08-08 19:03:29.021389,0:02:43.748680,copyFiles,0
2017-08-08 19:03:29.026930,2017-08-08 19:04:23.137016,0:00:54.110086,browsing,0
2017-08-08 19:04:23.142442,2017-08-08 19:04:38.172321,0:00:15.029879,printing,0
2017-08-08 19:04:38.178296,2017-08-08 19:05:03.918666,0:00:25.740370,private,0
2017-08-08 19:05:03.924348,2017-08-08 19:05:41.097655,0:00:37.173307,private,0
2017-08-08 19:05:41.104511,2017-08-08 19:07:38.846921,0:01:57.742410,browsing,0
2017-08-08 19:07:38.853293,2017-08-08 19:09:27.417537,0:01:48.564244,private,0
2017-08-08 19:09:27.423740,2017-08-08 19:12:17.817638,0:02:50.393898,private,0
2017-08-08 19:12:17.823851,2017-08-08 19:12:32.856625,0:00:15.032774,printing,0
2017-08-08 19:12:32.862330,2017-08-08 19:12:35.863625,0:00:03.001295,mailing,-1
2017-08-08 19:12:35.868681,2017-08-08 19:42:09.960827,0:29:34.092146,meeting,0
2017-08-08 19:42:09.967859,2017-08-08 19:42:31.296935,0:00:21.329076,ssh,0
2017-08-08 19:42:31.303438,2017-08-08 19:43:06.384614,0:00:35.081176,printing,0
2017-08-08 19:43:06.395557,2017-08-08 19:44:07.867985,0:01:01.472428,private,0
2017-08-08 19:44:07.875135,2017-08-08 19:45:32.475133,0:01:24.599998,private,0
2017-08-08 19:45:32.481473,2017-08-08 19:45:47.534153,0:00:15.052680,printing,0
2017-08-08 19:45:47.540036,2017-08-08 19:51:05.292758,0:05:17.752722,copyFiles,0
2017-08-08 19:51:05.298791,2017-08-08 19:53:55.511352,0:02:50.212561,copyFiles,0
2017-08-08 19:53:55.516857,2017-08-08 19:54:01.902483,0:00:06.385626,browsing,0
2017-08-08 19:54:01.908514,2017-08-08 19:54:04.911586,0:00:03.003072,mailing,-1
2017-08-08 19:54:04.916559,2017-08-08 19:56:12.646706,0:02:07.730147,private,0
2017-08-08 19:56:12.653076,2017-08-08 19:57:15.676675,0:01:03.023599,private,0
2017-08-08 19:57:15.682912,2017-08-08 19:57:21.815612,0:00:06.132700,browsing,0
2017-08-08 19:57:21.821297,2017-08-08 19:57:37.152774,0:00:15.331477,printing,0
2017-08-08 19:57:37.158675,2017-08-08 19:57:40.160494,0:00:03.001819,mailing,-1
2017-08-08 19:57:40.165710,2017-08-08 20:00:11.829624,0:02:31.663914,private,0
2017-08-10 07:04:06.017345,2017-08-10 07:04:55.646036,0:00:49.628691,private,0
2017-08-10 07:04:55.650949,2017-08-10 07:05:21.400980,0:00:25.750031,browsing,0
2017-08-10 07:05:21.406695,2017-08-10 07:05:50.914877,0:00:29.508182,browsing,0
2017-08-10 07:05:50.921416,2017-08-10 07:42:41.022871,0:36:50.101455,meeting,0
2017-08-10 07:42:41.029595,2017-08-10 07:49:41.641851,0:07:00.612256,private,0
2017-08-10 07:49:41.646899,2017-08-10 07:50:47.122313,0:01:05.475414,browsing,0
2017-08-10 07:50:47.127744,2017-08-10 07:51:51.879651,0:01:04.751907,browsing,0
2017-08-10 07:51:51.884898,2017-08-10 07:52:37.095500,0:00:45.210602,printing,0
2017-08-10 07:52:37.101597,2017-08-10 07:53:47.032777,0:01:09.931180,copyFiles,0
2017-08-10 07:53:47.038972,2017-08-10 08:00:57.821816,0:07:10.782844,private,0
2017-08-10 08:00:57.827965,2017-08-10 08:01:23.659774,0:00:25.831809,browsing,0
2017-08-10 08:01:23.665106,2017-08-10 08:06:29.503070,0:05:05.837964,browsing,0
2017-08-10 08:06:29.509574,2017-08-10 08:10:06.231518,0:03:36.721944,browsing,0
2017-08-10 08:10:06.236194,2017-08-10 08:10:40.704202,0:00:34.468008,private,0
2017-08-10 08:10:40.710038,2017-08-10 08:11:02.089827,0:00:21.379789,copyFiles,0
2017-08-10 08:11:02.095761,2017-08-10 08:17:19.663917,0:06:17.568156,private,0
2017-08-10 08:17:19.669955,2017-08-10 08:18:52.543966,0:01:32.874011,browsing,0
2017-08-10 08:18:52.549722,2017-08-10 08:19:25.208656,0:00:32.658934,private,0
2017-08-10 08:19:25.214696,2017-08-10 08:20:38.845565,0:01:13.630869,private,0
2017-08-10 08:20:38.850948,2017-08-10 08:22:10.492215,0:01:31.641267,browsing,0
2017-08-10 08:22:10.497906,2017-08-10 08:23:55.945221,0:01:45.447315,browsing,0
2017-08-10 08:23:55.950974,2017-08-10 08:24:31.041314,0:00:35.090340,printing,0
2017-08-10 08:24:31.049797,2017-08-10 08:25:21.591230,0:00:50.541433,mailing,0
2017-08-10 08:25:21.595558,2017-08-10 08:25:52.233282,0:00:30.637724,browsing,0
2017-08-10 08:25:52.239392,2017-08-10 08:27:51.936284,0:01:59.696892,browsing,0
2017-08-10 08:27:51.941887,2017-08-10 09:11:20.043530,0:43:28.101643,offline,0
2017-08-10 09:11:20.050565,2017-08-10 09:11:35.099148,0:00:15.048583,printing,0
2017-08-10 09:11:35.105836,2017-08-10 09:12:55.245784,0:01:20.139948,browsing,0
2017-08-10 09:12:55.252424,2017-08-10 09:15:39.616422,0:02:44.363998,private,0
2017-08-10 09:15:39.623410,2017-08-10 09:18:07.723487,0:02:28.100077,browsing,0
2017-08-10 09:18:07.986186,2017-08-10 09:23:51.725310,0:05:43.739124,private,0
2017-08-10 09:23:51.731322,2017-08-10 09:25:20.621003,0:01:28.889681,browsing,0
2017-08-10 09:25:20.626095,2017-08-10 09:33:20.153717,0:07:59.527622,browsing,0
2017-08-10 09:33:20.159594,2017-08-10 09:34:05.408228,0:00:45.248634,printing,0
2017-08-10 09:34:05.413502,2017-08-10 09:38:12.361045,0:04:06.947543,browsing,0
2017-08-10 09:38:12.366827,2017-08-10 09:39:13.440779,0:01:01.073952,browsing,0
2017-08-10 09:39:13.445733,2017-08-10 09:40:24.291294,0:01:10.845561,mailing,0
2017-08-10 09:40:24.297393,2017-08-10 09:42:36.398919,0:02:12.101526,breaks,0
2017-08-10 09:42:36.408343,2017-08-10 09:43:20.616059,0:00:44.207716,private,0
2017-08-10 09:43:20.622094,2017-08-10 09:43:34.433674,0:00:13.811580,browsing,0
2017-08-10 09:43:34.438715,2017-08-10 09:47:34.370254,0:03:59.931539,browsing,0
2017-08-10 09:47:34.375998,2017-08-10 09:49:05.549103,0:01:31.173105,browsing,0
2017-08-10 09:49:05.555355,2017-08-10 09:59:05.563019,0:10:00.007664,browsing,-9
2017-08-10 09:59:05.568449,2017-08-10 09:59:20.635616,0:00:15.067167,printing,0
2017-08-10 09:59:20.639881,2017-08-10 10:00:41.310691,0:01:20.670810,browsing,0
2017-08-10 10:00:41.318778,2017-08-10 10:00:56.399355,0:00:15.080577,printing,0
2017-08-10 10:00:56.404421,2017-08-10 10:47:08.449813,0:46:12.045392,offline,0
2017-08-10 10:47:08.457195,2017-08-10 10:55:19.611017,0:08:11.153822,browsing,0
2017-08-10 10:55:19.616630,2017-08-10 10:56:28.313935,0:01:08.697305,browsing,0
2017-08-10 10:56:28.319116,2017-08-10 10:57:34.064257,0:01:05.745141,browsing,0
2017-08-10 10:57:34.069799,2017-08-10 10:59:44.588285,0:02:10.518486,browsing,0
2017-08-10 10:59:44.594075,2017-08-10 11:05:57.749884,0:06:13.155809,browsing,0
2017-08-10 11:05:57.756454,2017-08-10 11:10:32.224693,0:04:34.468239,private,0
2017-08-10 11:10:32.242605,2017-08-10 11:14:02.050400,0:03:29.807795,browsing,0
2017-08-10 11:14:02.077475,2017-08-10 11:36:11.179779,0:22:09.102304,meeting,0
2017-08-10 11:36:11.187314,2017-08-10 11:37:19.305249,0:01:08.117935,browsing,0
2017-08-10 11:37:19.359066,2017-08-10 11:41:31.737573,0:04:12.378507,browsing,0
2017-08-10 11:41:31.744996,2017-08-10 11:42:58.057539,0:01:26.312543,private,0
2017-08-10 11:42:58.082243,2017-08-10 11:44:08.507158,0:01:10.424915,mailing,0
2017-08-10 11:44:08.512577,2017-08-10 11:45:36.609159,0:01:28.096582,browsing,0
2017-08-10 11:45:36.615812,2017-08-10 11:47:15.130611,0:01:38.514799,browsing,0
2017-08-10 11:47:15.136630,2017-08-10 12:06:11.147552,0:18:56.010922,meeting,0
2017-08-10 12:06:11.155374,2017-08-10 12:07:19.612057,0:01:08.456683,browsing,0
2017-08-10 12:07:19.616776,2017-08-10 12:13:23.453068,0:06:03.836292,browsing,0
2017-08-10 12:13:23.459834,2017-08-10 12:14:25.616876,0:01:02.157042,private,0
2017-08-10 12:14:25.622549,2017-08-10 12:15:23.569358,0:00:57.946809,browsing,0
2017-08-10 12:15:23.574954,2017-08-10 12:20:43.592760,0:05:20.017806,offline,0
2017-08-10 12:20:43.600128,2017-08-10 12:22:04.135585,0:01:20.535457,mailing,0
2017-08-10 12:22:04.246276,2017-08-10 12:32:04.254703,0:10:00.008427,browsing,-1
2017-08-10 12:32:04.260614,2017-08-10 12:36:17.512054,0:04:13.251440,private,0
2017-08-10 12:36:17.517715,2017-08-10 12:44:17.237102,0:07:59.719387,browsing,0
2017-08-10 12:44:17.242066,2017-08-10 12:51:28.815333,0:07:11.573267,private,0
2017-08-10 12:51:28.819850,2017-08-10 12:52:49.546856,0:01:20.727006,mailing,0
2017-08-10 12:52:49.551402,2017-08-10 12:53:39.881542,0:00:50.330140,mailing,0
2017-08-10 12:53:39.885971,2017-08-10 12:56:15.478704,0:02:35.592733,browsing,0
2017-08-10 12:56:15.492452,2017-08-10 12:57:54.977895,0:01:39.485443,private,0
2017-08-10 12:57:54.982977,2017-08-10 13:03:28.483076,0:05:33.500099,browsing,0
2017-08-10 13:03:28.488134,2017-08-10 13:04:29.260127,0:01:00.771993,mailing,0
2017-08-10 13:04:29.265691,2017-08-10 13:07:19.657422,0:02:50.391731,private,0
2017-08-10 13:07:19.663667,2017-08-10 13:07:51.643487,0:00:31.979820,copyFiles,0
2017-08-10 13:07:51.654044,2017-08-10 13:11:54.662865,0:04:03.008821,breaks,0
2017-08-10 13:11:54.673447,2017-08-10 13:12:10.344303,0:00:15.670856,browsing,0
2017-08-10 13:12:10.349795,2017-08-10 13:22:10.362774,0:10:00.012979,private,-1
2017-08-10 13:22:10.371141,2017-08-10 13:25:37.469975,0:03:27.098834,breaks,0
2017-08-10 13:25:37.475955,2017-08-10 13:31:00.510815,0:05:23.034860,browsing,0
2017-08-10 13:31:00.516432,2017-08-10 13:32:58.974012,0:01:58.457580,private,0
2017-08-10 13:32:58.985854,2017-08-10 13:34:09.241910,0:01:10.256056,browsing,0
2017-08-10 13:34:09.247893,2017-08-10 13:34:24.296003,0:00:15.048110,printing,0
2017-08-10 13:34:24.300887,2017-08-10 13:41:02.567249,0:06:38.266362,browsing,0
2017-08-10 13:41:02.578051,2017-08-10 13:41:59.362560,0:00:56.784509,private,0
2017-08-10 13:41:59.368458,2017-08-10 13:43:25.444207,0:01:26.075749,breaks,0
2017-08-10 13:43:25.449473,2017-08-10 13:45:26.269248,0:02:00.819775,browsing,0
2017-08-10 13:45:26.279132,2017-08-10 13:48:42.797783,0:03:16.518651,private,0
2017-08-10 13:48:42.803422,2017-08-10 14:34:32.901930,0:45:50.098508,meeting,0
2017-08-10 14:34:32.908291,2017-08-10 14:35:52.553069,0:01:19.644778,browsing,0
2017-08-10 14:35:52.599842,2017-08-10 14:37:03.321045,0:01:10.721203,mailing,0
2017-08-10 14:37:03.329541,2017-08-10 14:41:22.429948,0:04:19.100407,breaks,0
2017-08-10 14:41:22.436525,2017-08-10 14:51:22.463268,0:10:00.026743,browsing,-1
2017-08-10 14:51:22.468202,2017-08-10 14:52:38.319406,0:01:15.851204,mailing,0
2017-08-10 14:52:38.330135,2017-08-10 15:42:08.658023,0:49:30.327888,offline,0
2017-08-10 15:42:08.820059,2017-08-10 15:42:34.949925,0:00:26.129866,printing,0
2017-08-10 15:42:34.955231,2017-08-10 15:43:11.029460,0:00:36.074229,browsing,0
2017-08-10 15:43:11.036497,2017-08-10 15:43:57.344476,0:00:46.307979,printing,0
2017-08-10 15:43:57.364250,2017-08-10 15:53:57.375018,0:10:00.010768,browsing,-1
2017-08-10 15:53:57.380586,2017-08-10 15:56:07.573034,0:02:10.192448,browsing,0
2017-08-10 15:56:07.578750,2017-08-10 15:56:35.992371,0:00:28.413621,private,0
2017-08-10 15:56:35.998634,2017-08-10 16:01:01.198865,0:04:25.200231,copyFiles,0
2017-08-10 16:01:01.239023,2017-08-10 16:02:49.448627,0:01:48.209604,copyFiles,0
2017-08-10 16:02:49.464750,2017-08-10 16:03:21.843661,0:00:32.378911,browsing,0
2017-08-10 16:03:21.849409,2017-08-10 16:05:12.664597,0:01:50.815188,private,0
2017-08-10 16:05:12.670380,2017-08-10 16:05:37.759665,0:00:25.089285,printing,0
2017-08-10 16:05:37.766404,2017-08-10 16:07:48.240666,0:02:10.474262,private,0
2017-08-10 16:07:48.246926,2017-08-10 16:09:55.382331,0:02:07.135405,browsing,0
2017-08-10 16:09:55.388766,2017-08-10 16:12:22.275802,0:02:26.887036,browsing,0
2017-08-10 16:12:22.281875,2017-08-10 16:12:29.415515,0:00:07.133640,browsing,0
2017-08-10 16:12:29.420314,2017-08-10 16:19:26.404577,0:06:56.984263,browsing,0
2017-08-10 16:19:26.410524,2017-08-10 16:23:36.449547,0:04:10.039023,private,0
2017-08-10 16:23:36.455335,2017-08-10 16:27:49.249799,0:04:12.794464,private,0
2017-08-10 16:27:49.255425,2017-08-10 16:28:33.650157,0:00:44.394732,private,0
2017-08-10 16:28:33.656703,2017-08-10 16:30:05.528724,0:01:31.872021,private,0
2017-08-10 16:30:05.535018,2017-08-10 16:32:17.564691,0:02:12.029673,private,0
2017-08-10 16:32:17.570791,2017-08-10 16:42:17.577239,0:10:00.006448,browsing,-1
2017-08-10 16:42:17.582515,2017-08-10 16:43:20.061111,0:01:02.478596,private,0
2017-08-10 16:43:20.067259,2017-08-10 16:44:23.169155,0:01:03.101896,private,0
2017-08-10 16:44:23.178751,2017-08-10 16:46:39.132058,0:02:15.953307,browsing,0
2017-08-10 16:46:39.137476,2017-08-10 16:47:59.964323,0:01:20.826847,mailing,0
2017-08-10 16:47:59.970049,2017-08-10 16:57:44.527714,0:09:44.557665,browsing,0
2017-08-10 16:57:44.537931,2017-08-10 16:59:39.164235,0:01:54.626304,private,0
2017-08-10 16:59:39.170403,2017-08-10 17:02:36.183584,0:02:57.013181,breaks,0
2017-08-10 17:02:36.190459,2017-08-10 17:04:49.885470,0:02:13.695011,browsing,0
2017-08-10 17:04:49.890691,2017-08-10 17:05:50.404609,0:01:00.513918,mailing,0
2017-08-10 17:05:50.411959,2017-08-10 17:06:28.646273,0:00:38.234314,browsing,0
2017-08-10 17:06:28.652028,2017-08-10 17:07:48.847940,0:01:20.195912,private,0
2017-08-10 17:07:48.853677,2017-08-10 17:09:24.241613,0:01:35.387936,browsing,0
2017-08-10 17:09:24.248161,2017-08-10 17:19:24.256053,0:10:00.007892,browsing,-1
2017-08-10 17:19:24.261884,2017-08-10 17:22:52.285153,0:03:28.023269,browsing,0
2017-08-10 17:22:52.291286,2017-08-10 17:23:30.736073,0:00:38.444787,browsing,0
2017-08-10 17:23:30.741895,2017-08-10 17:31:04.194729,0:07:33.452834,private,0
2017-08-10 17:31:04.234091,2017-08-10 17:32:35.478540,0:01:31.244449,browsing,0
2017-08-10 17:32:35.485032,2017-08-10 17:33:52.016213,0:01:16.531181,browsing,0
2017-08-10 17:33:52.022192,2017-08-10 17:36:24.851553,0:02:32.829361,browsing,0
2017-08-10 17:36:24.906370,2017-08-10 17:37:24.520254,0:00:59.613884,browsing,0
2017-08-10 17:37:24.559777,2017-08-10 17:38:40.331569,0:01:15.771792,private,0
2017-08-10 17:38:40.336807,2017-08-10 17:43:26.551438,0:04:46.214631,browsing,0
2017-08-10 17:43:26.557157,2017-08-10 17:45:23.752764,0:01:57.195607,private,0
2017-08-10 17:45:23.758750,2017-08-10 17:45:44.903217,0:00:21.144467,copyFiles,0
2017-08-10 17:45:44.910072,2017-08-10 17:51:07.145281,0:05:22.235209,browsing,0
2017-08-10 17:51:07.151217,2017-08-10 17:51:52.341647,0:00:45.190430,printing,0
2017-08-10 17:51:52.348725,2017-08-10 17:54:18.234212,0:02:25.885487,browsing,0
2017-08-10 17:54:18.240188,2017-08-10 17:56:14.062316,0:01:55.822128,browsing,0
2017-08-10 17:56:14.068253,2017-08-10 17:57:45.780914,0:01:31.712661,copyFiles,0
2017-08-10 17:57:45.786522,2017-08-10 17:59:32.153687,0:01:46.367165,browsing,0
2017-08-10 17:59:32.164491,2017-08-10 18:03:32.768108,0:04:00.603617,browsing,0
2017-08-10 18:03:32.773940,2017-08-10 18:07:15.621961,0:03:42.848021,browsing,0
2017-08-10 18:07:15.628642,2017-08-10 18:08:37.743725,0:01:22.115083,browsing,0
2017-08-10 18:08:37.751740,2017-08-10 18:11:00.853966,0:02:23.102226,breaks,0
2017-08-10 18:11:00.859801,2017-08-10 18:16:06.424032,0:05:05.564231,browsing,0
2017-08-10 18:16:06.434690,2017-08-10 18:18:40.016369,0:02:33.581679,private,0
2017-08-10 18:18:40.023097,2017-08-10 18:25:07.966959,0:06:27.943862,browsing,0
2017-08-10 18:25:07.974516,2017-08-10 18:32:14.828835,0:07:06.854319,browsing,0
2017-08-10 18:32:14.835445,2017-08-10 20:06:07.932537,1:33:53.097092,meeting,0
2017-08-11 07:01:24.216351,2017-08-11 07:03:15.416840,0:01:51.200489,mailing,0
2017-08-11 07:03:15.421169,2017-08-11 07:08:07.400877,0:04:51.979708,private,0
2017-08-11 07:08:07.407485,2017-08-11 07:09:14.522460,0:01:07.114975,private,0
2017-08-11 07:09:14.528081,2017-08-11 07:09:29.183571,0:00:14.655490,browsing,0
2017-08-11 07:09:29.190049,2017-08-11 07:14:05.291645,0:04:36.101596,breaks,0
2017-08-11 07:14:05.299525,2017-08-11 07:14:54.456226,0:00:49.156701,browsing,0
2017-08-11 07:14:54.462469,2017-08-11 07:17:10.972412,0:02:16.509943,private,0
2017-08-11 07:17:10.978733,2017-08-11 07:17:26.254107,0:00:15.275374,printing,0
2017-08-11 07:17:26.260783,2017-08-11 07:18:58.112300,0:01:31.851517,private,0
2017-08-11 07:18:58.119912,2017-08-11 07:24:03.492235,0:05:05.372323,private,0
2017-08-11 07:24:03.500395,2017-08-11 07:26:14.784699,0:02:11.284304,private,0
2017-08-11 07:26:14.791510,2017-08-11 07:28:04.009294,0:01:49.217784,browsing,0
2017-08-11 07:28:04.015276,2017-08-11 07:32:48.415090,0:04:44.399814,private,0
2017-08-11 07:32:48.421695,2017-08-11 07:36:35.425486,0:03:47.003791,browsing,0
2017-08-11 07:36:35.432851,2017-08-11 07:36:48.437936,0:00:13.005085,browsing,0
2017-08-11 07:36:48.446300,2017-08-11 07:37:03.511947,0:00:15.065647,printing,0
2017-08-11 07:37:03.518687,2017-08-11 07:38:46.627584,0:01:43.108897,browsing,0
2017-08-11 07:38:46.633448,2017-08-11 07:39:11.729279,0:00:25.095831,printing,0
2017-08-11 07:39:11.735047,2017-08-11 07:39:27.637046,0:00:15.901999,printing,0
2017-08-11 07:39:27.643098,2017-08-11 07:41:16.942545,0:01:49.299447,copyFiles,0
2017-08-11 07:41:16.949556,2017-08-11 07:42:12.231462,0:00:55.281906,printing,0
2017-08-11 07:42:12.236614,2017-08-11 07:43:05.310423,0:00:53.073809,browsing,0
2017-08-11 07:43:05.317400,2017-08-11 08:59:54.419317,1:16:49.101917,meeting,0
2017-08-11 08:59:54.427475,2017-08-11 09:00:24.575845,0:00:30.148370,browsing,0
2017-08-11 09:00:24.582288,2017-08-11 09:02:44.721316,0:02:20.139028,private,0
2017-08-11 09:02:44.728317,2017-08-11 09:04:31.106094,0:01:46.377777,browsing,0
2017-08-11 09:04:31.111019,2017-08-11 09:13:13.555546,0:08:42.444527,private,0
2017-08-11 09:13:13.562467,2017-08-11 09:16:36.924455,0:03:23.361988,private,0
2017-08-11 09:16:36.929621,2017-08-11 09:17:03.970535,0:00:27.040914,browsing,0
2017-08-11 09:17:03.977742,2017-08-11 09:18:34.985559,0:01:31.007817,browsing,0
2017-08-11 09:18:34.991670,2017-08-11 09:19:35.680986,0:01:00.689316,mailing,0
2017-08-11 09:19:35.686471,2017-08-11 09:26:19.361231,0:06:43.674760,browsing,0
2017-08-11 09:26:19.366295,2017-08-11 09:33:32.578459,0:07:13.212164,browsing,0
2017-08-11 09:33:32.585256,2017-08-11 09:39:51.800125,0:06:19.214869,copyFiles,0
2017-08-11 09:39:51.807726,2017-08-11 09:40:00.902509,0:00:09.094783,browsing,0
2017-08-11 09:40:00.908196,2017-08-11 09:40:15.980754,0:00:15.072558,browsing,0
2017-08-11 09:40:15.986966,2017-08-11 09:56:20.088765,0:16:04.101799,offline,0
2017-08-11 09:56:20.097332,2017-08-11 09:58:15.714842,0:01:55.617510,browsing,0
2017-08-11 09:58:15.721132,2017-08-11 09:58:40.790948,0:00:25.069816,printing,0
2017-08-11 09:58:40.797303,2017-08-11 10:00:58.662777,0:02:17.865474,private,0
2017-08-11 10:00:58.669826,2017-08-11 10:02:12.745413,0:01:14.075587,breaks,0
2017-08-11 10:02:12.751853,2017-08-11 10:02:45.311885,0:00:32.560032,private,0
2017-08-11 10:02:45.317614,2017-08-11 10:04:09.201167,0:01:23.883553,browsing,0
2017-08-11 10:04:09.207929,2017-08-11 10:05:44.653704,0:01:35.445775,copyFiles,0
2017-08-11 10:05:44.659535,2017-08-11 10:06:53.855911,0:01:09.196376,private,0
2017-08-11 10:06:53.860784,2017-08-11 10:08:48.186246,0:01:54.325462,private,0
2017-08-11 10:08:48.192360,2017-08-11 10:15:05.251617,0:06:17.059257,private,0
2017-08-11 10:15:05.256122,2017-08-11 10:16:50.932127,0:01:45.676005,private,0
2017-08-11 10:16:50.936782,2017-08-11 10:18:01.384042,0:01:10.447260,mailing,0
2017-08-11 10:18:01.389448,2017-08-11 10:20:13.767509,0:02:12.378061,private,0
2017-08-11 10:20:13.773379,2017-08-11 11:08:21.875329,0:48:08.101950,offline,0
2017-08-11 11:08:21.883154,2017-08-11 11:10:24.229718,0:02:02.346564,browsing,0
2017-08-11 11:10:24.235548,2017-08-11 11:12:32.733013,0:02:08.497465,browsing,0
2017-08-11 11:12:32.742059,2017-08-11 11:22:32.748215,0:10:00.006156,private,-1
2017-08-11 11:22:32.752998,2017-08-11 11:25:03.275405,0:02:30.522407,browsing,0
2017-08-11 11:25:03.286892,2017-08-11 11:28:19.636903,0:03:16.350011,private,0
2017-08-11 11:28:19.642330,2017-08-11 11:31:14.994688,0:02:55.352358,private,0
2017-08-11 11:31:14.999698,2017-08-11 11:37:01.277083,0:05:46.277385,browsing,0
2017-08-11 11:37:01.283383,2017-08-11 11:39:46.944367,0:02:45.660984,browsing,0
2017-08-11 11:39:46.949451,2017-08-11 11:50:08.186596,0:10:21.237145,private,-1
2017-08-11 11:50:08.233037,2017-08-11 12:00:11.268041,0:10:03.035004,browsing,-1
2017-08-11 12:00:11.479429,2017-08-11 12:10:17.510809,0:10:06.031380,browsing,-1
2017-08-11 12:10:17.630757,2017-08-11 12:20:31.640023,0:10:14.009266,browsing,-1
2017-08-11 12:20:31.966415,2017-08-11 12:42:09.068154,0:21:37.101739,meeting,0
2017-08-11 12:42:13.502413,2017-08-11 12:52:28.349866,0:10:14.847453,browsing,-1
2017-08-11 12:52:39.302209,2017-08-11 13:00:21.060813,0:07:41.758604,mailing,0
2017-08-11 13:00:24.011473,2017-08-11 13:10:47.361484,0:10:23.350011,browsing,-1
2017-08-11 13:10:53.802095,2017-08-11 13:21:07.083606,0:10:13.281511,browsing,-1
2017-08-11 13:21:07.192835,2017-08-11 13:31:11.211039,0:10:04.018204,browsing,-1
2017-08-11 13:31:11.274335,2017-08-11 13:41:31.031689,0:10:19.757354,browsing,-1
2017-08-11 13:41:38.834619,2017-08-11 13:52:06.256836,0:10:27.422217,browsing,-1
2017-08-11 13:52:44.926985,2017-08-11 14:04:01.605493,0:11:16.678508,browsing,-1
2017-08-11 14:04:06.582999,2017-08-11 14:09:49.495019,0:05:42.912020,copyFiles,0
2017-08-11 14:10:15.850032,2017-08-11 15:50:48.496442,1:40:32.646410,meeting,0
2017-08-11 15:51:09.782619,2017-08-11 16:01:51.648882,0:10:41.866263,private,-1
2017-08-11 16:02:13.951565,2017-08-11 16:13:36.959759,0:11:23.008194,private,-1
2017-08-11 16:14:02.228890,2017-08-11 16:26:11.408236,0:12:09.179346,browsing,-1
2017-08-11 16:27:09.613438,2017-08-11 16:37:57.113905,0:10:47.500467,browsing,-1
2017-08-11 16:38:50.362279,2017-08-11 16:50:28.313877,0:11:37.951598,browsing,-1
2017-08-11 16:51:15.298880,2017-08-11 17:02:37.201895,0:11:21.903015,browsing,-1
2017-08-11 17:03:00.886630,2017-08-11 17:16:15.824246,0:13:14.937616,browsing,-1
2017-08-11 17:17:20.816720,2017-08-11 17:21:54.253824,0:04:33.437104,breaks,0
2017-08-11 17:23:01.710867,2017-08-11 17:42:37.088008,0:19:35.377141,private,-1
2017-08-11 17:48:17.118730,2017-08-11 18:24:59.843904,0:36:42.725174,printing,0
2017-08-11 18:26:01.810471,2017-08-11 18:39:36.805334,0:13:34.994863,browsing,-1
2017-08-11 18:40:39.637393,2017-08-11 18:54:12.620099,0:13:32.982706,private,-1
2017-08-11 18:55:53.389290,2017-08-11 19:08:04.676627,0:12:11.287337,private,-1
2017-08-11 19:08:51.961625,2017-08-11 19:40:23.712579,0:31:31.750954,offline,0
2017-08-11 19:41:21.821730,2017-08-11 19:53:03.958012,0:11:42.136282,private,-1
2017-08-11 19:54:15.419179,2017-08-11 20:06:49.877951,0:12:34.458772,private,-1
2017-08-14 07:08:56.830871,2017-08-14 07:10:26.285986,0:01:29.455115,browsing,0
2017-08-14 07:10:26.290131,2017-08-14 07:12:26.391779,0:02:00.101648,breaks,0
2017-08-14 07:12:26.397864,2017-08-14 07:15:30.467029,0:03:04.069165,browsing,0
2017-08-14 07:15:30.473362,2017-08-14 07:15:45.629296,0:00:15.155934,printing,0
2017-08-14 07:15:45.636525,2017-08-14 07:51:55.738398,0:36:10.101873,offline,0
2017-08-14 07:51:55.747033,2017-08-14 07:53:01.366107,0:01:05.619074,browsing,0
2017-08-14 07:53:01.377804,2017-08-14 07:59:10.365927,0:06:08.988123,ssh,0
2017-08-14 07:59:10.372108,2017-08-14 08:00:30.935496,0:01:20.563388,mailing,0
2017-08-14 08:00:30.941594,2017-08-14 08:01:16.878270,0:00:45.936676,browsing,0
2017-08-14 08:01:16.884607,2017-08-14 08:01:51.975544,0:00:35.090937,printing,0
2017-08-14 08:01:51.982077,2017-08-14 08:03:18.530324,0:01:26.548247,browsing,0
2017-08-14 08:03:18.537342,2017-08-14 08:03:48.248337,0:00:29.710995,browsing,0
2017-08-14 08:03:48.253806,2017-08-14 08:04:13.338665,0:00:25.084859,browsing,0
2017-08-14 08:04:13.345671,2017-08-14 08:52:26.447335,0:48:13.101664,offline,0
2017-08-14 08:52:26.455240,2017-08-14 08:53:49.259676,0:01:22.804436,browsing,0
2017-08-14 08:53:49.265722,2017-08-14 08:58:10.367718,0:04:21.101996,breaks,0
2017-08-14 08:58:10.377216,2017-08-14 08:58:25.424927,0:00:15.047711,printing,0
2017-08-14 08:58:25.431436,2017-08-14 09:00:24.416757,0:01:58.985321,private,0
2017-08-14 09:00:24.422469,2017-08-14 09:01:37.791250,0:01:13.368781,private,0
2017-08-14 09:01:37.797540,2017-08-14 09:01:55.430644,0:00:17.633104,browsing,0
2017-08-14 09:01:55.437134,2017-08-14 09:02:30.561907,0:00:35.124773,printing,0
2017-08-14 09:02:30.573890,2017-08-14 09:03:45.059029,0:01:14.485139,browsing,0
2017-08-14 09:03:45.064257,2017-08-14 09:05:00.801361,0:01:15.737104,private,0
2017-08-14 09:05:00.807891,2017-08-14 09:08:42.772538,0:03:41.964647,browsing,0
2017-08-14 09:08:42.779865,2017-08-14 09:49:41.881753,0:40:59.101888,meeting,0
2017-08-14 09:49:41.890698,2017-08-14 09:52:36.168650,0:02:54.277952,browsing,0
2017-08-14 09:52:36.175551,2017-08-14 09:54:53.278981,0:02:17.103430,private,0
2017-08-14 09:54:53.284570,2017-08-14 09:58:17.278753,0:03:23.994183,private,0
2017-08-14 09:58:17.284795,2017-08-14 10:02:35.387207,0:04:18.102412,breaks,0
2017-08-14 10:02:35.396642,2017-08-14 10:03:00.494525,0:00:25.097883,printing,0
2017-08-14 10:03:00.501203,2017-08-14 10:03:51.020514,0:00:50.519311,browsing,0
2017-08-14 10:03:51.026711,2017-08-14 10:06:08.968140,0:02:17.941429,browsing,0
2017-08-14 10:06:08.974054,2017-08-14 10:06:53.325194,0:00:44.351140,browsing,0
2017-08-14 10:06:53.331237,2017-08-14 10:12:43.189572,0:05:49.858335,browsing,0
2017-08-14 10:12:43.195861,2017-08-14 10:13:59.200107,0:01:16.004246,browsing,0
2017-08-14 10:13:59.206806,2017-08-14 10:19:39.030142,0:05:39.823336,browsing,0
2017-08-14 10:19:39.037535,2017-08-14 10:20:34.439559,0:00:55.402024,ssh,0
2017-08-14 10:20:34.444184,2017-08-14 10:21:35.213240,0:01:00.769056,private,0
2017-08-14 10:21:35.218767,2017-08-14 10:23:48.664864,0:02:13.446097,browsing,0
2017-08-14 10:23:48.671798,2017-08-14 10:27:07.104694,0:03:18.432896,browsing,0
2017-08-14 10:27:07.110595,2017-08-14 10:27:32.186842,0:00:25.076247,printing,0
2017-08-14 10:27:32.193621,2017-08-14 11:12:31.294709,0:44:59.101088,meeting,0
2017-08-14 11:12:31.302492,2017-08-14 11:16:32.404469,0:04:01.101977,breaks,0
2017-08-14 11:16:32.413157,2017-08-14 11:26:32.420972,0:10:00.007815,browsing,-1
2017-08-14 11:26:32.430808,2017-08-14 11:26:57.560097,0:00:25.129289,printing,0
2017-08-14 11:26:57.565796,2017-08-14 11:33:42.283943,0:06:44.718147,copyFiles,0
2017-08-14 11:33:42.292750,2017-08-14 11:36:34.385947,0:02:52.093197,breaks,0
2017-08-14 11:36:34.395565,2017-08-14 12:18:11.445041,0:41:37.049476,offline,0
2017-08-14 12:18:11.452618,2017-08-14 12:21:12.204913,0:03:00.752295,private,0
2017-08-14 12:21:12.211391,2017-08-14 12:21:27.253087,0:00:15.041696,printing,0
2017-08-14 12:21:27.258623,2017-08-14 12:24:53.833476,0:03:26.574853,browsing,0
2017-08-14 12:24:53.839598,2017-08-14 12:33:08.030727,0:08:14.191129,browsing,0
2017-08-14 12:33:08.036672,2017-08-14 12:37:10.043074,0:04:02.006402,ssh,0
2017-08-14 12:37:10.049908,2017-08-14 12:41:57.037843,0:04:46.987935,private,0
2017-08-14 12:41:57.044208,2017-08-14 12:43:39.385208,0:01:42.341000,private,0
2017-08-14 12:43:39.392124,2017-08-14 12:44:30.828715,0:00:51.436591,printing,0
2017-08-14 12:44:30.834994,2017-08-14 12:54:31.246231,0:10:00.411237,private,-1
2017-08-14 12:54:31.252654,2017-08-14 12:55:29.741665,0:00:58.489011,browsing,0
2017-08-14 12:55:29.750419,2017-08-14 13:01:04.193729,0:05:34.443310,private,0
2017-08-14 13:01:04.200978,2017-08-14 13:09:15.158251,0:08:10.957273,copyFiles,0
2017-08-14 13:09:15.164296,2017-08-14 13:11:35.966230,0:02:20.801934,private,0
2017-08-14 13:11:35.972777,2017-08-14 13:11:53.101415,0:00:17.128638,printing,0
2017-08-14 13:11:53.106106,2017-08-14 13:12:08.184670,0:00:15.078564,printing,0
2017-08-14 13:12:08.191010,2017-08-14 13:56:55.290691,0:44:47.099681,offline,0
2017-08-14 13:56:55.299125,2017-08-14 13:58:17.382377,0:01:22.083252,breaks,0
2017-08-14 13:58:17.387601,2017-08-14 14:00:14.146731,0:01:56.759130,browsing,0
2017-08-14 14:00:14.153747,2017-08-14 14:03:52.249366,0:03:38.095619,breaks,0
2017-08-14 14:03:52.258197,2017-08-14 14:11:50.861057,0:07:58.602860,private,0
2017-08-14 14:11:50.867548,2017-08-14 14:13:38.605931,0:01:47.738383,private,0
2017-08-14 14:13:38.612246,2017-08-14 14:17:06.342989,0:03:27.730743,private,0
2017-08-14 14:17:06.357082,2017-08-14 14:20:40.419849,0:03:34.062767,browsing,0
2017-08-14 14:20:40.426971,2017-08-14 14:23:14.999665,0:02:34.572694,private,0
2017-08-14 14:23:15.005541,2017-08-14 14:25:25.819976,0:02:10.814435,browsing,0
2017-08-14 14:25:25.827586,2017-08-14 14:30:42.764126,0:05:16.936540,browsing,0
2017-08-14 14:30:42.770101,2017-08-14 14:33:03.447639,0:02:20.677538,browsing,0
2017-08-14 14:33:03.455310,2017-08-14 14:37:35.526627,0:04:32.071317,browsing,0
2017-08-14 14:37:35.532954,2017-08-14 14:41:50.115892,0:04:14.582938,private,0
2017-08-14 14:41:50.121357,2017-08-14 14:44:09.472074,0:02:19.350717,browsing,0
2017-08-14 14:44:09.478278,2017-08-14 14:46:31.238894,0:02:21.760616,private,0
2017-08-14 14:46:31.246906,2017-08-14 14:48:05.313610,0:01:34.066704,mailing,0
2017-08-14 14:48:05.318564,2017-08-14 14:56:02.721916,0:07:57.403352,browsing,0
2017-08-14 14:56:02.728042,2017-08-14 14:58:47.777117,0:02:45.049075,private,0
2017-08-14 14:58:47.783266,2017-08-14 15:02:55.883611,0:04:08.100345,breaks,0
2017-08-14 15:02:55.890865,2017-08-14 15:03:10.922778,0:00:15.031913,printing,0
2017-08-14 15:03:10.934496,2017-08-14 15:05:54.859386,0:02:43.924890,private,0
2017-08-14 15:05:54.869201,2017-08-14 15:15:54.875979,0:10:00.006778,private,-1
2017-08-14 15:15:54.881846,2017-08-14 15:17:29.977808,0:01:35.095962,breaks,0
2017-08-14 15:17:29.983076,2017-08-14 15:25:40.822347,0:08:10.839271,browsing,0
2017-08-14 15:25:40.834086,2017-08-14 15:26:07.505844,0:00:26.671758,printing,0
2017-08-14 15:26:07.511318,2017-08-14 15:28:55.577125,0:02:48.065807,private,0
2017-08-14 15:28:55.583036,2017-08-14 15:36:09.513388,0:07:13.930352,private,0
2017-08-14 15:36:09.521034,2017-08-14 15:38:49.641882,0:02:40.120848,browsing,0
2017-08-14 15:38:49.647500,2017-08-14 15:42:07.605604,0:03:17.958104,private,0
2017-08-14 15:42:07.610697,2017-08-14 15:52:07.617292,0:10:00.006595,browsing,-1
2017-08-14 15:52:07.625078,2017-08-14 15:55:09.106837,0:03:01.481759,private,0
2017-08-14 15:55:09.114569,2017-08-14 15:58:26.835080,0:03:17.720511,browsing,0
2017-08-14 15:58:26.841411,2017-08-14 16:02:28.643558,0:04:01.802147,private,0
2017-08-14 16:02:28.651326,2017-08-14 16:02:43.689967,0:00:15.038641,printing,0
2017-08-14 16:02:43.695603,2017-08-14 16:02:58.734100,0:00:15.038497,printing,0
2017-08-14 16:02:58.740536,2017-08-14 16:05:55.497823,0:02:56.757287,private,0
2017-08-14 16:05:55.504625,2017-08-14 16:09:10.508459,0:03:15.003834,private,0
2017-08-14 16:09:10.522645,2017-08-14 16:11:54.264847,0:02:43.742202,private,0
2017-08-14 16:11:54.271246,2017-08-14 16:16:01.298205,0:04:07.026959,private,0
2017-08-14 16:16:01.305125,2017-08-14 16:23:53.170953,0:07:51.865828,browsing,0
2017-08-14 16:23:53.177427,2017-08-14 16:29:37.932472,0:05:44.755045,private,0
2017-08-14 16:29:37.938877,2017-08-14 16:34:00.280593,0:04:22.341716,private,0
2017-08-14 16:34:00.287381,2017-08-14 16:38:11.266591,0:04:10.979210,private,0
2017-08-14 16:38:11.272201,2017-08-14 16:40:41.894024,0:02:30.621823,browsing,0
2017-08-14 16:40:41.900675,2017-08-14 16:45:30.360335,0:04:48.459660,browsing,0
2017-08-14 16:45:30.366209,2017-08-14 16:49:08.850470,0:03:38.484261,private,0
2017-08-14 16:49:08.856442,2017-08-14 16:56:40.984228,0:07:32.127786,private,0
2017-08-14 16:56:40.990816,2017-08-14 16:59:55.557770,0:03:14.566954,browsing,0
2017-08-14 16:59:55.563261,2017-08-14 17:02:05.149898,0:02:09.586637,mailing,0
2017-08-14 17:02:05.154088,2017-08-14 17:03:45.275541,0:01:40.121453,copyFiles,0
2017-08-14 17:03:45.282208,2017-08-14 17:04:10.435156,0:00:25.152948,printing,0
2017-08-14 17:04:10.452403,2017-08-14 17:07:20.412218,0:03:09.959815,private,0
2017-08-14 17:07:20.418894,2017-08-14 17:12:49.450338,0:05:29.031444,private,0
2017-08-14 17:12:49.456622,2017-08-14 17:15:15.752964,0:02:26.296342,browsing,0
2017-08-14 17:15:15.759735,2017-08-14 17:18:05.640772,0:02:49.881037,browsing,0
2017-08-14 17:18:05.646465,2017-08-14 17:21:35.613005,0:03:29.966540,browsing,0
2017-08-14 17:21:35.623069,2017-08-14 17:27:57.728998,0:06:22.105929,private,0
2017-08-14 17:27:57.734668,2017-08-14 17:35:29.656683,0:07:31.922015,private,0
2017-08-14 17:35:29.662388,2017-08-14 17:36:42.804082,0:01:13.141694,mailing,0
2017-08-14 17:36:42.816143,2017-08-14 17:39:26.853649,0:02:44.037506,browsing,0
2017-08-14 17:39:26.862612,2017-08-14 17:43:48.322481,0:04:21.459869,browsing,0
2017-08-14 17:43:48.329447,2017-08-14 17:47:26.291958,0:03:37.962511,private,0
2017-08-14 17:47:26.298117,2017-08-14 18:05:00.399080,0:17:34.100963,meeting,0
2017-08-14 18:05:00.408983,2017-08-14 18:11:49.713671,0:06:49.304688,browsing,0
2017-08-14 18:11:49.722109,2017-08-14 18:18:16.189213,0:06:26.467104,browsing,0
2017-08-14 18:18:16.196080,2017-08-14 18:26:46.458085,0:08:30.262005,private,0
2017-08-14 18:26:46.464136,2017-08-14 18:49:48.973176,0:23:02.509040,copyFiles,0
2017-08-14 18:49:48.980152,2017-08-14 18:54:11.269300,0:04:22.289148,private,0
2017-08-14 18:54:11.276213,2017-08-14 18:57:41.378010,0:03:30.101797,private,0
2017-08-14 18:57:41.384574,2017-08-14 19:02:40.279038,0:04:58.894464,private,0
2017-08-14 19:02:40.286501,2017-08-14 19:03:40.643430,0:01:00.356929,mailing,0
2017-08-14 19:03:40.650008,2017-08-14 19:04:46.715103,0:01:06.065095,breaks,0
2017-08-14 19:04:46.725448,2017-08-14 19:14:46.735059,0:10:00.009611,browsing,-1
2017-08-14 19:14:46.744644,2017-08-14 19:25:21.841957,0:10:35.097313,offline,0
2017-08-14 19:25:21.861072,2017-08-14 19:28:02.954555,0:02:41.093483,browsing,0
2017-08-14 19:28:02.960570,2017-08-14 19:30:59.062165,0:02:56.101595,breaks,0
2017-08-14 19:30:59.068987,2017-08-14 19:34:58.669468,0:03:59.600481,browsing,0
2017-08-14 19:34:58.678562,2017-08-14 19:38:05.199002,0:03:06.520440,browsing,0
2017-08-14 19:38:05.204845,2017-08-14 19:38:32.009122,0:00:26.804277,browsing,0
2017-08-14 19:38:32.014535,2017-08-14 19:42:18.117540,0:03:46.103005,breaks,0
2017-08-14 19:42:18.124218,2017-08-14 19:45:50.640311,0:03:32.516093,private,0
2017-08-14 19:45:50.645567,2017-08-14 19:49:16.886319,0:03:26.240752,browsing,0
2017-08-14 19:49:16.891928,2017-08-14 20:06:32.990896,0:17:16.098968,offline,0
2017-08-15 07:01:37.884040,2017-08-15 07:01:56.519675,0:00:18.635635,browsing,0
2017-08-15 07:01:56.524862,2017-08-15 07:07:21.665569,0:05:25.140707,private,0
2017-08-15 07:07:21.671850,2017-08-15 07:11:22.348141,0:04:00.676291,browsing,0
2017-08-15 07:11:22.355872,2017-08-15 07:13:14.176585,0:01:51.820713,browsing,0
2017-08-15 07:13:14.183018,2017-08-15 07:14:25.593719,0:01:11.410701,browsing,0
2017-08-15 07:14:25.601143,2017-08-15 07:15:16.078911,0:00:50.477768,mailing,0
2017-08-15 07:15:16.084700,2017-08-15 07:19:44.816840,0:04:28.732140,private,0
2017-08-15 07:19:44.823130,2017-08-15 07:19:52.921642,0:00:08.098512,browsing,0
2017-08-15 07:19:52.928564,2017-08-15 07:23:57.717698,0:04:04.789134,browsing,0
2017-08-15 07:23:57.728984,2017-08-15 07:30:34.958383,0:06:37.229399,browsing,0
2017-08-15 07:30:34.965557,2017-08-15 07:30:43.308672,0:00:08.343115,browsing,0
2017-08-15 07:30:43.313903,2017-08-15 07:33:13.007220,0:02:29.693317,private,0
2017-08-15 07:33:13.038546,2017-08-15 07:36:39.140343,0:03:26.101797,breaks,0
2017-08-15 07:36:39.148007,2017-08-15 07:46:39.158046,0:10:00.010039,browsing,-9
2017-08-15 07:46:39.165941,2017-08-15 07:52:05.595317,0:05:26.429376,private,0
2017-08-15 07:52:05.601187,2017-08-15 07:53:43.936429,0:01:38.335242,private,0
2017-08-15 07:53:43.941457,2017-08-15 07:57:48.969601,0:04:05.028144,private,0
2017-08-15 07:57:48.976476,2017-08-15 07:59:06.645595,0:01:17.669119,browsing,0
2017-08-15 07:59:06.651810,2017-08-15 07:59:37.765810,0:00:31.114000,private,0
2017-08-15 07:59:37.771950,2017-08-15 07:59:52.860676,0:00:15.088726,printing,0
2017-08-15 07:59:52.866557,2017-08-15 08:27:47.967202,0:27:55.100645,offline,0
2017-08-15 08:27:47.974275,2017-08-15 08:28:54.679720,0:01:06.705445,private,0
2017-08-15 08:28:54.685635,2017-08-15 08:29:09.780676,0:00:15.095041,printing,0
2017-08-15 08:29:09.786231,2017-08-15 08:37:40.264451,0:08:30.478220,private,0
2017-08-15 08:37:40.271636,2017-08-15 08:38:28.678074,0:00:48.406438,private,0
2017-08-15 08:38:28.685409,2017-08-15 08:38:53.753294,0:00:25.067885,printing,0
2017-08-15 08:38:53.759538,2017-08-15 08:41:35.814086,0:02:42.054548,private,0
2017-08-15 08:41:35.820404,2017-08-15 08:41:52.090217,0:00:16.269813,browsing,0
2017-08-15 08:41:52.096584,2017-08-15 08:45:32.104460,0:03:40.007876,breaks,0
2017-08-15 08:45:32.112630,2017-08-15 08:46:50.053726,0:01:17.941096,private,0
2017-08-15 08:46:50.059285,2017-08-15 08:47:15.138925,0:00:25.079640,printing,0
2017-08-15 08:47:15.143881,2017-08-15 08:52:37.181309,0:05:22.037428,browsing,0
2017-08-15 08:52:37.188443,2017-08-15 08:55:55.842494,0:03:18.654051,browsing,0
2017-08-15 08:55:55.848348,2017-08-15 08:57:36.839947,0:01:40.991599,mailing,0
2017-08-15 08:57:38.001948,2017-08-15 08:58:07.165178,0:00:29.163230,browsing,0
2017-08-15 08:58:07.173875,2017-08-15 08:59:21.752800,0:01:14.578925,private,0
2017-08-15 08:59:21.758774,2017-08-15 09:05:27.813923,0:06:06.055149,browsing,0
2017-08-15 09:05:27.819921,2017-08-15 09:08:07.673546,0:02:39.853625,private,0
2017-08-15 09:08:07.679078,2017-08-15 09:08:44.002876,0:00:36.323798,printing,0
2017-08-15 09:08:44.011763,2017-08-15 09:10:44.820262,0:02:00.808499,mailing,0
2017-08-15 09:10:44.825645,2017-08-15 09:12:11.806494,0:01:26.980849,ssh,0
2017-08-15 09:12:11.813032,2017-08-15 09:12:35.757821,0:00:23.944789,browsing,0
2017-08-15 09:12:35.764652,2017-08-15 09:13:37.553769,0:01:01.789117,private,0
2017-08-15 09:13:37.559560,2017-08-15 09:14:34.655829,0:00:57.096269,browsing,0
2017-08-15 09:14:34.661875,2017-08-15 09:15:01.065676,0:00:26.403801,private,0
2017-08-15 09:15:01.070833,2017-08-15 09:17:49.109883,0:02:48.039050,breaks,0
2017-08-15 09:17:49.116437,2017-08-15 09:35:30.126891,0:17:41.010454,offline,0
2017-08-15 09:35:30.134639,2017-08-15 09:37:02.015263,0:01:31.880624,mailing,0
2017-08-15 09:37:02.021364,2017-08-15 09:39:28.546257,0:02:26.524893,ssh,0
2017-08-15 09:39:28.551641,2017-08-15 09:44:29.390096,0:05:00.838455,browsing,0
2017-08-15 09:44:29.425416,2017-08-15 09:44:54.494266,0:00:25.068850,printing,0
2017-08-15 09:44:54.651822,2017-08-15 09:48:00.240678,0:03:05.588856,browsing,0
2017-08-15 09:48:00.246419,2017-08-15 09:48:50.462388,0:00:50.215969,mailing,0
2017-08-15 09:48:50.467609,2017-08-15 09:49:05.528208,0:00:15.060599,printing,0
2017-08-15 09:49:05.533536,2017-08-15 09:49:20.575206,0:00:15.041670,printing,0
2017-08-15 09:49:20.599030,2017-08-15 09:51:07.178420,0:01:46.579390,private,0
2017-08-15 09:51:07.187090,2017-08-15 09:53:06.892358,0:01:59.705268,private,0
2017-08-15 09:53:06.899127,2017-08-15 09:59:22.330728,0:06:15.431601,private,0
2017-08-15 09:59:22.347672,2017-08-15 10:00:08.202589,0:00:45.854917,private,0
2017-08-15 10:00:08.209858,2017-08-15 10:00:23.267992,0:00:15.058134,printing,0
2017-08-15 10:00:23.273987,2017-08-15 10:01:13.871167,0:00:50.597180,mailing,0
2017-08-15 10:01:13.876071,2017-08-15 10:02:54.591342,0:01:40.715271,mailing,0
2017-08-15 10:02:54.597411,2017-08-15 10:03:51.187198,0:00:56.589787,private,0
2017-08-15 10:03:51.195972,2017-08-15 10:05:07.199397,0:01:16.003425,breaks,0
2017-08-15 10:05:07.207671,2017-08-15 10:05:34.587037,0:00:27.379366,browsing,0
2017-08-15 10:05:34.593486,2017-08-15 10:07:54.599264,0:02:20.005778,breaks,0
2017-08-15 10:07:54.618733,2017-08-15 10:09:33.073878,0:01:38.455145,private,0
2017-08-15 10:09:33.079390,2017-08-15 10:11:52.950195,0:02:19.870805,private,0
2017-08-15 10:11:52.956491,2017-08-15 10:13:14.080560,0:01:21.124069,private,0
2017-08-15 10:13:14.087615,2017-08-15 10:16:29.009444,0:03:14.921829,copyFiles,0
2017-08-15 10:16:29.015983,2017-08-15 10:18:53.244330,0:02:24.228347,browsing,0
2017-08-15 10:18:53.250375,2017-08-15 10:19:28.358641,0:00:35.108266,printing,0
2017-08-15 10:19:28.369545,2017-08-15 10:27:49.337945,0:08:20.968400,private,0
2017-08-15 10:27:49.347392,2017-08-15 10:28:24.444087,0:00:35.096695,printing,0
2017-08-15 10:28:24.452942,2017-08-15 10:28:39.511434,0:00:15.058492,printing,0
2017-08-15 10:28:39.517426,2017-08-15 10:34:56.230185,0:06:16.712759,private,0
2017-08-15 10:34:56.236471,2017-08-15 10:36:08.314799,0:01:12.078328,copyFiles,0
2017-08-15 10:36:08.320050,2017-08-15 10:36:17.471587,0:00:09.151537,browsing,0
2017-08-15 10:36:17.477122,2017-08-15 10:37:49.136170,0:01:31.659048,private,0
2017-08-15 10:37:49.141512,2017-08-15 10:41:59.140392,0:04:09.998880,browsing,0
2017-08-15 10:41:59.152399,2017-08-15 10:51:12.797910,0:09:13.645511,copyFiles,0
2017-08-15 10:51:12.804872,2017-08-15 10:55:11.813296,0:03:59.008424,breaks,0
2017-08-15 10:55:11.821599,2017-08-15 10:59:14.770162,0:04:02.948563,browsing,0
2017-08-15 10:59:14.776410,2017-08-15 11:00:30.087197,0:01:15.310787,private,0
2017-08-15 11:00:30.094490,2017-08-15 11:02:29.544565,0:01:59.450075,private,0
2017-08-15 11:02:29.551162,2017-08-15 11:03:46.129052,0:01:16.577890,browsing,0
2017-08-15 11:03:46.135174,2017-08-15 11:05:15.875028,0:01:29.739854,private,0
2017-08-15 11:05:15.880727,2017-08-15 11:07:16.813772,0:02:00.933045,private,0
2017-08-15 11:07:16.819412,2017-08-15 11:08:30.671867,0:01:13.852455,browsing,0
2017-08-15 11:08:30.677777,2017-08-15 11:10:30.373728,0:01:59.695951,private,0
2017-08-15 11:10:30.379628,2017-08-15 11:29:32.075728,0:19:01.696100,copyFiles,0
2017-08-15 11:29:32.081968,2017-08-15 11:30:00.085902,0:00:28.003934,browsing,0
2017-08-15 11:30:00.091491,2017-08-15 11:31:06.571033,0:01:06.479542,private,0
2017-08-15 11:31:06.576219,2017-08-15 11:33:54.605997,0:02:48.029778,breaks,0
2017-08-15 11:33:54.615869,2017-08-15 12:09:05.622417,0:35:11.006548,offline,0
2017-08-15 12:09:05.629971,2017-08-15 12:11:11.408553,0:02:05.778582,printing,0
2017-08-15 12:11:11.414187,2017-08-15 12:12:10.006715,0:00:58.592528,browsing,0
2017-08-15 12:12:10.013305,2017-08-15 12:12:25.048172,0:00:15.034867,printing,0
2017-08-15 12:12:25.053862,2017-08-15 12:13:08.595017,0:00:43.541155,private,0
2017-08-15 12:13:08.600238,2017-08-15 12:18:01.886173,0:04:53.285935,browsing,0
2017-08-15 12:18:01.893669,2017-08-15 12:22:50.285003,0:04:48.391334,private,0
2017-08-15 12:22:50.290566,2017-08-15 12:23:39.773386,0:00:49.482820,browsing,0
2017-08-15 12:23:39.781330,2017-08-15 12:26:38.372387,0:02:58.591057,private,0
2017-08-15 12:26:38.378707,2017-08-15 12:27:55.756232,0:01:17.377525,browsing,0
2017-08-15 12:27:55.762950,2017-08-15 12:28:20.835486,0:00:25.072536,printing,0
2017-08-15 12:28:20.842077,2017-08-15 12:28:45.921185,0:00:25.079108,printing,0
2017-08-15 12:28:45.927482,2017-08-15 12:29:31.015961,0:00:45.088479,printing,0
2017-08-15 12:29:31.022441,2017-08-15 12:37:16.243962,0:07:45.221521,private,0
2017-08-15 12:37:16.249581,2017-08-15 12:37:47.007073,0:00:30.757492,browsing,0
2017-08-15 12:37:47.013071,2017-08-15 12:38:31.868499,0:00:44.855428,private,0
2017-08-15 12:38:31.873485,2017-08-15 12:39:22.157978,0:00:50.284493,private,0
2017-08-15 12:39:22.163888,2017-08-15 12:42:40.166988,0:03:18.003100,browsing,0
2017-08-15 12:42:40.173532,2017-08-15 12:44:10.288988,0:01:30.115456,private,0
2017-08-15 12:44:10.295670,2017-08-15 12:47:07.130613,0:02:56.834943,private,0
2017-08-15 12:47:07.136829,2017-08-15 12:47:58.277826,0:00:51.140997,private,0
2017-08-15 12:47:58.283315,2017-08-15 13:24:46.379310,0:36:48.095995,offline,0
2017-08-15 13:24:46.386799,2017-08-15 13:27:24.272953,0:02:37.886154,private,0
2017-08-15 13:27:24.278018,2017-08-15 13:37:24.292397,0:10:00.014379,browsing,-1
2017-08-15 13:37:24.300018,2017-08-15 13:40:27.536523,0:03:03.236505,browsing,0
2017-08-15 13:40:27.554807,2017-08-15 13:48:34.130509,0:08:06.575702,browsing,0
2017-08-15 13:48:34.139701,2017-08-15 13:49:34.604943,0:01:00.465242,mailing,0
2017-08-15 13:49:34.609740,2017-08-15 13:50:09.726249,0:00:35.116509,printing,0
2017-08-15 13:50:09.730283,2017-08-15 13:50:57.283564,0:00:47.553281,private,0
2017-08-15 13:50:57.289184,2017-08-15 13:56:58.566963,0:06:01.277779,copyFiles,0
2017-08-15 13:56:58.573817,2017-08-15 14:03:58.358027,0:06:59.784210,browsing,0
2017-08-15 14:03:58.363506,2017-08-15 14:04:23.443907,0:00:25.080401,printing,0
2017-08-15 14:04:23.459871,2017-08-15 14:05:18.652784,0:00:55.192913,private,0
2017-08-15 14:05:18.663064,2017-08-15 14:14:03.869756,0:08:45.206692,browsing,0
2017-08-15 14:14:03.875987,2017-08-15 14:23:16.310581,0:09:12.434594,private,0
2017-08-15 14:23:16.318224,2017-08-15 14:24:53.779058,0:01:37.460834,private,0
2017-08-15 14:24:53.786094,2017-08-15 14:26:46.991059,0:01:53.204965,private,0
2017-08-15 14:26:46.996757,2017-08-15 14:28:00.309536,0:01:13.312779,browsing,0
2017-08-15 14:28:00.315162,2017-08-15 14:29:19.441311,0:01:19.126149,private,0
2017-08-15 14:29:19.447237,2017-08-15 14:30:25.815996,0:01:06.368759,browsing,0
2017-08-15 14:30:25.823652,2017-08-15 14:33:34.469338,0:03:08.645686,private,0
2017-08-15 14:33:34.474705,2017-08-15 14:36:01.622282,0:02:27.147577,private,0
2017-08-15 14:36:01.648276,2017-08-15 15:01:21.748314,0:25:20.100038,meeting,0
2017-08-15 15:01:21.754752,2017-08-15 15:01:43.993704,0:00:22.238952,browsing,0
2017-08-15 15:01:44.025731,2017-08-15 15:02:36.893645,0:00:52.867914,private,0
2017-08-15 15:02:36.901028,2017-08-15 15:03:22.117172,0:00:45.216144,printing,0
2017-08-15 15:03:22.136206,2017-08-15 15:04:12.894783,0:00:50.758577,mailing,0
2017-08-15 15:04:12.901675,2017-08-15 15:04:55.039838,0:00:42.138163,browsing,0
2017-08-15 15:04:55.047749,2017-08-15 15:05:45.696013,0:00:50.648264,browsing,0
2017-08-15 15:05:45.735180,2017-08-15 15:06:00.777275,0:00:15.042095,printing,0
2017-08-15 15:06:00.801714,2017-08-15 15:09:21.425862,0:03:20.624148,private,0
2017-08-15 15:09:21.432815,2017-08-15 15:10:24.620134,0:01:03.187319,browsing,0
2017-08-15 15:10:24.626963,2017-08-15 15:17:11.110040,0:06:46.483077,private,0
2017-08-15 15:17:11.116197,2017-08-15 15:24:03.702609,0:06:52.586412,private,0
2017-08-15 17:46:00.467549,2017-08-15 17:47:01.855726,0:01:01.388177,browsing,0
2017-08-15 17:47:01.861443,2017-08-15 17:47:15.822515,0:00:13.961072,browsing,0
2017-08-15 17:47:15.828944,2017-08-15 17:49:08.001289,0:01:52.172345,browsing,0
2017-08-15 17:49:08.007165,2017-08-15 17:58:31.109251,0:09:23.102086,offline,0
2017-08-15 17:58:31.116754,2017-08-15 17:59:30.180076,0:00:59.063322,browsing,0
2017-08-15 17:59:30.188332,2017-08-15 18:01:06.546315,0:01:36.357983,copyFiles,0
2017-08-15 18:01:06.552808,2017-08-15 18:01:57.101850,0:00:50.549042,mailing,0
2017-08-15 18:01:57.107786,2017-08-15 18:05:21.159383,0:03:24.051597,private,0
2017-08-15 18:05:21.171159,2017-08-15 18:07:25.104146,0:02:03.932987,browsing,0
2017-08-15 18:07:25.110571,2017-08-15 18:08:48.291765,0:01:23.181194,browsing,0
2017-08-15 18:08:48.297211,2017-08-15 18:09:24.771500,0:00:36.474289,browsing,0
2017-08-15 18:09:24.777497,2017-08-15 18:13:12.810783,0:03:48.033286,private,0
2017-08-15 18:13:12.822095,2017-08-15 18:14:33.222271,0:01:20.400176,private,0
2017-08-15 18:14:33.227876,2017-08-15 18:15:41.805452,0:01:08.577576,private,0
2017-08-15 18:15:41.810403,2017-08-15 18:18:11.912225,0:02:30.101822,breaks,0
2017-08-15 18:18:11.918478,2017-08-15 18:18:27.499143,0:00:15.580665,printing,0
2017-08-15 18:18:27.505445,2017-08-15 18:21:01.237596,0:02:33.732151,private,0
2017-08-15 18:21:01.243197,2017-08-15 18:23:11.250363,0:02:10.007166,browsing,0
2017-08-15 18:23:11.256811,2017-08-15 18:23:28.020152,0:00:16.763341,browsing,0
2017-08-15 18:23:28.025599,2017-08-15 19:54:52.127557,1:31:24.101958,meeting,0
2017-08-15 19:54:52.135658,2017-08-15 19:56:29.047029,0:01:36.911371,private,0
2017-08-15 19:56:29.057501,2017-08-15 19:57:44.041925,0:01:14.984424,browsing,0
2017-08-15 19:57:44.048796,2017-08-15 20:02:01.457365,0:04:17.408569,private,0
2017-08-16 07:01:03.968185,2017-08-16 07:07:30.372263,0:06:26.404078,private,0
2017-08-16 07:07:30.377552,2017-08-16 07:11:15.247246,0:03:44.869694,private,0
2017-08-16 07:11:15.253796,2017-08-16 07:14:03.709081,0:02:48.455285,private,0
2017-08-16 07:14:03.715050,2017-08-16 07:19:20.008131,0:05:16.293081,private,0
2017-08-16 07:19:20.013391,2017-08-16 09:01:37.114767,1:42:17.101376,meeting,0
2017-08-16 09:01:37.121613,2017-08-16 09:05:00.793978,0:03:23.672365,private,0
2017-08-16 09:05:00.801153,2017-08-16 09:08:03.902851,0:03:03.101698,breaks,0
2017-08-16 09:08:03.909298,2017-08-16 09:14:20.317466,0:06:16.408168,browsing,0
2017-08-16 09:14:20.324315,2017-08-16 09:24:20.331643,0:10:00.007328,browsing,-1
2017-08-16 09:24:20.337293,2017-08-16 09:28:52.850051,0:04:32.512758,browsing,0
2017-08-16 09:28:52.856028,2017-08-16 09:30:03.160422,0:01:10.304394,browsing,0
2017-08-16 09:30:03.172337,2017-08-16 09:32:58.164218,0:02:54.991881,browsing,0
2017-08-16 09:32:58.201894,2017-08-16 09:33:33.584010,0:00:35.382116,printing,0
2017-08-16 09:33:33.589967,2017-08-16 09:34:13.128336,0:00:39.538369,browsing,0
2017-08-16 09:34:13.134575,2017-08-16 09:36:35.391776,0:02:22.257201,browsing,0
2017-08-16 09:36:35.398202,2017-08-16 09:46:35.403716,0:10:00.005514,private,-1
2017-08-16 09:46:35.409919,2017-08-16 09:49:27.578028,0:02:52.168109,private,0
2017-08-16 09:49:27.583953,2017-08-16 09:54:20.019228,0:04:52.435275,private,0
2017-08-16 09:54:20.026948,2017-08-16 09:59:07.496148,0:04:47.469200,private,0
2017-08-16 09:59:07.502339,2017-08-16 10:01:30.876553,0:02:23.374214,private,0
2017-08-16 10:01:30.883161,2017-08-16 10:09:42.929603,0:08:12.046442,private,0
2017-08-16 10:09:42.935635,2017-08-16 10:10:18.038172,0:00:35.102537,printing,0
2017-08-16 10:10:18.044142,2017-08-16 10:20:18.051767,0:10:00.007625,browsing,-1
2017-08-16 10:20:18.071770,2017-08-16 10:23:17.010519,0:02:58.938749,private,0
2017-08-16 10:23:17.019683,2017-08-16 10:26:49.908008,0:03:32.888325,browsing,0
2017-08-16 10:26:49.914067,2017-08-16 10:33:09.748304,0:06:19.834237,private,0
2017-08-16 10:33:09.756724,2017-08-16 10:33:25.946367,0:00:16.189643,printing,0
2017-08-16 10:33:25.952239,2017-08-16 10:36:27.673919,0:03:01.721680,private,0
2017-08-16 10:36:27.679974,2017-08-16 10:41:01.938423,0:04:34.258449,private,0
2017-08-16 10:41:01.944046,2017-08-16 10:43:30.713648,0:02:28.769602,private,0
2017-08-16 10:43:30.719909,2017-08-16 10:43:45.766426,0:00:15.046517,printing,0
2017-08-16 10:43:45.771684,2017-08-16 10:44:56.142059,0:01:10.370375,mailing,0
2017-08-16 10:44:56.159942,2017-08-16 10:49:15.120258,0:04:18.960316,private,0
2017-08-16 10:49:15.126880,2017-08-16 10:50:21.242104,0:01:06.115224,browsing,0
2017-08-16 10:50:21.250898,2017-08-16 10:51:11.619404,0:00:50.368506,mailing,0
2017-08-16 10:51:11.624346,2017-08-16 10:55:04.627793,0:03:53.003447,breaks,0
2017-08-16 10:55:04.634692,2017-08-16 11:03:58.848506,0:08:54.213814,private,0
2017-08-16 11:03:58.855144,2017-08-16 11:05:31.462029,0:01:32.606885,mailing,0
2017-08-16 11:05:31.467682,2017-08-16 11:07:17.477584,0:01:46.009902,breaks,0
2017-08-16 11:07:17.484649,2017-08-16 12:23:46.585248,1:16:29.100599,meeting,0
2017-08-16 12:23:46.594477,2017-08-16 13:10:48.613034,0:47:02.018557,breaks,0
2017-08-16 13:10:48.621681,2017-08-16 13:11:33.914240,0:00:45.292559,printing,0
2017-08-16 13:11:33.919359,2017-08-16 13:14:58.102035,0:03:24.182676,private,0
2017-08-16 13:14:58.108246,2017-08-16 13:23:40.073219,0:08:41.964973,browsing,0
2017-08-16 13:23:40.079034,2017-08-16 13:25:13.447635,0:01:33.368601,browsing,0
2017-08-16 13:25:13.454661,2017-08-16 13:27:33.559633,0:02:20.104972,private,0
2017-08-16 13:27:33.571701,2017-08-16 13:28:34.229322,0:01:00.657621,mailing,0
2017-08-16 13:28:34.233918,2017-08-16 13:30:43.553751,0:02:09.319833,private,0
2017-08-16 13:30:43.563553,2017-08-16 13:31:34.209497,0:00:50.645944,private,0
2017-08-16 13:31:34.215089,2017-08-16 13:32:53.334626,0:01:19.119537,private,0
2017-08-16 13:32:53.340917,2017-08-16 13:36:46.680422,0:03:53.339505,browsing,0
2017-08-16 13:36:46.687613,2017-08-16 13:38:17.744911,0:01:31.057298,private,0
2017-08-16 13:38:17.751351,2017-08-16 13:42:27.918717,0:04:10.167366,browsing,0
2017-08-16 13:42:27.927013,2017-08-16 13:43:03.077340,0:00:35.150327,printing,0
2017-08-16 13:43:03.088917,2017-08-16 13:44:08.268445,0:01:05.179528,browsing,0
2017-08-16 13:44:08.277133,2017-08-16 13:45:39.343860,0:01:31.066727,offline,0
2017-08-16 13:45:39.355314,2017-08-16 13:46:41.539597,0:01:02.184283,private,0
2017-08-16 13:46:41.546219,2017-08-16 13:47:31.874589,0:00:50.328370,mailing,0
2017-08-16 13:47:31.880799,2017-08-16 14:00:18.944071,0:12:47.063272,offline,0
2017-08-16 14:00:18.951142,2017-08-16 14:05:07.020502,0:04:48.069360,private,0
2017-08-16 14:05:07.026295,2017-08-16 14:05:32.122594,0:00:25.096299,printing,0
2017-08-16 14:05:32.128602,2017-08-16 14:07:15.173488,0:01:43.044886,private,0
2017-08-16 14:07:15.179795,2017-08-16 14:09:29.929929,0:02:14.750134,browsing,0
2017-08-16 14:09:29.935753,2017-08-16 14:10:03.011188,0:00:33.075435,browsing,0
2017-08-16 14:10:03.017150,2017-08-16 14:11:22.068993,0:01:19.051843,breaks,0
2017-08-16 14:11:22.075803,2017-08-16 14:15:06.160699,0:03:44.084896,private,0
2017-08-16 14:15:06.168428,2017-08-16 14:16:47.943674,0:01:41.775246,private,0
2017-08-16 14:16:47.949048,2017-08-16 14:20:56.108531,0:04:08.159483,browsing,0
2017-08-16 14:20:56.129812,2017-08-16 14:28:24.814428,0:07:28.684616,browsing,0
2017-08-16 14:28:24.821045,2017-08-16 14:29:46.921457,0:01:22.100412,browsing,0
2017-08-16 14:29:46.929689,2017-08-16 14:30:47.489384,0:01:00.559695,mailing,0
2017-08-16 14:30:47.508210,2017-08-16 14:32:41.499804,0:01:53.991594,private,0
2017-08-16 14:32:41.511279,2017-08-16 14:33:26.685358,0:00:45.174079,printing,0
2017-08-16 14:33:26.691982,2017-08-16 14:33:41.873366,0:00:15.181384,printing,0
2017-08-16 14:33:41.879121,2017-08-16 14:40:48.456672,0:07:06.577551,copyFiles,0
2017-08-16 14:40:48.467157,2017-08-16 14:42:15.696873,0:01:27.229716,browsing,0
2017-08-16 14:42:15.702800,2017-08-16 14:48:23.266026,0:06:07.563226,private,0
2017-08-16 14:48:23.272222,2017-08-16 14:49:27.889716,0:01:04.617494,browsing,0
2017-08-16 14:49:27.895827,2017-08-16 14:54:08.034056,0:04:40.138229,browsing,0
2017-08-16 14:54:08.042386,2017-08-16 14:54:23.086264,0:00:15.043878,printing,0
2017-08-16 14:54:23.090990,2017-08-16 14:56:12.891489,0:01:49.800499,private,0
2017-08-16 14:56:12.901635,2017-08-16 14:59:02.727751,0:02:49.826116,private,0
2017-08-16 14:59:02.734620,2017-08-16 14:59:52.947736,0:00:50.213116,mailing,0
2017-08-16 14:59:52.953264,2017-08-16 15:00:08.003059,0:00:15.049795,printing,0
2017-08-16 15:00:08.009052,2017-08-16 15:06:09.783522,0:06:01.774470,private,0
2017-08-16 15:06:09.789430,2017-08-16 15:13:54.843916,0:07:45.054486,browsing,0
2017-08-16 15:13:54.854779,2017-08-16 15:18:36.944713,0:04:42.089934,breaks,0
2017-08-16 15:18:36.952375,2017-08-16 15:26:21.107252,0:07:44.154877,browsing,0
2017-08-16 15:26:21.114976,2017-08-16 15:27:11.392867,0:00:50.277891,mailing,0
2017-08-16 15:27:11.398015,2017-08-16 15:29:46.437584,0:02:35.039569,private,0
2017-08-16 15:29:46.446910,2017-08-16 15:31:25.787272,0:01:39.340362,private,0
2017-08-16 15:31:25.805858,2017-08-16 15:32:36.728733,0:01:10.922875,private,0
2017-08-16 15:32:36.736246,2017-08-16 15:33:37.148568,0:01:00.412322,mailing,0
2017-08-16 15:33:37.153313,2017-08-16 15:39:39.975512,0:06:02.822199,browsing,0
2017-08-16 15:39:39.983232,2017-08-16 15:44:30.028422,0:04:50.045190,breaks,0
2017-08-16 15:44:30.036297,2017-08-16 15:52:50.047307,0:08:20.011010,copyFiles,0
2017-08-16 15:52:50.052719,2017-08-16 15:54:39.791334,0:01:49.738615,browsing,0
2017-08-16 15:54:39.797128,2017-08-16 15:55:36.526806,0:00:56.729678,private,0
2017-08-16 15:55:36.532739,2017-08-16 15:57:22.844842,0:01:46.312103,browsing,0
2017-08-16 15:57:22.850924,2017-08-16 16:00:49.885378,0:03:27.034454,private,0
