start,end,duration,activity,returnCode
2017-08-02 09:02:59.618923,2017-08-02 09:04:54.523658,0:01:54.904735,mailing,0
2017-08-02 09:04:54.527802,2017-08-02 09:05:29.926597,0:00:35.398795,printing,0
2017-08-02 09:05:29.945671,2017-08-02 09:06:34.375225,0:01:04.429554,browsing,0
2017-08-02 09:06:34.381950,2017-08-02 09:08:26.349468,0:01:51.967518,browsing,0
2017-08-02 09:08:26.356249,2017-08-02 09:10:22.848408,0:01:56.492159,private,0
2017-08-02 09:10:22.856022,2017-08-02 09:12:43.581471,0:02:20.725449,browsing,0
2017-08-02 09:12:43.587896,2017-08-02 09:15:01.801817,0:02:18.213921,browsing,0
2017-08-02 09:15:01.807376,2017-08-02 09:15:50.954082,0:00:49.146706,browsing,0
2017-08-02 09:15:50.963838,2017-08-02 09:18:46.701568,0:02:55.737730,copyFiles,0
2017-08-02 09:18:46.724112,2017-08-02 09:21:02.825625,0:02:16.101513,breaks,0
2017-08-02 09:21:02.833162,2017-08-02 09:23:30.613771,0:02:27.780609,copyFiles,0
2017-08-02 09:23:30.620160,2017-08-02 10:06:34.721641,0:43:04.101481,meeting,0
2017-08-02 10:06:34.728734,2017-08-02 10:09:39.649108,0:03:04.920374,browsing,0
2017-08-02 10:09:39.655158,2017-08-02 10:09:54.941644,0:00:15.286486,printing,0
2017-08-02 10:09:54.947509,2017-08-02 10:15:01.254647,0:05:06.307138,copyFiles,0
2017-08-02 10:15:01.260498,2017-08-02 10:15:47.791181,0:00:46.530683,browsing,0
2017-08-02 10:15:47.795460,2017-08-02 10:18:05.897020,0:02:18.101560,breaks,0
2017-08-02 10:18:05.901734,2017-08-02 10:37:04.003274,0:18:58.101540,meeting,0
2017-08-02 10:37:04.012734,2017-08-02 10:43:11.250197,0:06:07.237463,private,0
2017-08-02 10:43:11.256842,2017-08-02 10:43:26.485695,0:00:15.228853,printing,0
2017-08-02 10:43:26.491721,2017-08-02 10:44:31.507529,0:01:05.015808,browsing,0
2017-08-02 10:44:31.513752,2017-08-02 10:50:43.474752,0:06:11.961000,browsing,0
2017-08-02 10:50:43.481026,2017-08-02 10:51:05.399529,0:00:21.918503,ssh,0
2017-08-02 10:51:05.406150,2017-08-02 11:26:25.508142,0:35:20.101992,meeting,0
2017-08-02 11:26:25.515572,2017-08-02 11:55:42.617463,0:29:17.101891,breaks,0
2017-08-02 11:55:42.623101,2017-08-02 11:57:19.314897,0:01:36.691796,browsing,0
2017-08-02 11:57:19.321665,2017-08-02 11:59:26.959480,0:02:07.637815,browsing,0
2017-08-02 11:59:26.965960,2017-08-02 12:02:10.633156,0:02:43.667196,browsing,0
2017-08-02 12:02:10.640214,2017-08-02 12:03:32.558789,0:01:21.918575,browsing,0
2017-08-02 12:03:32.571239,2017-08-02 12:05:31.076540,0:01:58.505301,browsing,0
2017-08-02 12:05:31.081315,2017-08-02 12:07:54.595813,0:02:23.514498,browsing,0
2017-08-02 12:07:54.602109,2017-08-02 13:58:09.703813,1:50:15.101704,meeting,0
2017-08-02 13:58:09.710194,2017-08-02 15:54:57.811964,1:56:48.101770,meeting,0
2017-08-02 15:54:57.818958,2017-08-02 15:59:06.820813,0:04:09.001855,browsing,0
2017-08-02 15:59:06.827556,2017-08-02 16:00:55.929131,0:01:49.101575,breaks,0
2017-08-02 16:00:55.936467,2017-08-02 16:01:46.194926,0:00:50.258459,mailing,0
2017-08-02 16:01:46.213812,2017-08-02 16:13:44.568011,0:11:58.354199,copyFiles,0
2017-08-02 16:13:44.573596,2017-08-02 16:14:50.282907,0:01:05.709311,browsing,0
2017-08-02 16:14:50.288989,2017-08-02 16:15:25.477535,0:00:35.188546,printing,0
2017-08-02 16:15:25.482279,2017-08-02 16:23:12.583754,0:07:47.101475,offline,0
2017-08-02 16:23:12.589524,2017-08-02 16:23:34.619573,0:00:22.030049,browsing,0
2017-08-02 16:23:34.626179,2017-08-02 16:24:19.077908,0:00:44.451729,private,0
2017-08-02 16:24:19.084367,2017-08-02 16:29:57.497005,0:05:38.412638,private,0
2017-08-02 16:29:57.503281,2017-08-02 16:31:06.537101,0:01:09.033820,browsing,0
2017-08-02 16:31:06.544040,2017-08-02 16:32:59.190414,0:01:52.646374,browsing,0
2017-08-02 16:32:59.209680,2017-08-02 17:53:55.311489,1:20:56.101809,meeting,0
2017-08-02 17:53:55.321903,2017-08-02 17:55:28.420203,0:01:33.098300,private,0
2017-08-02 17:55:28.426338,2017-08-02 17:55:36.970887,0:00:08.544549,browsing,0
2017-08-02 17:55:36.977279,2017-08-02 17:55:43.709296,0:00:06.732017,browsing,0
2017-08-02 17:55:43.715114,2017-08-02 17:59:30.916660,0:03:47.201546,browsing,0
2017-08-02 17:59:30.923386,2017-08-02 18:05:48.274965,0:06:17.351579,browsing,0
2017-08-02 18:05:48.280826,2017-08-02 18:07:07.297107,0:01:19.016281,browsing,0
2017-08-02 18:07:07.303788,2017-08-02 18:11:14.405753,0:04:07.101965,breaks,0
2017-08-02 18:11:14.413328,2017-08-02 18:16:13.515128,0:04:59.101800,breaks,0
2017-08-02 18:16:13.522444,2017-08-02 18:19:00.624229,0:02:47.101785,breaks,0
2017-08-02 18:19:00.631026,2017-08-02 18:22:40.732516,0:03:40.101490,breaks,0
2017-08-02 18:22:40.741295,2017-08-02 18:27:58.331918,0:05:17.590623,private,0
2017-08-02 18:27:58.338365,2017-08-02 18:30:44.790753,0:02:46.452388,browsing,0
2017-08-02 18:30:44.797791,2017-08-02 18:30:59.836816,0:00:15.039025,printing,0
2017-08-02 18:30:59.842760,2017-08-02 18:33:37.326463,0:02:37.483703,browsing,0
2017-08-02 18:33:37.333191,2017-08-02 18:36:09.456874,0:02:32.123683,browsing,0
2017-08-02 18:36:09.463143,2017-08-02 18:39:56.564780,0:03:47.101637,breaks,0
2017-08-02 18:39:56.572090,2017-08-02 18:40:11.616430,0:00:15.044340,printing,0
2017-08-02 18:40:11.622403,2017-08-02 18:40:20.766475,0:00:09.144072,browsing,0
2017-08-02 18:40:20.773129,2017-08-02 18:44:48.941136,0:04:28.168007,copyFiles,0
2017-08-02 18:44:48.947399,2017-08-02 18:45:03.651755,0:00:14.704356,browsing,0
2017-08-02 18:45:03.657764,2017-08-02 18:45:10.992638,0:00:07.334874,browsing,0
2017-08-02 18:45:10.998830,2017-08-02 18:46:21.085621,0:01:10.086791,copyFiles,0
2017-08-02 18:46:21.098356,2017-08-02 18:49:20.110482,0:02:59.012126,copyFiles,0
2017-08-02 18:49:20.116173,2017-08-02 18:52:41.597589,0:03:21.481416,browsing,0
2017-08-02 18:52:41.603889,2017-08-02 19:50:55.652365,0:58:14.048476,meeting,0
2017-08-02 19:50:55.659214,2017-08-02 19:51:09.975843,0:00:14.316629,browsing,0
2017-08-02 19:51:09.982038,2017-08-02 19:52:10.505501,0:01:00.523463,mailing,0
2017-08-02 19:52:10.511174,2017-08-02 20:06:03.612347,0:13:53.101173,meeting,0
2017-08-03 09:00:25.279613,2017-08-03 09:01:25.715714,0:01:00.436101,mailing,0
2017-08-03 09:01:25.719805,2017-08-03 09:03:24.655430,0:01:58.935625,browsing,0
2017-08-03 09:03:24.661444,2017-08-03 09:04:04.897311,0:00:40.235867,browsing,0
2017-08-03 09:04:04.903853,2017-08-03 09:07:59.005375,0:03:54.101522,breaks,0
2017-08-03 09:07:59.012634,2017-08-03 09:09:00.445530,0:01:01.432896,browsing,0
2017-08-03 09:09:00.452028,2017-08-03 09:32:01.553468,0:23:01.101440,offline,0
2017-08-03 09:32:01.560998,2017-08-03 09:33:33.654589,0:01:32.093591,breaks,0
2017-08-03 09:33:33.661364,2017-08-03 09:35:26.647684,0:01:52.986320,browsing,0
2017-08-03 09:35:26.653947,2017-08-03 10:24:02.755638,0:48:36.101691,offline,0
2017-08-03 10:24:02.763719,2017-08-03 10:25:52.850730,0:01:50.087011,browsing,0
2017-08-03 10:25:52.856953,2017-08-03 10:26:07.967122,0:00:15.110169,printing,0
2017-08-03 10:26:07.973030,2017-08-03 10:26:45.598192,0:00:37.625162,private,0
2017-08-03 10:26:45.603811,2017-08-03 12:01:23.705480,1:34:38.101669,meeting,0
2017-08-03 12:01:23.712913,2017-08-03 12:06:52.443422,0:05:28.730509,browsing,0
2017-08-03 12:06:52.449414,2017-08-03 12:27:12.550953,0:20:20.101539,meeting,0
2017-08-03 12:27:12.558578,2017-08-03 12:27:47.737756,0:00:35.179178,printing,0
2017-08-03 12:27:47.744313,2017-08-03 12:28:44.342210,0:00:56.597897,browsing,0
2017-08-03 12:28:44.348707,2017-08-03 12:29:34.926701,0:00:50.577994,mailing,0
2017-08-03 12:29:34.932153,2017-08-03 12:46:41.971638,0:17:07.039485,meeting,0
2017-08-03 12:46:41.979098,2017-08-03 12:52:13.970567,0:05:31.991469,browsing,0
2017-08-03 12:52:13.978652,2017-08-03 13:42:02.080626,0:49:48.101974,offline,0
2017-08-03 13:42:02.088456,2017-08-03 13:43:09.357186,0:01:07.268730,private,0
2017-08-03 13:43:09.362919,2017-08-03 15:37:52.460588,1:54:43.097669,meeting,0
2017-08-03 15:37:52.468127,2017-08-03 15:38:07.537722,0:00:15.069595,printing,0
2017-08-03 15:38:07.543980,2017-08-03 15:38:56.669256,0:00:49.125276,private,0
2017-08-03 15:38:56.675622,2017-08-03 15:41:37.849439,0:02:41.173817,ssh,0
2017-08-03 15:41:37.855088,2017-08-03 15:46:20.621178,0:04:42.766090,browsing,0
2017-08-03 15:46:20.627943,2017-08-03 15:48:35.341977,0:02:14.714034,browsing,0
2017-08-03 15:48:35.348367,2017-08-03 15:49:59.434111,0:01:24.085744,breaks,0
2017-08-03 15:49:59.453634,2017-08-03 15:51:09.529757,0:01:10.076123,breaks,0
2017-08-03 15:51:09.536043,2017-08-03 16:01:09.542762,0:10:00.006719,browsing,-1
2017-08-03 16:01:09.546676,2017-08-03 16:01:44.715205,0:00:35.168529,printing,0
2017-08-03 16:01:44.727819,2017-08-03 16:06:40.796983,0:04:56.069164,breaks,0
2017-08-03 16:06:40.805014,2017-08-03 16:07:46.867604,0:01:06.062590,browsing,0
2017-08-03 16:07:46.874360,2017-08-03 17:51:41.971667,1:43:55.097307,meeting,0
2017-08-03 17:51:41.979308,2017-08-03 18:01:41.986278,0:10:00.006970,browsing,-1
2017-08-03 18:01:41.991816,2017-08-03 18:40:16.998610,0:38:35.006794,meeting,0
2017-08-03 18:40:17.005676,2017-08-03 20:19:53.047920,1:39:36.042244,meeting,0
2017-08-04 09:10:46.087794,2017-08-04 09:14:09.520582,0:03:23.432788,copyFiles,0
2017-08-04 09:14:09.525156,2017-08-04 09:15:40.861799,0:01:31.336643,browsing,0
2017-08-04 09:15:40.867935,2017-08-04 09:20:19.257931,0:04:38.389996,breaks,0
2017-08-04 09:20:19.265000,2017-08-04 09:20:22.267800,0:00:03.002800,mailing,-1
2017-08-04 09:20:22.275946,2017-08-04 09:20:25.269588,0:00:02.993642,mailing,-1
2017-08-04 09:20:25.281001,2017-08-04 09:20:41.563312,0:00:16.282311,printing,0
2017-08-04 09:20:41.568198,2017-08-04 09:24:16.076496,0:03:34.508298,private,0
2017-08-04 09:24:16.081734,2017-08-04 10:02:13.184042,0:37:57.102308,offline,0
2017-08-04 10:02:13.192736,2017-08-04 10:02:38.276266,0:00:25.083530,printing,0
2017-08-04 10:02:38.282968,2017-08-04 10:08:39.310057,0:06:01.027089,browsing,0
2017-08-04 17:23:19.945767,2017-08-04 17:26:13.311999,0:02:53.366232,browsing,0
2017-08-04 17:26:13.317603,2017-08-04 17:27:45.632904,0:01:32.315301,browsing,0
2017-08-04 17:27:45.640012,2017-08-04 17:28:20.818072,0:00:35.178060,printing,0
2017-08-04 17:28:20.825535,2017-08-04 17:30:43.222014,0:02:22.396479,browsing,0
2017-08-04 17:30:43.228498,2017-08-04 17:31:51.069481,0:01:07.840983,browsing,0
2017-08-04 17:31:51.075673,2017-08-04 17:36:04.177335,0:04:13.101662,breaks,0
2017-08-04 17:36:04.184294,2017-08-04 17:38:26.286019,0:02:22.101725,breaks,0
2017-08-04 17:38:26.294300,2017-08-04 17:39:36.365840,0:01:10.071540,browsing,0
2017-08-04 17:39:36.372211,2017-08-04 17:46:55.558983,0:07:19.186772,browsing,0
2017-08-04 17:46:55.565544,2017-08-04 17:48:21.499559,0:01:25.934015,browsing,0
2017-08-04 17:48:21.506366,2017-08-04 17:52:02.509360,0:03:41.002994,breaks,0
2017-08-04 17:52:02.518808,2017-08-04 17:56:35.751336,0:04:33.232528,browsing,0
2017-08-04 17:56:35.760990,2017-08-04 18:21:04.862869,0:24:29.101879,offline,0
2017-08-04 18:21:04.870430,2017-08-04 18:25:33.395862,0:04:28.525432,private,0
2017-08-04 18:25:33.402077,2017-08-04 18:27:09.332490,0:01:35.930413,browsing,0
2017-08-04 18:27:09.340450,2017-08-04 18:27:15.570917,0:00:06.230467,browsing,0
2017-08-04 18:27:15.577124,2017-08-04 18:30:07.678786,0:02:52.101662,breaks,0
2017-08-04 18:30:07.686188,2017-08-04 18:30:22.852405,0:00:15.166217,printing,0
2017-08-04 18:30:22.858660,2017-08-04 18:30:49.455762,0:00:26.597102,browsing,0
2017-08-04 18:30:49.463641,2017-08-04 18:31:34.484827,0:00:45.021186,browsing,0
2017-08-04 18:31:34.491040,2017-08-04 18:39:45.674370,0:08:11.183330,browsing,0
2017-08-04 18:39:45.680104,2017-08-04 18:40:36.011250,0:00:50.331146,private,0
2017-08-04 18:40:36.017675,2017-08-04 19:08:24.119421,0:27:48.101746,offline,0
2017-08-04 19:08:24.131193,2017-08-04 19:08:31.163996,0:00:07.032803,browsing,0
2017-08-04 19:08:31.173116,2017-08-04 19:09:26.371063,0:00:55.197947,browsing,0
2017-08-04 19:09:26.377219,2017-08-04 19:12:51.474222,0:03:25.097003,copyFiles,0
2017-08-04 19:12:51.483696,2017-08-04 19:40:28.584928,0:27:37.101232,offline,0
2017-08-04 19:40:28.592819,2017-08-04 19:49:14.628747,0:08:46.035928,copyFiles,0
2017-08-04 19:49:14.648305,2017-08-04 19:49:21.132811,0:00:06.484506,browsing,0
2017-08-04 19:49:21.152208,2017-08-04 19:54:16.253878,0:04:55.101670,breaks,0
2017-08-04 19:54:16.262630,2017-08-04 19:55:22.406123,0:01:06.143493,browsing,0
2017-08-04 19:55:22.415439,2017-08-04 19:55:31.157337,0:00:08.741898,browsing,0
2017-08-04 19:55:31.164149,2017-08-04 19:56:12.723232,0:00:41.559083,browsing,0
2017-08-04 19:56:12.729684,2017-08-04 19:57:17.953787,0:01:05.224103,browsing,0
2017-08-04 19:57:17.960739,2017-08-04 20:00:54.208273,0:03:36.247534,browsing,0
2017-08-05 09:03:23.993303,2017-08-05 09:05:19.094517,0:01:55.101214,breaks,0
2017-08-05 09:05:19.106985,2017-08-05 09:10:52.586770,0:05:33.479785,browsing,0
2017-08-05 09:10:52.598354,2017-08-05 09:12:28.029426,0:01:35.431072,browsing,0
2017-08-05 09:12:28.036673,2017-08-05 09:17:39.045241,0:05:11.008568,browsing,0
2017-08-05 09:17:39.050854,2017-08-05 09:25:58.181497,0:08:19.130643,browsing,0
2017-08-05 09:25:58.189427,2017-08-05 09:27:57.480401,0:01:59.290974,browsing,0
2017-08-05 09:27:57.486940,2017-08-05 09:31:44.728728,0:03:47.241788,browsing,0
2017-08-05 09:31:44.736613,2017-08-05 09:34:44.293174,0:02:59.556561,browsing,0
2017-08-05 09:34:44.301010,2017-08-05 09:37:09.805518,0:02:25.504508,browsing,0
2017-08-05 09:37:09.812009,2017-08-05 09:40:38.913631,0:03:29.101622,breaks,0
2017-08-05 09:40:38.920504,2017-08-05 09:41:22.088131,0:00:43.167627,browsing,0
2017-08-05 09:41:22.094245,2017-08-05 09:44:09.704287,0:02:47.610042,browsing,0
2017-08-05 09:44:09.710932,2017-08-05 09:44:38.512833,0:00:28.801901,browsing,0
2017-08-05 09:44:38.520937,2017-08-05 09:45:20.622169,0:00:42.101232,browsing,0
2017-08-05 09:45:20.634124,2017-08-05 09:46:17.673466,0:00:57.039342,browsing,0
2017-08-05 09:46:17.680575,2017-08-05 09:47:12.963217,0:00:55.282642,printing,0
2017-08-05 09:47:12.969593,2017-08-05 09:54:56.636839,0:07:43.667246,browsing,0
2017-08-05 09:54:56.644016,2017-08-05 09:55:11.703593,0:00:15.059577,printing,0
2017-08-05 09:55:11.710012,2017-08-05 09:55:36.810413,0:00:25.100401,printing,0
2017-08-05 09:55:36.818518,2017-08-05 11:20:06.920663,1:24:30.102145,meeting,0
2017-08-05 11:20:06.960229,2017-08-05 11:29:32.271540,0:09:25.311311,copyFiles,0
2017-08-05 11:29:32.279249,2017-08-05 11:31:45.041015,0:02:12.761766,browsing,0
2017-08-05 11:31:45.047236,2017-08-05 11:36:15.523733,0:04:30.476497,browsing,0
2017-08-05 11:36:15.530441,2017-08-05 11:40:40.512164,0:04:24.981723,private,0
2017-08-05 11:40:40.518821,2017-08-05 11:40:55.526100,0:00:15.007279,browsing,0
2017-08-05 11:40:55.532642,2017-08-05 11:41:51.194678,0:00:55.662036,browsing,0
2017-08-05 11:41:51.200725,2017-08-05 11:42:15.836152,0:00:24.635427,browsing,0
2017-08-05 11:42:15.844850,2017-08-05 11:42:47.090503,0:00:31.245653,ssh,0
2017-08-05 11:42:47.096605,2017-08-05 11:42:50.097875,0:00:03.001270,mailing,-1
2017-08-05 11:42:50.103578,2017-08-05 11:43:17.641146,0:00:27.537568,browsing,0
2017-08-05 11:43:17.648785,2017-08-05 11:43:32.694679,0:00:15.045894,printing,0
2017-08-05 11:43:32.701509,2017-08-05 11:43:55.578549,0:00:22.877040,browsing,0
2017-08-05 11:43:55.586201,2017-08-05 11:46:11.815186,0:02:16.228985,copyFiles,0
2017-08-05 11:46:11.819743,2017-08-05 11:51:18.260565,0:05:06.440822,browsing,0
2017-08-05 11:51:18.268403,2017-08-05 11:55:51.896665,0:04:33.628262,browsing,0
2017-08-05 11:55:51.903012,2017-08-05 11:55:57.883144,0:00:05.980132,browsing,0
2017-08-05 11:55:57.889655,2017-08-05 11:58:56.962470,0:02:59.072815,breaks,0
2017-08-05 11:58:56.971972,2017-08-05 11:59:27.889786,0:00:30.917814,browsing,0
2017-08-05 11:59:27.896808,2017-08-05 12:05:01.416926,0:05:33.520118,browsing,0
2017-08-05 12:05:01.424211,2017-08-05 12:11:22.407858,0:06:20.983647,private,0
2017-08-05 12:11:22.415484,2017-08-05 12:13:54.517391,0:02:32.101907,breaks,0
2017-08-05 12:13:54.524543,2017-08-05 12:13:57.528669,0:00:03.004126,mailing,-1
2017-08-05 12:13:57.534421,2017-08-05 12:15:02.820782,0:01:05.286361,printing,0
2017-08-05 12:15:02.827477,2017-08-05 12:15:54.486205,0:00:51.658728,browsing,0
2017-08-05 12:15:54.492544,2017-08-05 12:33:57.595204,0:18:03.102660,offline,0
2017-08-05 12:33:57.603369,2017-08-05 13:23:47.705836,0:49:50.102467,offline,0
2017-08-05 13:23:47.716382,2017-08-05 13:26:17.819423,0:02:30.103041,breaks,0
2017-08-05 13:26:17.826506,2017-08-05 13:29:58.096877,0:03:40.270371,copyFiles,0
2017-08-05 13:29:58.103520,2017-08-05 13:33:23.083667,0:03:24.980147,copyFiles,0
2017-08-05 13:33:23.093746,2017-08-05 13:33:29.481557,0:00:06.387811,browsing,0
2017-08-05 13:33:29.487652,2017-08-05 13:35:24.804306,0:01:55.316654,browsing,0
2017-08-05 13:35:24.812601,2017-08-05 14:11:07.914462,0:35:43.101861,meeting,0
2017-08-05 14:11:07.922886,2017-08-05 14:14:22.024977,0:03:14.102091,breaks,0
2017-08-05 14:14:22.035685,2017-08-05 14:17:40.091461,0:03:18.055776,private,0
2017-08-05 14:17:40.098716,2017-08-05 14:28:04.200896,0:10:24.102180,offline,0
2017-08-05 14:28:04.208548,2017-08-05 15:11:32.312309,0:43:28.103761,offline,0
2017-08-05 15:11:32.319800,2017-08-05 17:06:55.422322,1:55:23.102522,meeting,0
2017-08-05 17:06:55.429423,2017-08-05 17:07:10.471560,0:00:15.042137,printing,0
2017-08-05 17:07:10.477989,2017-08-05 17:07:13.482052,0:00:03.004063,mailing,-1
2017-08-05 17:07:13.487720,2017-08-05 17:08:44.793210,0:01:31.305490,browsing,0
2017-08-05 17:08:44.799561,2017-08-05 17:09:47.279318,0:01:02.479757,browsing,0
2017-08-05 17:09:47.286328,2017-08-05 17:10:41.281363,0:00:53.995035,browsing,0
2017-08-05 17:10:41.287068,2017-08-05 17:12:32.084455,0:01:50.797387,browsing,0
2017-08-05 17:12:32.092092,2017-08-05 17:13:43.061349,0:01:10.969257,browsing,0
2017-08-05 17:13:43.069265,2017-08-05 17:15:22.330913,0:01:39.261648,browsing,0
2017-08-05 17:15:22.339737,2017-08-05 17:15:25.344695,0:00:03.004958,mailing,-1
2017-08-05 17:15:25.350989,2017-08-05 17:18:32.723536,0:03:07.372547,browsing,0
2017-08-05 17:18:32.729781,2017-08-05 17:25:43.081810,0:07:10.352029,private,0
2017-08-05 17:25:43.092585,2017-08-05 17:25:58.150912,0:00:15.058327,printing,0
2017-08-05 17:25:58.158392,2017-08-05 17:32:12.329392,0:06:14.171000,private,0
2017-08-05 17:32:12.335850,2017-08-05 17:33:31.513768,0:01:19.177918,browsing,0
2017-08-05 17:33:31.520156,2017-08-05 17:34:55.805031,0:01:24.284875,private,0
2017-08-05 17:34:55.811068,2017-08-05 17:35:35.834933,0:00:40.023865,browsing,0
2017-08-05 17:35:35.843928,2017-08-05 18:45:08.947315,1:09:33.103387,meeting,0
2017-08-05 18:45:08.956862,2017-08-05 20:21:03.060671,1:35:54.103809,meeting,0
2017-08-07 09:05:12.800690,2017-08-07 09:05:15.802593,0:00:03.001903,mailing,-1
2017-08-07 09:05:15.807308,2017-08-07 09:14:53.828615,0:09:38.021307,copyFiles,0
2017-08-07 09:14:53.834881,2017-08-07 09:15:19.005438,0:00:25.170557,printing,0
2017-08-07 09:15:19.012192,2017-08-07 09:16:13.500684,0:00:54.488492,private,0
2017-08-07 09:16:13.506908,2017-08-07 09:17:43.629801,0:01:30.122893,browsing,0
2017-08-07 09:17:43.636041,2017-08-07 09:17:46.638660,0:00:03.002619,mailing,-1
2017-08-07 09:17:46.644134,2017-08-07 09:17:52.129036,0:00:05.484902,browsing,0
2017-08-07 09:17:52.136925,2017-08-07 09:21:44.238752,0:03:52.101827,breaks,0
2017-08-07 09:21:44.244835,2017-08-07 09:23:49.791806,0:02:05.546971,browsing,0
2017-08-07 09:23:49.798650,2017-08-07 09:26:13.900720,0:02:24.102070,breaks,0
2017-08-07 09:26:13.909606,2017-08-07 09:43:27.011288,0:17:13.101682,offline,0
2017-08-07 09:43:27.018962,2017-08-07 09:43:32.952142,0:00:05.933180,browsing,0
2017-08-07 09:43:32.958848,2017-08-07 09:46:37.764364,0:03:04.805516,private,0
2017-08-07 09:46:37.770628,2017-08-07 10:37:45.872492,0:51:08.101864,meeting,0
2017-08-07 10:37:45.880452,2017-08-07 10:37:59.535590,0:00:13.655138,browsing,0
2017-08-07 10:37:59.541072,2017-08-07 10:45:13.094645,0:07:13.553573,copyFiles,0
2017-08-07 10:45:13.101286,2017-08-07 10:45:48.623520,0:00:35.522234,browsing,0
2017-08-07 10:45:48.639420,2017-08-07 10:46:48.327729,0:00:59.688309,browsing,0
2017-08-07 10:46:48.334141,2017-08-07 10:47:41.249964,0:00:52.915823,browsing,0
2017-08-07 10:47:41.256029,2017-08-07 10:51:35.358229,0:03:54.102200,breaks,0
2017-08-07 10:51:35.365885,2017-08-07 10:56:21.468333,0:04:46.102448,breaks,0
2017-08-07 10:56:21.481484,2017-08-07 10:58:58.754019,0:02:37.272535,browsing,0
2017-08-07 10:58:58.772313,2017-08-07 11:02:07.875093,0:03:09.102780,offline,0
2017-08-07 11:02:07.884484,2017-08-07 11:02:22.935259,0:00:15.050775,printing,0
2017-08-07 11:02:22.941885,2017-08-07 11:07:11.989600,0:04:49.047715,breaks,0
2017-08-07 11:07:11.997745,2017-08-07 11:09:35.100104,0:02:23.102359,breaks,0
2017-08-07 11:09:35.107034,2017-08-07 11:09:41.239962,0:00:06.132928,browsing,0
2017-08-07 11:09:41.247077,2017-08-07 11:19:41.253782,0:10:00.006705,browsing,-1
2017-08-07 11:19:41.258552,2017-08-07 11:20:16.362978,0:00:35.104426,printing,0
2017-08-07 11:20:16.374566,2017-08-07 11:22:04.180883,0:01:47.806317,browsing,0
2017-08-07 11:22:04.188169,2017-08-07 11:22:42.369569,0:00:38.181400,browsing,0
2017-08-07 11:22:42.375692,2017-08-07 11:40:35.475885,0:17:53.100193,offline,0
2017-08-07 11:40:35.483334,2017-08-07 11:45:59.927756,0:05:24.444422,browsing,0
2017-08-07 11:45:59.934457,2017-08-07 11:50:27.599175,0:04:27.664718,browsing,0
2017-08-07 11:50:27.606043,2017-08-07 12:18:09.638687,0:27:42.032644,offline,0
2017-08-07 12:18:09.647243,2017-08-07 12:19:14.691118,0:01:05.043875,breaks,0
2017-08-07 12:19:14.698164,2017-08-07 12:22:56.784210,0:03:42.086046,browsing,0
2017-08-07 12:22:56.792675,2017-08-07 12:24:00.166841,0:01:03.374166,browsing,0
2017-08-07 12:24:00.172537,2017-08-07 12:24:06.205592,0:00:06.033055,browsing,0
2017-08-07 12:24:06.211868,2017-08-07 12:24:50.566128,0:00:44.354260,browsing,0
2017-08-07 12:24:50.572639,2017-08-07 12:30:54.311791,0:06:03.739152,browsing,0
2017-08-07 12:30:54.319831,2017-08-07 12:38:51.205360,0:07:56.885529,copyFiles,0
2017-08-07 12:38:51.212146,2017-08-07 12:39:18.716820,0:00:27.504674,browsing,0
2017-08-07 12:39:18.723191,2017-08-07 13:09:06.824976,0:29:48.101785,breaks,0
2017-08-07 13:09:06.832345,2017-08-07 13:10:12.444683,0:01:05.612338,browsing,0
2017-08-07 13:10:12.474484,2017-08-07 13:11:31.776082,0:01:19.301598,browsing,0
2017-08-07 13:11:31.781644,2017-08-07 13:15:45.024294,0:04:13.242650,browsing,0
2017-08-07 13:15:45.031658,2017-08-07 13:42:39.110912,0:26:54.079254,offline,0
2017-08-07 13:42:39.122978,2017-08-07 13:45:32.848511,0:02:53.725533,copyFiles,0
2017-08-07 13:45:32.853540,2017-08-07 13:46:06.566936,0:00:33.713396,browsing,0
2017-08-07 13:46:06.573383,2017-08-07 13:48:04.587914,0:01:58.014531,breaks,0
2017-08-07 13:48:04.595313,2017-08-07 13:50:47.991778,0:02:43.396465,browsing,0
2017-08-07 13:50:47.997321,2017-08-07 15:19:31.099016,1:28:43.101695,meeting,0
2017-08-07 15:19:31.514596,2017-08-07 15:20:13.880294,0:00:42.365698,browsing,0
2017-08-07 15:20:14.195238,2017-08-07 15:23:48.548372,0:03:34.353134,private,0
2017-08-07 15:23:48.555505,2017-08-07 15:32:03.700002,0:08:15.144497,browsing,0
2017-08-07 15:32:03.707508,2017-08-07 15:32:06.709517,0:00:03.002009,mailing,-1
2017-08-07 15:32:06.715187,2017-08-07 15:32:21.751555,0:00:15.036368,printing,0
2017-08-07 15:32:21.757572,2017-08-07 15:34:09.957866,0:01:48.200294,copyFiles,0
2017-08-07 15:34:09.964008,2017-08-07 15:34:23.777939,0:00:13.813931,browsing,0
2017-08-07 15:34:23.784159,2017-08-07 15:42:42.886308,0:08:19.102149,offline,0
2017-08-07 15:42:42.893558,2017-08-07 15:49:34.462392,0:06:51.568834,browsing,0
2017-08-07 15:49:34.469700,2017-08-07 15:49:37.470709,0:00:03.001009,mailing,-1
2017-08-07 15:49:37.476208,2017-08-07 15:50:12.590884,0:00:35.114676,printing,0
2017-08-07 15:50:12.597767,2017-08-07 15:50:38.546932,0:00:25.949165,browsing,0
2017-08-07 15:50:38.552766,2017-08-07 16:14:26.588200,0:23:48.035434,offline,0
2017-08-07 16:14:26.596273,2017-08-07 16:14:32.779075,0:00:06.182802,browsing,0
2017-08-07 16:14:32.784047,2017-08-07 16:15:55.591131,0:01:22.807084,copyFiles,0
2017-08-07 16:15:55.597564,2017-08-07 16:16:37.004560,0:00:41.406996,browsing,0
2017-08-07 16:16:37.013207,2017-08-07 16:16:52.054579,0:00:15.041372,printing,0
2017-08-07 16:16:52.060998,2017-08-07 16:50:40.162567,0:33:48.101569,offline,0
2017-08-07 16:50:40.169582,2017-08-07 16:50:46.602654,0:00:06.433072,browsing,0
2017-08-07 16:50:46.608792,2017-08-07 16:51:33.635624,0:00:47.026832,browsing,0
2017-08-07 16:51:33.643187,2017-08-07 16:53:01.733354,0:01:28.090167,breaks,0
2017-08-07 16:53:01.740333,2017-08-07 16:54:46.762193,0:01:45.021860,copyFiles,0
2017-08-07 16:54:46.768338,2017-08-07 18:29:05.851825,1:34:19.083487,meeting,0
2017-08-07 18:29:05.859424,2017-08-07 18:30:16.312649,0:01:10.453225,private,0
2017-08-07 18:30:16.320273,2017-08-07 18:31:29.710389,0:01:13.390116,private,0
2017-08-07 18:31:29.716878,2017-08-07 18:33:44.781254,0:02:15.064376,browsing,0
2017-08-07 18:33:44.787525,2017-08-07 18:51:21.847956,0:17:37.060431,offline,0
2017-08-07 18:51:21.854935,2017-08-07 18:54:52.431591,0:03:30.576656,browsing,0
2017-08-07 18:54:52.438791,2017-08-07 18:55:51.433190,0:00:58.994399,browsing,0
2017-08-07 18:55:51.439596,2017-08-07 19:03:27.502830,0:07:36.063234,offline,0
2017-08-07 19:03:27.510606,2017-08-07 19:04:09.902271,0:00:42.391665,browsing,0
2017-08-07 19:04:09.908429,2017-08-07 19:06:36.299214,0:02:26.390785,private,0
2017-08-07 19:06:36.306477,2017-08-07 19:07:01.382220,0:00:25.075743,printing,0
2017-08-07 19:07:01.388603,2017-08-07 19:09:34.138834,0:02:32.750231,browsing,0
2017-08-07 19:09:34.145632,2017-08-07 19:15:01.796626,0:05:27.650994,browsing,0
2017-08-07 19:15:01.802950,2017-08-07 19:21:31.825254,0:06:30.022304,browsing,0
2017-08-07 19:21:31.831447,2017-08-07 19:22:27.573619,0:00:55.742172,browsing,0
2017-08-07 19:22:27.580190,2017-08-07 19:24:24.371437,0:01:56.791247,browsing,0
2017-08-07 19:24:24.377957,2017-08-07 19:29:36.457398,0:05:12.079441,browsing,0
2017-08-07 19:29:36.463918,2017-08-07 19:32:56.469248,0:03:20.005330,private,0
2017-08-07 19:32:56.475498,2017-08-07 19:33:41.926700,0:00:45.451202,printing,0
2017-08-07 19:33:41.937170,2017-08-07 19:34:31.817006,0:00:49.879836,copyFiles,0
2017-08-07 19:34:31.823186,2017-08-07 19:35:11.552470,0:00:39.729284,browsing,0
2017-08-07 19:35:11.559033,2017-08-07 19:36:37.217565,0:01:25.658532,browsing,0
2017-08-07 19:36:37.226579,2017-08-07 19:43:20.089770,0:06:42.863191,copyFiles,0
2017-08-07 19:43:20.095700,2017-08-07 19:48:24.536779,0:05:04.441079,browsing,0
2017-08-07 19:48:24.543534,2017-08-07 19:52:44.867464,0:04:20.323930,browsing,0
2017-08-07 19:52:44.873992,2017-08-07 19:52:47.876118,0:00:03.002126,mailing,-1
2017-08-07 19:52:47.881516,2017-08-07 20:17:10.952875,0:24:23.071359,offline,0
2017-08-08 09:03:47.698438,2017-08-08 09:05:16.569805,0:01:28.871367,browsing,0
2017-08-08 09:05:16.575845,2017-08-08 09:51:11.677278,0:45:55.101433,offline,0
2017-08-08 09:51:11.684620,2017-08-08 09:51:25.060594,0:00:13.375974,browsing,0
2017-08-08 09:51:25.067102,2017-08-08 11:27:12.168791,1:35:47.101689,meeting,0
2017-08-08 11:27:12.176317,2017-08-08 11:29:09.755081,0:01:57.578764,browsing,0
2017-08-08 11:29:09.762853,2017-08-08 11:31:09.082588,0:01:59.319735,browsing,0
2017-08-08 11:31:09.089560,2017-08-08 11:31:15.170858,0:00:06.081298,browsing,0
2017-08-08 11:31:15.177905,2017-08-08 11:31:55.476604,0:00:40.298699,browsing,0
2017-08-08 11:31:55.483336,2017-08-08 11:33:43.286738,0:01:47.803402,browsing,0
2017-08-08 11:33:43.293917,2017-08-08 11:38:15.813951,0:04:32.520034,browsing,0
2017-08-08 11:38:15.820650,2017-08-08 11:41:34.517095,0:03:18.696445,browsing,0
2017-08-08 11:41:34.524258,2017-08-08 11:52:33.625850,0:10:59.101592,offline,0
2017-08-08 11:52:33.634047,2017-08-08 12:23:11.735590,0:30:38.101543,offline,0
2017-08-08 12:23:11.742779,2017-08-08 12:23:14.744341,0:00:03.001562,mailing,-1
2017-08-08 12:23:14.750019,2017-08-08 12:24:16.730352,0:01:01.980333,browsing,0
2017-08-08 12:24:16.737585,2017-08-08 12:24:41.879429,0:00:25.141844,printing,0
2017-08-08 12:24:41.885248,2017-08-08 12:25:18.912587,0:00:37.027339,private,0
2017-08-08 12:25:18.921485,2017-08-08 12:28:01.573390,0:02:42.651905,browsing,0
2017-08-08 12:28:01.578834,2017-08-08 12:40:13.680822,0:12:12.101988,meeting,0
2017-08-08 12:40:13.688885,2017-08-08 12:40:16.691653,0:00:03.002768,mailing,-1
2017-08-08 12:40:16.697133,2017-08-08 12:40:42.002055,0:00:25.304922,copyFiles,0
2017-08-08 12:40:42.008858,2017-08-08 12:40:48.557093,0:00:06.548235,browsing,0
2017-08-08 12:40:48.562609,2017-08-08 12:40:51.563413,0:00:03.000804,mailing,-1
2017-08-08 12:40:51.569022,2017-08-08 12:41:39.788861,0:00:48.219839,browsing,0
2017-08-08 12:41:39.796456,2017-08-08 13:05:39.898494,0:24:00.102038,breaks,0
2017-08-08 13:05:39.906412,2017-08-08 13:08:56.895651,0:03:16.989239,browsing,0
2017-08-08 13:08:56.902231,2017-08-08 13:09:59.193249,0:01:02.291018,private,0
2017-08-08 13:09:59.199743,2017-08-08 13:10:05.784270,0:00:06.584527,browsing,0
2017-08-08 13:10:05.790671,2017-08-08 13:10:52.971321,0:00:47.180650,browsing,0
2017-08-08 13:10:52.977872,2017-08-08 13:54:35.079874,0:43:42.102002,offline,0
2017-08-08 13:54:35.088366,2017-08-08 13:58:26.190193,0:03:51.101827,breaks,0
2017-08-08 13:58:26.197757,2017-08-08 14:08:26.204352,0:10:00.006595,browsing,-1
2017-08-08 14:08:26.210551,2017-08-08 14:32:51.223988,0:24:25.013437,offline,0
2017-08-08 14:32:51.231782,2017-08-08 14:33:16.323524,0:00:25.091742,printing,0
2017-08-08 14:33:16.330194,2017-08-08 14:33:31.459057,0:00:15.128863,printing,0
2017-08-08 14:33:31.465156,2017-08-08 14:38:09.959653,0:04:38.494497,copyFiles,0
2017-08-08 14:38:09.966518,2017-08-08 14:38:12.970803,0:00:03.004285,mailing,-1
2017-08-08 14:38:12.976644,2017-08-08 14:38:57.118055,0:00:44.141411,browsing,0
2017-08-08 14:38:57.125087,2017-08-08 14:42:22.642640,0:03:25.517553,private,0
2017-08-08 14:42:22.649730,2017-08-08 14:45:18.656625,0:02:56.006895,breaks,0
2017-08-08 14:45:18.663876,2017-08-08 14:55:18.671254,0:10:00.007378,browsing,-1
2017-08-08 14:55:18.676094,2017-08-08 15:23:56.770944,0:28:38.094850,offline,0
2017-08-08 15:23:56.778971,2017-08-08 16:25:33.875276,1:01:37.096305,meeting,0
2017-08-08 16:25:33.882661,2017-08-08 16:27:26.170704,0:01:52.288043,browsing,0
2017-08-08 16:27:26.182537,2017-08-08 16:35:16.102125,0:07:49.919588,private,0
2017-08-08 16:35:16.108562,2017-08-08 16:36:51.740610,0:01:35.632048,browsing,0
2017-08-08 16:36:51.746928,2017-08-08 16:38:01.818418,0:01:10.071490,breaks,0
2017-08-08 16:38:01.823819,2017-08-08 16:44:29.626547,0:06:27.802728,browsing,0
2017-08-08 16:44:29.633981,2017-08-08 17:23:19.730957,0:38:50.096976,offline,0
2017-08-08 17:23:19.737829,2017-08-08 17:25:16.719144,0:01:56.981315,private,0
2017-08-08 17:25:16.726699,2017-08-08 17:35:16.733379,0:10:00.006680,browsing,-1
2017-08-08 17:35:16.739632,2017-08-08 17:45:16.746721,0:10:00.007089,browsing,-1
2017-08-08 17:45:16.765285,2017-08-08 17:55:16.791986,0:10:00.026701,browsing,-1
2017-08-08 17:55:16.802977,2017-08-08 17:57:48.906364,0:02:32.103387,browsing,0
2017-08-08 17:57:48.912503,2017-08-08 17:58:28.899776,0:00:39.987273,ssh,0
2017-08-08 17:58:28.906306,2017-08-08 17:58:43.947740,0:00:15.041434,printing,0
2017-08-08 17:58:43.954144,2017-08-08 18:02:09.286180,0:03:25.332036,private,0
2017-08-08 18:02:09.292486,2017-08-08 18:04:47.394036,0:02:38.101550,breaks,0
2017-08-08 18:04:47.400836,2017-08-08 18:05:39.123814,0:00:51.722978,browsing,0
2017-08-08 18:05:39.130597,2017-08-08 18:12:28.371652,0:06:49.241055,browsing,0
2017-08-08 18:12:28.379235,2017-08-08 18:12:31.383656,0:00:03.004421,mailing,-1
2017-08-08 18:12:31.389487,2017-08-08 18:14:07.354930,0:01:35.965443,browsing,0
2017-08-08 18:14:07.363412,2017-08-08 18:18:26.573683,0:04:19.210271,browsing,0
2017-08-08 18:18:26.581042,2017-08-08 18:23:11.681267,0:04:45.100225,breaks,0
2017-08-08 18:23:11.690589,2017-08-08 18:26:17.790592,0:03:06.100003,browsing,0
2017-08-08 18:26:17.799080,2017-08-08 18:26:35.593840,0:00:17.794760,browsing,0
2017-08-08 18:26:35.599574,2017-08-08 20:23:46.698505,1:57:11.098931,meeting,0
2017-08-10 09:00:23.205167,2017-08-10 09:01:19.943836,0:00:56.738669,browsing,0
2017-08-10 09:01:19.948198,2017-08-10 09:05:17.010855,0:03:57.062657,browsing,0
2017-08-10 09:05:17.017535,2017-08-10 09:09:39.120117,0:04:22.102582,breaks,0
2017-08-10 09:09:39.131416,2017-08-10 09:12:46.836903,0:03:07.705487,browsing,0
2017-08-10 09:12:46.843384,2017-08-10 09:22:26.667493,0:09:39.824109,copyFiles,0
2017-08-10 09:22:26.674263,2017-08-10 09:23:27.054759,0:01:00.380496,mailing,0
2017-08-10 09:23:27.060039,2017-08-10 09:24:04.396151,0:00:37.336112,browsing,0
2017-08-10 09:24:04.402232,2017-08-10 10:05:14.503807,0:41:10.101575,offline,0
2017-08-10 10:05:14.511947,2017-08-10 10:09:53.594984,0:04:39.083037,browsing,0
2017-08-10 10:09:53.601555,2017-08-10 10:11:01.160612,0:01:07.559057,private,0
2017-08-10 10:11:01.166387,2017-08-10 10:16:05.981911,0:05:04.815524,copyFiles,0
2017-08-10 10:16:05.988252,2017-08-10 10:17:06.409332,0:01:00.421080,mailing,0
2017-08-10 10:17:06.415299,2017-08-10 10:18:33.542035,0:01:27.126736,copyFiles,0
2017-08-10 10:18:33.548045,2017-08-10 10:19:50.668653,0:01:17.120608,browsing,0
2017-08-10 10:19:50.675000,2017-08-10 10:24:28.779744,0:04:38.104744,copyFiles,0
2017-08-10 10:24:28.786715,2017-08-10 10:25:39.811064,0:01:11.024349,mailing,0
2017-08-10 10:25:39.817935,2017-08-10 10:26:37.218803,0:00:57.400868,browsing,0
2017-08-10 10:26:37.225085,2017-08-10 10:35:07.547297,0:08:30.322212,browsing,0
2017-08-10 10:35:07.553992,2017-08-10 10:35:58.032228,0:00:50.478236,mailing,0
2017-08-10 10:35:58.037356,2017-08-10 10:38:16.326220,0:02:18.288864,ssh,0
2017-08-10 10:38:16.332441,2017-08-10 10:39:43.034555,0:01:26.702114,private,0
2017-08-10 10:39:43.041101,2017-08-10 10:49:43.053735,0:10:00.012634,browsing,-1
2017-08-10 10:49:43.059864,2017-08-10 10:53:14.616823,0:03:31.556959,browsing,0
2017-08-10 10:53:14.623393,2017-08-10 10:57:58.725522,0:04:44.102129,breaks,0
2017-08-10 10:57:58.731784,2017-08-10 11:15:18.715475,0:17:19.983691,offline,0
2017-08-10 11:15:27.488252,2017-08-10 11:24:28.692859,0:09:01.204607,copyFiles,0
2017-08-10 11:24:28.697935,2017-08-10 11:26:27.233965,0:01:58.536030,browsing,0
2017-08-10 11:26:27.239713,2017-08-10 11:27:24.047609,0:00:56.807896,browsing,0
2017-08-10 11:27:24.054647,2017-08-10 11:28:22.559589,0:00:58.504942,browsing,0
2017-08-10 11:28:22.566369,2017-08-10 11:31:02.052479,0:02:39.486110,browsing,0
2017-08-10 11:31:02.058537,2017-08-10 11:31:37.689637,0:00:35.631100,printing,0
2017-08-10 11:31:37.695661,2017-08-10 11:34:27.324088,0:02:49.628427,browsing,0
2017-08-10 11:34:27.355090,2017-08-10 11:43:00.352774,0:08:32.997684,copyFiles,0
2017-08-10 11:43:00.375505,2017-08-10 11:43:38.354396,0:00:37.978891,browsing,0
2017-08-10 11:43:38.360812,2017-08-10 11:44:49.070261,0:01:10.709449,mailing,0
2017-08-10 11:44:49.075713,2017-08-10 11:45:34.215244,0:00:45.139531,printing,0
2017-08-10 11:45:34.221899,2017-08-10 11:46:55.611558,0:01:21.389659,browsing,0
2017-08-10 11:46:55.619320,2017-08-10 11:48:32.909690,0:01:37.290370,browsing,0
2017-08-10 11:48:32.916284,2017-08-10 11:49:17.313327,0:00:44.397043,browsing,0
2017-08-10 11:49:17.320111,2017-08-10 11:51:53.753610,0:02:36.433499,browsing,0
2017-08-10 11:51:53.760892,2017-08-10 11:52:44.555641,0:00:50.794749,mailing,0
2017-08-10 11:52:44.573907,2017-08-10 12:01:00.516730,0:08:15.942823,private,0
2017-08-10 12:01:00.523882,2017-08-10 12:02:50.070420,0:01:49.546538,browsing,0
2017-08-10 12:02:50.079881,2017-08-10 12:05:00.486047,0:02:10.406166,browsing,0
2017-08-10 12:05:00.494142,2017-08-10 12:08:40.919196,0:03:40.425054,browsing,0
2017-08-10 12:08:40.925744,2017-08-10 12:09:21.728437,0:00:40.802693,browsing,0
2017-08-10 12:09:21.734948,2017-08-10 12:13:12.411014,0:03:50.676066,browsing,0
2017-08-10 12:13:12.433095,2017-08-10 12:18:31.561833,0:05:19.128738,browsing,0
2017-08-10 12:18:31.567724,2017-08-10 12:21:57.637036,0:03:26.069312,copyFiles,0
2017-08-10 12:21:57.642152,2017-08-10 12:23:10.518991,0:01:12.876839,browsing,0
2017-08-10 12:23:10.525327,2017-08-10 12:23:58.428396,0:00:47.903069,browsing,0
2017-08-10 12:23:58.437572,2017-08-10 12:24:48.875593,0:00:50.438021,mailing,0
2017-08-10 12:24:48.910010,2017-08-10 12:25:51.299592,0:01:02.389582,browsing,0
2017-08-10 12:25:51.305468,2017-08-10 12:43:32.407301,0:17:41.101833,offline,0
2017-08-10 12:43:32.414944,2017-08-10 12:53:32.476416,0:10:00.061472,browsing,-1
2017-08-10 12:53:32.481616,2017-08-10 14:39:51.494847,1:46:19.013231,meeting,0
2017-08-10 14:39:51.500863,2017-08-10 14:41:10.813003,0:01:19.312140,browsing,0
2017-08-10 14:41:10.820636,2017-08-10 14:41:45.929868,0:00:35.109232,printing,0
2017-08-10 14:41:45.935377,2017-08-10 14:42:04.950545,0:00:19.015168,browsing,0
2017-08-10 14:42:04.956177,2017-08-10 14:43:02.451927,0:00:57.495750,browsing,0
2017-08-10 14:43:02.459568,2017-08-10 14:44:06.450882,0:01:03.991314,browsing,0
2017-08-10 14:44:06.456761,2017-08-10 14:45:41.063220,0:01:34.606459,browsing,0
2017-08-10 14:45:41.069815,2017-08-10 14:48:59.078647,0:03:18.008832,breaks,0
2017-08-10 14:48:59.087392,2017-08-10 14:49:39.108146,0:00:40.020754,browsing,0
2017-08-10 14:49:39.114584,2017-08-10 14:50:09.515875,0:00:30.401291,browsing,0
2017-08-10 14:50:09.522113,2017-08-10 14:52:40.315088,0:02:30.792975,browsing,0
2017-08-10 14:52:40.322189,2017-08-10 14:53:34.336366,0:00:54.014177,browsing,0
2017-08-10 14:53:34.343944,2017-08-10 14:58:22.445425,0:04:48.101481,breaks,0
2017-08-10 14:58:22.452381,2017-08-10 15:00:54.667609,0:02:32.215228,browsing,0
2017-08-10 15:00:54.673181,2017-08-10 15:02:19.487785,0:01:24.814604,browsing,0
2017-08-10 15:02:19.493635,2017-08-10 15:06:35.231243,0:04:15.737608,copyFiles,0
2017-08-10 15:06:35.240328,2017-08-10 15:06:44.635653,0:00:09.395325,browsing,0
2017-08-10 15:06:44.641449,2017-08-10 15:13:57.933152,0:07:13.291703,browsing,0
2017-08-10 15:13:57.939930,2017-08-10 17:02:31.944841,1:48:34.004911,meeting,0
2017-08-10 17:02:31.952392,2017-08-10 17:03:09.583414,0:00:37.631022,browsing,0
2017-08-10 17:03:09.590638,2017-08-10 17:05:29.304364,0:02:19.713726,browsing,0
2017-08-10 17:05:29.310702,2017-08-10 17:10:57.547410,0:05:28.236708,browsing,0
2017-08-10 17:10:57.553993,2017-08-10 17:15:41.561533,0:04:44.007540,breaks,0
2017-08-10 17:15:41.572409,2017-08-10 17:20:18.577990,0:04:37.005581,breaks,0
2017-08-10 17:20:18.586208,2017-08-10 17:21:23.185238,0:01:04.599030,browsing,0
2017-08-10 17:21:23.191585,2017-08-10 17:22:32.253610,0:01:09.062025,browsing,0
2017-08-10 17:22:32.262124,2017-08-10 17:23:32.789121,0:01:00.526997,mailing,0
2017-08-10 17:23:32.795088,2017-08-10 17:24:27.260354,0:00:54.465266,private,0
2017-08-10 17:24:27.266545,2017-08-10 17:25:44.457873,0:01:17.191328,browsing,0
2017-08-10 17:25:44.463963,2017-08-10 17:42:04.230840,0:16:19.766877,copyFiles,0
2017-08-10 17:42:04.236939,2017-08-10 18:25:47.244981,0:43:43.008042,offline,0
2017-08-10 18:25:47.252846,2017-08-10 18:33:08.078299,0:07:20.825453,browsing,0
2017-08-10 18:33:08.085957,2017-08-10 18:34:06.872020,0:00:58.786063,browsing,0
2017-08-10 18:34:06.878491,2017-08-10 18:34:21.913184,0:00:15.034693,printing,0
2017-08-10 18:34:21.919966,2017-08-10 18:36:18.788552,0:01:56.868586,browsing,0
2017-08-10 18:36:18.795017,2017-08-10 18:36:33.829879,0:00:15.034862,printing,0
2017-08-10 18:36:33.836295,2017-08-10 18:39:12.561666,0:02:38.725371,browsing,0
2017-08-10 18:39:12.568032,2017-08-10 18:39:55.712952,0:00:43.144920,private,0
2017-08-10 18:39:55.720291,2017-08-10 18:41:01.730407,0:01:06.010116,browsing,0
2017-08-10 18:41:01.736733,2017-08-10 18:43:27.640891,0:02:25.904158,private,0
2017-08-10 18:43:27.647360,2017-08-10 18:45:09.564759,0:01:41.917399,copyFiles,0
2017-08-10 18:45:09.571014,2017-08-10 18:46:30.277249,0:01:20.706235,mailing,0
2017-08-10 18:46:30.282477,2017-08-10 19:16:37.294117,0:30:07.011640,offline,0
2017-08-10 19:16:37.303571,2017-08-10 19:18:03.463640,0:01:26.160069,browsing,0
2017-08-10 19:18:03.470865,2017-08-10 19:18:53.806550,0:00:50.335685,mailing,0
2017-08-10 19:18:53.812064,2017-08-10 19:20:01.025809,0:01:07.213745,browsing,0
2017-08-10 19:20:01.031402,2017-08-10 19:23:04.676317,0:03:03.644915,browsing,0
2017-08-10 19:23:04.682705,2017-08-10 19:25:18.252954,0:02:13.570249,browsing,0
2017-08-10 19:25:18.259703,2017-08-10 19:26:39.265886,0:01:21.006183,mailing,0
2017-08-10 19:26:39.277952,2017-08-10 19:29:38.082721,0:02:58.804769,browsing,0
2017-08-10 19:29:38.089403,2017-08-10 19:33:02.183011,0:03:24.093608,browsing,0
2017-08-10 19:33:02.190287,2017-08-10 19:34:56.227553,0:01:54.037266,browsing,0
2017-08-10 19:34:56.237106,2017-08-10 19:38:54.337458,0:03:58.100352,browsing,0
2017-08-10 19:38:54.344111,2017-08-10 20:59:54.444816,1:21:00.100705,meeting,0
2017-08-11 09:05:31.101567,2017-08-11 09:15:31.106889,0:10:00.005322,browsing,-1
2017-08-11 09:15:31.111805,2017-08-11 09:19:15.292023,0:03:44.180218,browsing,0
2017-08-11 09:19:15.297617,2017-08-11 09:20:49.356368,0:01:34.058751,private,0
2017-08-11 09:20:49.362535,2017-08-11 09:21:03.613041,0:00:14.250506,browsing,0
2017-08-11 09:21:03.619037,2017-08-11 09:22:11.824376,0:01:08.205339,browsing,0
2017-08-11 09:22:11.832119,2017-08-11 09:23:40.295730,0:01:28.463611,private,0
2017-08-11 09:23:40.301182,2017-08-11 09:25:06.967070,0:01:26.665888,private,0
2017-08-11 09:25:06.972733,2017-08-11 10:03:37.977791,0:38:31.005058,meeting,0
2017-08-11 10:03:37.984629,2017-08-11 10:08:39.539422,0:05:01.554793,browsing,0
2017-08-11 10:08:39.545618,2017-08-11 10:12:14.816481,0:03:35.270863,browsing,0
2017-08-11 10:12:14.822335,2017-08-11 10:14:37.145250,0:02:22.322915,browsing,0
2017-08-11 10:14:37.151086,2017-08-11 10:18:16.303174,0:03:39.152088,browsing,0
2017-08-11 10:18:16.309601,2017-08-11 10:23:12.910980,0:04:56.601379,browsing,0
2017-08-11 10:23:12.921066,2017-08-11 10:33:12.925801,0:10:00.004735,private,-1
2017-08-11 10:33:12.931664,2017-08-11 10:36:38.821581,0:03:25.889917,browsing,0
2017-08-11 10:36:38.828227,2017-08-11 10:40:47.279569,0:04:08.451342,browsing,0
2017-08-11 10:40:47.285987,2017-08-11 10:50:47.290724,0:10:00.004737,browsing,-1
2017-08-11 10:50:47.296202,2017-08-11 10:55:30.533351,0:04:43.237149,copyFiles,0
2017-08-11 10:55:30.537701,2017-08-11 11:00:18.697543,0:04:48.159842,browsing,0
2017-08-11 11:00:18.702907,2017-08-11 11:10:23.356802,0:10:04.653895,browsing,-1
2017-08-11 11:10:23.385619,2017-08-11 11:20:42.450078,0:10:19.064459,browsing,-1
2017-08-11 11:20:42.777165,2017-08-11 11:30:56.861490,0:10:14.084325,browsing,-1
2017-08-11 11:30:58.788388,2017-08-11 11:41:24.416559,0:10:25.628171,browsing,-1
2017-08-11 11:41:47.972608,2017-08-11 12:29:46.606718,0:47:58.634110,offline,0
2017-08-11 12:29:54.875646,2017-08-11 12:43:30.885776,0:13:36.010130,mailing,-1
2017-08-11 12:43:47.178939,2017-08-11 12:54:20.344448,0:10:33.165509,browsing,-1
2017-08-11 12:54:22.926180,2017-08-11 13:04:56.764140,0:10:33.837960,browsing,-1
2017-08-11 13:05:17.566859,2017-08-11 13:06:44.415598,0:01:26.848739,breaks,0
2017-08-11 13:06:49.289667,2017-08-11 13:17:15.328349,0:10:26.038682,private,-1
2017-08-11 13:18:08.697614,2017-08-11 13:30:26.306768,0:12:17.609154,copyFiles,0
2017-08-11 13:30:57.551644,2017-08-11 14:14:51.973783,0:43:54.422139,offline,0
2017-08-11 14:15:21.232547,2017-08-11 14:26:52.332137,0:11:31.099590,browsing,-1
2017-08-11 14:27:51.002321,2017-08-11 14:40:23.551304,0:12:32.548983,browsing,-1
2017-08-11 14:40:57.802966,2017-08-11 14:52:08.273913,0:11:10.470947,browsing,-1
2017-08-11 14:52:39.477021,2017-08-11 14:57:02.312189,0:04:22.835168,ssh,-1
2017-08-11 14:57:18.283457,2017-08-11 15:09:28.266806,0:12:09.983349,browsing,-1
2017-08-11 15:09:55.528035,2017-08-11 15:22:36.188992,0:12:40.660957,meeting,0
2017-08-11 15:24:08.832943,2017-08-11 15:50:20.945722,0:26:12.112779,meeting,0
2017-08-11 15:51:05.000847,2017-08-11 16:02:11.911784,0:11:06.910937,browsing,-1
2017-08-11 16:02:55.107120,2017-08-11 17:55:10.264766,1:52:15.157646,meeting,0
2017-08-11 17:58:16.540440,2017-08-11 20:33:04.176926,2:34:47.636486,browsing,-1
2017-08-14 10:12:02.349384,2017-08-14 10:14:01.144002,0:01:58.794618,copyFiles,0
2017-08-14 10:14:01.147773,2017-08-14 10:14:51.679695,0:00:50.531922,mailing,0
2017-08-14 10:14:51.684425,2017-08-14 10:27:40.786345,0:12:49.101920,meeting,0
2017-08-14 10:27:40.793368,2017-08-14 10:33:53.316790,0:06:12.523422,browsing,0
2017-08-14 10:33:53.323411,2017-08-14 10:35:36.843339,0:01:43.519928,browsing,0
2017-08-14 10:35:36.848535,2017-08-14 10:36:27.332586,0:00:50.484051,mailing,0
2017-08-14 10:36:27.337628,2017-08-14 10:45:35.000898,0:09:07.663270,browsing,0
2017-08-14 10:45:35.006749,2017-08-14 10:49:17.068548,0:03:42.061799,breaks,0
2017-08-14 10:49:17.075852,2017-08-14 10:52:46.345385,0:03:29.269533,private,0
2017-08-14 10:52:46.350205,2017-08-14 10:53:48.530833,0:01:02.180628,browsing,0
2017-08-14 10:53:48.544154,2017-08-14 10:55:06.818657,0:01:18.274503,browsing,0
2017-08-14 10:55:06.823459,2017-08-14 10:57:58.946005,0:02:52.122546,browsing,0
2017-08-14 10:57:58.950686,2017-08-14 10:58:59.235084,0:01:00.284398,mailing,0
2017-08-14 10:58:59.240271,2017-08-14 11:03:08.558134,0:04:09.317863,private,0
2017-08-14 11:03:08.562621,2017-08-14 11:04:43.881282,0:01:35.318661,browsing,0
2017-08-14 11:04:43.886464,2017-08-14 11:06:14.041703,0:01:30.155239,browsing,0
2017-08-14 11:06:14.047621,2017-08-14 11:36:29.068626,0:30:15.021005,breaks,0
2017-08-14 11:36:29.075912,2017-08-14 11:54:53.178778,0:18:24.102866,offline,0
2017-08-14 11:54:53.185768,2017-08-14 11:59:41.287364,0:04:48.101596,breaks,0
2017-08-14 11:59:41.293457,2017-08-14 12:00:54.479249,0:01:13.185792,browsing,0
2017-08-14 12:00:54.484943,2017-08-14 12:02:25.260652,0:01:30.775709,browsing,0
2017-08-14 12:02:25.266177,2017-08-14 12:05:43.367308,0:03:18.101131,breaks,0
2017-08-14 12:05:43.374431,2017-08-14 12:08:23.476054,0:02:40.101623,breaks,0
2017-08-14 12:08:23.481376,2017-08-14 12:18:23.548539,0:10:00.067163,browsing,-1
2017-08-14 12:18:23.553852,2017-08-14 12:26:07.319631,0:07:43.765779,browsing,0
2017-08-14 12:26:07.325312,2017-08-14 12:34:16.948856,0:08:09.623544,copyFiles,0
2017-08-14 12:34:16.953733,2017-08-14 12:39:11.083605,0:04:54.129872,browsing,0
2017-08-14 12:39:11.089096,2017-08-14 12:43:39.800217,0:04:28.711121,private,0
2017-08-14 12:43:39.805811,2017-08-14 12:47:54.718626,0:04:14.912815,browsing,0
2017-08-14 12:47:54.723065,2017-08-14 12:48:41.248756,0:00:46.525691,printing,0
2017-08-14 12:48:41.254401,2017-08-14 12:51:12.062133,0:02:30.807732,browsing,0
2017-08-14 12:51:12.067728,2017-08-14 12:52:06.343709,0:00:54.275981,ssh,0
2017-08-14 12:52:06.350108,2017-08-14 12:54:24.450882,0:02:18.100774,breaks,0
2017-08-14 12:54:24.456527,2017-08-14 12:56:04.018158,0:01:39.561631,browsing,0
2017-08-14 12:56:04.023646,2017-08-14 13:06:05.136681,0:10:01.113035,private,-1
2017-08-14 13:06:05.207365,2017-08-14 13:08:57.322618,0:02:52.115253,browsing,0
2017-08-14 13:08:57.327146,2017-08-14 13:11:46.072416,0:02:48.745270,browsing,0
2017-08-14 13:11:46.077327,2017-08-14 13:14:21.093325,0:02:35.015998,breaks,0
2017-08-14 13:14:21.098163,2017-08-14 13:15:12.035615,0:00:50.937452,mailing,0
2017-08-14 13:15:12.039974,2017-08-14 13:20:40.507641,0:05:28.467667,browsing,0
2017-08-14 13:20:40.512271,2017-08-14 13:26:25.827051,0:05:45.314780,copyFiles,0
2017-08-14 13:26:25.831467,2017-08-14 13:28:32.788424,0:02:06.956957,mailing,0
2017-08-14 13:28:32.833186,2017-08-14 13:32:13.042480,0:03:40.209294,mailing,0
2017-08-14 13:32:13.047491,2017-08-14 13:35:39.733778,0:03:26.686287,private,0
2017-08-14 13:35:39.737782,2017-08-14 13:41:56.976564,0:06:17.238782,private,0
2017-08-14 13:41:56.981898,2017-08-14 13:48:58.536986,0:07:01.555088,copyFiles,0
2017-08-14 13:48:58.542676,2017-08-14 13:50:27.120614,0:01:28.577938,copyFiles,0
2017-08-14 13:50:27.126960,2017-08-14 13:51:29.353095,0:01:02.226135,mailing,0
2017-08-14 13:51:29.357705,2017-08-14 13:53:59.468443,0:02:30.110738,browsing,0
2017-08-14 13:53:59.473708,2017-08-14 14:03:26.624998,0:09:27.151290,private,0
2017-08-14 14:03:26.630522,2017-08-14 14:13:26.633259,0:10:00.002737,browsing,-1
2017-08-14 14:13:26.639769,2017-08-14 14:15:50.440889,0:02:23.801120,browsing,0
2017-08-14 14:15:50.446447,2017-08-14 14:18:52.881916,0:03:02.435469,browsing,0
2017-08-14 14:18:52.886922,2017-08-14 14:22:05.482917,0:03:12.595995,copyFiles,0
2017-08-14 14:22:05.487057,2017-08-14 14:22:20.516326,0:00:15.029269,printing,0
2017-08-14 14:22:20.521089,2017-08-14 14:41:14.615389,0:18:54.094300,offline,0
2017-08-14 14:41:14.619867,2017-08-14 14:42:42.566603,0:01:27.946736,browsing,0
2017-08-14 14:42:42.592057,2017-08-14 14:46:03.840710,0:03:21.248653,browsing,0
2017-08-14 14:46:03.849327,2017-08-14 14:50:31.804634,0:04:27.955307,browsing,0
2017-08-14 14:50:31.809236,2017-08-14 15:00:31.811899,0:10:00.002663,browsing,-1
2017-08-14 15:00:31.816547,2017-08-14 15:03:50.349336,0:03:18.532789,browsing,0
2017-08-14 15:03:50.353616,2017-08-14 15:04:47.441459,0:00:57.087843,copyFiles,0
2017-08-14 15:04:47.446104,2017-08-14 15:08:45.786700,0:03:58.340596,browsing,0
2017-08-14 15:08:45.791437,2017-08-14 15:13:33.888497,0:04:48.097060,breaks,0
2017-08-14 15:13:33.906722,2017-08-14 15:16:27.594973,0:02:53.688251,browsing,0
2017-08-14 15:16:27.601191,2017-08-14 15:17:29.873656,0:01:02.272465,mailing,0
2017-08-14 15:17:29.883163,2017-08-14 15:20:05.631844,0:02:35.748681,browsing,0
2017-08-14 15:20:05.641331,2017-08-14 16:38:21.740986,1:18:16.099655,meeting,0
2017-08-14 16:38:21.745633,2017-08-14 16:48:21.754541,0:10:00.008908,browsing,-1
2017-08-14 16:48:21.758911,2017-08-14 16:50:58.388119,0:02:36.629208,browsing,0
2017-08-14 16:50:58.392525,2017-08-14 16:55:43.453893,0:04:45.061368,private,0
2017-08-14 16:55:43.458669,2017-08-14 16:58:02.554363,0:02:19.095694,breaks,0
2017-08-14 16:58:02.560041,2017-08-14 18:38:29.660510,1:40:27.100469,meeting,0
2017-08-14 18:38:29.665455,2017-08-14 18:42:21.772716,0:03:52.107261,browsing,0
2017-08-14 18:42:21.777896,2017-08-14 18:47:20.862220,0:04:59.084324,browsing,0
2017-08-14 18:47:20.867347,2017-08-14 20:26:29.960073,1:39:09.092726,meeting,0
2017-08-15 09:02:59.331151,2017-08-15 09:29:34.432321,0:26:35.101170,meeting,0
2017-08-15 09:29:34.440817,2017-08-15 09:30:24.863392,0:00:50.422575,mailing,0
2017-08-15 09:30:24.869776,2017-08-15 11:01:03.972028,1:30:39.102252,meeting,0
2017-08-15 11:01:03.979681,2017-08-15 11:11:03.986246,0:10:00.006565,browsing,-1
2017-08-15 11:11:03.992628,2017-08-15 11:11:19.128521,0:00:15.135893,printing,0
2017-08-15 11:11:19.134745,2017-08-15 11:11:33.091231,0:00:13.956486,browsing,0
2017-08-15 11:11:33.101525,2017-08-15 11:12:43.124627,0:01:10.023102,ssh,0
2017-08-15 11:12:43.131468,2017-08-15 11:14:58.930864,0:02:15.799396,ssh,0
2017-08-15 11:14:58.937479,2017-08-15 11:19:11.036734,0:04:12.099255,copyFiles,0
2017-08-15 11:19:11.043095,2017-08-15 11:20:53.144277,0:01:42.101182,breaks,0
2017-08-15 11:20:53.153189,2017-08-15 11:25:11.315976,0:04:18.162787,copyFiles,0
2017-08-15 11:25:11.322874,2017-08-15 11:27:45.861084,0:02:34.538210,private,0
2017-08-15 11:27:45.867052,2017-08-15 11:32:35.043470,0:04:49.176418,browsing,0
2017-08-15 11:32:35.082918,2017-08-15 11:33:36.778859,0:01:01.695941,browsing,0
2017-08-15 11:33:36.785583,2017-08-15 11:34:37.480991,0:01:00.695408,copyFiles,0
2017-08-15 11:34:37.486797,2017-08-15 11:39:13.836473,0:04:36.349676,copyFiles,0
2017-08-15 11:39:13.842912,2017-08-15 11:42:27.211996,0:03:13.369084,browsing,0
2017-08-15 11:42:27.218917,2017-08-15 11:42:54.713519,0:00:27.494602,browsing,0
2017-08-15 11:42:54.719528,2017-08-15 11:44:37.642371,0:01:42.922843,private,0
2017-08-15 11:44:37.648214,2017-08-15 11:54:37.655128,0:10:00.006914,browsing,-1
2017-08-15 11:54:38.025976,2017-08-15 11:57:59.096897,0:03:21.070921,browsing,0
2017-08-15 11:57:59.102367,2017-08-15 11:59:36.899035,0:01:37.796668,browsing,0
2017-08-15 11:59:36.905546,2017-08-15 12:07:01.652672,0:07:24.747126,browsing,0
2017-08-15 12:07:01.658024,2017-08-15 12:08:19.338416,0:01:17.680392,browsing,0
2017-08-15 12:08:19.346642,2017-08-15 12:09:50.679532,0:01:31.332890,browsing,0
2017-08-15 12:09:50.685138,2017-08-15 12:11:30.887183,0:01:40.202045,browsing,0
2017-08-15 12:11:30.893928,2017-08-15 12:11:45.947779,0:00:15.053851,printing,0
2017-08-15 12:11:45.953059,2017-08-15 12:12:11.048309,0:00:25.095250,printing,0
2017-08-15 12:12:11.054537,2017-08-15 13:01:43.128933,0:49:32.074396,offline,0
2017-08-15 13:01:43.135394,2017-08-15 13:58:13.236602,0:56:30.101208,meeting,0
2017-08-15 13:58:13.243680,2017-08-15 14:03:48.395814,0:05:35.152134,copyFiles,0
2017-08-15 14:03:48.400040,2017-08-15 14:04:50.762774,0:01:02.362734,private,0
2017-08-15 14:04:50.769631,2017-08-15 14:05:21.462703,0:00:30.693072,copyFiles,0
2017-08-15 14:05:21.466761,2017-08-15 14:08:12.809822,0:02:51.343061,browsing,0
2017-08-15 14:08:12.816852,2017-08-15 14:09:18.081404,0:01:05.264552,printing,0
2017-08-15 14:09:18.090303,2017-08-15 14:09:43.166399,0:00:25.076096,printing,0
2017-08-15 14:09:43.184521,2017-08-15 14:11:12.489399,0:01:29.304878,browsing,0
2017-08-15 14:11:12.495003,2017-08-15 14:12:43.522928,0:01:31.027925,mailing,0
2017-08-15 14:12:43.527791,2017-08-15 14:14:37.146533,0:01:53.618742,copyFiles,0
2017-08-15 14:14:37.152895,2017-08-15 14:17:44.228614,0:03:07.075719,breaks,0
2017-08-15 14:17:44.234562,2017-08-15 14:19:02.075492,0:01:17.840930,browsing,0
2017-08-15 14:19:02.083083,2017-08-15 14:19:37.197849,0:00:35.114766,printing,0
2017-08-15 14:19:37.204908,2017-08-15 14:20:49.737161,0:01:12.532253,browsing,0
2017-08-15 14:20:49.744745,2017-08-15 15:47:35.845234,1:26:46.100489,meeting,0
2017-08-15 15:47:35.852225,2017-08-15 16:14:15.952604,0:26:40.100379,offline,0
2017-08-15 16:14:15.973570,2017-08-15 16:19:55.622807,0:05:39.649237,browsing,0
2017-08-15 16:19:55.627787,2017-08-15 17:51:34.644629,1:31:39.016842,meeting,0
2017-08-15 17:51:34.652061,2017-08-15 17:55:22.705373,0:03:48.053312,browsing,0
2017-08-15 17:55:22.724587,2017-08-15 17:59:43.102822,0:04:20.378235,browsing,0
2017-08-15 17:59:43.108013,2017-08-15 18:02:35.072058,0:02:51.964045,copyFiles,0
2017-08-15 18:02:35.078947,2017-08-15 18:03:17.666419,0:00:42.587472,browsing,0
2017-08-15 18:03:17.672012,2017-08-15 18:04:00.558613,0:00:42.886601,browsing,0
2017-08-15 18:04:00.564172,2017-08-15 18:12:18.067414,0:08:17.503242,browsing,0
2017-08-15 18:12:18.072752,2017-08-15 18:15:23.161405,0:03:05.088653,breaks,0
2017-08-15 18:15:23.168425,2017-08-15 18:48:46.193999,0:33:23.025574,meeting,0
2017-08-15 18:48:46.201197,2017-08-15 18:57:21.079861,0:08:34.878664,browsing,0
2017-08-15 18:57:21.084881,2017-08-15 18:58:34.406342,0:01:13.321461,browsing,0
2017-08-15 18:58:34.414185,2017-08-15 19:00:34.086688,0:01:59.672503,browsing,0
2017-08-15 19:00:34.093811,2017-08-15 19:33:21.144330,0:32:47.050519,offline,0
2017-08-15 19:33:21.151483,2017-08-15 19:34:11.470114,0:00:50.318631,mailing,0
2017-08-15 19:34:11.476744,2017-08-15 19:35:48.527818,0:01:37.051074,offline,0
2017-08-15 19:35:48.535246,2017-08-15 19:39:00.920518,0:03:12.385272,private,0
2017-08-15 19:39:00.925843,2017-08-15 19:39:16.079318,0:00:15.153475,printing,0
2017-08-15 19:39:16.084958,2017-08-15 19:40:50.094080,0:01:34.009122,breaks,0
2017-08-15 19:40:50.101017,2017-08-15 19:50:50.109158,0:10:00.008141,browsing,-1
2017-08-15 19:50:50.114682,2017-08-15 19:58:20.429222,0:07:30.314540,copyFiles,0
2017-08-15 19:58:20.435605,2017-08-15 19:59:58.582101,0:01:38.146496,copyFiles,0
2017-08-15 19:59:58.586768,2017-08-15 20:07:49.891395,0:07:51.304627,private,0
2017-08-16 09:00:52.952344,2017-08-16 09:02:30.997749,0:01:38.045405,browsing,0
2017-08-16 09:02:31.002349,2017-08-16 09:13:38.961502,0:11:07.959153,copyFiles,0
2017-08-16 09:13:38.979615,2017-08-16 09:16:47.515348,0:03:08.535733,browsing,0
2017-08-16 09:16:47.522096,2017-08-16 09:40:28.216272,0:23:40.694176,copyFiles,0
2017-08-16 09:40:28.243681,2017-08-16 09:50:28.253635,0:10:00.009954,browsing,-1
2017-08-16 09:50:28.259802,2017-08-16 09:53:22.342561,0:02:54.082759,offline,0
2017-08-16 09:53:22.349579,2017-08-16 10:57:35.450940,1:04:13.101361,meeting,0
2017-08-16 10:57:35.458327,2017-08-16 11:01:19.672381,0:03:44.214054,browsing,0
2017-08-16 11:01:19.680123,2017-08-16 11:03:39.293755,0:02:19.613632,browsing,0
2017-08-16 11:03:39.299580,2017-08-16 11:06:52.401536,0:03:13.101956,breaks,0
2017-08-16 11:06:52.412991,2017-08-16 11:08:39.741485,0:01:47.328494,copyFiles,0
2017-08-16 11:08:39.746973,2017-08-16 11:10:17.856629,0:01:38.109656,copyFiles,0
2017-08-16 11:10:17.862853,2017-08-16 11:12:30.501157,0:02:12.638304,browsing,0
2017-08-16 11:12:30.508598,2017-08-16 11:13:26.440778,0:00:55.932180,copyFiles,0
2017-08-16 11:13:26.447248,2017-08-16 11:16:26.674316,0:03:00.227068,browsing,0
2017-08-16 11:16:26.680173,2017-08-16 11:18:17.731230,0:01:51.051057,mailing,0
2017-08-16 11:18:17.738978,2017-08-16 11:19:54.664258,0:01:36.925280,browsing,0
2017-08-16 11:19:54.670462,2017-08-16 11:25:12.994508,0:05:18.324046,browsing,0
2017-08-16 11:25:13.024577,2017-08-16 11:37:05.058337,0:11:52.033760,offline,0
2017-08-16 11:37:05.065778,2017-08-16 11:37:55.324943,0:00:50.259165,mailing,0
2017-08-16 11:37:55.333086,2017-08-16 11:39:03.157562,0:01:07.824476,browsing,0
2017-08-16 11:39:03.163900,2017-08-16 11:39:12.205087,0:00:09.041187,browsing,0
2017-08-16 11:39:12.210896,2017-08-16 11:43:06.935229,0:03:54.724333,browsing,0
2017-08-16 11:43:06.941671,2017-08-16 12:17:46.043259,0:34:39.101588,offline,0
2017-08-16 12:17:46.050982,2017-08-16 12:20:08.103912,0:02:22.052930,browsing,0
2017-08-16 12:20:08.110211,2017-08-16 12:21:14.819841,0:01:06.709630,browsing,0
2017-08-16 12:21:14.826228,2017-08-16 12:52:10.910263,0:30:56.084035,offline,0
2017-08-16 12:52:10.916542,2017-08-16 12:54:31.759836,0:02:20.843294,browsing,0
2017-08-16 12:54:31.767254,2017-08-16 12:54:54.490777,0:00:22.723523,browsing,0
2017-08-16 12:54:54.498645,2017-08-16 12:55:28.752395,0:00:34.253750,copyFiles,0
2017-08-16 12:55:28.759516,2017-08-16 12:55:43.858171,0:00:15.098655,printing,0
2017-08-16 12:55:43.864506,2017-08-16 12:59:45.801070,0:04:01.936564,copyFiles,0
2017-08-16 12:59:45.807876,2017-08-16 13:41:21.843686,0:41:36.035810,meeting,0
2017-08-16 13:41:21.850730,2017-08-16 13:44:00.341651,0:02:38.490921,browsing,0
2017-08-16 13:44:00.358639,2017-08-16 13:44:49.686213,0:00:49.327574,browsing,0
2017-08-16 13:44:49.698031,2017-08-16 13:46:18.786322,0:01:29.088291,browsing,0
2017-08-16 13:46:18.791975,2017-08-16 15:25:31.891099,1:39:13.099124,meeting,0
2017-08-16 15:25:31.898096,2017-08-16 15:30:28.028615,0:04:56.130519,browsing,0
2017-08-16 15:30:28.034859,2017-08-16 15:31:55.765964,0:01:27.731105,private,0
2017-08-16 15:31:55.772397,2017-08-16 15:35:40.193726,0:03:44.421329,browsing,0
2017-08-16 15:35:40.199125,2017-08-16 15:37:06.396996,0:01:26.197871,browsing,0
2017-08-16 15:37:06.403361,2017-08-16 15:41:02.566826,0:03:56.163465,private,0
2017-08-16 15:41:02.573191,2017-08-16 15:43:32.878059,0:02:30.304868,browsing,0
2017-08-16 15:43:32.885393,2017-08-16 15:45:50.865004,0:02:17.979611,browsing,0
2017-08-16 15:45:50.874604,2017-08-16 17:15:17.976707,1:29:27.102103,meeting,0
2017-08-16 17:15:17.984556,2017-08-16 17:15:46.435757,0:00:28.451201,browsing,0
2017-08-16 17:15:46.442301,2017-08-16 17:16:05.663116,0:00:19.220815,browsing,0
2017-08-16 17:16:05.669651,2017-08-16 17:19:05.436083,0:02:59.766432,browsing,0
2017-08-16 17:19:05.441855,2017-08-16 17:19:20.472598,0:00:15.030743,printing,0
2017-08-16 17:19:20.478641,2017-08-16 17:22:18.878413,0:02:58.399772,browsing,0
2017-08-16 17:22:18.884418,2017-08-16 17:24:05.554323,0:01:46.669905,private,0
2017-08-16 17:24:05.559585,2017-08-16 17:35:58.605265,0:11:53.045680,offline,0
2017-08-16 17:35:58.613325,2017-08-16 17:36:13.654548,0:00:15.041223,printing,0
2017-08-16 17:36:13.661047,2017-08-16 17:41:08.988287,0:04:55.327240,browsing,0
2017-08-16 17:41:08.994390,2017-08-16 17:41:34.052916,0:00:25.058526,printing,0
2017-08-16 17:41:34.057980,2017-08-16 17:41:43.204515,0:00:09.146535,browsing,0
2017-08-16 17:41:43.211118,2017-08-16 17:44:16.200037,0:02:32.988919,private,0
2017-08-16 17:44:16.205029,2017-08-16 17:47:32.248230,0:03:16.043201,breaks,0
2017-08-16 17:47:32.255969,2017-08-16 17:47:42.106186,0:00:09.850217,browsing,0
2017-08-16 17:47:42.113056,2017-08-16 17:48:04.051505,0:00:21.938449,browsing,0
2017-08-16 17:48:04.057453,2017-08-16 18:50:29.141620,1:02:25.084167,meeting,0
2017-08-16 18:50:29.148694,2017-08-16 18:51:14.156026,0:00:45.007332,browsing,0
2017-08-16 18:51:14.162247,2017-08-16 18:54:31.263959,0:03:17.101712,breaks,0
2017-08-16 18:54:31.271792,2017-08-16 19:27:00.373576,0:32:29.101784,meeting,0
2017-08-16 19:27:00.381117,2017-08-16 19:27:26.134039,0:00:25.752922,printing,0
2017-08-16 19:27:26.140982,2017-08-16 19:32:33.194896,0:05:07.053914,offline,0
2017-08-16 19:32:33.204056,2017-08-16 19:33:13.201999,0:00:39.997943,browsing,0
2017-08-16 19:33:13.208147,2017-08-16 19:33:43.371653,0:00:30.163506,browsing,0
2017-08-16 19:33:43.378194,2017-08-16 19:35:07.570011,0:01:24.191817,copyFiles,0
2017-08-16 19:35:07.575768,2017-08-16 19:35:58.167855,0:00:50.592087,mailing,0
2017-08-16 19:35:58.173833,2017-08-16 19:39:05.665422,0:03:07.491589,browsing,0
2017-08-16 19:39:05.671586,2017-08-16 19:40:06.191684,0:01:00.520098,mailing,0
2017-08-16 19:40:06.197247,2017-08-16 19:42:42.676478,0:02:36.479231,browsing,0
2017-08-16 19:42:42.683568,2017-08-16 19:42:57.722622,0:00:15.039054,printing,0
2017-08-16 19:42:57.729084,2017-08-16 19:43:55.512081,0:00:57.782997,private,0
2017-08-16 19:43:55.518181,2017-08-16 19:44:20.594037,0:00:25.075856,printing,0
2017-08-16 19:44:20.600315,2017-08-16 19:44:55.704848,0:00:35.104533,printing,0
2017-08-16 19:44:55.711202,2017-08-16 19:48:39.546026,0:03:43.834824,browsing,0
2017-08-16 19:48:39.552108,2017-08-16 19:51:40.973677,0:03:01.421569,browsing,0
2017-08-16 19:51:40.979341,2017-08-16 19:55:35.268314,0:03:54.288973,browsing,0
2017-08-16 19:55:35.274999,2017-08-16 19:58:09.385243,0:02:34.110244,browsing,0
2017-08-16 19:58:09.391589,2017-08-16 20:00:01.885319,0:01:52.493730,browsing,0