start,end,duration,activity,returnCode
2017-08-02 07:10:38.194683,2017-08-02 07:11:03.486271,0:00:25.291588,printing,0
2017-08-02 07:11:03.491719,2017-08-02 07:13:38.291603,0:02:34.799884,browsing,0
2017-08-02 07:13:38.298223,2017-08-02 07:17:13.399878,0:03:35.101655,breaks,0
2017-08-02 07:17:13.407845,2017-08-02 07:18:04.098810,0:00:50.690965,mailing,0
2017-08-02 07:18:04.104693,2017-08-02 07:28:30.274619,0:10:26.169926,copyFiles,0
2017-08-02 07:28:30.280046,2017-08-02 07:30:16.342575,0:01:46.062529,browsing,0
2017-08-02 07:30:16.347754,2017-08-02 07:32:31.177859,0:02:14.830105,private,0
2017-08-02 07:32:31.184544,2017-08-02 08:27:52.286245,0:55:21.101701,meeting,0
2017-08-02 08:27:52.295675,2017-08-02 08:29:07.219673,0:01:14.923998,private,0
2017-08-02 08:29:07.226392,2017-08-02 08:30:28.309408,0:01:21.083016,breaks,0
2017-08-02 08:30:28.315864,2017-08-02 08:32:35.417461,0:02:07.101597,offline,0
2017-08-02 08:32:35.425451,2017-08-02 08:42:35.432123,0:10:00.006672,browsing,-1
2017-08-02 08:42:35.437249,2017-08-02 09:19:54.529325,0:37:19.092076,meeting,0
2017-08-02 09:19:54.535860,2017-08-02 09:21:06.350693,0:01:11.814833,mailing,0
2017-08-02 09:21:06.370063,2017-08-02 09:22:29.860583,0:01:23.490520,browsing,0
2017-08-02 09:22:29.867985,2017-08-02 09:26:53.218680,0:04:23.350695,browsing,0
2017-08-02 09:26:53.225216,2017-08-02 09:32:02.176966,0:05:08.951750,browsing,0
2017-08-02 09:32:02.183569,2017-08-02 09:39:42.823221,0:07:40.639652,private,0
2017-08-02 09:39:42.829079,2017-08-02 11:35:50.847801,1:56:08.018722,meeting,0
2017-08-02 11:35:50.854130,2017-08-02 11:36:46.316203,0:00:55.462073,browsing,0
2017-08-02 11:36:46.322541,2017-08-02 11:38:24.830799,0:01:38.508258,browsing,0
2017-08-02 11:38:24.837568,2017-08-02 12:23:07.901822,0:44:43.064254,meeting,0
2017-08-02 12:23:07.909500,2017-08-02 12:23:58.643539,0:00:50.734039,mailing,0
2017-08-02 12:23:58.648629,2017-08-02 12:25:59.652234,0:02:01.003605,breaks,0
2017-08-02 12:25:59.659594,2017-08-02 13:43:27.668466,1:17:28.008872,meeting,0
2017-08-02 13:43:27.676443,2017-08-02 13:50:59.246526,0:07:31.570083,browsing,0
2017-08-02 13:50:59.269972,2017-08-02 13:55:04.192350,0:04:04.922378,private,0
2017-08-02 13:55:04.198604,2017-08-02 14:05:04.209946,0:10:00.011342,browsing,-1
2017-08-02 14:05:04.215953,2017-08-02 14:09:44.382956,0:04:40.167003,browsing,0
2017-08-02 14:09:44.390844,2017-08-02 15:38:43.488436,1:28:59.097592,meeting,0
2017-08-02 15:38:43.494889,2017-08-02 16:53:10.596730,1:14:27.101841,meeting,0
2017-08-02 16:53:10.603639,2017-08-02 17:17:15.702144,0:24:05.098505,offline,0
2017-08-03 07:01:27.028972,2017-08-03 07:04:19.130392,0:02:52.101420,breaks,0
2017-08-03 07:04:19.138191,2017-08-03 07:21:38.239964,0:17:19.101773,offline,0
2017-08-03 07:21:38.247656,2017-08-03 07:23:09.579013,0:01:31.331357,browsing,0
2017-08-03 07:23:09.586297,2017-08-03 07:26:50.116002,0:03:40.529705,private,0
2017-08-03 07:26:50.122749,2017-08-03 07:28:55.867681,0:02:05.744932,browsing,0
2017-08-03 07:28:55.875196,2017-08-03 07:34:03.924368,0:05:08.049172,browsing,0
2017-08-03 07:34:03.931429,2017-08-03 07:37:26.329640,0:03:22.398211,private,0
2017-08-03 07:37:26.336261,2017-08-03 07:41:19.044919,0:03:52.708658,browsing,0
2017-08-03 07:41:19.052752,2017-08-03 07:45:15.931957,0:03:56.879205,copyFiles,0
2017-08-03 07:45:15.939080,2017-08-03 07:46:14.286124,0:00:58.347044,private,0
2017-08-03 07:46:14.293048,2017-08-03 07:47:11.520345,0:00:57.227297,private,0
2017-08-03 07:47:11.527229,2017-08-03 07:50:39.629183,0:03:28.101954,breaks,0
2017-08-03 07:50:39.636652,2017-08-03 08:08:40.738152,0:18:01.101500,offline,0
2017-08-03 08:08:40.746695,2017-08-03 08:13:30.293383,0:04:49.546688,browsing,0
2017-08-03 08:13:30.301102,2017-08-03 08:28:48.402850,0:15:18.101748,meeting,0
2017-08-03 08:28:48.411612,2017-08-03 08:29:59.580625,0:01:11.169013,browsing,0
2017-08-03 08:29:59.586001,2017-08-03 08:34:24.375945,0:04:24.789944,browsing,0
2017-08-03 08:34:24.382795,2017-08-03 09:00:35.484197,0:26:11.101402,offline,0
2017-08-03 09:00:35.491755,2017-08-03 09:05:12.503226,0:04:37.011471,breaks,0
2017-08-03 09:05:12.519190,2017-08-03 10:09:07.559240,1:03:55.040050,meeting,0
2017-08-03 10:09:07.566319,2017-08-03 10:12:39.416211,0:03:31.849892,copyFiles,0
2017-08-03 10:12:39.422716,2017-08-03 10:12:59.294401,0:00:19.871685,browsing,0
2017-08-03 10:12:59.301540,2017-08-03 10:14:08.211519,0:01:08.909979,browsing,0
2017-08-03 10:14:08.218114,2017-08-03 10:17:24.214319,0:03:15.996205,copyFiles,0
2017-08-03 10:17:24.221202,2017-08-03 10:21:48.322218,0:04:24.101016,breaks,0
2017-08-03 10:21:48.329433,2017-08-03 10:24:42.431006,0:02:54.101573,breaks,0
2017-08-03 10:24:42.438462,2017-08-03 10:25:17.268373,0:00:34.829911,browsing,0
2017-08-03 10:25:17.274839,2017-08-03 10:27:29.011197,0:02:11.736358,browsing,0
2017-08-03 10:27:29.016088,2017-08-03 10:28:19.650819,0:00:50.634731,mailing,0
2017-08-03 10:28:19.656560,2017-08-03 10:32:58.475201,0:04:38.818641,private,0
2017-08-03 10:32:58.482074,2017-08-03 10:34:34.094182,0:01:35.612108,printing,0
2017-08-03 10:34:34.099799,2017-08-03 10:34:49.398167,0:00:15.298368,printing,0
2017-08-03 10:34:49.404283,2017-08-03 10:35:40.035120,0:00:50.630837,mailing,0
2017-08-03 10:35:40.039955,2017-08-03 10:37:02.848454,0:01:22.808499,browsing,0
2017-08-03 10:37:02.854493,2017-08-03 10:38:06.463482,0:01:03.608989,private,0
2017-08-03 10:38:06.470656,2017-08-03 10:40:40.290817,0:02:33.820161,private,0
2017-08-03 10:40:40.298015,2017-08-03 10:46:04.923317,0:05:24.625302,copyFiles,0
2017-08-03 10:46:04.929889,2017-08-03 10:49:33.256567,0:03:28.326678,copyFiles,0
2017-08-03 10:49:33.261852,2017-08-03 10:51:02.574324,0:01:29.312472,private,0
2017-08-03 10:51:02.581369,2017-08-03 10:54:20.683170,0:03:18.101801,breaks,0
2017-08-03 10:54:20.691767,2017-08-03 10:54:46.061965,0:00:25.370198,printing,0
2017-08-03 10:54:46.068267,2017-08-03 10:57:43.846993,0:02:57.778726,private,0
2017-08-03 10:57:43.854910,2017-08-03 10:58:08.494935,0:00:24.640025,browsing,0
2017-08-03 10:58:08.501403,2017-08-03 11:02:03.524248,0:03:55.022845,offline,0
2017-08-03 11:02:03.532247,2017-08-03 11:08:47.755773,0:06:44.223526,browsing,0
2017-08-03 11:08:47.761867,2017-08-03 12:51:43.864122,1:42:56.102255,meeting,0
2017-08-03 12:51:43.871711,2017-08-03 12:54:10.045188,0:02:26.173477,browsing,0
2017-08-03 12:54:10.051995,2017-08-03 12:58:30.917365,0:04:20.865370,private,0
2017-08-03 12:58:30.933850,2017-08-03 12:59:40.733985,0:01:09.800135,private,0
2017-08-03 12:59:40.740235,2017-08-03 13:00:31.137176,0:00:50.396941,mailing,0
2017-08-03 13:00:31.141542,2017-08-03 13:10:31.147168,0:10:00.005626,browsing,-1
2017-08-03 13:10:31.152890,2017-08-03 13:14:10.768995,0:03:39.616105,copyFiles,0
2017-08-03 13:14:10.773604,2017-08-03 13:23:14.920453,0:09:04.146849,browsing,0
2017-08-03 13:23:14.926237,2017-08-03 13:23:57.701636,0:00:42.775399,browsing,0
2017-08-03 13:23:57.708609,2017-08-03 13:25:28.393543,0:01:30.684934,mailing,0
2017-08-03 13:25:28.988109,2017-08-03 13:27:07.419219,0:01:38.431110,private,0
2017-08-03 13:27:07.426299,2017-08-03 13:29:19.368780,0:02:11.942481,copyFiles,0
2017-08-03 13:29:19.375081,2017-08-03 13:31:14.701681,0:01:55.326600,copyFiles,0
2017-08-03 13:31:14.707496,2017-08-03 13:33:32.535564,0:02:17.828068,browsing,0
2017-08-03 13:33:32.541934,2017-08-03 13:34:06.052473,0:00:33.510539,browsing,0
2017-08-03 13:34:06.058959,2017-08-03 13:35:36.469757,0:01:30.410798,browsing,0
2017-08-03 13:35:36.476467,2017-08-03 13:37:33.803466,0:01:57.326999,copyFiles,0
2017-08-03 13:37:33.809843,2017-08-03 14:59:02.816369,1:21:29.006526,meeting,0
2017-08-03 14:59:02.822774,2017-08-03 16:56:36.832271,1:57:34.009497,meeting,0
2017-08-03 16:56:36.839468,2017-08-03 16:57:13.867275,0:00:37.027807,copyFiles,0
2017-08-03 16:57:13.873319,2017-08-03 16:58:16.248990,0:01:02.375671,browsing,0
2017-08-03 16:58:16.255521,2017-08-03 16:59:46.456043,0:01:30.200522,browsing,0
2017-08-03 16:59:46.460883,2017-08-03 17:00:37.729019,0:00:51.268136,mailing,0
2017-08-04 09:15:51.738418,2017-08-04 09:28:01.387449,0:12:09.649031,copyFiles,0
2017-08-04 09:28:01.392013,2017-08-04 09:28:04.395204,0:00:03.003191,mailing,-1
2017-08-04 09:28:04.401476,2017-08-04 09:29:10.290647,0:01:05.889171,browsing,0
2017-08-04 09:29:10.297140,2017-08-04 09:30:07.827423,0:00:57.530283,browsing,0
2017-08-04 09:30:07.833931,2017-08-04 09:35:10.951995,0:05:03.118064,private,0
2017-08-04 09:35:10.955439,2017-08-04 09:45:40.969320,0:10:30.013881,offline,0
2017-08-04 09:45:40.975869,2017-08-04 09:48:14.265806,0:02:33.289937,browsing,0
2017-08-04 09:48:14.271635,2017-08-04 09:51:55.393842,0:03:41.122207,copyFiles,0
2017-08-04 09:51:55.399038,2017-08-04 11:46:53.500787,1:54:58.101749,meeting,0
2017-08-04 11:46:53.510931,2017-08-04 11:47:18.666212,0:00:25.155281,printing,0
2017-08-04 11:47:18.672955,2017-08-04 11:47:46.022571,0:00:27.349616,browsing,0
2017-08-04 11:47:46.030477,2017-08-04 11:48:46.564832,0:01:00.534355,browsing,0
2017-08-04 11:48:46.570706,2017-08-04 13:39:42.672281,1:50:56.101575,meeting,0
2017-08-04 13:39:42.682129,2017-08-04 13:41:20.588934,0:01:37.906805,copyFiles,0
2017-08-04 13:41:20.595181,2017-08-04 14:24:55.696456,0:43:35.101275,offline,0
2017-08-04 14:24:55.704307,2017-08-04 14:25:01.233438,0:00:05.529131,browsing,0
2017-08-04 14:25:01.239345,2017-08-04 14:27:52.648710,0:02:51.409365,private,0
2017-08-04 14:27:52.654378,2017-08-04 14:29:19.328793,0:01:26.674415,browsing,0
2017-08-04 14:29:19.336335,2017-08-04 14:31:25.175868,0:02:05.839533,browsing,0
2017-08-04 14:31:25.181988,2017-08-04 14:32:48.266936,0:01:23.084948,breaks,0
2017-08-04 14:32:48.275526,2017-08-04 14:33:45.659702,0:00:57.384176,browsing,0
2017-08-04 14:33:45.665993,2017-08-04 14:45:32.767713,0:11:47.101720,offline,0
2017-08-04 14:45:32.775358,2017-08-04 14:51:47.292969,0:06:14.517611,copyFiles,0
2017-08-04 14:51:47.300978,2017-08-04 14:51:50.302856,0:00:03.001878,mailing,-1
2017-08-04 14:51:50.308349,2017-08-04 14:55:20.000028,0:03:29.691679,browsing,0
2017-08-04 14:55:20.015306,2017-08-04 15:02:40.261821,0:07:20.246515,copyFiles,0
2017-08-04 15:02:40.273909,2017-08-04 15:10:30.535612,0:07:50.261703,copyFiles,0
2017-08-04 15:10:30.541548,2017-08-04 15:10:40.391625,0:00:09.850077,browsing,0
2017-08-04 15:10:40.396626,2017-08-04 15:10:43.400808,0:00:03.004182,mailing,-1
2017-08-04 15:10:43.406239,2017-08-04 15:20:43.410678,0:10:00.004439,private,-1
2017-08-04 15:20:43.416220,2017-08-04 15:20:46.415692,0:00:02.999472,mailing,-1
2017-08-04 15:20:46.420636,2017-08-04 15:22:15.502490,0:01:29.081854,breaks,0
2017-08-04 15:22:15.509385,2017-08-04 16:36:26.519328,1:14:11.009943,meeting,0
2017-08-04 16:36:26.526524,2017-08-04 17:21:19.535801,0:44:53.009277,offline,0
2017-08-07 07:13:10.941953,2017-08-07 07:50:51.015690,0:37:40.073737,meeting,0
2017-08-07 07:50:51.027401,2017-08-07 07:56:19.614326,0:05:28.586925,private,0
2017-08-07 07:56:19.621369,2017-08-07 07:56:34.724333,0:00:15.102964,printing,0
2017-08-07 07:56:34.731504,2017-08-07 08:13:37.832789,0:17:03.101285,offline,0
2017-08-07 08:13:37.841363,2017-08-07 08:14:27.458246,0:00:49.616883,browsing,0
2017-08-07 08:14:27.464148,2017-08-07 08:15:08.091869,0:00:40.627721,browsing,0
2017-08-07 08:15:08.097914,2017-08-07 08:18:48.458358,0:03:40.360444,browsing,0
2017-08-07 08:18:48.464393,2017-08-07 08:27:30.211379,0:08:41.746986,copyFiles,0
2017-08-07 08:27:30.217846,2017-08-07 08:29:40.328415,0:02:10.110569,copyFiles,0
2017-08-07 08:29:40.334594,2017-08-07 08:34:13.435579,0:04:33.100985,breaks,0
2017-08-07 08:34:13.442575,2017-08-07 08:38:42.544279,0:04:29.101704,breaks,0
2017-08-07 08:38:42.551823,2017-08-07 08:43:29.620544,0:04:47.068721,private,0
2017-08-07 08:43:29.626602,2017-08-07 10:08:25.728277,1:24:56.101675,meeting,0
2017-08-07 10:08:25.735230,2017-08-07 10:10:00.882125,0:01:35.146895,copyFiles,0
2017-08-07 10:10:00.888315,2017-08-07 10:12:18.130843,0:02:17.242528,browsing,0
2017-08-07 10:12:18.137826,2017-08-07 10:13:41.101158,0:01:22.963332,private,0
2017-08-07 10:13:41.108583,2017-08-07 10:14:41.113849,0:01:00.005266,browsing,0
2017-08-07 10:14:41.120321,2017-08-07 10:18:49.267843,0:04:08.147522,browsing,0
2017-08-07 10:18:49.274462,2017-08-07 10:21:46.375981,0:02:57.101519,offline,0
2017-08-07 10:21:46.381828,2017-08-07 10:24:41.483293,0:02:55.101465,breaks,0
2017-08-07 10:24:41.490858,2017-08-07 10:28:07.761776,0:03:26.270918,copyFiles,0
2017-08-07 10:28:07.767394,2017-08-07 10:28:10.769757,0:00:03.002363,mailing,-1
2017-08-07 10:28:10.775138,2017-08-07 11:02:24.876139,0:34:14.101001,offline,0
2017-08-07 11:02:24.883093,2017-08-07 11:04:43.497129,0:02:18.614036,private,0
2017-08-07 11:04:43.503495,2017-08-07 11:06:04.606134,0:01:21.102639,browsing,0
2017-08-07 11:06:04.612455,2017-08-07 11:06:07.620239,0:00:03.007784,mailing,-1
2017-08-07 11:06:07.625679,2017-08-07 11:08:27.432828,0:02:19.807149,browsing,0
2017-08-07 11:08:27.440188,2017-08-07 11:09:34.139295,0:01:06.699107,private,0
2017-08-07 11:09:34.145156,2017-08-07 11:12:03.246736,0:02:29.101580,breaks,0
2017-08-07 11:12:03.253898,2017-08-07 11:12:06.255870,0:00:03.001972,mailing,-1
2017-08-07 11:12:06.261682,2017-08-07 11:46:52.362796,0:34:46.101114,breaks,0
2017-08-07 11:46:52.377702,2017-08-07 11:47:17.498165,0:00:25.120463,printing,0
2017-08-07 11:47:17.504128,2017-08-07 11:48:39.653948,0:01:22.149820,browsing,0
2017-08-07 11:48:39.659793,2017-08-07 11:51:30.907217,0:02:51.247424,browsing,0
2017-08-07 11:51:30.913081,2017-08-07 12:58:01.014467,1:06:30.101386,meeting,0
2017-08-07 12:58:01.021489,2017-08-07 13:01:40.643369,0:03:39.621880,copyFiles,0
2017-08-07 13:01:40.649082,2017-08-07 13:03:52.420685,0:02:11.771603,browsing,0
2017-08-07 13:03:52.426634,2017-08-07 13:05:09.975919,0:01:17.549285,private,0
2017-08-07 13:05:09.981542,2017-08-07 13:05:55.233979,0:00:45.252437,printing,0
2017-08-07 13:05:55.239785,2017-08-07 13:06:36.125467,0:00:40.885682,browsing,0
2017-08-07 13:06:36.131245,2017-08-07 13:27:56.232943,0:21:20.101698,offline,0
2017-08-07 13:27:56.239904,2017-08-07 13:31:22.076032,0:03:25.836128,browsing,0
2017-08-07 13:31:22.082291,2017-08-07 13:48:50.183981,0:17:28.101690,offline,0
2017-08-07 13:48:50.193078,2017-08-07 14:16:50.295224,0:28:00.102146,offline,0
2017-08-07 14:16:50.304893,2017-08-07 14:57:26.406559,0:40:36.101666,meeting,0
2017-08-07 14:57:26.413448,2017-08-07 15:45:38.515622,0:48:12.102174,offline,0
2017-08-07 15:45:38.522275,2017-08-07 16:16:36.624026,0:30:58.101751,meeting,0
2017-08-07 16:16:36.630947,2017-08-07 16:17:31.851953,0:00:55.221006,browsing,0
2017-08-07 16:17:31.857704,2017-08-07 16:17:56.902578,0:00:25.044874,copyFiles,0
2017-08-07 16:17:56.908622,2017-08-07 16:19:06.051147,0:01:09.142525,browsing,0
2017-08-07 16:19:06.056460,2017-08-07 17:16:37.158200,0:57:31.101740,meeting,0
2017-08-08 07:01:07.654121,2017-08-08 07:03:53.687289,0:02:46.033168,private,0
2017-08-08 07:03:53.693479,2017-08-08 07:06:01.650479,0:02:07.957000,private,0
2017-08-08 07:06:01.657119,2017-08-08 07:06:15.214355,0:00:13.557236,browsing,0
2017-08-08 07:06:15.220845,2017-08-08 07:10:09.322954,0:03:54.102109,breaks,0
2017-08-08 07:10:09.329316,2017-08-08 07:10:15.309858,0:00:05.980542,browsing,0
2017-08-08 07:10:15.316446,2017-08-08 07:10:18.318657,0:00:03.002211,mailing,-1
2017-08-08 07:10:18.323351,2017-08-08 07:11:23.775745,0:01:05.452394,printing,0
2017-08-08 07:11:23.782390,2017-08-08 07:11:52.344464,0:00:28.562074,browsing,0
2017-08-08 07:11:52.350837,2017-08-08 07:12:17.088729,0:00:24.737892,browsing,0
2017-08-08 07:12:17.095745,2017-08-08 07:23:07.197479,0:10:50.101734,offline,0
2017-08-08 07:23:07.205522,2017-08-08 07:24:25.650040,0:01:18.444518,browsing,0
2017-08-08 07:24:25.657022,2017-08-08 07:30:31.758721,0:06:06.101699,offline,0
2017-08-08 07:30:31.767292,2017-08-08 07:31:05.245782,0:00:33.478490,browsing,0
2017-08-08 07:31:05.252368,2017-08-08 07:35:09.354193,0:04:04.101825,breaks,0
2017-08-08 07:35:09.361847,2017-08-08 07:35:30.586144,0:00:21.224297,copyFiles,0
2017-08-08 07:35:30.592646,2017-08-08 07:37:28.216361,0:01:57.623715,private,0
2017-08-08 07:37:28.222960,2017-08-08 07:42:18.324787,0:04:50.101827,breaks,0
2017-08-08 07:42:18.332104,2017-08-08 07:42:21.333863,0:00:03.001759,mailing,-1
2017-08-08 07:42:21.339546,2017-08-08 07:46:17.099419,0:03:55.759873,copyFiles,0
2017-08-08 07:46:17.106124,2017-08-08 07:47:51.877039,0:01:34.770915,copyFiles,0
2017-08-08 07:47:51.883391,2017-08-08 07:48:06.921697,0:00:15.038306,printing,0
2017-08-08 07:48:06.927061,2017-08-08 07:48:09.929624,0:00:03.002563,mailing,-1
2017-08-08 07:48:09.934852,2017-08-08 07:52:52.965234,0:04:43.030382,breaks,0
2017-08-08 07:52:52.973867,2017-08-08 07:55:24.076038,0:02:31.102171,breaks,0
2017-08-08 07:55:24.083932,2017-08-08 08:02:52.545097,0:07:28.461165,copyFiles,0
2017-08-08 08:02:52.551597,2017-08-08 08:07:11.652594,0:04:19.100997,breaks,0
2017-08-08 08:07:11.659563,2017-08-08 08:07:26.703634,0:00:15.044071,printing,0
2017-08-08 08:07:26.709965,2017-08-08 08:07:41.747109,0:00:15.037144,printing,0
2017-08-08 08:07:41.753532,2017-08-08 08:07:47.838781,0:00:06.085249,browsing,0
2017-08-08 08:07:47.844526,2017-08-08 08:10:21.945282,0:02:34.100756,breaks,0
2017-08-08 08:10:21.952839,2017-08-08 08:30:06.974105,0:19:45.021266,copyFiles,0
2017-08-08 08:30:06.980473,2017-08-08 08:30:09.984237,0:00:03.003764,mailing,-1
2017-08-08 08:30:09.989447,2017-08-08 10:21:28.090576,1:51:18.101129,meeting,0
2017-08-08 10:21:28.098205,2017-08-08 10:32:10.280737,0:10:42.182532,copyFiles,0
2017-08-08 10:32:10.287838,2017-08-08 10:39:04.743705,0:06:54.455867,browsing,0
2017-08-08 10:39:04.751271,2017-08-08 10:41:28.621300,0:02:23.870029,browsing,0
2017-08-08 10:41:28.628144,2017-08-08 10:45:56.730210,0:04:28.102066,breaks,0
2017-08-08 10:45:56.737539,2017-08-08 11:13:24.839032,0:27:28.101493,offline,0
2017-08-08 11:13:24.846315,2017-08-08 11:16:21.661706,0:02:56.815391,browsing,0
2017-08-08 11:16:21.668030,2017-08-08 12:07:57.770089,0:51:36.102059,meeting,0
2017-08-08 12:07:57.777466,2017-08-08 13:26:12.879605,1:18:15.102139,meeting,0
2017-08-08 13:26:12.887250,2017-08-08 13:28:47.648048,0:02:34.760798,copyFiles,0
2017-08-08 13:28:47.654451,2017-08-08 13:29:02.693684,0:00:15.039233,printing,0
2017-08-08 13:29:02.699790,2017-08-08 13:29:32.602653,0:00:29.902863,browsing,0
2017-08-08 13:29:32.609247,2017-08-08 14:08:58.711188,0:39:26.101941,offline,0
2017-08-08 14:08:58.718701,2017-08-08 14:10:17.995890,0:01:19.277189,private,0
2017-08-08 14:10:18.002016,2017-08-08 14:10:53.104401,0:00:35.102385,printing,0
2017-08-08 14:10:53.111015,2017-08-08 14:13:40.972607,0:02:47.861592,copyFiles,0
2017-08-08 14:13:40.979211,2017-08-08 14:16:09.408759,0:02:28.429548,private,0
2017-08-08 14:16:09.415321,2017-08-08 14:22:29.227855,0:06:19.812534,copyFiles,0
2017-08-08 14:22:29.235037,2017-08-08 14:24:22.293558,0:01:53.058521,copyFiles,0
2017-08-08 14:24:22.301512,2017-08-08 14:25:02.810748,0:00:40.509236,browsing,0
2017-08-08 14:25:02.817903,2017-08-08 16:12:56.920917,1:47:54.103014,meeting,0
2017-08-08 16:12:56.928161,2017-08-08 16:13:22.123682,0:00:25.195521,printing,0
2017-08-08 16:13:22.130095,2017-08-08 16:15:29.230912,0:02:07.100817,breaks,0
2017-08-08 16:15:29.249602,2017-08-08 17:00:34.350870,0:45:05.101268,meeting,0
2017-08-10 07:09:57.400531,2017-08-10 07:13:21.940245,0:03:24.539714,browsing,0
2017-08-10 07:13:21.945471,2017-08-10 07:15:16.047457,0:01:54.101986,breaks,0
2017-08-10 07:15:16.058409,2017-08-10 07:16:44.150016,0:01:28.091607,offline,0
2017-08-10 07:16:44.158638,2017-08-10 07:20:20.261054,0:03:36.102416,breaks,0
2017-08-10 07:20:20.269451,2017-08-10 08:38:14.372338,1:17:54.102887,meeting,0
2017-08-10 08:38:14.382882,2017-08-10 08:49:34.486271,0:11:20.103389,offline,0
2017-08-10 08:49:34.496765,2017-08-10 08:57:47.242913,0:08:12.746148,private,0
2017-08-10 08:57:47.248261,2017-08-10 09:02:48.404144,0:05:01.155883,private,0
2017-08-10 09:02:48.409344,2017-08-10 09:03:47.079345,0:00:58.670001,browsing,0
2017-08-10 09:03:47.084130,2017-08-10 09:04:51.068366,0:01:03.984236,browsing,0
2017-08-10 09:04:51.078249,2017-08-10 09:06:40.248452,0:01:49.170203,copyFiles,0
2017-08-10 09:06:40.254277,2017-08-10 09:06:50.049357,0:00:09.795080,browsing,0
2017-08-10 09:06:50.055715,2017-08-10 09:07:05.166904,0:00:15.111189,printing,0
2017-08-10 09:07:05.172622,2017-08-10 09:07:20.227561,0:00:15.054939,printing,0
2017-08-10 09:07:20.234152,2017-08-10 09:11:23.335389,0:04:03.101237,breaks,0
2017-08-10 09:11:23.342725,2017-08-10 09:25:46.444538,0:14:23.101813,offline,0
2017-08-10 09:25:46.464937,2017-08-10 09:41:07.748285,0:15:21.283348,copyFiles,0
2017-08-10 09:41:07.755697,2017-08-10 09:42:05.253885,0:00:57.498188,browsing,0
2017-08-10 09:42:05.261939,2017-08-10 11:22:33.365309,1:40:28.103370,meeting,0
2017-08-10 11:22:33.372071,2017-08-10 11:23:22.028813,0:00:48.656742,private,0
2017-08-10 11:23:22.033879,2017-08-10 11:51:04.135562,0:27:42.101683,breaks,0
2017-08-10 11:51:04.143311,2017-08-10 11:54:26.369027,0:03:22.225716,copyFiles,0
2017-08-10 11:54:26.374421,2017-08-10 12:04:56.988002,0:10:30.613581,copyFiles,0
2017-08-10 12:04:56.995189,2017-08-10 12:05:40.303873,0:00:43.308684,copyFiles,0
2017-08-10 12:05:40.318434,2017-08-10 12:10:28.049800,0:04:47.731366,private,0
2017-08-10 12:10:28.058583,2017-08-10 12:14:03.494031,0:03:35.435448,browsing,0
2017-08-10 12:14:03.501044,2017-08-10 12:44:49.603054,0:30:46.102010,offline,0
2017-08-10 12:44:49.609843,2017-08-10 12:46:43.579595,0:01:53.969752,private,0
2017-08-10 12:46:43.587199,2017-08-10 12:50:01.552499,0:03:17.965300,private,0
2017-08-10 12:50:01.561283,2017-08-10 12:53:08.663611,0:03:07.102328,breaks,0
2017-08-10 12:53:08.668780,2017-08-10 12:53:55.680876,0:00:47.012096,private,0
2017-08-10 12:53:55.688847,2017-08-10 12:57:54.791023,0:03:59.102176,breaks,0
2017-08-10 12:57:54.802138,2017-08-10 12:58:19.870062,0:00:25.067924,printing,0
2017-08-10 12:58:19.876882,2017-08-10 13:01:51.365906,0:03:31.489024,copyFiles,0
2017-08-10 13:01:51.372214,2017-08-10 13:02:06.483308,0:00:15.111094,printing,0
2017-08-10 13:02:06.499021,2017-08-10 13:11:43.970707,0:09:37.471686,private,0
2017-08-10 13:11:43.975825,2017-08-10 13:14:53.966577,0:03:09.990752,browsing,0
2017-08-10 13:14:53.971909,2017-08-10 13:15:58.061877,0:01:04.089968,browsing,0
2017-08-10 13:15:58.096066,2017-08-10 13:17:14.312107,0:01:16.216041,browsing,0
2017-08-10 13:17:14.318044,2017-08-10 13:20:48.420061,0:03:34.102017,breaks,0
2017-08-10 13:20:48.427946,2017-08-10 13:23:39.850096,0:02:51.422150,private,0
2017-08-10 13:23:39.856431,2017-08-10 13:24:30.521657,0:00:50.665226,browsing,0
2017-08-10 13:24:30.527157,2017-08-10 15:23:41.612479,1:59:11.085322,meeting,0
2017-08-10 15:23:41.622449,2017-08-10 15:24:37.760857,0:00:56.138408,browsing,0
2017-08-10 15:24:37.768665,2017-08-10 15:26:40.406146,0:02:02.637481,browsing,0
2017-08-10 15:26:40.411598,2017-08-10 15:27:05.532926,0:00:25.121328,printing,0
2017-08-10 15:27:05.537871,2017-08-10 15:30:12.108835,0:03:06.570964,copyFiles,0
2017-08-10 15:30:12.115273,2017-08-10 15:32:38.216161,0:02:26.100888,breaks,0
2017-08-10 15:32:38.221999,2017-08-10 15:51:52.328576,0:19:14.106577,offline,0
2017-08-10 15:51:52.335511,2017-08-10 15:54:00.275784,0:02:07.940273,private,0
2017-08-10 15:54:00.281324,2017-08-10 16:00:11.383048,0:06:11.101724,offline,0
2017-08-10 16:00:11.389876,2017-08-10 16:03:10.491512,0:02:59.101636,breaks,0
2017-08-10 16:03:10.498565,2017-08-10 16:06:17.254191,0:03:06.755626,copyFiles,0
2017-08-10 16:06:17.260517,2017-08-10 16:07:38.697686,0:01:21.437169,browsing,0
2017-08-10 16:07:38.704721,2017-08-10 16:08:18.606196,0:00:39.901475,browsing,0
2017-08-10 16:08:18.613036,2017-08-10 16:09:16.695609,0:00:58.082573,private,0
2017-08-10 16:09:16.701029,2017-08-10 16:13:04.802998,0:03:48.101969,breaks,0
2017-08-10 16:13:04.811892,2017-08-10 16:14:15.445200,0:01:10.633308,mailing,0
2017-08-10 16:14:15.453026,2017-08-10 16:15:14.354215,0:00:58.901189,private,0
2017-08-10 16:15:14.362958,2017-08-10 16:17:01.199480,0:01:46.836522,copyFiles,0
2017-08-10 16:17:01.205652,2017-08-10 16:21:41.434996,0:04:40.229344,copyFiles,0
2017-08-10 16:21:41.442066,2017-08-10 16:29:50.092746,0:08:08.650680,browsing,0
2017-08-10 16:29:50.098925,2017-08-10 16:33:57.200697,0:04:07.101772,breaks,0
2017-08-10 16:33:57.208744,2017-08-10 16:34:10.763540,0:00:13.554796,browsing,0
2017-08-10 16:34:10.769231,2017-08-10 16:39:34.811770,0:05:24.042539,copyFiles,0
2017-08-10 16:39:34.818039,2017-08-10 16:40:20.681815,0:00:45.863776,browsing,0
2017-08-10 16:40:20.687754,2017-08-10 17:40:41.789426,1:00:21.101672,meeting,0
2017-08-11 07:02:01.755844,2017-08-11 07:02:34.227663,0:00:32.471819,browsing,0
2017-08-11 07:02:34.232551,2017-08-11 07:05:38.334417,0:03:04.101866,breaks,0
2017-08-11 07:05:38.342873,2017-08-11 07:07:33.187619,0:01:54.844746,browsing,0
2017-08-11 07:07:33.193685,2017-08-11 07:08:54.039298,0:01:20.845613,mailing,0
2017-08-11 07:08:54.045202,2017-08-11 07:11:32.367474,0:02:38.322272,private,0
2017-08-11 07:11:32.374201,2017-08-11 07:12:39.532949,0:01:07.158748,private,0
2017-08-11 07:12:39.538486,2017-08-11 07:15:02.297248,0:02:22.758762,browsing,0
2017-08-11 07:15:02.303997,2017-08-11 07:16:04.010266,0:01:01.706269,browsing,0
2017-08-11 07:16:04.016617,2017-08-11 07:17:54.118500,0:01:50.101883,breaks,0
2017-08-11 07:17:54.127369,2017-08-11 07:18:44.616783,0:00:50.489414,mailing,0
2017-08-11 07:18:44.622854,2017-08-11 07:20:53.978323,0:02:09.355469,browsing,0
2017-08-11 07:20:53.984961,2017-08-11 07:22:23.075391,0:01:29.090430,breaks,0
2017-08-11 07:22:23.081837,2017-08-11 07:25:22.183448,0:02:59.101611,breaks,0
2017-08-11 07:25:22.192825,2017-08-11 07:27:14.675963,0:01:52.483138,browsing,0
2017-08-11 07:27:14.683575,2017-08-11 07:29:29.455662,0:02:14.772087,copyFiles,0
2017-08-11 07:29:29.462446,2017-08-11 07:41:05.563522,0:11:36.101076,meeting,0
2017-08-11 07:41:05.571420,2017-08-11 08:19:49.673186,0:38:44.101766,meeting,0
2017-08-11 08:19:49.681057,2017-08-11 08:20:20.539237,0:00:30.858180,private,0
2017-08-11 08:20:20.550055,2017-08-11 08:23:52.302258,0:03:31.752203,copyFiles,0
2017-08-11 08:23:52.308589,2017-08-11 08:51:06.410038,0:27:14.101449,offline,0
2017-08-11 08:51:06.420161,2017-08-11 08:51:21.616907,0:00:15.196746,printing,0
2017-08-11 08:51:21.623031,2017-08-11 08:52:04.419398,0:00:42.796367,copyFiles,0
2017-08-11 08:52:04.425926,2017-08-11 08:58:58.089243,0:06:53.663317,private,0
2017-08-11 08:58:58.096371,2017-08-11 09:00:01.596739,0:01:03.500368,browsing,0
2017-08-11 09:00:01.602574,2017-08-11 09:00:47.620564,0:00:46.017990,browsing,0
2017-08-11 09:00:47.627200,2017-08-11 09:01:37.135345,0:00:49.508145,browsing,0
2017-08-11 09:01:37.142139,2017-08-11 09:03:30.243808,0:01:53.101669,breaks,0
2017-08-11 09:03:30.276813,2017-08-11 09:03:55.680917,0:00:25.404104,printing,0
2017-08-11 09:03:55.693716,2017-08-11 09:04:20.762262,0:00:25.068546,printing,0
2017-08-11 09:04:20.768408,2017-08-11 09:05:26.093921,0:01:05.325513,printing,0
2017-08-11 09:05:26.100425,2017-08-11 09:06:57.174059,0:01:31.073634,browsing,0
2017-08-11 09:06:57.179707,2017-08-11 09:09:46.281444,0:02:49.101737,breaks,0
2017-08-11 09:09:46.287900,2017-08-11 09:10:22.600285,0:00:36.312385,browsing,0
2017-08-11 09:10:22.607252,2017-08-11 09:11:38.684753,0:01:16.077501,breaks,0
2017-08-11 09:11:38.691160,2017-08-11 09:13:42.337758,0:02:03.646598,browsing,0
2017-08-11 09:13:42.343780,2017-08-11 09:14:59.427068,0:01:17.083288,private,0
2017-08-11 09:14:59.433156,2017-08-11 09:16:44.050928,0:01:44.617772,copyFiles,0
2017-08-11 09:16:44.054569,2017-08-11 09:18:21.573567,0:01:37.518998,browsing,0
2017-08-11 09:18:21.579745,2017-08-11 09:20:55.662484,0:02:34.082739,browsing,0
2017-08-11 09:20:55.668955,2017-08-11 09:22:59.770458,0:02:04.101503,breaks,0
2017-08-11 09:22:59.777197,2017-08-11 09:29:35.464214,0:06:35.687017,copyFiles,0
2017-08-11 09:29:35.470508,2017-08-11 09:32:50.571643,0:03:15.101135,breaks,0
2017-08-11 09:32:50.577906,2017-08-11 10:03:13.679525,0:30:23.101619,offline,0
2017-08-11 10:03:13.687028,2017-08-11 10:36:57.788765,0:33:44.101737,meeting,0
2017-08-11 10:36:57.796090,2017-08-11 10:37:22.864853,0:00:25.068763,printing,0
2017-08-11 10:37:22.870211,2017-08-11 10:41:57.021424,0:04:34.151213,browsing,0
2017-08-11 10:41:57.028623,2017-08-11 10:42:16.196410,0:00:19.167787,browsing,0
2017-08-11 10:42:16.201636,2017-08-11 10:43:05.039218,0:00:48.837582,browsing,0
2017-08-11 10:43:05.044457,2017-08-11 10:49:59.886537,0:06:54.842080,private,0
2017-08-11 10:49:59.893281,2017-08-11 10:51:11.731078,0:01:11.837797,mailing,0
2017-08-11 10:51:11.745768,2017-08-11 10:58:30.864950,0:07:19.119182,browsing,0
2017-08-11 10:58:30.871554,2017-08-11 10:58:45.908587,0:00:15.037033,printing,0
2017-08-11 10:58:45.914842,2017-08-11 10:59:41.155819,0:00:55.240977,printing,0
2017-08-11 10:59:41.171646,2017-08-11 11:07:00.041408,0:07:18.869762,browsing,0
2017-08-11 11:07:00.047527,2017-08-11 11:10:05.085183,0:03:05.037656,browsing,0
2017-08-11 11:10:05.091627,2017-08-11 11:13:15.145315,0:03:10.053688,breaks,0
2017-08-11 11:13:15.153524,2017-08-11 11:23:15.667200,0:10:00.513676,browsing,-1
2017-08-11 11:23:15.672814,2017-08-11 11:30:14.869433,0:06:59.196619,copyFiles,0
2017-08-11 11:30:14.874452,2017-08-11 11:34:01.981390,0:03:47.106938,copyFiles,0
2017-08-11 11:34:01.986987,2017-08-11 11:40:10.043495,0:06:08.056508,browsing,0
2017-08-11 11:40:10.050397,2017-08-11 11:42:43.312864,0:02:33.262467,copyFiles,0
2017-08-11 11:42:43.319536,2017-08-11 11:45:18.453156,0:02:35.133620,private,0
2017-08-11 11:45:18.459364,2017-08-11 11:49:09.479842,0:03:51.020478,breaks,0
2017-08-11 11:49:09.486841,2017-08-11 11:51:47.235423,0:02:37.748582,browsing,0
2017-08-11 11:51:47.242023,2017-08-11 11:58:11.271487,0:06:24.029464,offline,0
2017-08-11 11:58:11.283340,2017-08-11 12:02:40.301179,0:04:29.017839,breaks,0
2017-08-11 12:02:40.307823,2017-08-11 12:05:47.957578,0:03:07.649755,private,0
2017-08-11 12:05:47.963821,2017-08-11 12:09:31.265467,0:03:43.301646,private,0
2017-08-11 12:09:31.272662,2017-08-11 12:13:09.872660,0:03:38.599998,private,0
2017-08-11 12:13:09.897545,2017-08-11 12:13:40.859688,0:00:30.962143,printing,0
2017-08-11 12:13:40.866163,2017-08-11 12:14:43.738862,0:01:02.872699,mailing,0
2017-08-11 12:14:43.744461,2017-08-11 12:27:55.583537,0:13:11.839076,copyFiles,0
2017-08-11 12:27:55.588689,2017-08-11 12:45:15.609102,0:17:20.020413,offline,0
2017-08-11 12:45:15.617088,2017-08-11 12:48:31.976420,0:03:16.359332,copyFiles,0
2017-08-11 12:48:31.982555,2017-08-11 12:51:45.047332,0:03:13.064777,browsing,0
2017-08-11 12:51:45.055082,2017-08-11 12:55:14.233589,0:03:29.178507,private,0
2017-08-11 12:55:14.240004,2017-08-11 12:58:43.562266,0:03:29.322262,private,0
2017-08-11 12:58:43.568355,2017-08-11 13:00:15.120622,0:01:31.552267,mailing,0
2017-08-11 13:00:15.127219,2017-08-11 13:04:55.178710,0:04:40.051491,breaks,0
2017-08-11 13:04:55.186563,2017-08-11 13:07:50.161812,0:02:54.975249,private,0
2017-08-11 13:07:50.168430,2017-08-11 13:12:47.179041,0:04:57.010611,offline,0
2017-08-11 13:12:47.186050,2017-08-11 13:15:56.387380,0:03:09.201330,browsing,0
2017-08-11 13:15:56.399248,2017-08-11 13:35:06.437185,0:19:10.037937,offline,0
2017-08-11 13:35:06.442704,2017-08-11 13:39:32.479421,0:04:26.036717,breaks,0
2017-08-11 13:39:32.487416,2017-08-11 13:44:10.527088,0:04:38.039672,breaks,0
2017-08-11 13:44:10.534413,2017-08-11 13:45:36.578886,0:01:26.044473,breaks,0
2017-08-11 13:45:36.585279,2017-08-11 14:04:34.681351,0:18:58.096072,copyFiles,0
2017-08-11 14:04:34.686959,2017-08-11 14:07:48.778143,0:03:14.091184,breaks,0
2017-08-11 14:07:48.785759,2017-08-11 14:08:15.259095,0:00:26.473336,printing,0
2017-08-11 14:08:15.264230,2017-08-11 14:18:01.205893,0:09:45.941663,browsing,0
2017-08-11 14:18:01.212788,2017-08-11 14:21:30.845197,0:03:29.632409,browsing,0
2017-08-11 14:21:30.853750,2017-08-11 14:22:10.201663,0:00:39.347913,copyFiles,0
2017-08-11 14:22:10.207578,2017-08-11 14:26:26.298160,0:04:16.090582,breaks,0
2017-08-11 14:26:26.305238,2017-08-11 14:29:08.888851,0:02:42.583613,private,0
2017-08-11 14:29:08.895605,2017-08-11 14:34:29.311933,0:05:20.416328,private,0
2017-08-11 14:34:29.318221,2017-08-11 14:37:17.793127,0:02:48.474906,private,0
2017-08-11 14:37:17.813697,2017-08-11 14:40:23.617646,0:03:05.803949,browsing,0
2017-08-11 14:40:23.624015,2017-08-11 14:44:03.707179,0:03:40.083164,breaks,0
2017-08-11 14:44:03.715086,2017-08-11 14:47:24.792195,0:03:21.077109,copyFiles,0
2017-08-11 14:47:24.798238,2017-08-11 14:47:39.971714,0:00:15.173476,printing,0
2017-08-11 14:47:39.978084,2017-08-11 14:51:40.837793,0:04:00.859709,private,0
2017-08-11 14:51:40.844079,2017-08-11 14:54:27.053183,0:02:46.209104,mailing,0
2017-08-11 14:54:27.058897,2017-08-11 15:02:30.675105,0:08:03.616208,browsing,0
2017-08-11 15:02:30.682053,2017-08-11 15:04:01.697782,0:01:31.015729,breaks,0
2017-08-11 15:04:01.704523,2017-08-11 15:07:27.911609,0:03:26.207086,private,0
2017-08-11 15:07:27.918251,2017-08-11 15:12:22.832146,0:04:54.913895,private,0
2017-08-11 15:12:22.839424,2017-08-11 15:29:45.384852,0:17:22.545428,copyFiles,0
2017-08-11 15:29:45.389900,2017-08-11 15:52:23.402445,0:22:38.012545,copyFiles,0
2017-08-11 15:52:23.407821,2017-08-11 15:54:16.504142,0:01:53.096321,copyFiles,0
2017-08-11 15:54:16.509560,2017-08-11 15:57:47.528756,0:03:31.019196,private,0
2017-08-11 15:57:47.545980,2017-08-11 15:58:10.319678,0:00:22.773698,printing,0
2017-08-11 15:58:10.325542,2017-08-11 16:38:08.369717,0:39:58.044175,offline,0
2017-08-11 16:38:08.379129,2017-08-11 16:40:38.105552,0:02:29.726423,browsing,0
2017-08-11 16:40:38.112586,2017-08-11 16:47:24.579181,0:06:46.466595,browsing,0
2017-08-11 16:47:24.587758,2017-08-11 16:50:15.955982,0:02:51.368224,private,0
2017-08-11 16:50:15.965122,2017-08-11 16:52:55.017190,0:02:39.052068,browsing,0
2017-08-11 16:52:55.025958,2017-08-11 16:58:12.203909,0:05:17.177951,browsing,0
2017-08-11 16:58:12.209410,2017-08-11 18:41:06.218053,1:42:54.008643,meeting,0
2017-08-14 07:03:42.325035,2017-08-14 07:04:18.212331,0:00:35.887296,browsing,0
2017-08-14 07:04:18.218126,2017-08-14 07:06:34.319658,0:02:16.101532,breaks,0
2017-08-14 07:06:34.328507,2017-08-14 07:07:16.998686,0:00:42.670179,browsing,0
2017-08-14 07:07:17.005008,2017-08-14 08:51:52.106311,1:44:35.101303,meeting,0
2017-08-14 08:51:52.114588,2017-08-14 08:53:23.215926,0:01:31.101338,browsing,0
2017-08-14 08:53:23.221683,2017-08-14 09:30:20.323499,0:36:57.101816,meeting,0
2017-08-14 09:30:20.332744,2017-08-14 09:31:06.885213,0:00:46.552469,private,0
2017-08-14 09:31:06.925870,2017-08-14 09:31:59.331590,0:00:52.405720,browsing,0
2017-08-14 09:31:59.339213,2017-08-14 09:33:08.349287,0:01:09.010074,breaks,0
2017-08-14 09:33:08.356974,2017-08-14 09:37:34.882107,0:04:26.525133,private,0
2017-08-14 09:37:34.886744,2017-08-14 09:39:29.641436,0:01:54.754692,copyFiles,0
2017-08-14 09:39:29.648147,2017-08-14 09:40:45.234576,0:01:15.586429,browsing,0
2017-08-14 09:40:45.239659,2017-08-14 10:30:37.341018,0:49:52.101359,offline,0
2017-08-14 10:30:37.348936,2017-08-14 10:30:52.468460,0:00:15.119524,printing,0
2017-08-14 10:30:52.474757,2017-08-14 10:32:56.174982,0:02:03.700225,browsing,0
2017-08-14 10:32:56.180549,2017-08-14 10:33:29.483747,0:00:33.303198,private,0
2017-08-14 10:33:29.489936,2017-08-14 10:34:50.295539,0:01:20.805603,mailing,0
2017-08-14 10:34:50.301784,2017-08-14 10:36:14.965845,0:01:24.664061,copyFiles,0
2017-08-14 10:36:14.972161,2017-08-14 10:41:21.186431,0:05:06.214270,copyFiles,0
2017-08-14 10:41:21.192728,2017-08-14 10:51:21.197781,0:10:00.005053,browsing,-1
2017-08-14 10:51:21.203671,2017-08-14 10:52:47.156262,0:01:25.952591,printing,0
2017-08-14 10:52:47.162174,2017-08-14 11:40:13.184769,0:47:26.022595,offline,0
2017-08-14 11:40:13.192085,2017-08-14 11:42:15.170847,0:02:01.978762,private,0
2017-08-14 11:42:15.177063,2017-08-14 11:44:32.931790,0:02:17.754727,browsing,0
2017-08-14 11:44:32.940357,2017-08-14 11:54:32.951896,0:10:00.011539,browsing,-1
2017-08-14 11:54:32.959490,2017-08-14 11:56:14.162053,0:01:41.202563,browsing,0
2017-08-14 11:56:14.168734,2017-08-14 12:33:56.171419,0:37:42.002685,offline,0
2017-08-14 12:33:56.178572,2017-08-14 12:36:24.088466,0:02:27.909894,browsing,0
2017-08-14 12:36:24.094555,2017-08-14 12:37:29.346187,0:01:05.251632,browsing,0
2017-08-14 12:37:29.352536,2017-08-14 12:37:54.502529,0:00:25.149993,printing,0
2017-08-14 12:37:54.509094,2017-08-14 12:41:31.169994,0:03:36.660900,browsing,0
2017-08-14 12:41:31.176350,2017-08-14 12:47:11.077508,0:05:39.901158,private,0
2017-08-14 12:47:11.086974,2017-08-14 12:51:44.105846,0:04:33.018872,breaks,0
2017-08-14 12:51:44.113892,2017-08-14 12:56:35.122667,0:04:51.008775,breaks,0
2017-08-14 12:56:35.131953,2017-08-14 12:57:26.054784,0:00:50.922831,mailing,0
2017-08-14 12:57:26.061160,2017-08-14 12:58:40.376390,0:01:14.315230,browsing,0
2017-08-14 12:58:40.383499,2017-08-14 13:24:10.439313,0:25:30.055814,meeting,0
2017-08-14 13:24:10.678446,2017-08-14 13:24:45.775105,0:00:35.096659,printing,0
2017-08-14 13:24:45.783845,2017-08-14 13:53:56.789348,0:29:11.005503,meeting,0
2017-08-14 13:53:56.796818,2017-08-14 14:26:49.806113,0:32:53.009295,offline,0
2017-08-14 14:26:49.813377,2017-08-14 14:30:31.383668,0:03:41.570291,browsing,0
2017-08-14 14:30:31.390985,2017-08-14 14:35:00.088940,0:04:28.697955,private,0
2017-08-14 14:35:00.095645,2017-08-14 14:37:07.304387,0:02:07.208742,mailing,0
2017-08-14 14:37:07.309467,2017-08-14 14:38:56.800804,0:01:49.491337,browsing,0
2017-08-14 14:38:56.806658,2017-08-14 15:07:37.822283,0:28:41.015625,offline,0
2017-08-14 15:07:37.829217,2017-08-14 15:10:12.666801,0:02:34.837584,browsing,0
2017-08-14 15:10:12.672777,2017-08-14 15:11:05.502899,0:00:52.830122,mailing,0
2017-08-14 15:11:05.508742,2017-08-14 15:11:30.574514,0:00:25.065772,printing,0
2017-08-14 15:11:30.579393,2017-08-14 15:21:30.586516,0:10:00.007123,private,-1
2017-08-14 15:21:30.591891,2017-08-14 15:24:03.605608,0:02:33.013717,breaks,0
2017-08-14 15:24:03.613567,2017-08-14 15:26:23.344749,0:02:19.731182,browsing,0
2017-08-14 15:26:23.351654,2017-08-14 15:38:33.591049,0:12:10.239395,copyFiles,0
2017-08-14 15:38:33.595659,2017-08-14 15:41:18.242507,0:02:44.646848,browsing,0
2017-08-14 15:41:18.249548,2017-08-14 15:44:41.799519,0:03:23.549971,private,0
2017-08-14 15:44:41.805410,2017-08-14 15:50:24.821680,0:05:43.016270,offline,0
2017-08-14 15:50:24.828442,2017-08-14 15:53:20.930370,0:02:56.101928,breaks,0
2017-08-14 15:53:20.939566,2017-08-14 15:55:43.130905,0:02:22.191339,browsing,0
2017-08-14 15:55:43.137085,2017-08-14 16:05:27.614765,0:09:44.477680,private,0
2017-08-14 16:05:27.621099,2017-08-14 16:07:47.639223,0:02:20.018124,offline,0
2017-08-14 16:07:47.646364,2017-08-14 16:45:26.721789,0:37:39.075425,offline,0
2017-08-14 16:45:26.729983,2017-08-14 18:32:38.738495,1:47:12.008512,meeting,0
2017-08-15 07:05:30.215814,2017-08-15 07:09:21.792400,0:03:51.576586,browsing,0
2017-08-15 07:09:21.797828,2017-08-15 07:11:06.899774,0:01:45.101946,breaks,0
2017-08-15 07:11:06.906762,2017-08-15 07:11:45.300630,0:00:38.393868,copyFiles,0
2017-08-15 07:11:45.307489,2017-08-15 07:15:18.408729,0:03:33.101240,breaks,0
2017-08-15 07:15:18.420487,2017-08-15 07:16:10.569040,0:00:52.148553,browsing,0
2017-08-15 07:16:10.575508,2017-08-15 07:20:58.164142,0:04:47.588634,browsing,0
2017-08-15 07:20:58.170218,2017-08-15 07:22:20.122506,0:01:21.952288,private,0
2017-08-15 07:22:20.129154,2017-08-15 07:28:50.231280,0:06:30.102126,offline,0
2017-08-15 07:28:50.239070,2017-08-15 07:31:54.340848,0:03:04.101778,breaks,0
2017-08-15 07:31:54.349251,2017-08-15 07:35:17.577047,0:03:23.227796,copyFiles,0
2017-08-15 07:35:17.584009,2017-08-15 07:38:33.299683,0:03:15.715674,browsing,0
2017-08-15 07:38:33.306084,2017-08-15 07:41:15.845604,0:02:42.539520,copyFiles,0
2017-08-15 07:41:15.851156,2017-08-15 07:48:08.952617,0:06:53.101461,offline,0
2017-08-15 07:48:08.961815,2017-08-15 07:56:27.464466,0:08:18.502651,browsing,0
2017-08-15 07:56:27.471360,2017-08-15 08:23:13.572935,0:26:46.101575,offline,0
2017-08-15 08:23:13.580981,2017-08-15 08:30:21.234672,0:07:07.653691,browsing,0
2017-08-15 08:30:21.240876,2017-08-15 08:34:38.440014,0:04:17.199138,browsing,0
2017-08-15 08:34:38.446276,2017-08-15 08:36:19.547816,0:01:41.101540,breaks,0
2017-08-15 08:36:19.554864,2017-08-15 08:39:02.656119,0:02:43.101255,breaks,0
2017-08-15 08:39:02.661914,2017-08-15 08:40:04.853070,0:01:02.191156,private,0
2017-08-15 08:40:04.859078,2017-08-15 08:41:36.075488,0:01:31.216410,mailing,0
2017-08-15 08:41:36.081690,2017-08-15 08:47:22.989216,0:05:46.907526,browsing,0
2017-08-15 08:47:22.996401,2017-08-15 08:48:08.189333,0:00:45.192932,printing,0
2017-08-15 08:48:08.195690,2017-08-15 09:07:22.303144,0:19:14.107454,offline,0
2017-08-15 09:07:22.310256,2017-08-15 09:08:22.837412,0:01:00.527156,mailing,0
2017-08-15 09:08:22.842539,2017-08-15 09:09:06.849164,0:00:44.006625,browsing,0
2017-08-15 09:09:06.866296,2017-08-15 09:12:53.978285,0:03:47.111989,copyFiles,0
2017-08-15 09:12:53.984015,2017-08-15 09:14:34.920430,0:01:40.936415,mailing,0
2017-08-15 09:14:34.925904,2017-08-15 09:37:21.976442,0:22:47.050538,offline,0
2017-08-15 09:37:21.984778,2017-08-15 09:37:35.939447,0:00:13.954669,browsing,0
2017-08-15 09:37:35.946167,2017-08-15 09:48:08.389829,0:10:32.443662,copyFiles,0
2017-08-15 09:48:08.395402,2017-08-15 11:46:13.496459,1:58:05.101057,meeting,0
2017-08-15 11:46:13.503555,2017-08-15 11:58:26.133255,0:12:12.629700,copyFiles,0
2017-08-15 11:58:26.139596,2017-08-15 11:58:41.253565,0:00:15.113969,printing,0
2017-08-15 11:58:41.258841,2017-08-15 12:04:15.700017,0:05:34.441176,browsing,0
2017-08-15 12:04:15.706169,2017-08-15 12:04:30.747105,0:00:15.040936,printing,0
2017-08-15 12:04:30.752799,2017-08-15 12:06:58.360286,0:02:27.607487,copyFiles,0
2017-08-15 12:06:58.365490,2017-08-15 12:08:08.807305,0:01:10.441815,mailing,0
2017-08-15 12:08:08.813150,2017-08-15 12:10:27.380043,0:02:18.566893,browsing,0
2017-08-15 12:10:27.385722,2017-08-15 12:16:19.350564,0:05:51.964842,browsing,0
2017-08-15 12:16:19.357242,2017-08-15 12:18:30.759034,0:02:11.401792,copyFiles,0
2017-08-15 12:18:30.765774,2017-08-15 13:20:12.867004,1:01:42.101230,meeting,0
2017-08-15 13:20:12.873905,2017-08-15 13:21:21.749337,0:01:08.875432,browsing,0
2017-08-15 13:21:21.754713,2017-08-15 13:23:01.748635,0:01:39.993922,browsing,0
2017-08-15 13:23:01.756688,2017-08-15 13:24:00.307416,0:00:58.550728,browsing,0
2017-08-15 13:24:00.312920,2017-08-15 13:48:23.414971,0:24:23.102051,meeting,0
2017-08-15 13:48:23.425759,2017-08-15 13:50:22.451074,0:01:59.025315,browsing,0
2017-08-15 13:50:22.456878,2017-08-15 13:50:47.689074,0:00:25.232196,printing,0
2017-08-15 13:50:47.694551,2017-08-15 14:29:49.795742,0:39:02.101191,meeting,0
2017-08-15 14:29:49.802696,2017-08-15 14:30:14.897051,0:00:25.094355,printing,0
2017-08-15 14:30:14.902672,2017-08-15 15:04:27.004020,0:34:12.101348,offline,0
2017-08-15 15:04:27.011146,2017-08-15 15:05:09.111776,0:00:42.100630,copyFiles,0
2017-08-15 15:05:09.117593,2017-08-15 15:05:59.629416,0:00:50.511823,mailing,0
2017-08-15 15:05:59.665600,2017-08-15 15:36:00.767033,0:30:01.101433,offline,0
2017-08-15 15:36:00.775560,2017-08-15 15:36:25.847853,0:00:25.072293,printing,0
2017-08-15 15:36:25.854325,2017-08-15 15:38:43.538273,0:02:17.683948,private,0
2017-08-15 15:38:43.543651,2017-08-15 15:39:53.961922,0:01:10.418271,mailing,0
2017-08-15 15:39:53.967678,2017-08-15 15:40:30.549399,0:00:36.581721,private,0
2017-08-15 15:40:30.559515,2017-08-15 15:43:14.058549,0:02:43.499034,browsing,0
2017-08-15 15:43:14.070720,2017-08-15 15:45:11.502831,0:01:57.432111,copyFiles,0
2017-08-15 15:45:11.508474,2017-08-15 15:47:31.530501,0:02:20.022027,breaks,0
2017-08-15 15:47:31.537329,2017-08-15 15:51:49.639113,0:04:18.101784,breaks,0
2017-08-15 15:51:49.646109,2017-08-15 15:53:55.368466,0:02:05.722357,private,0
2017-08-15 15:53:55.377916,2017-08-15 15:56:58.066651,0:03:02.688735,private,0
2017-08-15 15:56:58.073603,2017-08-15 16:01:03.825591,0:04:05.751988,browsing,0
2017-08-15 16:01:03.833188,2017-08-15 16:05:58.935488,0:04:55.102300,breaks,0
2017-08-15 16:05:58.942298,2017-08-15 17:04:21.976446,0:58:23.034148,meeting,0
2017-08-16 07:03:22.360771,2017-08-16 07:06:44.432831,0:03:22.072060,private,0
2017-08-16 07:06:44.438772,2017-08-16 07:06:59.901219,0:00:15.462447,printing,0
2017-08-16 07:06:59.908629,2017-08-16 07:07:58.584065,0:00:58.675436,private,0
2017-08-16 07:07:58.590518,2017-08-16 07:09:09.806818,0:01:11.216300,browsing,0
2017-08-16 07:09:09.813469,2017-08-16 08:01:11.915226,0:52:02.101757,meeting,0
2017-08-16 08:01:11.923038,2017-08-16 08:04:14.313542,0:03:02.390504,copyFiles,0
2017-08-16 08:04:14.319208,2017-08-16 08:07:47.420799,0:03:33.101591,breaks,0
2017-08-16 08:07:47.429642,2017-08-16 08:08:47.945119,0:01:00.515477,mailing,0
2017-08-16 08:08:47.950522,2017-08-16 08:11:41.051589,0:02:53.101067,breaks,0
2017-08-16 08:11:41.058766,2017-08-16 08:13:58.545248,0:02:17.486482,private,0
2017-08-16 08:13:58.551000,2017-08-16 08:14:59.857170,0:01:01.306170,private,0
2017-08-16 08:14:59.866803,2017-08-16 08:17:41.969433,0:02:42.102630,breaks,0
2017-08-16 08:17:41.978882,2017-08-16 08:19:05.230658,0:01:23.251776,browsing,0
2017-08-16 08:19:05.237364,2017-08-16 08:37:40.339757,0:18:35.102393,offline,0
2017-08-16 08:37:40.347843,2017-08-16 08:38:30.651068,0:00:50.303225,mailing,0
2017-08-16 08:38:30.656702,2017-08-16 08:40:51.757755,0:02:21.101053,breaks,0
2017-08-16 08:40:51.765898,2017-08-16 08:43:48.762402,0:02:56.996504,private,0
2017-08-16 08:43:48.768434,2017-08-16 08:44:25.697800,0:00:36.929366,browsing,0
2017-08-16 08:44:25.703989,2017-08-16 09:21:12.805777,0:36:47.101788,offline,0
2017-08-16 09:21:12.813065,2017-08-16 09:55:47.914837,0:34:35.101772,offline,0
2017-08-16 09:55:47.923232,2017-08-16 09:59:31.294386,0:03:43.371154,copyFiles,0
2017-08-16 09:59:31.299749,2017-08-16 10:00:50.942211,0:01:19.642462,browsing,0
2017-08-16 10:00:50.949674,2017-08-16 10:04:30.430984,0:03:39.481310,browsing,0
2017-08-16 10:04:30.438600,2017-08-16 10:10:26.467680,0:05:56.029080,private,0
2017-08-16 10:10:26.473690,2017-08-16 10:10:51.550612,0:00:25.076922,printing,0
2017-08-16 10:10:51.555718,2017-08-16 10:13:26.292862,0:02:34.737144,browsing,0
2017-08-16 10:13:26.299348,2017-08-16 10:13:46.781463,0:00:20.482115,browsing,0
2017-08-16 10:13:46.789761,2017-08-16 10:16:17.820079,0:02:31.030318,breaks,0
2017-08-16 10:16:17.827155,2017-08-16 10:22:13.396828,0:05:55.569673,copyFiles,0
2017-08-16 10:22:13.403235,2017-08-16 10:22:56.831955,0:00:43.428720,browsing,0
2017-08-16 10:22:56.837679,2017-08-16 10:41:42.936141,0:18:46.098462,offline,0
2017-08-16 10:41:42.945014,2017-08-16 10:43:13.439057,0:01:30.494043,mailing,0
2017-08-16 10:43:13.444432,2017-08-16 10:44:43.388841,0:01:29.944409,browsing,0
2017-08-16 10:44:43.633885,2017-08-16 10:46:02.920916,0:01:19.287031,browsing,0
2017-08-16 10:46:02.927592,2017-08-16 10:50:58.992134,0:04:56.064542,breaks,0
2017-08-16 10:50:59.000077,2017-08-16 10:53:17.978849,0:02:18.978772,browsing,0
2017-08-16 10:53:17.985948,2017-08-16 10:54:30.630306,0:01:12.644358,browsing,0
2017-08-16 10:54:30.636070,2017-08-16 10:56:58.738274,0:02:28.102204,breaks,0
2017-08-16 10:56:58.746283,2017-08-16 10:59:27.179216,0:02:28.432933,browsing,0
2017-08-16 10:59:27.185161,2017-08-16 11:00:10.914101,0:00:43.728940,browsing,0
2017-08-16 11:00:10.919741,2017-08-16 11:00:45.200105,0:00:34.280364,browsing,0
2017-08-16 11:00:45.206459,2017-08-16 11:01:00.250976,0:00:15.044517,printing,0
2017-08-16 11:01:00.257251,2017-08-16 11:19:30.358487,0:18:30.101236,meeting,0
2017-08-16 11:19:30.378014,2017-08-16 11:20:51.225267,0:01:20.847253,mailing,0
2017-08-16 11:20:51.230280,2017-08-16 11:57:28.331275,0:36:37.100995,offline,0
2017-08-16 11:57:28.338712,2017-08-16 11:59:39.909874,0:02:11.571162,browsing,0
2017-08-16 11:59:39.915946,2017-08-16 12:03:41.601760,0:04:01.685814,private,0
2017-08-16 12:03:41.608536,2017-08-16 12:04:16.889682,0:00:35.281146,browsing,0
2017-08-16 12:04:16.895350,2017-08-16 12:06:55.964157,0:02:39.068807,breaks,0
2017-08-16 12:06:55.972031,2017-08-16 12:07:47.894165,0:00:51.922134,browsing,0
2017-08-16 12:07:47.903955,2017-08-16 12:11:57.604637,0:04:09.700682,private,0
2017-08-16 12:11:57.611268,2017-08-16 12:15:42.594158,0:03:44.982890,browsing,0
2017-08-16 12:15:42.602716,2017-08-16 12:15:57.654504,0:00:15.051788,printing,0
2017-08-16 12:15:57.661232,2017-08-16 12:16:22.725809,0:00:25.064577,printing,0
2017-08-16 12:16:22.731833,2017-08-16 12:20:21.832165,0:03:59.100332,breaks,0
2017-08-16 12:20:21.839117,2017-08-16 12:23:24.412326,0:03:02.573209,browsing,0
2017-08-16 12:23:24.418194,2017-08-16 12:26:17.520072,0:02:53.101878,breaks,0
2017-08-16 12:26:17.527111,2017-08-16 12:26:32.442043,0:00:14.914932,browsing,0
2017-08-16 12:26:32.449661,2017-08-16 13:03:56.551326,0:37:24.101665,offline,0
2017-08-16 13:03:56.561614,2017-08-16 13:06:12.839085,0:02:16.277471,browsing,0
2017-08-16 13:06:12.844961,2017-08-16 13:20:32.946760,0:14:20.101799,meeting,0
2017-08-16 13:20:33.387838,2017-08-16 13:22:06.366698,0:01:32.978860,browsing,0
2017-08-16 13:22:06.372686,2017-08-16 13:32:06.377519,0:10:00.004833,browsing,-1
2017-08-16 13:32:06.382701,2017-08-16 13:40:17.451934,0:08:11.069233,offline,0
2017-08-16 13:40:17.459350,2017-08-16 13:42:28.605706,0:02:11.146356,browsing,0
2017-08-16 13:42:28.611591,2017-08-16 13:44:26.553426,0:01:57.941835,copyFiles,0
2017-08-16 13:44:26.561878,2017-08-16 13:45:12.661369,0:00:46.099491,copyFiles,0
2017-08-16 13:45:12.670165,2017-08-16 13:55:41.155087,0:10:28.484922,copyFiles,0
2017-08-16 13:55:41.161266,2017-08-16 13:55:56.203796,0:00:15.042530,printing,0
2017-08-16 13:55:56.210053,2017-08-16 13:59:15.305016,0:03:19.094963,copyFiles,0
2017-08-16 13:59:15.311183,2017-08-16 13:59:30.353861,0:00:15.042678,printing,0
2017-08-16 13:59:30.360199,2017-08-16 14:25:41.451975,0:26:11.091776,meeting,0
2017-08-16 14:25:41.460921,2017-08-16 14:26:42.471276,0:01:01.010355,private,0
2017-08-16 14:26:42.476434,2017-08-16 14:28:19.502511,0:01:37.026077,breaks,0
2017-08-16 14:28:19.511045,2017-08-16 14:31:04.393775,0:02:44.882730,private,0
2017-08-16 14:31:04.399988,2017-08-16 14:33:20.452319,0:02:16.052331,breaks,0
2017-08-16 14:33:20.459775,2017-08-16 14:34:45.158023,0:01:24.698248,private,0
2017-08-16 14:34:45.163671,2017-08-16 15:36:15.168169,1:01:30.004498,meeting,0
2017-08-16 15:36:15.175777,2017-08-16 15:37:33.666958,0:01:18.491181,browsing,0
2017-08-16 15:37:33.673620,2017-08-16 15:42:38.121991,0:05:04.448371,browsing,0
2017-08-16 15:42:38.128840,2017-08-16 17:41:46.135409,1:59:08.006569,meeting,0