start,end,duration,activity,returnCode
2017-08-02 07:28:24.343000,2017-08-02 07:29:32.106000,0:01:07.763000,browsing,0
2017-08-02 07:29:32.106000,2017-08-02 07:31:18.262000,0:01:46.156000,copyFiles,0
2017-08-02 07:31:18.262000,2017-08-02 09:16:22.262000,1:45:04.000000,meeting,0
2017-08-02 09:16:22.262000,2017-08-02 09:17:51.668000,0:01:29.406000,copyFiles,0
2017-08-02 09:17:51.684000,2017-08-02 09:19:58.139000,0:02:06.455000,browsing,0
2017-08-02 09:19:58.139000,2017-08-02 11:24:31.600000,2:04:33.461000,private,-1
2017-08-02 11:24:31.609000,2017-08-02 11:24:45.880000,0:00:14.271000,private,1073807364
2017-08-02 11:32:32.968000,2017-08-02 11:41:35.294000,0:09:02.326000,browsing,0
2017-08-02 11:41:35.310000,2017-08-02 11:47:07.483000,0:05:32.173000,browsing,0
2017-08-02 11:47:07.483000,2017-08-02 11:50:30.358000,0:03:22.875000,copyFiles,0
2017-08-02 11:50:30.389000,2017-08-02 11:56:32.843000,0:06:02.454000,private,0
2017-08-02 11:56:32.843000,2017-08-02 11:56:43.046000,0:00:10.203000,printing,0
2017-08-02 11:56:43.046000,2017-08-02 12:06:43.047000,0:10:00.001000,browsing,-1
2017-08-02 12:06:43.063000,2017-08-02 12:12:34.362000,0:05:51.299000,browsing,0
2017-08-02 12:12:34.362000,2017-08-02 13:33:59.362000,1:21:25.000000,meeting,0
2017-08-02 13:33:59.362000,2017-08-02 13:43:59.371000,0:10:00.009000,private,-1
2017-08-02 13:43:59.378000,2017-08-02 13:44:09.398000,0:00:10.020000,printing,0
2017-08-02 13:44:09.407000,2017-08-02 14:54:28.409000,1:10:19.002000,meeting,0
2017-08-02 14:54:28.420000,2017-08-02 14:55:40.383000,0:01:11.963000,copyFiles,0
2017-08-02 14:55:40.392000,2017-08-02 15:05:40.507000,0:10:00.115000,browsing,-1
2017-08-02 15:05:40.517000,2017-08-02 15:05:49.925000,0:00:09.408000,browsing,0
2017-08-02 15:05:49.931000,2017-08-02 16:27:35.934000,1:21:46.003000,meeting,0
2017-08-02 16:27:35.944000,2017-08-02 16:30:20.569000,0:02:44.625000,private,0
2017-08-02 16:30:20.576000,2017-08-02 16:34:27.924000,0:04:07.348000,browsing,0
2017-08-02 16:34:27.931000,2017-08-02 16:59:45.933000,0:25:18.002000,offline,0
2017-08-02 16:59:45.941000,2017-08-02 17:00:49.069000,0:01:03.128000,copyFiles,0
2017-08-03 07:03:37.703000,2017-08-03 07:12:10.737000,0:08:33.034000,private,0
2017-08-03 07:12:10.737000,2017-08-03 07:22:10.751000,0:10:00.014000,browsing,-1
2017-08-03 07:22:10.760000,2017-08-03 07:23:18.515000,0:01:07.755000,private,0
2017-08-03 07:23:18.515000,2017-08-03 07:32:38.548000,0:09:20.033000,browsing,0
2017-08-03 07:32:38.548000,2017-08-03 07:33:09.403000,0:00:30.855000,browsing,0
2017-08-03 07:33:09.403000,2017-08-03 07:40:31.274000,0:07:21.871000,private,0
2017-08-03 07:40:31.274000,2017-08-03 07:45:14.880000,0:04:43.606000,browsing,0
2017-08-03 07:45:14.880000,2017-08-03 07:50:06.880000,0:04:52.000000,breaks,0
2017-08-03 07:50:06.880000,2017-08-03 08:00:06.895000,0:10:00.015000,private,-1
2017-08-03 08:00:06.904000,2017-08-03 08:32:48.916000,0:32:42.012000,meeting,0
2017-08-03 08:32:48.916000,2017-08-03 08:39:26.366000,0:06:37.450000,browsing,0
2017-08-03 08:39:26.366000,2017-08-03 08:41:08.866000,0:01:42.500000,copyFiles,0
2017-08-03 08:41:08.866000,2017-08-03 08:41:33.131000,0:00:24.265000,mailing,0
2017-08-03 08:41:33.147000,2017-08-03 09:30:24.147000,0:48:51.000000,meeting,0
2017-08-03 09:30:24.147000,2017-08-03 09:31:39.419000,0:01:15.272000,browsing,0
2017-08-03 09:31:39.419000,2017-08-03 09:36:44.252000,0:05:04.833000,browsing,0
2017-08-03 09:36:44.252000,2017-08-03 09:44:11.252000,0:07:27.000000,offline,0
2017-08-03 09:44:11.268000,2017-08-03 09:54:11.281000,0:10:00.013000,browsing,-1
2017-08-03 09:54:11.291000,2017-08-03 10:02:00.608000,0:07:49.317000,private,0
2017-08-03 10:02:00.608000,2017-08-03 10:06:32.608000,0:04:32.000000,breaks,0
2017-08-03 10:06:32.608000,2017-08-03 10:06:42.733000,0:00:10.125000,printing,0
2017-08-03 10:06:42.749000,2017-08-03 10:12:34.688000,0:05:51.939000,browsing,0
2017-08-03 10:12:34.688000,2017-08-03 10:43:20.688000,0:30:46.000000,offline,0
2017-08-03 10:43:20.688000,2017-08-03 10:44:11.204000,0:00:50.516000,mailing,0
2017-08-03 10:44:11.219000,2017-08-03 11:06:21.219000,0:22:10.000000,offline,0
2017-08-03 11:06:21.219000,2017-08-03 11:34:08.235000,0:27:47.016000,meeting,0
2017-08-03 11:34:08.235000,2017-08-03 11:53:43.235000,0:19:35.000000,meeting,0
2017-08-03 11:53:43.266000,2017-08-03 12:47:32.266000,0:53:49.000000,meeting,0
2017-08-03 12:47:32.266000,2017-08-03 12:47:42.297000,0:00:10.031000,printing,0
2017-08-03 12:47:42.313000,2017-08-03 12:50:03.758000,0:02:21.445000,browsing,0
2017-08-03 12:50:03.758000,2017-08-03 12:53:12.758000,0:03:09.000000,breaks,0
2017-08-03 12:53:12.758000,2017-08-03 12:57:22.774000,0:04:10.016000,breaks,0
2017-08-03 12:57:22.774000,2017-08-03 13:03:42.052000,0:06:19.278000,browsing,0
2017-08-03 13:03:42.052000,2017-08-03 13:07:16.945000,0:03:34.893000,private,0
2017-08-03 13:07:16.945000,2017-08-03 13:09:52.385000,0:02:35.440000,private,0
2017-08-03 13:09:52.385000,2017-08-03 13:14:10.437000,0:04:18.052000,browsing,0
2017-08-03 13:14:10.437000,2017-08-03 13:14:18.643000,0:00:08.206000,browsing,0
2017-08-03 13:14:18.643000,2017-08-03 14:45:21.643000,1:31:03.000000,meeting,0
2017-08-03 14:45:21.643000,2017-08-03 14:50:00.858000,0:04:39.215000,browsing,0
2017-08-03 14:50:00.858000,2017-08-03 14:52:21.478000,0:02:20.620000,browsing,0
2017-08-03 14:52:21.478000,2017-08-03 16:49:50.479000,1:57:29.001000,meeting,0
2017-08-03 16:49:50.479000,2017-08-03 16:53:45.495000,0:03:55.016000,breaks,0
2017-08-03 16:53:45.495000,2017-08-03 17:48:35.510000,0:54:50.015000,meeting,0
2017-08-04 07:30:39.296000,2017-08-04 07:40:39.321000,0:10:00.025000,browsing,-1
2017-08-04 07:40:39.329000,2017-08-04 09:39:42.331000,1:59:03.002000,meeting,0
2017-08-04 09:39:42.343000,2017-08-04 09:40:03.369000,0:00:21.026000,mailing,-1
2017-08-04 09:40:03.376000,2017-08-04 09:40:23.459000,0:00:20.083000,printing,0
2017-08-04 09:40:23.467000,2017-08-04 09:40:30.570000,0:00:07.103000,browsing,0
2017-08-04 09:40:30.577000,2017-08-04 09:44:35.579000,0:04:05.002000,breaks,0
2017-08-04 09:44:35.607000,2017-08-04 09:51:49.610000,0:07:14.003000,offline,0
2017-08-04 09:51:49.622000,2017-08-04 09:54:39.625000,0:02:50.003000,breaks,0
2017-08-04 09:54:39.635000,2017-08-04 10:36:58.639000,0:42:19.004000,meeting,0
2017-08-04 10:36:58.650000,2017-08-04 10:38:12.347000,0:01:13.697000,browsing,0
2017-08-04 10:38:12.357000,2017-08-04 10:38:33.440000,0:00:21.083000,mailing,-1
2017-08-04 10:38:33.449000,2017-08-04 11:49:47.451000,1:11:14.002000,meeting,0
2017-08-04 11:49:47.462000,2017-08-04 12:07:43.466000,0:17:56.004000,offline,0
2017-08-04 12:07:43.477000,2017-08-04 12:17:43.491000,0:10:00.014000,browsing,-1
2017-08-04 12:17:43.498000,2017-08-04 13:52:07.499000,1:34:24.001000,meeting,0
2017-08-04 13:52:07.507000,2017-08-04 13:52:52.870000,0:00:45.363000,browsing,0
2017-08-04 13:52:52.877000,2017-08-04 13:55:14.790000,0:02:21.913000,browsing,0
2017-08-04 13:55:14.798000,2017-08-04 14:37:40.803000,0:42:26.005000,offline,0
2017-08-04 14:37:40.813000,2017-08-04 15:48:37.817000,1:10:57.004000,meeting,0
2017-08-04 15:48:37.828000,2017-08-04 15:53:57.516000,0:05:19.688000,private,0
2017-08-04 15:53:57.525000,2017-08-04 16:02:38.528000,0:08:41.003000,offline,0
2017-08-04 16:02:38.541000,2017-08-04 16:02:45.644000,0:00:07.103000,browsing,0
2017-08-04 16:02:45.650000,2017-08-04 16:03:47.465000,0:01:01.815000,browsing,0
2017-08-04 16:03:47.473000,2017-08-04 16:04:07.517000,0:00:20.044000,printing,0
2017-08-04 16:04:07.525000,2017-08-04 16:07:28.628000,0:03:21.103000,browsing,0
2017-08-04 16:07:28.636000,2017-08-04 16:09:51.638000,0:02:23.002000,browsing,0
2017-08-04 16:09:51.648000,2017-08-04 16:14:11.651000,0:04:20.003000,breaks,0
2017-08-04 16:14:11.661000,2017-08-04 16:16:42.666000,0:02:31.005000,breaks,0
2017-08-04 16:16:42.676000,2017-08-04 16:20:36.680000,0:03:54.004000,breaks,0
2017-08-04 16:20:36.691000,2017-08-04 16:30:36.705000,0:10:00.014000,browsing,-1
2017-08-04 16:30:36.714000,2017-08-04 16:34:20.243000,0:03:43.529000,copyFiles,0
2017-08-04 16:34:20.251000,2017-08-04 16:35:10.302000,0:00:50.051000,copyFiles,0
2017-08-04 16:35:10.311000,2017-08-04 16:39:36.356000,0:04:26.045000,browsing,0
2017-08-04 16:39:36.372000,2017-08-04 16:39:57.387000,0:00:21.015000,mailing,-1
2017-08-04 16:39:57.394000,2017-08-04 16:40:50.666000,0:00:53.272000,browsing,0
2017-08-04 16:40:50.674000,2017-08-04 16:41:00.875000,0:00:10.201000,browsing,0
2017-08-04 16:41:00.893000,2017-08-04 16:41:10.647000,0:00:09.754000,browsing,0
2017-08-04 16:41:10.662000,2017-08-04 17:32:34.666000,0:51:24.004000,meeting,0
2017-08-07 07:07:05.265000,2017-08-07 07:07:33.220000,0:00:27.955000,browsing,0
2017-08-07 07:07:33.220000,2017-08-07 07:07:53.299000,0:00:20.079000,printing,0
2017-08-07 07:07:53.299000,2017-08-07 07:08:03.330000,0:00:10.031000,printing,0
2017-08-07 07:08:03.330000,2017-08-07 07:18:03.346000,0:10:00.016000,browsing,-1
2017-08-07 07:18:03.354000,2017-08-07 07:28:03.488000,0:10:00.134000,browsing,-1
2017-08-07 07:28:03.526000,2017-08-07 07:38:03.574000,0:10:00.048000,browsing,-1
2017-08-07 07:38:03.582000,2017-08-07 07:41:37.851000,0:03:34.269000,browsing,0
2017-08-07 07:41:37.902000,2017-08-07 07:46:50.030000,0:05:12.128000,private,0
2017-08-07 07:46:50.040000,2017-08-07 07:47:11.054000,0:00:21.014000,mailing,-1
2017-08-07 07:47:11.064000,2017-08-07 07:47:21.103000,0:00:10.039000,printing,0
2017-08-07 07:47:21.116000,2017-08-07 07:47:42.131000,0:00:21.015000,mailing,-1
2017-08-07 07:47:42.139000,2017-08-07 09:00:00.143000,1:12:18.004000,meeting,0
2017-08-07 09:00:00.154000,2017-08-07 09:00:53.320000,0:00:53.166000,browsing,0
2017-08-07 09:00:53.329000,2017-08-07 09:03:55.331000,0:03:02.002000,breaks,0
2017-08-07 09:03:55.344000,2017-08-07 09:10:53.222000,0:06:57.878000,browsing,0
2017-08-07 09:10:53.232000,2017-08-07 09:13:51.476000,0:02:58.244000,private,0
2017-08-07 09:13:51.491000,2017-08-07 10:03:48.494000,0:49:57.003000,offline,0
2017-08-07 10:03:48.507000,2017-08-07 10:06:21.248000,0:02:32.741000,browsing,0
2017-08-07 10:06:21.257000,2017-08-07 10:47:58.260000,0:41:37.003000,meeting,0
2017-08-07 10:47:58.272000,2017-08-07 10:49:56.718000,0:01:58.446000,copyFiles,0
2017-08-07 10:49:56.727000,2017-08-07 12:34:53.729000,1:44:57.002000,meeting,0
2017-08-07 12:34:53.741000,2017-08-07 12:44:53.776000,0:10:00.035000,browsing,-1
2017-08-07 12:44:53.784000,2017-08-07 12:48:06.469000,0:03:12.685000,browsing,0
2017-08-07 12:48:06.477000,2017-08-07 12:50:18.098000,0:02:11.621000,browsing,0
2017-08-07 12:50:18.106000,2017-08-07 12:53:51.033000,0:03:32.927000,private,0
2017-08-07 12:53:51.042000,2017-08-07 12:54:11.094000,0:00:20.052000,printing,0
2017-08-07 12:54:11.102000,2017-08-07 12:58:25.305000,0:04:14.203000,browsing,0
2017-08-07 12:58:25.527000,2017-08-07 13:05:44.938000,0:07:19.411000,private,0
2017-08-07 13:05:44.947000,2017-08-07 13:06:04.997000,0:00:20.050000,printing,0
2017-08-07 13:06:05.005000,2017-08-07 13:08:27.903000,0:02:22.898000,browsing,0
2017-08-07 13:08:27.913000,2017-08-07 13:12:24.868000,0:03:56.955000,copyFiles,0
2017-08-07 13:12:24.879000,2017-08-07 14:12:52.881000,1:00:28.002000,meeting,0
2017-08-07 14:12:52.892000,2017-08-07 14:17:30.594000,0:04:37.702000,copyFiles,0
2017-08-07 14:17:30.604000,2017-08-07 14:17:40.429000,0:00:09.825000,private,0
2017-08-07 14:17:40.436000,2017-08-07 14:18:03.094000,0:00:22.658000,browsing,0
2017-08-07 14:18:03.102000,2017-08-07 14:22:12.104000,0:04:09.002000,breaks,0
2017-08-07 14:22:12.116000,2017-08-07 14:22:42.214000,0:00:30.098000,printing,0
2017-08-07 14:22:42.223000,2017-08-07 14:22:51.449000,0:00:09.226000,private,0
2017-08-07 14:22:51.457000,2017-08-07 14:23:02.388000,0:00:10.931000,browsing,0
2017-08-07 14:23:02.400000,2017-08-07 14:23:23.469000,0:00:21.069000,mailing,-1
2017-08-07 14:23:23.492000,2017-08-07 14:28:14.775000,0:04:51.283000,private,0
2017-08-07 14:28:14.784000,2017-08-07 14:28:24.808000,0:00:10.024000,printing,0
2017-08-07 14:28:24.819000,2017-08-07 14:28:38.020000,0:00:13.201000,private,0
2017-08-07 14:28:38.028000,2017-08-07 14:31:55.745000,0:03:17.717000,copyFiles,0
2017-08-07 14:31:55.760000,2017-08-07 15:05:24.762000,0:33:29.002000,offline,0
2017-08-07 15:05:24.774000,2017-08-07 15:05:56.679000,0:00:31.905000,browsing,0
2017-08-07 15:05:56.696000,2017-08-07 15:06:06.375000,0:00:09.679000,browsing,0
2017-08-07 15:06:06.383000,2017-08-07 15:06:27.386000,0:00:21.003000,mailing,-1
2017-08-07 15:06:27.395000,2017-08-07 15:16:27.552000,0:10:00.157000,browsing,-1
2017-08-07 15:16:27.697000,2017-08-07 15:46:16.686000,0:29:48.989000,copyFiles,0
2017-08-07 15:46:16.697000,2017-08-07 15:46:26.727000,0:00:10.030000,printing,0
2017-08-07 15:46:26.757000,2017-08-07 15:57:08.170000,0:10:41.413000,copyFiles,0
2017-08-07 15:57:08.178000,2017-08-07 16:07:08.210000,0:10:00.032000,browsing,-1
2017-08-07 16:07:08.225000,2017-08-07 16:07:29.429000,0:00:21.204000,mailing,-1
2017-08-07 16:07:29.438000,2017-08-07 16:27:20.440000,0:19:51.002000,meeting,0
2017-08-07 16:27:20.451000,2017-08-07 16:31:03.043000,0:03:42.592000,browsing,0
2017-08-07 16:31:03.088000,2017-08-07 17:13:05.090000,0:42:02.002000,meeting,0
2017-08-08 07:07:12.645000,2017-08-08 07:09:40.235000,0:02:27.590000,browsing,0
2017-08-08 07:09:40.272000,2017-08-08 07:14:15.311000,0:04:35.039000,breaks,0
2017-08-08 07:14:15.325000,2017-08-08 07:55:15.363000,0:41:00.038000,meeting,0
2017-08-08 07:55:15.418000,2017-08-08 07:57:02.445000,0:01:47.027000,breaks,0
2017-08-08 07:57:02.482000,2017-08-08 08:10:15.506000,0:13:13.024000,offline,0
2017-08-08 08:10:15.599000,2017-08-08 08:10:36.731000,0:00:21.132000,mailing,-1
2017-08-08 08:10:36.751000,2017-08-08 08:10:53.259000,0:00:16.508000,browsing,0
2017-08-08 08:10:53.272000,2017-08-08 09:04:37.274000,0:53:44.002000,meeting,0
2017-08-08 09:04:37.286000,2017-08-08 09:07:51.301000,0:03:14.015000,breaks,0
2017-08-08 09:07:51.342000,2017-08-08 10:15:48.374000,1:07:57.032000,meeting,0
2017-08-08 10:15:48.435000,2017-08-08 10:25:16.572000,0:09:28.137000,private,0
2017-08-08 10:25:16.618000,2017-08-08 10:29:01.382000,0:03:44.764000,copyFiles,0
2017-08-08 10:29:01.393000,2017-08-08 11:23:54.395000,0:54:53.002000,meeting,0
2017-08-08 11:23:54.409000,2017-08-08 11:26:38.999000,0:02:44.590000,copyFiles,0
2017-08-08 11:26:39.011000,2017-08-08 13:19:53.024000,1:53:14.013000,meeting,0
2017-08-08 13:19:53.035000,2017-08-08 13:23:36.372000,0:03:43.337000,private,0
2017-08-08 13:23:36.435000,2017-08-08 13:23:47.024000,0:00:10.589000,browsing,0
2017-08-08 13:23:47.117000,2017-08-08 13:33:47.405000,0:10:00.288000,browsing,-1
2017-08-08 13:33:47.414000,2017-08-08 13:37:24.415000,0:03:37.001000,breaks,0
2017-08-08 13:37:24.431000,2017-08-08 13:37:41.844000,0:00:17.413000,browsing,0
2017-08-08 13:37:41.940000,2017-08-08 14:17:16.955000,0:39:35.015000,meeting,0
2017-08-08 14:17:16.972000,2017-08-08 14:20:13.172000,0:02:56.200000,browsing,0
2017-08-08 14:20:13.430000,2017-08-08 14:23:16.447000,0:03:03.017000,breaks,0
2017-08-08 14:23:16.515000,2017-08-08 14:30:22.849000,0:07:06.334000,copyFiles,0
2017-08-08 14:30:22.860000,2017-08-08 14:40:23.005000,0:10:00.145000,private,-1
2017-08-08 14:40:23.322000,2017-08-08 15:02:01.371000,0:21:38.049000,offline,0
2017-08-08 15:02:01.491000,2017-08-08 15:06:01.703000,0:04:00.212000,private,0
2017-08-08 15:06:01.879000,2017-08-08 15:10:20.953000,0:04:19.074000,breaks,0
2017-08-08 15:10:21.392000,2017-08-08 15:11:21.836000,0:01:00.444000,browsing,0
2017-08-08 15:11:22.101000,2017-08-08 15:21:22.407000,0:10:00.306000,private,-1
2017-08-08 15:21:22.466000,2017-08-08 16:43:16.468000,1:21:54.002000,meeting,0
2017-08-08 16:43:16.588000,2017-08-08 16:43:37.683000,0:00:21.095000,mailing,-1
2017-08-08 16:43:37.717000,2017-08-08 16:44:27.400000,0:00:49.683000,copyFiles,0
2017-08-08 16:44:27.570000,2017-08-08 17:16:20.515000,0:31:52.945000,copyFiles,0
2017-08-10 07:02:53.218000,2017-08-10 07:49:32.218000,0:46:39.000000,meeting,0
2017-08-10 07:49:32.218000,2017-08-10 10:29:20.686000,2:39:48.468000,offline,0
2017-08-10 10:29:20.686000,2017-08-10 10:30:22.279000,0:01:01.593000,mailing,0
2017-08-10 10:30:22.279000,2017-08-10 11:00:32.279000,0:30:10.000000,offline,0
2017-08-10 11:00:32.279000,2017-08-10 11:05:57.779000,0:05:25.500000,copyFiles,0
2017-08-10 11:05:57.779000,2017-08-10 11:10:42.603000,0:04:44.824000,browsing,0
2017-08-10 11:10:42.634000,2017-08-10 11:14:18.165000,0:03:35.531000,copyFiles,0
2017-08-10 11:14:18.540000,2017-08-10 11:15:39.156000,0:01:20.616000,browsing,0
2017-08-10 11:15:39.156000,2017-08-10 11:16:49.672000,0:01:10.516000,copyFiles,0
2017-08-10 11:16:49.688000,2017-08-10 11:20:58.080000,0:04:08.392000,browsing,0
2017-08-10 11:20:58.096000,2017-08-10 11:24:56.705000,0:03:58.609000,copyFiles,0
2017-08-10 11:24:56.721000,2017-08-10 11:25:47.158000,0:00:50.437000,mailing,0
2017-08-10 11:25:47.158000,2017-08-10 11:28:23.162000,0:02:36.004000,browsing,0
2017-08-10 11:28:23.162000,2017-08-10 11:38:03.094000,0:09:39.932000,browsing,0
2017-08-10 11:38:03.094000,2017-08-10 11:38:53.672000,0:00:50.578000,mailing,0
2017-08-10 11:38:53.688000,2017-08-10 11:48:53.699000,0:10:00.011000,browsing,-1
2017-08-10 11:48:53.713000,2017-08-10 11:55:16.148000,0:06:22.435000,browsing,0
2017-08-10 11:55:16.174000,2017-08-10 11:55:36.332000,0:00:20.158000,printing,0
2017-08-10 11:55:36.359000,2017-08-10 11:56:16.721000,0:00:40.362000,printing,0
2017-08-10 11:56:16.823000,2017-08-10 11:57:04.008000,0:00:47.185000,copyFiles,0
2017-08-10 11:57:04.018000,2017-08-10 11:59:04.019000,0:02:00.001000,breaks,0
2017-08-10 11:59:04.030000,2017-08-10 11:59:25.393000,0:00:21.363000,browsing,0
2017-08-10 11:59:25.400000,2017-08-10 12:05:25.158000,0:05:59.758000,copyFiles,0
2017-08-10 12:05:25.169000,2017-08-10 12:54:03.172000,0:48:38.003000,meeting,0
2017-08-10 12:54:03.182000,2017-08-10 12:54:33.244000,0:00:30.062000,printing,0
2017-08-10 12:54:33.250000,2017-08-10 13:02:01.533000,0:07:28.283000,copyFiles,0
2017-08-10 13:02:01.543000,2017-08-10 13:46:48.546000,0:44:47.003000,offline,0
2017-08-10 13:46:48.559000,2017-08-10 13:47:28.639000,0:00:40.080000,printing,0
2017-08-10 13:47:28.648000,2017-08-10 13:50:39.040000,0:03:10.392000,browsing,0
2017-08-10 13:50:39.049000,2017-08-10 13:50:46.963000,0:00:07.914000,browsing,0
2017-08-10 13:50:46.970000,2017-08-10 14:24:23.973000,0:33:37.003000,offline,0
2017-08-10 14:24:23.983000,2017-08-10 14:27:45.690000,0:03:21.707000,private,0
2017-08-10 14:27:45.698000,2017-08-10 14:28:05.748000,0:00:20.050000,printing,0
2017-08-10 14:28:05.757000,2017-08-10 14:29:01.049000,0:00:55.292000,browsing,0
2017-08-10 14:29:01.058000,2017-08-10 14:39:01.076000,0:10:00.018000,browsing,-1
2017-08-10 14:39:01.099000,2017-08-10 14:42:41.349000,0:03:40.250000,browsing,0
2017-08-10 14:42:41.358000,2017-08-10 14:42:49.107000,0:00:07.749000,browsing,0
2017-08-10 14:42:49.115000,2017-08-10 14:54:00.118000,0:11:11.003000,offline,0
2017-08-10 14:54:00.130000,2017-08-10 15:00:08.132000,0:06:08.002000,offline,0
2017-08-10 15:00:08.146000,2017-08-10 15:06:14.275000,0:06:06.129000,browsing,0
2017-08-10 15:06:14.285000,2017-08-10 15:06:55.274000,0:00:40.989000,browsing,0
2017-08-10 15:06:55.280000,2017-08-10 15:07:55.865000,0:01:00.585000,mailing,0
2017-08-10 15:07:55.873000,2017-08-10 15:16:23.487000,0:08:27.614000,copyFiles,0
2017-08-10 15:16:23.498000,2017-08-10 15:21:28.974000,0:05:05.476000,browsing,0
2017-08-10 15:21:28.983000,2017-08-10 15:38:31.065000,0:17:02.082000,copyFiles,0
2017-08-10 15:38:31.081000,2017-08-10 15:46:16.941000,0:07:45.860000,browsing,0
2017-08-10 15:46:16.949000,2017-08-10 15:53:41.946000,0:07:24.997000,browsing,0
2017-08-10 15:53:41.955000,2017-08-10 16:00:09.705000,0:06:27.750000,private,0
2017-08-10 16:00:09.713000,2017-08-10 16:10:09.725000,0:10:00.012000,browsing,-1
2017-08-10 16:10:09.733000,2017-08-10 16:12:43.741000,0:02:34.008000,private,0
2017-08-10 16:12:43.750000,2017-08-10 16:14:56.084000,0:02:12.334000,browsing,0
2017-08-10 16:14:56.096000,2017-08-10 16:16:17.034000,0:01:20.938000,mailing,0
2017-08-10 16:16:17.042000,2017-08-10 16:19:37.752000,0:03:20.710000,browsing,0
2017-08-10 16:19:37.760000,2017-08-10 16:21:30.762000,0:01:53.002000,breaks,0
2017-08-10 16:21:30.775000,2017-08-10 16:21:50.900000,0:00:20.125000,printing,0
2017-08-10 16:21:50.907000,2017-08-10 16:22:51.409000,0:01:00.502000,mailing,0
2017-08-10 16:22:51.420000,2017-08-10 16:23:41.933000,0:00:50.513000,mailing,0
2017-08-10 16:23:41.941000,2017-08-10 16:23:52.967000,0:00:11.026000,browsing,0
2017-08-10 16:23:52.975000,2017-08-10 16:24:14.894000,0:00:21.919000,printing,0
2017-08-10 16:24:15.394000,2017-08-10 18:16:15.407000,1:52:00.013000,meeting,0
2017-08-11 07:06:10.423000,2017-08-11 07:12:44.769000,0:06:34.346000,browsing,0
2017-08-11 07:12:44.769000,2017-08-11 07:12:54.784000,0:00:10.015000,printing,0
2017-08-11 07:12:54.784000,2017-08-11 07:13:03.380000,0:00:08.596000,browsing,0
2017-08-11 07:13:03.380000,2017-08-11 07:13:56.451000,0:00:53.071000,browsing,0
2017-08-11 07:13:56.451000,2017-08-11 07:15:20.031000,0:01:23.580000,browsing,0
2017-08-11 07:15:20.031000,2017-08-11 07:16:17.065000,0:00:57.034000,private,0
2017-08-11 07:16:17.065000,2017-08-11 07:16:22.957000,0:00:05.892000,browsing,0
2017-08-11 07:16:22.957000,2017-08-11 09:01:32.957000,1:45:10.000000,meeting,0
2017-08-11 09:01:32.957000,2017-08-11 09:01:42.988000,0:00:10.031000,printing,0
2017-08-11 09:01:42.988000,2017-08-11 09:11:43.033000,0:10:00.045000,private,-1
2017-08-11 09:11:43.043000,2017-08-11 09:20:42.329000,0:08:59.286000,browsing,0
2017-08-11 09:20:42.337000,2017-08-11 09:25:11.339000,0:04:29.002000,breaks,0
2017-08-11 09:25:11.349000,2017-08-11 09:29:34.351000,0:04:23.002000,breaks,0
2017-08-11 09:29:34.361000,2017-08-11 09:29:45.599000,0:00:11.238000,browsing,0
2017-08-11 09:29:45.606000,2017-08-11 09:30:53.919000,0:01:08.313000,browsing,0
2017-08-11 09:30:54.799000,2017-08-11 09:34:26.104000,0:03:31.305000,private,0
2017-08-11 09:34:26.111000,2017-08-11 09:40:50.326000,0:06:24.215000,browsing,0
2017-08-11 09:40:50.335000,2017-08-11 11:18:22.339000,1:37:32.004000,meeting,0
2017-08-11 11:18:22.877000,2017-08-11 11:28:22.901000,0:10:00.024000,private,-1
2017-08-11 11:28:22.910000,2017-08-11 11:35:15.334000,0:06:52.424000,private,0
2017-08-11 11:35:15.349000,2017-08-11 11:38:34.553000,0:03:19.204000,copyFiles,0
2017-08-11 11:38:34.562000,2017-08-11 11:42:03.926000,0:03:29.364000,browsing,0
2017-08-11 11:42:03.936000,2017-08-11 11:49:58.448000,0:07:54.512000,browsing,0
2017-08-11 11:49:58.458000,2017-08-11 11:59:59.477000,0:10:01.019000,private,-1
2017-08-11 11:59:59.499000,2017-08-11 12:09:11.655000,0:09:12.156000,browsing,0
2017-08-11 12:09:11.662000,2017-08-11 12:19:13.878000,0:10:02.216000,private,-1
2017-08-11 12:19:14.131000,2017-08-11 12:20:07.650000,0:00:53.519000,mailing,0
2017-08-11 12:20:07.801000,2017-08-11 12:20:30.856000,0:00:23.055000,printing,0
2017-08-11 12:20:30.878000,2017-08-11 12:25:58.124000,0:05:27.246000,browsing,0
2017-08-11 12:25:58.232000,2017-08-11 12:35:58.637000,0:10:00.405000,private,-1
2017-08-11 12:35:58.817000,2017-08-11 12:45:58.896000,0:10:00.079000,browsing,-1
2017-08-11 12:45:58.910000,2017-08-11 12:46:51.690000,0:00:52.780000,mailing,0
2017-08-11 12:46:52.126000,2017-08-11 12:47:24.327000,0:00:32.201000,printing,0
2017-08-11 12:47:24.348000,2017-08-11 12:47:34.507000,0:00:10.159000,printing,0
2017-08-11 12:47:34.516000,2017-08-11 12:57:40.473000,0:10:05.957000,browsing,-1
2017-08-11 12:57:40.658000,2017-08-11 13:02:14.668000,0:04:34.010000,breaks,0
2017-08-11 13:02:14.708000,2017-08-11 13:03:15.098000,0:01:00.390000,printing,0
2017-08-11 13:03:15.113000,2017-08-11 13:06:06.116000,0:02:51.003000,breaks,0
2017-08-11 13:06:06.133000,2017-08-11 13:11:16.359000,0:05:10.226000,private,0
2017-08-11 13:11:16.369000,2017-08-11 13:13:37.820000,0:02:21.451000,copyFiles,0
2017-08-11 13:13:37.841000,2017-08-11 13:42:13.814000,0:28:35.973000,copyFiles,0
2017-08-11 13:42:13.952000,2017-08-11 13:52:14.047000,0:10:00.095000,browsing,-1
2017-08-11 13:52:14.076000,2017-08-11 13:59:31.753000,0:07:17.677000,browsing,0
2017-08-11 13:59:31.945000,2017-08-11 14:06:44.566000,0:07:12.621000,browsing,0
2017-08-11 14:06:44.779000,2017-08-11 14:16:44.965000,0:10:00.186000,browsing,-1
2017-08-11 14:16:45.007000,2017-08-11 14:25:08.248000,0:08:23.241000,copyFiles,0
2017-08-11 14:25:08.282000,2017-08-11 15:56:07.289000,1:30:59.007000,meeting,0
2017-08-11 15:56:07.289000,2017-08-11 15:56:17.336000,0:00:10.047000,printing,0
2017-08-11 15:56:17.352000,2017-08-11 15:57:34.399000,0:01:17.047000,mailing,0
2017-08-11 15:57:34.414000,2017-08-11 16:02:36.744000,0:05:02.330000,private,0
2017-08-14 07:09:41.484000,2017-08-14 07:11:22.865000,0:01:41.381000,private,0
2017-08-14 07:11:22.865000,2017-08-14 07:14:29.865000,0:03:07.000000,breaks,0
2017-08-14 07:14:29.880000,2017-08-14 07:16:22.177000,0:01:52.297000,mailing,0
2017-08-14 07:16:22.193000,2017-08-14 07:16:57.333000,0:00:35.140000,copyFiles,0
2017-08-14 10:14:01.703000,2017-08-14 10:24:01.714000,0:10:00.011000,browsing,-1
2017-08-14 10:24:01.723000,2017-08-14 10:24:48.566000,0:00:46.843000,browsing,0
2017-08-14 10:24:48.566000,2017-08-14 10:30:59.675000,0:06:11.109000,copyFiles,0
2017-08-14 10:30:59.675000,2017-08-14 10:35:20.816000,0:04:21.141000,copyFiles,0
2017-08-14 10:35:20.816000,2017-08-14 10:36:11.927000,0:00:51.111000,browsing,0
2017-08-14 10:36:11.927000,2017-08-14 10:36:22.005000,0:00:10.078000,printing,0
2017-08-14 10:36:22.005000,2017-08-14 10:37:23.505000,0:01:01.500000,copyFiles,0
2017-08-14 10:37:23.521000,2017-08-14 10:37:53.552000,0:00:30.031000,printing,0
2017-08-14 10:37:53.552000,2017-08-14 10:38:13.583000,0:00:20.031000,printing,0
2017-08-14 10:38:13.583000,2017-08-14 10:41:33.414000,0:03:19.831000,browsing,0
2017-08-14 10:41:33.414000,2017-08-14 10:51:33.439000,0:10:00.025000,browsing,-1
2017-08-14 10:51:33.454000,2017-08-14 10:52:23.549000,0:00:50.095000,printing,0
2017-08-14 10:52:23.555000,2017-08-14 10:53:17.096000,0:00:53.541000,browsing,0
2017-08-14 10:53:17.105000,2017-08-14 10:53:59.786000,0:00:42.681000,browsing,0
2017-08-14 10:53:59.786000,2017-08-14 10:54:58.536000,0:00:58.750000,private,0
2017-08-14 10:54:58.536000,2017-08-14 11:05:04.414000,0:10:05.878000,copyFiles,0
2017-08-14 11:05:04.414000,2017-08-14 11:05:55.617000,0:00:51.203000,mailing,0
2017-08-14 11:05:55.632000,2017-08-14 11:47:56.635000,0:42:01.003000,offline,0
2017-08-14 11:47:56.635000,2017-08-14 11:48:47.698000,0:00:51.063000,mailing,0
2017-08-14 11:48:47.698000,2017-08-14 11:49:48.838000,0:01:01.140000,copyFiles,0
2017-08-14 11:49:48.854000,2017-08-14 11:55:19.854000,0:05:31.000000,offline,0
2017-08-14 11:55:19.854000,2017-08-14 12:05:53.713000,0:10:33.859000,copyFiles,0
2017-08-14 12:05:53.713000,2017-08-14 13:04:49.713000,0:58:56.000000,breaks,0
2017-08-14 13:04:49.713000,2017-08-14 13:12:59.541000,0:08:09.828000,copyFiles,0
2017-08-14 13:12:59.557000,2017-08-14 13:17:36.148000,0:04:36.591000,private,0
2017-08-14 13:17:36.148000,2017-08-14 13:21:21.916000,0:03:45.768000,browsing,0
2017-08-14 13:21:21.916000,2017-08-14 13:21:31.931000,0:00:10.015000,printing,0
2017-08-14 13:21:31.931000,2017-08-14 13:25:17.619000,0:03:45.688000,private,0
2017-08-14 13:25:17.619000,2017-08-14 13:25:47.666000,0:00:30.047000,printing,0
2017-08-14 13:25:47.666000,2017-08-14 13:26:55.666000,0:01:08.000000,offline,0
2017-08-14 13:26:55.666000,2017-08-14 13:29:42.681000,0:02:47.015000,breaks,0
2017-08-14 13:29:42.681000,2017-08-14 13:35:48.978000,0:06:06.297000,private,0
2017-08-14 13:35:48.978000,2017-08-14 13:37:36.714000,0:01:47.736000,browsing,0
2017-08-14 13:37:36.714000,2017-08-14 14:19:16.714000,0:41:40.000000,offline,0
2017-08-14 14:19:16.714000,2017-08-14 14:19:36.777000,0:00:20.063000,printing,0
2017-08-14 14:19:36.777000,2017-08-14 14:27:59.607000,0:08:22.830000,browsing,0
2017-08-14 14:27:59.607000,2017-08-14 14:31:18.623000,0:03:19.016000,copyFiles,0
2017-08-14 14:31:18.638000,2017-08-14 14:32:32.966000,0:01:14.328000,mailing,0
2017-08-14 14:32:32.966000,2017-08-14 15:10:52.966000,0:38:20.000000,offline,0
2017-08-14 15:10:52.982000,2017-08-14 15:11:02.998000,0:00:10.016000,printing,0
2017-08-14 15:11:02.998000,2017-08-14 15:14:44.312000,0:03:41.314000,private,0
2017-08-14 15:14:44.312000,2017-08-14 15:15:51.062000,0:01:06.750000,copyFiles,0
2017-08-14 15:15:51.078000,2017-08-14 15:16:42.921000,0:00:51.843000,mailing,0
2017-08-14 15:16:42.937000,2017-08-14 15:18:28.937000,0:01:46.000000,breaks,0
2017-08-14 15:18:28.937000,2017-08-14 15:23:23.720000,0:04:54.783000,browsing,0
2017-08-14 15:23:23.720000,2017-08-14 15:24:51.283000,0:01:27.563000,mailing,0
2017-08-14 15:24:51.283000,2017-08-14 15:25:01.314000,0:00:10.031000,printing,0
2017-08-14 15:25:01.314000,2017-08-14 15:31:52.035000,0:06:50.721000,browsing,0
2017-08-14 15:31:52.035000,2017-08-14 15:36:27.630000,0:04:35.595000,browsing,0
2017-08-14 15:36:27.630000,2017-08-14 15:39:58.115000,0:03:30.485000,copyFiles,0
2017-08-14 15:39:58.115000,2017-08-14 15:49:58.169000,0:10:00.054000,browsing,-1
2017-08-14 15:49:58.177000,2017-08-14 16:19:05.178000,0:29:07.001000,meeting,0
2017-08-14 16:19:05.188000,2017-08-14 16:19:15.216000,0:00:10.028000,printing,0
2017-08-14 16:19:15.223000,2017-08-14 16:25:08.914000,0:05:53.691000,private,0
2017-08-14 16:25:08.920000,2017-08-14 17:06:28.923000,0:41:20.003000,offline,0
2017-08-15 07:07:33.956000,2017-08-15 07:25:54.159000,0:18:20.203000,copyFiles,0
2017-08-15 07:25:54.174000,2017-08-15 07:26:04.190000,0:00:10.016000,printing,0
2017-08-15 07:26:04.190000,2017-08-15 07:29:18.625000,0:03:14.435000,private,0
2017-08-15 07:29:18.625000,2017-08-15 07:31:28.059000,0:02:09.434000,private,0
2017-08-15 07:31:28.059000,2017-08-15 07:36:31.655000,0:05:03.596000,browsing,0
2017-08-15 07:36:31.655000,2017-08-15 07:36:42.047000,0:00:10.392000,private,0
2017-08-15 07:36:42.047000,2017-08-15 07:36:52.252000,0:00:10.205000,browsing,0
2017-08-15 07:36:52.252000,2017-08-15 07:39:13.969000,0:02:21.717000,private,0
2017-08-15 07:39:13.969000,2017-08-15 07:41:14.297000,0:02:00.328000,copyFiles,0
2017-08-15 07:41:14.313000,2017-08-15 07:41:24.329000,0:00:10.016000,printing,0
2017-08-15 07:41:24.329000,2017-08-15 07:44:34.344000,0:03:10.015000,breaks,0
2017-08-15 07:44:34.344000,2017-08-15 07:54:34.402000,0:10:00.058000,private,-1
2017-08-15 07:54:34.412000,2017-08-15 08:04:34.468000,0:10:00.056000,private,-1
2017-08-15 08:04:34.476000,2017-08-15 08:04:44.503000,0:00:10.027000,printing,0
2017-08-15 08:04:44.511000,2017-08-15 08:07:09.939000,0:02:25.428000,private,0
2017-08-15 08:07:09.948000,2017-08-15 08:08:16.791000,0:01:06.843000,browsing,0
2017-08-15 08:08:16.799000,2017-08-15 08:10:08.005000,0:01:51.206000,copyFiles,0
2017-08-15 08:10:08.013000,2017-08-15 08:10:19.151000,0:00:11.138000,browsing,0
2017-08-15 08:10:19.159000,2017-08-15 08:29:21.500000,0:19:02.341000,copyFiles,0
2017-08-15 08:29:21.506000,2017-08-15 08:39:21.524000,0:10:00.018000,private,-1
2017-08-15 08:39:21.537000,2017-08-15 08:39:31.566000,0:00:10.029000,printing,0
2017-08-15 08:39:31.574000,2017-08-15 08:40:52.150000,0:01:20.576000,copyFiles,0
2017-08-15 08:40:52.174000,2017-08-15 08:42:17.747000,0:01:25.573000,browsing,0
2017-08-15 08:42:17.756000,2017-08-15 08:47:00.967000,0:04:43.211000,copyFiles,0
2017-08-15 08:47:00.975000,2017-08-15 08:48:01.281000,0:01:00.306000,printing,0
2017-08-15 08:48:01.291000,2017-08-15 08:50:20.304000,0:02:19.013000,breaks,0
2017-08-15 08:50:20.401000,2017-08-15 08:50:50.786000,0:00:30.385000,printing,0
2017-08-15 08:50:50.806000,2017-08-15 08:51:48.610000,0:00:57.804000,browsing,0
2017-08-15 08:51:48.618000,2017-08-15 09:30:51.620000,0:39:03.002000,meeting,0
2017-08-15 09:30:51.630000,2017-08-15 09:32:02.173000,0:01:10.543000,mailing,0
2017-08-15 09:32:02.180000,2017-08-15 09:33:36.568000,0:01:34.388000,private,0
2017-08-15 09:33:36.577000,2017-08-15 09:36:56.617000,0:03:20.040000,browsing,0
2017-08-15 09:36:56.625000,2017-08-15 11:18:58.627000,1:42:02.002000,meeting,0
2017-08-15 11:18:58.637000,2017-08-15 11:24:29.740000,0:05:31.103000,browsing,0
2017-08-15 11:24:29.766000,2017-08-15 11:34:29.786000,0:10:00.020000,browsing,-1
2017-08-15 11:34:29.795000,2017-08-15 11:34:39.824000,0:00:10.029000,printing,0
2017-08-15 11:34:39.833000,2017-08-15 13:10:44.834000,1:36:05.001000,meeting,0
2017-08-15 13:10:44.843000,2017-08-15 13:14:00.340000,0:03:15.497000,private,0
2017-08-15 13:14:00.349000,2017-08-15 13:42:11.351000,0:28:11.002000,meeting,0
2017-08-15 13:42:11.360000,2017-08-15 14:01:16.451000,0:19:05.091000,copyFiles,0
2017-08-15 14:01:16.458000,2017-08-15 14:01:48.094000,0:00:31.636000,copyFiles,0
2017-08-15 14:01:48.102000,2017-08-15 14:05:36.819000,0:03:48.717000,copyFiles,0
2017-08-15 14:05:36.826000,2017-08-15 14:06:11.336000,0:00:34.510000,browsing,0
2017-08-15 14:06:11.344000,2017-08-15 14:15:53.345000,0:09:42.001000,private,0
2017-08-15 14:15:53.353000,2017-08-15 14:17:18.591000,0:01:25.238000,private,0
2017-08-15 14:17:18.600000,2017-08-15 14:18:09.275000,0:00:50.675000,mailing,0
2017-08-15 14:18:09.282000,2017-08-15 14:21:47.395000,0:03:38.113000,browsing,0
2017-08-15 14:21:47.403000,2017-08-15 14:23:33.460000,0:01:46.057000,copyFiles,0
2017-08-15 14:23:33.471000,2017-08-15 14:32:45.474000,0:09:12.003000,copyFiles,0
2017-08-15 14:32:45.503000,2017-08-15 14:36:40.844000,0:03:55.341000,browsing,0
2017-08-15 14:36:40.853000,2017-08-15 14:37:00.903000,0:00:20.050000,printing,0
2017-08-15 14:37:00.913000,2017-08-15 14:37:11.447000,0:00:10.534000,browsing,0
2017-08-15 14:37:11.454000,2017-08-15 14:39:31.737000,0:02:20.283000,browsing,0
2017-08-15 14:39:31.746000,2017-08-15 14:41:25.807000,0:01:54.061000,browsing,0
2017-08-15 14:41:25.816000,2017-08-15 14:42:32.139000,0:01:06.323000,browsing,0
2017-08-15 14:42:32.147000,2017-08-15 14:42:52.186000,0:00:20.039000,printing,0
2017-08-15 14:42:52.193000,2017-08-15 14:47:39.194000,0:04:47.001000,offline,0
2017-08-15 14:47:39.205000,2017-08-15 14:56:41.586000,0:09:02.381000,copyFiles,0
2017-08-15 14:56:41.595000,2017-08-15 14:56:51.520000,0:00:09.925000,private,0
2017-08-15 14:56:51.527000,2017-08-15 15:00:39.032000,0:03:47.505000,copyFiles,0
2017-08-15 15:00:39.039000,2017-08-15 15:01:50.495000,0:01:11.456000,mailing,0
2017-08-15 15:01:50.501000,2017-08-15 15:41:39.502000,0:39:49.001000,offline,0
2017-08-15 15:41:39.511000,2017-08-15 15:47:07.186000,0:05:27.675000,private,0
2017-08-15 15:47:07.194000,2017-08-15 16:57:21.208000,1:10:14.014000,meeting,0
2017-08-15 16:57:21.208000,2017-08-15 16:57:41.255000,0:00:20.047000,printing,0
2017-08-15 16:57:41.255000,2017-08-15 17:02:23.662000,0:04:42.407000,copyFiles,0
2017-08-16 07:04:06.677000,2017-08-16 07:04:44.724000,0:00:38.047000,copyFiles,0
2017-08-16 07:04:44.740000,2017-08-16 07:07:26.865000,0:02:42.125000,copyFiles,0
2017-08-16 07:07:26.880000,2017-08-16 07:07:36.896000,0:00:10.016000,printing,0
2017-08-16 07:07:36.896000,2017-08-16 07:08:38.130000,0:01:01.234000,copyFiles,0
2017-08-16 07:08:38.130000,2017-08-16 07:10:50.235000,0:02:12.105000,browsing,0
2017-08-16 07:10:50.235000,2017-08-16 07:21:31.297000,0:10:41.062000,copyFiles,0
2017-08-16 07:21:31.313000,2017-08-16 07:22:31.844000,0:01:00.531000,mailing,0
2017-08-16 07:22:31.860000,2017-08-16 09:21:12.860000,1:58:41.000000,meeting,0
2017-08-16 09:21:12.860000,2017-08-16 09:31:12.874000,0:10:00.014000,browsing,-1
2017-08-16 09:31:12.905000,2017-08-16 10:19:34.905000,0:48:22.000000,offline,0
2017-08-16 10:19:34.905000,2017-08-16 10:34:19.905000,0:14:45.000000,offline,0
2017-08-16 10:34:19.905000,2017-08-16 10:34:53.624000,0:00:33.719000,copyFiles,0
2017-08-16 10:34:53.624000,2017-08-16 10:47:34.717000,0:12:41.093000,copyFiles,0
2017-08-16 10:47:34.717000,2017-08-16 10:47:44.749000,0:00:10.032000,printing,0
2017-08-16 10:47:44.749000,2017-08-16 10:57:44.813000,0:10:00.064000,browsing,-1
2017-08-16 10:57:44.825000,2017-08-16 11:07:44.842000,0:10:00.017000,browsing,-1
2017-08-16 11:07:44.851000,2017-08-16 11:08:38.910000,0:00:54.059000,browsing,0
2017-08-16 11:08:38.934000,2017-08-16 11:12:14.940000,0:03:36.006000,breaks,0
2017-08-16 11:12:14.952000,2017-08-16 11:14:14.505000,0:01:59.553000,browsing,0
2017-08-16 11:14:14.513000,2017-08-16 11:24:14.530000,0:10:00.017000,private,-1
2017-08-16 11:24:14.553000,2017-08-16 11:24:24.614000,0:00:10.061000,printing,0
2017-08-16 11:24:24.625000,2017-08-16 11:27:03.808000,0:02:39.183000,private,0
2017-08-16 11:27:03.830000,2017-08-16 11:34:24.960000,0:07:21.130000,private,0
2017-08-16 11:34:24.985000,2017-08-16 11:35:25.481000,0:01:00.496000,mailing,0
2017-08-16 11:35:25.490000,2017-08-16 11:39:30.504000,0:04:05.014000,copyFiles,0
2017-08-16 11:39:30.518000,2017-08-16 11:40:31.521000,0:01:01.003000,breaks,0
2017-08-16 11:40:31.531000,2017-08-16 11:44:25.534000,0:03:54.003000,offline,0
2017-08-16 11:44:25.552000,2017-08-16 11:48:54.588000,0:04:29.036000,browsing,0
2017-08-16 11:48:54.597000,2017-08-16 11:51:06.238000,0:02:11.641000,browsing,0
2017-08-16 11:51:06.260000,2017-08-16 12:28:43.279000,0:37:37.019000,offline,0
2017-08-16 12:28:43.287000,2017-08-16 12:29:35.477000,0:00:52.190000,browsing,0
2017-08-16 12:29:35.486000,2017-08-16 12:36:56.422000,0:07:20.936000,copyFiles,0
2017-08-16 12:36:56.431000,2017-08-16 12:37:56.994000,0:01:00.563000,mailing,0
2017-08-16 12:37:57.001000,2017-08-16 12:38:07.028000,0:00:10.027000,printing,0
2017-08-16 12:38:07.036000,2017-08-16 13:10:19.044000,0:32:12.008000,offline,0
2017-08-16 13:10:19.062000,2017-08-16 14:10:15.065000,0:59:56.003000,meeting,0
2017-08-16 14:10:15.080000,2017-08-16 14:11:28.645000,0:01:13.565000,browsing,0
2017-08-16 14:11:28.655000,2017-08-16 14:11:38.685000,0:00:10.030000,printing,0
2017-08-16 14:11:38.694000,2017-08-16 14:16:34.258000,0:04:55.564000,copyFiles,0
2017-08-16 14:16:34.268000,2017-08-16 14:30:51.270000,0:14:17.002000,meeting,0
2017-08-16 14:30:51.279000,2017-08-16 14:34:41.491000,0:03:50.212000,browsing,0
2017-08-16 14:34:41.499000,2017-08-16 14:36:16.066000,0:01:34.567000,copyFiles,0
2017-08-16 14:36:16.077000,2017-08-16 14:42:44.308000,0:06:28.231000,browsing,0
2017-08-16 14:42:44.319000,2017-08-16 14:51:16.932000,0:08:32.613000,browsing,0
2017-08-16 14:51:16.941000,2017-08-16 14:51:53.154000,0:00:36.213000,private,0
2017-08-16 14:51:53.163000,2017-08-16 15:23:57.166000,0:32:04.003000,offline,0
2017-08-16 15:23:57.176000,2017-08-16 16:24:50.179000,1:00:53.003000,meeting,0
2017-08-16 16:24:50.191000,2017-08-16 16:26:01.091000,0:01:10.900000,mailing,0
2017-08-16 16:26:01.100000,2017-08-16 16:30:23.187000,0:04:22.087000,private,0
2017-08-16 16:30:23.200000,2017-08-16 16:32:05.333000,0:01:42.133000,browsing,0
2017-08-16 16:32:05.347000,2017-08-16 16:32:35.672000,0:00:30.325000,browsing,0
2017-08-16 16:32:35.681000,2017-08-16 16:34:11.308000,0:01:35.627000,browsing,0
2017-08-16 16:34:11.315000,2017-08-16 16:36:06.337000,0:01:55.022000,browsing,0
2017-08-16 16:36:06.349000,2017-08-16 16:46:06.375000,0:10:00.026000,browsing,-1
2017-08-16 16:46:06.397000,2017-08-16 16:49:22.545000,0:03:16.148000,browsing,0
2017-08-16 16:49:22.574000,2017-08-16 16:49:40.556000,0:00:17.982000,copyFiles,0
2017-08-16 16:49:40.566000,2017-08-16 16:52:20.138000,0:02:39.572000,copyFiles,0
2017-08-16 16:52:20.146000,2017-08-16 16:58:02.399000,0:05:42.253000,copyFiles,0
2017-08-16 16:58:02.413000,2017-08-16 18:06:03.416000,1:08:01.003000,meeting,0