start,end,duration,activity,returnCode
2017-08-02 13:34:24.671000,2017-08-02 13:39:48.843000,0:05:24.172000,copyFiles,0
2017-08-02 13:39:48.859000,2017-08-02 13:42:16.064000,0:02:27.205000,browsing,0
2017-08-02 13:42:16.064000,2017-08-02 14:42:27.074000,1:00:11.010000,meeting,0
2017-08-02 14:42:27.074000,2017-08-02 14:48:23.330000,0:05:56.256000,private,0
2017-08-02 14:48:23.330000,2017-08-02 14:48:33.455000,0:00:10.125000,printing,0
2017-08-02 14:48:33.455000,2017-08-02 14:51:31.957000,0:02:58.502000,private,0
2017-08-02 14:51:31.957000,2017-08-02 14:53:03.037000,0:01:31.080000,browsing,0
2017-08-02 14:53:03.037000,2017-08-02 16:24:41.037000,1:31:38.000000,meeting,0
2017-08-02 16:24:41.037000,2017-08-02 16:24:59.867000,0:00:18.830000,browsing,0
2017-08-02 16:24:59.867000,2017-08-02 17:06:00.867000,0:41:01.000000,offline,0
2017-08-02 17:06:00.867000,2017-08-02 17:08:33.154000,0:02:32.287000,browsing,0
2017-08-02 17:08:33.154000,2017-08-02 17:11:52.294000,0:03:19.140000,private,0
2017-08-02 17:11:52.294000,2017-08-02 17:13:44.310000,0:01:52.016000,copyFiles,0
2017-08-02 17:13:44.326000,2017-08-02 17:14:02.656000,0:00:18.330000,browsing,0
2017-08-02 17:14:02.656000,2017-08-02 17:15:44.640000,0:01:41.984000,mailing,0
2017-08-02 17:15:44.656000,2017-08-02 17:25:44.697000,0:10:00.041000,private,-1
2017-08-02 17:25:44.712000,2017-08-02 17:35:07.828000,0:09:23.116000,browsing,0
2017-08-02 17:35:07.837000,2017-08-02 17:42:47.010000,0:07:39.173000,private,0
2017-08-02 17:42:47.019000,2017-08-02 17:42:55.500000,0:00:08.481000,browsing,0
2017-08-02 17:42:55.506000,2017-08-02 17:43:15.594000,0:00:20.088000,printing,0
2017-08-02 17:43:15.602000,2017-08-02 17:47:52.615000,0:04:37.013000,breaks,0
2017-08-02 17:47:52.615000,2017-08-02 17:50:56.630000,0:03:04.015000,breaks,0
2017-08-02 17:50:56.646000,2017-08-02 17:55:56.958000,0:05:00.312000,copyFiles,0
2017-08-02 17:55:56.958000,2017-08-02 17:56:17.027000,0:00:20.069000,printing,0
2017-08-02 17:56:17.036000,2017-08-02 17:58:02.208000,0:01:45.172000,browsing,0
2017-08-02 17:58:02.217000,2017-08-02 17:59:03.453000,0:01:01.236000,mailing,0
2017-08-02 17:59:03.461000,2017-08-02 18:01:16.473000,0:02:13.012000,breaks,0
2017-08-02 18:01:16.473000,2017-08-02 19:11:16.473000,1:10:00.000000,meeting,0
2017-08-03 08:12:39.937000,2017-08-03 08:19:55.363000,0:07:15.426000,private,0
2017-08-03 08:19:55.363000,2017-08-03 08:20:05.425000,0:00:10.062000,printing,0
2017-08-03 08:20:05.425000,2017-08-03 08:22:59.425000,0:02:54.000000,breaks,0
2017-08-03 08:22:59.425000,2017-08-03 08:33:30.441000,0:10:31.016000,offline,0
2017-08-03 08:33:30.441000,2017-08-03 08:37:52.457000,0:04:22.016000,breaks,0
2017-08-03 08:37:52.457000,2017-08-03 08:39:29.783000,0:01:37.326000,browsing,0
2017-08-03 08:39:29.783000,2017-08-03 08:42:19.798000,0:02:50.015000,breaks,0
2017-08-03 08:42:19.798000,2017-08-03 08:52:19.828000,0:10:00.030000,private,-1
2017-08-03 08:52:19.845000,2017-08-03 08:53:43.846000,0:01:24.001000,breaks,0
2017-08-03 08:53:43.856000,2017-08-03 08:55:39.497000,0:01:55.641000,copyFiles,0
2017-08-03 08:55:39.505000,2017-08-03 09:03:10.507000,0:07:31.002000,offline,0
2017-08-03 09:03:10.518000,2017-08-03 09:17:00.526000,0:13:50.008000,offline,0
2017-08-03 09:17:00.537000,2017-08-03 09:19:43.937000,0:02:43.400000,copyFiles,0
2017-08-03 09:19:43.946000,2017-08-03 09:29:43.969000,0:10:00.023000,browsing,-1
2017-08-03 09:29:43.976000,2017-08-03 09:30:54.158000,0:01:10.182000,printing,0
2017-08-03 09:30:54.168000,2017-08-03 09:33:08.021000,0:02:13.853000,copyFiles,0
2017-08-03 09:33:08.029000,2017-08-03 10:21:31.031000,0:48:23.002000,meeting,0
2017-08-03 10:21:31.041000,2017-08-03 10:21:39.718000,0:00:08.677000,browsing,0
2017-08-03 10:21:39.726000,2017-08-03 10:26:22.727000,0:04:43.001000,breaks,0
2017-08-03 10:26:22.738000,2017-08-03 10:32:52.973000,0:06:30.235000,browsing,0
2017-08-03 10:32:52.982000,2017-08-03 10:42:53.001000,0:10:00.019000,private,-1
2017-08-03 10:42:53.013000,2017-08-03 10:43:02.798000,0:00:09.785000,browsing,0
2017-08-03 10:43:02.819000,2017-08-03 10:53:02.844000,0:10:00.025000,private,-1
2017-08-03 10:53:02.861000,2017-08-03 11:50:07.863000,0:57:05.002000,meeting,0
2017-08-03 11:50:07.873000,2017-08-03 12:28:20.878000,0:38:13.005000,offline,0
2017-08-03 12:28:20.890000,2017-08-03 12:28:32.357000,0:00:11.467000,browsing,0
2017-08-03 12:28:32.369000,2017-08-03 12:38:32.411000,0:10:00.042000,browsing,-1
2017-08-03 12:38:32.434000,2017-08-03 12:39:40.007000,0:01:07.573000,browsing,0
2017-08-03 12:39:40.016000,2017-08-03 12:40:45.936000,0:01:05.920000,browsing,0
2017-08-03 12:40:45.945000,2017-08-03 12:41:49.312000,0:01:03.367000,mailing,0
2017-08-03 12:41:49.335000,2017-08-03 12:44:54.337000,0:03:05.002000,breaks,0
2017-08-03 12:44:54.346000,2017-08-03 12:45:02.458000,0:00:08.112000,browsing,0
2017-08-03 12:45:02.463000,2017-08-03 12:46:30.107000,0:01:27.644000,browsing,0
2017-08-03 12:46:30.116000,2017-08-03 12:47:39.118000,0:01:09.002000,breaks,0
2017-08-03 12:47:39.127000,2017-08-03 12:52:10.465000,0:04:31.338000,browsing,0
2017-08-03 12:52:10.474000,2017-08-03 12:52:15.787000,0:00:05.313000,browsing,0
2017-08-03 12:52:15.793000,2017-08-03 12:53:52.022000,0:01:36.229000,browsing,0
2017-08-03 12:53:52.032000,2017-08-03 13:11:30.511000,0:17:38.479000,copyFiles,0
2017-08-03 13:11:30.522000,2017-08-03 13:13:35.280000,0:02:04.758000,copyFiles,0
2017-08-03 13:13:35.290000,2017-08-03 14:03:56.291000,0:50:21.001000,meeting,0
2017-08-03 14:03:56.301000,2017-08-03 14:04:04.437000,0:00:08.136000,browsing,0
2017-08-03 14:04:04.444000,2017-08-03 14:51:51.446000,0:47:47.002000,offline,0
2017-08-03 14:51:51.458000,2017-08-03 14:56:35.055000,0:04:43.597000,private,0
2017-08-03 14:56:35.065000,2017-08-03 15:06:15.274000,0:09:40.209000,browsing,0
2017-08-03 15:06:15.285000,2017-08-03 15:10:02.295000,0:03:47.010000,browsing,0
2017-08-03 15:10:02.303000,2017-08-03 15:13:46.305000,0:03:44.002000,breaks,0
2017-08-03 15:13:46.315000,2017-08-03 15:19:53.642000,0:06:07.327000,browsing,0
2017-08-03 15:19:53.652000,2017-08-03 15:23:05.657000,0:03:12.005000,breaks,0
2017-08-03 15:23:05.668000,2017-08-03 15:24:43.846000,0:01:38.178000,copyFiles,0
2017-08-03 15:24:43.855000,2017-08-03 15:25:28.932000,0:00:45.077000,browsing,0
2017-08-03 15:25:28.941000,2017-08-03 15:30:19.642000,0:04:50.701000,copyFiles,0
2017-08-03 15:30:19.651000,2017-08-03 16:24:18.652000,0:53:59.001000,meeting,0
2017-08-03 16:24:18.663000,2017-08-03 16:25:41.191000,0:01:22.528000,mailing,0
2017-08-03 16:25:41.201000,2017-08-03 16:35:41.275000,0:10:00.074000,browsing,-1
2017-08-03 16:35:41.450000,2017-08-03 16:39:37.746000,0:03:56.296000,browsing,0
2017-08-03 16:39:37.759000,2017-08-03 16:42:19.442000,0:02:41.683000,browsing,0
2017-08-03 16:42:19.456000,2017-08-03 16:43:54.353000,0:01:34.897000,browsing,0
2017-08-03 16:43:54.364000,2017-08-03 16:53:54.522000,0:10:00.158000,browsing,-1
2017-08-03 16:53:54.849000,2017-08-03 16:55:05.798000,0:01:10.949000,printing,0
2017-08-03 16:55:05.993000,2017-08-03 16:56:24.436000,0:01:18.443000,browsing,0
2017-08-03 16:56:24.446000,2017-08-03 16:56:34.480000,0:00:10.034000,printing,0
2017-08-03 16:56:34.500000,2017-08-03 17:15:51.503000,0:19:17.003000,offline,0
2017-08-03 17:15:51.569000,2017-08-03 17:25:13.467000,0:09:21.898000,private,0
2017-08-03 17:25:13.525000,2017-08-03 17:35:13.694000,0:10:00.169000,private,-1
2017-08-03 17:35:13.883000,2017-08-03 17:37:52.966000,0:02:39.083000,browsing,0
2017-08-03 17:37:52.981000,2017-08-03 17:47:53.122000,0:10:00.141000,browsing,-1
2017-08-03 17:47:53.269000,2017-08-03 17:49:05.384000,0:01:12.115000,mailing,0
2017-08-03 17:49:05.393000,2017-08-03 18:28:47.394000,0:39:42.001000,offline,0
2017-08-03 18:28:47.420000,2017-08-03 18:31:59.284000,0:03:11.864000,browsing,0
2017-08-03 18:31:59.295000,2017-08-03 18:34:47.758000,0:02:48.463000,private,0
2017-08-03 18:34:47.782000,2017-08-03 18:36:19.788000,0:01:32.006000,breaks,0
2017-08-03 18:36:19.798000,2017-08-03 18:37:50.574000,0:01:30.776000,copyFiles,0
2017-08-03 18:37:50.585000,2017-08-03 18:45:53.958000,0:08:03.373000,browsing,0
2017-08-03 18:45:53.993000,2017-08-03 18:46:49.939000,0:00:55.946000,mailing,0
2017-08-03 18:46:49.950000,2017-08-03 18:53:36.685000,0:06:46.735000,browsing,0
2017-08-03 18:53:36.698000,2017-08-03 19:02:29.806000,0:08:53.108000,copyFiles,0
2017-08-04 15:25:47.921000,2017-08-04 15:26:05.390000,0:00:17.469000,copyFiles,0
2017-08-04 15:26:05.390000,2017-08-04 15:29:21.468000,0:03:16.078000,copyFiles,0
2017-08-04 15:29:21.484000,2017-08-04 15:35:04.500000,0:05:43.016000,copyFiles,0
2017-08-04 15:35:04.515000,2017-08-04 15:37:27.923000,0:02:23.408000,private,0
2017-08-04 15:37:27.923000,2017-08-04 15:47:27.970000,0:10:00.047000,browsing,-1
2017-08-04 15:47:27.998000,2017-08-04 15:56:38.595000,0:09:10.597000,copyFiles,0
2017-08-04 15:56:38.595000,2017-08-04 15:56:59.673000,0:00:21.078000,mailing,-1
2017-08-04 15:56:59.689000,2017-08-04 15:57:20.736000,0:00:21.047000,mailing,-1
2017-08-04 15:57:20.751000,2017-08-04 16:22:08.751000,0:24:48.000000,offline,0
2017-08-04 16:22:08.751000,2017-08-04 17:58:41.767000,1:36:33.016000,meeting,0
2017-08-04 17:58:41.798000,2017-08-04 18:08:41.859000,0:10:00.061000,private,-1
2017-08-04 18:08:41.984000,2017-08-04 18:09:46.306000,0:01:04.322000,browsing,0
2017-08-04 18:09:46.335000,2017-08-04 18:13:35.251000,0:03:48.916000,browsing,0
2017-08-04 18:13:35.251000,2017-08-04 18:14:43.065000,0:01:07.814000,browsing,0
2017-08-04 18:14:43.065000,2017-08-04 18:14:52.187000,0:00:09.122000,browsing,0
2017-08-04 18:14:52.187000,2017-08-04 18:42:30.187000,0:27:38.000000,offline,0
2017-08-04 18:42:30.187000,2017-08-04 18:42:40.328000,0:00:10.141000,printing,0
2017-08-04 18:42:40.343000,2017-08-04 18:43:40.500000,0:01:00.157000,printing,0
2017-08-04 18:43:40.500000,2017-08-04 18:43:50.546000,0:00:10.046000,printing,0
2017-08-04 18:43:50.546000,2017-08-04 18:44:00.562000,0:00:10.016000,printing,0
2017-08-04 18:44:00.578000,2017-08-04 19:50:41.578000,1:06:41.000000,meeting,0
2017-08-07 08:04:52.595000,2017-08-07 08:14:52.613000,0:10:00.018000,browsing,-1
2017-08-07 08:14:52.626000,2017-08-07 08:15:13.640000,0:00:21.014000,mailing,-1
2017-08-07 08:15:13.650000,2017-08-07 08:18:59.652000,0:03:46.002000,breaks,0
2017-08-07 08:18:59.667000,2017-08-07 08:19:20.680000,0:00:21.013000,mailing,-1
2017-08-07 08:19:20.691000,2017-08-07 08:23:13.308000,0:03:52.617000,copyFiles,0
2017-08-07 08:23:13.317000,2017-08-07 08:30:50.892000,0:07:37.575000,browsing,0
2017-08-07 08:30:50.901000,2017-08-07 08:31:01.595000,0:00:10.694000,browsing,0
2017-08-07 08:31:01.604000,2017-08-07 08:39:51.624000,0:08:50.020000,offline,0
2017-08-07 08:39:51.635000,2017-08-07 08:40:05.272000,0:00:13.637000,private,0
2017-08-07 08:40:05.280000,2017-08-07 08:40:57.360000,0:00:52.080000,copyFiles,0
2017-08-07 08:40:57.370000,2017-08-07 08:44:22.707000,0:03:25.337000,copyFiles,0
2017-08-07 08:44:22.719000,2017-08-07 09:49:01.723000,1:04:39.004000,meeting,0
2017-08-07 09:49:01.736000,2017-08-07 09:49:22.752000,0:00:21.016000,mailing,-1
2017-08-07 09:49:22.763000,2017-08-07 09:52:48.765000,0:03:26.002000,breaks,0
2017-08-07 09:52:48.776000,2017-08-07 10:02:37.862000,0:09:49.086000,browsing,0
2017-08-07 10:02:37.871000,2017-08-07 10:03:30.481000,0:00:52.610000,browsing,0
2017-08-07 10:03:30.489000,2017-08-07 10:03:51.505000,0:00:21.016000,mailing,-1
2017-08-07 10:03:51.515000,2017-08-07 10:46:41.518000,0:42:50.003000,offline,0
2017-08-07 10:46:41.529000,2017-08-07 10:51:33.533000,0:04:52.004000,offline,0
2017-08-07 10:51:33.544000,2017-08-07 10:53:25.418000,0:01:51.874000,browsing,0
2017-08-07 10:53:25.426000,2017-08-07 11:01:51.099000,0:08:25.673000,browsing,0
2017-08-07 11:01:51.108000,2017-08-07 11:28:31.111000,0:26:40.003000,breaks,0
2017-08-07 11:28:31.122000,2017-08-07 11:28:52.129000,0:00:21.007000,mailing,-1
2017-08-07 11:28:52.139000,2017-08-07 11:40:57.142000,0:12:05.003000,offline,0
2017-08-07 11:40:57.154000,2017-08-07 11:41:07.158000,0:00:10.004000,private,0
2017-08-07 11:41:07.165000,2017-08-07 11:51:07.180000,0:10:00.015000,private,-1
2017-08-07 11:51:07.190000,2017-08-07 11:51:15.420000,0:00:08.230000,private,0
2017-08-07 11:51:15.428000,2017-08-07 11:51:36.445000,0:00:21.017000,mailing,-1
2017-08-07 11:51:36.453000,2017-08-07 13:19:45.456000,1:28:09.003000,meeting,0
2017-08-07 13:19:45.467000,2017-08-07 14:02:13.472000,0:42:28.005000,offline,0
2017-08-07 14:02:13.483000,2017-08-07 14:02:23.566000,0:00:10.083000,printing,0
2017-08-07 14:02:23.594000,2017-08-07 14:34:04.597000,0:31:41.003000,offline,0
2017-08-07 14:34:04.609000,2017-08-07 14:35:10.101000,0:01:05.492000,browsing,0
2017-08-07 14:35:10.113000,2017-08-07 14:36:20.657000,0:01:10.544000,browsing,0
2017-08-07 14:36:20.666000,2017-08-07 14:37:57.851000,0:01:37.185000,private,0
2017-08-07 14:37:57.860000,2017-08-07 15:06:47.106000,0:28:49.246000,copyFiles,0
2017-08-07 15:06:47.116000,2017-08-07 15:16:47.129000,0:10:00.013000,private,-1
2017-08-07 15:16:47.138000,2017-08-07 15:21:45.431000,0:04:58.293000,copyFiles,0
2017-08-07 15:21:45.441000,2017-08-07 15:21:51.391000,0:00:05.950000,browsing,0
2017-08-07 15:21:51.401000,2017-08-07 15:26:11.487000,0:04:20.086000,private,0
2017-08-07 15:26:11.503000,2017-08-07 15:27:24.505000,0:01:13.002000,breaks,0
2017-08-07 15:27:24.518000,2017-08-07 16:57:16.521000,1:29:52.003000,meeting,0
2017-08-07 16:57:16.532000,2017-08-07 16:57:37.541000,0:00:21.009000,mailing,-1
2017-08-07 16:57:37.551000,2017-08-07 17:07:37.564000,0:10:00.013000,browsing,-1
2017-08-07 17:07:37.573000,2017-08-07 17:12:03.574000,0:04:26.001000,breaks,0
2017-08-07 17:12:03.586000,2017-08-07 17:12:10.936000,0:00:07.350000,browsing,0
2017-08-07 17:12:10.943000,2017-08-07 17:14:59.945000,0:02:49.002000,breaks,0
2017-08-07 17:14:59.955000,2017-08-07 17:15:20.965000,0:00:21.010000,mailing,-1
2017-08-07 17:15:20.975000,2017-08-07 17:16:30.977000,0:01:10.002000,breaks,0
2017-08-07 17:16:30.987000,2017-08-07 17:16:39.370000,0:00:08.383000,browsing,0
2017-08-07 17:16:39.378000,2017-08-07 17:17:35.478000,0:00:56.100000,copyFiles,0
2017-08-07 17:17:35.487000,2017-08-07 17:18:07.467000,0:00:31.980000,browsing,0
2017-08-07 17:18:07.476000,2017-08-07 17:18:34.771000,0:00:27.295000,browsing,0
2017-08-07 17:18:34.780000,2017-08-07 17:20:04.997000,0:01:30.217000,printing,0
2017-08-07 17:20:05.005000,2017-08-07 17:20:27.615000,0:00:22.610000,private,0
2017-08-07 17:20:27.624000,2017-08-07 17:40:42.626000,0:20:15.002000,offline,0
2017-08-07 17:40:42.637000,2017-08-07 17:48:31.836000,0:07:49.199000,browsing,0
2017-08-07 17:48:31.846000,2017-08-07 17:53:07.849000,0:04:36.003000,breaks,0
2017-08-07 17:53:07.860000,2017-08-07 17:55:08.383000,0:02:00.523000,browsing,0
2017-08-07 17:55:08.393000,2017-08-07 17:57:51.907000,0:02:43.514000,browsing,0
2017-08-07 17:57:51.915000,2017-08-07 17:58:00.647000,0:00:08.732000,browsing,0
2017-08-07 17:58:00.655000,2017-08-07 17:59:51.230000,0:01:50.575000,browsing,0
2017-08-07 17:59:51.239000,2017-08-07 18:01:38.415000,0:01:47.176000,browsing,0
2017-08-07 18:01:38.424000,2017-08-07 18:04:18.120000,0:02:39.696000,browsing,0
2017-08-07 18:04:18.130000,2017-08-07 18:04:39.143000,0:00:21.013000,mailing,-1
2017-08-07 18:04:39.152000,2017-08-07 18:16:19.153000,0:11:40.001000,offline,0
2017-08-07 18:16:19.163000,2017-08-07 18:20:32.167000,0:04:13.004000,breaks,0
2017-08-07 18:20:32.177000,2017-08-07 18:30:32.233000,0:10:00.056000,private,-1
2017-08-07 18:30:32.241000,2017-08-07 18:37:31.456000,0:06:59.215000,browsing,0
2017-08-07 18:37:31.466000,2017-08-07 18:46:47.553000,0:09:16.087000,private,0
2017-08-07 18:46:47.562000,2017-08-07 18:49:44.338000,0:02:56.776000,private,0
2017-08-07 18:49:44.347000,2017-08-07 18:59:27.793000,0:09:43.446000,copyFiles,0
2017-08-07 18:59:27.804000,2017-08-07 19:03:07.933000,0:03:40.129000,copyFiles,0
2017-08-08 08:03:02.072000,2017-08-08 08:45:51.073000,0:42:49.001000,meeting,0
2017-08-08 08:45:51.084000,2017-08-08 08:51:31.027000,0:05:39.943000,private,0
2017-08-08 08:51:31.035000,2017-08-08 08:52:01.107000,0:00:30.072000,printing,0
2017-08-08 08:52:01.116000,2017-08-08 08:52:21.329000,0:00:20.213000,printing,0
2017-08-08 08:52:21.337000,2017-08-08 08:52:29.927000,0:00:08.590000,browsing,0
2017-08-08 08:52:29.936000,2017-08-08 08:52:39.957000,0:00:10.021000,printing,0
2017-08-08 08:52:39.968000,2017-08-08 08:53:00.984000,0:00:21.016000,mailing,-1
2017-08-08 08:53:00.992000,2017-08-08 09:31:52.993000,0:38:52.001000,meeting,0
2017-08-08 09:31:53.006000,2017-08-08 09:32:04.324000,0:00:11.318000,browsing,0
2017-08-08 09:32:04.335000,2017-08-08 09:39:14.658000,0:07:10.323000,copyFiles,0
2017-08-08 09:39:14.667000,2017-08-08 09:45:51.353000,0:06:36.686000,private,0
2017-08-08 09:45:51.362000,2017-08-08 09:46:03.395000,0:00:12.033000,browsing,0
2017-08-08 09:46:03.405000,2017-08-08 09:50:09.406000,0:04:06.001000,breaks,0
2017-08-08 09:50:09.418000,2017-08-08 09:52:28.936000,0:02:19.518000,browsing,0
2017-08-08 09:52:28.945000,2017-08-08 10:03:17.947000,0:10:49.002000,meeting,0
2017-08-08 10:03:17.957000,2017-08-08 10:13:10.399000,0:09:52.442000,copyFiles,0
2017-08-08 10:13:10.409000,2017-08-08 10:14:01.949000,0:00:51.540000,private,0
2017-08-08 10:14:01.958000,2017-08-08 10:38:41.961000,0:24:40.003000,offline,0
2017-08-08 10:38:41.981000,2017-08-08 11:00:56.985000,0:22:15.004000,offline,0
2017-08-08 11:00:56.997000,2017-08-08 12:19:20.001000,1:18:23.004000,meeting,0
2017-08-08 12:19:20.013000,2017-08-08 12:47:15.016000,0:27:55.003000,offline,0
2017-08-08 12:47:15.028000,2017-08-08 12:49:49.031000,0:02:34.003000,breaks,0
2017-08-08 12:49:49.041000,2017-08-08 12:50:10.055000,0:00:21.014000,mailing,-1
2017-08-08 12:50:10.064000,2017-08-08 12:52:27.931000,0:02:17.867000,browsing,0
2017-08-08 12:52:27.941000,2017-08-08 13:27:30.944000,0:35:03.003000,meeting,0
2017-08-08 13:27:31.442000,2017-08-08 13:27:40.420000,0:00:08.978000,browsing,0
2017-08-08 13:27:40.885000,2017-08-08 13:30:44.301000,0:03:03.416000,private,0
2017-08-08 13:30:44.310000,2017-08-08 13:36:59.640000,0:06:15.330000,copyFiles,0
2017-08-08 13:36:59.650000,2017-08-08 13:37:29.726000,0:00:30.076000,printing,0
2017-08-08 13:37:29.736000,2017-08-08 13:37:50.737000,0:00:21.001000,mailing,-1
2017-08-08 13:37:50.745000,2017-08-08 14:12:50.747000,0:35:00.002000,offline,0
2017-08-08 14:12:50.760000,2017-08-08 14:19:24.984000,0:06:34.224000,private,0
2017-08-08 14:19:25.002000,2017-08-08 14:27:10.387000,0:07:45.385000,copyFiles,0
2017-08-08 14:27:10.396000,2017-08-08 14:37:10.443000,0:10:00.047000,browsing,-1
2017-08-08 14:37:10.452000,2017-08-08 14:47:10.523000,0:10:00.071000,browsing,-1
2017-08-08 14:47:10.532000,2017-08-08 15:29:39.533000,0:42:29.001000,offline,0
2017-08-08 15:29:39.543000,2017-08-08 15:30:37.495000,0:00:57.952000,browsing,0
2017-08-08 15:30:37.521000,2017-08-08 15:30:58.526000,0:00:21.005000,mailing,-1
2017-08-08 15:30:58.550000,2017-08-08 15:31:16.952000,0:00:18.402000,private,0
2017-08-08 15:31:16.961000,2017-08-08 15:34:58.963000,0:03:42.002000,breaks,0
2017-08-08 15:34:58.974000,2017-08-08 15:36:33.113000,0:01:34.139000,copyFiles,0
2017-08-08 15:36:33.122000,2017-08-08 16:20:39.123000,0:44:06.001000,offline,0
2017-08-08 16:20:39.149000,2017-08-08 16:22:22.962000,0:01:43.813000,browsing,0
2017-08-08 16:22:22.987000,2017-08-08 16:30:18.221000,0:07:55.234000,browsing,0
2017-08-08 16:30:18.230000,2017-08-08 16:35:03.939000,0:04:45.709000,browsing,0
2017-08-08 16:35:03.948000,2017-08-08 16:35:16.778000,0:00:12.830000,browsing,0
2017-08-08 16:35:16.787000,2017-08-08 16:35:25.062000,0:00:08.275000,browsing,0
2017-08-08 16:35:25.070000,2017-08-08 16:45:25.091000,0:10:00.021000,private,-1
2017-08-08 16:45:25.107000,2017-08-08 16:47:01.922000,0:01:36.815000,browsing,0
2017-08-08 16:47:01.931000,2017-08-08 16:47:21.979000,0:00:20.048000,printing,0
2017-08-08 16:47:21.989000,2017-08-08 18:34:45.991000,1:47:24.002000,meeting,0
2017-08-08 18:34:46.004000,2017-08-08 18:47:01.006000,0:12:15.002000,offline,0
2017-08-08 18:47:01.017000,2017-08-08 18:51:54.894000,0:04:53.877000,browsing,0
2017-08-08 18:51:54.905000,2017-08-08 19:00:31.194000,0:08:36.289000,browsing,0
2017-08-10 10:01:08.750000,2017-08-10 10:01:28.517000,0:00:19.767000,browsing,0
2017-08-10 10:01:28.517000,2017-08-10 10:01:44.988000,0:00:16.471000,browsing,0
2017-08-10 10:01:44.988000,2017-08-10 10:05:19.816000,0:03:34.828000,copyFiles,0
2017-08-10 10:05:19.816000,2017-08-10 10:39:24.832000,0:34:05.016000,offline,0
2017-08-10 10:39:24.832000,2017-08-10 10:39:45.675000,0:00:20.843000,copyFiles,0
2017-08-10 10:39:45.691000,2017-08-10 10:48:16.984000,0:08:31.293000,browsing,0
2017-08-10 10:48:17,2017-08-10 10:53:21.637000,0:05:04.637000,browsing,0
2017-08-10 10:53:21.637000,2017-08-10 12:31:37.637000,1:38:16.000000,meeting,0
2017-08-10 12:31:37.637000,2017-08-10 12:34:41.653000,0:03:04.016000,breaks,0
2017-08-10 12:34:41.653000,2017-08-10 12:37:13.731000,0:02:32.078000,mailing,0
2017-08-10 12:37:13.747000,2017-08-10 13:01:08.747000,0:23:55.000000,offline,0
2017-08-10 13:01:08.747000,2017-08-10 13:51:02.762000,0:49:54.015000,meeting,0
2017-08-10 13:51:02.778000,2017-08-10 13:54:59.778000,0:03:57.000000,breaks,0
2017-08-10 13:54:59.778000,2017-08-10 13:57:27.095000,0:02:27.317000,browsing,0
2017-08-10 13:57:27.095000,2017-08-10 13:57:34.702000,0:00:07.607000,browsing,0
2017-08-10 13:57:34.702000,2017-08-10 13:57:42.625000,0:00:07.923000,browsing,0
2017-08-10 13:57:42.625000,2017-08-10 14:00:33.625000,0:02:51.000000,breaks,0
2017-08-10 14:00:33.625000,2017-08-10 14:01:39.456000,0:01:05.831000,private,0
2017-08-10 14:01:39.456000,2017-08-10 14:02:30.346000,0:00:50.890000,mailing,0
2017-08-10 14:02:30.346000,2017-08-10 15:15:16.346000,1:12:46.000000,meeting,0
2017-08-10 15:15:16.362000,2017-08-10 15:20:05.362000,0:04:49.000000,breaks,0
2017-08-10 15:20:05.362000,2017-08-10 15:23:05.810000,0:03:00.448000,private,0
2017-08-10 15:23:05.810000,2017-08-10 16:01:55.826000,0:38:50.016000,offline,0
2017-08-10 16:01:55.841000,2017-08-10 16:39:37.841000,0:37:42.000000,meeting,0
2017-08-10 16:39:37.857000,2017-08-10 16:39:49.625000,0:00:11.768000,browsing,0
2017-08-10 16:39:49.625000,2017-08-10 17:22:48.625000,0:42:59.000000,offline,0
2017-08-10 17:22:48.625000,2017-08-10 17:32:48.626000,0:10:00.001000,browsing,-1
2017-08-10 17:32:48.642000,2017-08-10 17:33:41.830000,0:00:53.188000,copyFiles,0
2017-08-10 17:33:41.830000,2017-08-10 17:35:55.751000,0:02:13.921000,copyFiles,0
2017-08-10 17:35:55.767000,2017-08-10 18:05:21.767000,0:29:26.000000,offline,0
2017-08-10 18:05:21.783000,2017-08-10 18:06:44.480000,0:01:22.697000,browsing,0
2017-08-10 18:06:44.480000,2017-08-10 18:16:44.521000,0:10:00.041000,private,-1
2017-08-10 18:16:44.560000,2017-08-10 18:52:29.569000,0:35:45.009000,offline,0
2017-08-10 18:52:29.569000,2017-08-10 18:59:36.803000,0:07:07.234000,copyFiles,0
2017-08-10 18:59:36.819000,2017-08-10 19:00:37.584000,0:01:00.765000,mailing,0
2017-08-11 08:04:24.600000,2017-08-11 08:14:24.754000,0:10:00.154000,browsing,-1
2017-08-11 08:14:25.015000,2017-08-11 08:23:15.485000,0:08:50.470000,browsing,0
2017-08-11 08:23:15.510000,2017-08-11 08:27:44.512000,0:04:29.002000,breaks,0
2017-08-11 08:27:44.524000,2017-08-11 09:14:36.528000,0:46:52.004000,meeting,0
2017-08-11 09:14:36.541000,2017-08-11 09:16:42.315000,0:02:05.774000,browsing,0
2017-08-11 09:16:42.324000,2017-08-11 09:19:56.601000,0:03:14.277000,browsing,0
2017-08-11 09:19:56.610000,2017-08-11 09:23:14.642000,0:03:18.032000,private,0
2017-08-11 09:23:14.692000,2017-08-11 10:23:40.694000,1:00:26.002000,meeting,0
2017-08-11 10:23:40.704000,2017-08-11 10:33:40.818000,0:10:00.114000,browsing,-1
2017-08-11 10:33:40.843000,2017-08-11 10:34:11.157000,0:00:30.314000,printing,0
2017-08-11 10:34:11.164000,2017-08-11 10:58:26.165000,0:24:15.001000,offline,0
2017-08-11 10:58:26.175000,2017-08-11 10:59:38.024000,0:01:11.849000,mailing,0
2017-08-11 10:59:38.032000,2017-08-11 11:01:37.395000,0:01:59.363000,browsing,0
2017-08-11 11:01:37.414000,2017-08-11 11:19:39.418000,0:18:02.004000,breaks,0
2017-08-11 11:19:39.428000,2017-08-11 11:21:57.653000,0:02:18.225000,copyFiles,0
2017-08-11 11:21:57.665000,2017-08-11 11:22:22.176000,0:00:24.511000,printing,0
2017-08-11 11:22:22.186000,2017-08-11 11:32:22.249000,0:10:00.063000,browsing,-1
2017-08-11 11:32:22.486000,2017-08-11 11:38:08.999000,0:05:46.513000,browsing,0
2017-08-11 11:38:09.009000,2017-08-11 11:39:02.425000,0:00:53.416000,mailing,0
2017-08-11 11:39:02.434000,2017-08-11 11:44:49.476000,0:05:47.042000,browsing,1
2017-08-11 11:44:49.485000,2017-08-11 11:53:30.384000,0:08:40.899000,private,0
2017-08-11 11:53:30.406000,2017-08-11 12:07:16.411000,0:13:46.005000,offline,0
2017-08-11 12:07:16.446000,2017-08-11 12:11:06.448000,0:03:50.002000,breaks,0
2017-08-11 12:11:06.458000,2017-08-11 13:12:26.471000,1:01:20.013000,meeting,0
2017-08-11 13:12:26.484000,2017-08-11 13:20:24.401000,0:07:57.917000,browsing,0
2017-08-11 13:20:24.411000,2017-08-11 13:26:29.666000,0:06:05.255000,browsing,0
2017-08-11 13:26:29.678000,2017-08-11 13:32:00.851000,0:05:31.173000,private,0
2017-08-11 13:32:00.869000,2017-08-11 13:33:04.295000,0:01:03.426000,mailing,0
2017-08-11 13:33:04.306000,2017-08-11 14:08:26.308000,0:35:22.002000,offline,0
2017-08-11 14:08:26.318000,2017-08-11 14:18:27.367000,0:10:01.049000,browsing,-1
2017-08-11 14:18:27.451000,2017-08-11 14:28:27.623000,0:10:00.172000,browsing,-1
2017-08-11 14:28:27.679000,2017-08-11 14:29:20.068000,0:00:52.389000,mailing,0
2017-08-11 14:29:20.081000,2017-08-11 14:31:14.711000,0:01:54.630000,copyFiles,0
2017-08-11 14:31:14.745000,2017-08-11 14:41:14.996000,0:10:00.251000,browsing,-1
2017-08-11 14:41:15.018000,2017-08-11 14:51:15.124000,0:10:00.106000,browsing,-1
2017-08-11 14:51:15.151000,2017-08-11 14:59:17.713000,0:08:02.562000,browsing,0
2017-08-11 14:59:17.730000,2017-08-11 15:05:50.162000,0:06:32.432000,browsing,0
2017-08-11 15:05:50.170000,2017-08-11 16:03:12.982000,0:57:22.812000,copyFiles,0
2017-08-11 16:03:12.998000,2017-08-11 16:13:13.063000,0:10:00.065000,browsing,-1
2017-08-11 16:13:13.081000,2017-08-11 16:18:43.405000,0:05:30.324000,browsing,0
2017-08-11 16:18:43.405000,2017-08-11 17:01:27.406000,0:42:44.001000,offline,0
2017-08-11 17:01:27.406000,2017-08-11 17:11:27.408000,0:10:00.002000,browsing,-1
2017-08-11 17:11:27.423000,2017-08-11 17:18:59.628000,0:07:32.205000,browsing,0
2017-08-11 17:18:59.628000,2017-08-11 17:28:59.640000,0:10:00.012000,browsing,-1
2017-08-11 17:28:59.649000,2017-08-11 17:34:23.648000,0:05:23.999000,browsing,0
2017-08-11 17:34:23.679000,2017-08-11 17:44:23.721000,0:10:00.042000,browsing,-1
2017-08-11 17:44:23.760000,2017-08-11 17:57:46.761000,0:13:23.001000,offline,0
2017-08-11 17:57:46.771000,2017-08-11 18:00:43.779000,0:02:57.008000,breaks,0
2017-08-11 18:00:43.790000,2017-08-11 19:44:58.794000,1:44:15.004000,meeting,0
2017-08-14 08:09:24.982000,2017-08-14 08:19:25.097000,0:10:00.115000,private,-1
2017-08-14 08:19:25.127000,2017-08-14 08:20:17.852000,0:00:52.725000,mailing,0
2017-08-14 08:20:17.863000,2017-08-14 08:29:13.781000,0:08:55.918000,private,0
2017-08-14 08:29:13.781000,2017-08-14 08:29:34.250000,0:00:20.469000,printing,0
2017-08-14 08:29:34.265000,2017-08-14 08:33:34.265000,0:04:00.000000,breaks,0
2017-08-14 08:33:34.265000,2017-08-14 08:33:43.663000,0:00:09.398000,browsing,0
2017-08-14 08:33:43.663000,2017-08-14 08:34:10.616000,0:00:26.953000,copyFiles,0
2017-08-14 08:34:10.616000,2017-08-14 08:34:19.872000,0:00:09.256000,browsing,0
2017-08-14 08:34:19.872000,2017-08-14 08:34:52.358000,0:00:32.486000,browsing,0
2017-08-14 08:34:52.358000,2017-08-14 08:45:02.358000,0:10:10.000000,offline,0
2017-08-14 08:45:02.358000,2017-08-14 09:41:50.358000,0:56:48.000000,meeting,0
2017-08-14 09:41:50.374000,2017-08-14 09:59:57.374000,0:18:07.000000,offline,0
2017-08-14 09:59:57.374000,2017-08-14 10:01:30.348000,0:01:32.974000,browsing,0
2017-08-14 10:01:30.348000,2017-08-14 11:16:33.354000,1:15:03.006000,meeting,0
2017-08-14 11:16:33.354000,2017-08-14 11:53:53.381000,0:37:20.027000,meeting,0
2017-08-14 11:53:53.381000,2017-08-14 11:56:11.274000,0:02:17.893000,browsing,0
2017-08-14 11:56:11.274000,2017-08-14 12:04:48.938000,0:08:37.664000,browsing,0
2017-08-14 12:04:48.954000,2017-08-14 12:10:51.292000,0:06:02.338000,private,0
2017-08-14 12:10:51.292000,2017-08-14 12:20:51.303000,0:10:00.011000,private,-1
2017-08-14 12:20:51.310000,2017-08-14 13:26:24.320000,1:05:33.010000,meeting,0
2017-08-14 13:26:24.320000,2017-08-14 13:34:06.853000,0:07:42.533000,browsing,0
2017-08-14 13:34:06.853000,2017-08-14 15:19:54.853000,1:45:48.000000,meeting,0
2017-08-14 15:19:54.853000,2017-08-14 15:23:43.853000,0:03:49.000000,breaks,0
2017-08-14 15:23:43.853000,2017-08-14 16:00:00.853000,0:36:17.000000,offline,0
2017-08-14 16:00:00.853000,2017-08-14 16:04:29.754000,0:04:28.901000,browsing,0
2017-08-14 16:04:29.754000,2017-08-14 16:08:10.725000,0:03:40.971000,browsing,1
2017-08-14 16:08:10.725000,2017-08-14 17:45:42.725000,1:37:32.000000,meeting,0
2017-08-14 17:45:42.725000,2017-08-14 19:04:29.741000,1:18:47.016000,meeting,0
2017-08-15 08:02:02.772000,2017-08-15 08:11:35.469000,0:09:32.697000,browsing,0
2017-08-15 08:11:35.469000,2017-08-15 08:11:45.153000,0:00:09.684000,private,0
2017-08-15 08:11:45.153000,2017-08-15 08:11:58.882000,0:00:13.729000,private,0
2017-08-15 08:11:58.882000,2017-08-15 08:13:31.898000,0:01:33.016000,breaks,0
2017-08-15 08:13:31.898000,2017-08-15 08:24:50.914000,0:11:19.016000,meeting,0
2017-08-15 08:24:50.914000,2017-08-15 10:19:28.929000,1:54:38.015000,meeting,0
2017-08-15 10:19:28.929000,2017-08-15 10:20:09.007000,0:00:40.078000,printing,0
2017-08-15 10:20:09.007000,2017-08-15 10:21:58.007000,0:01:49.000000,breaks,0
2017-08-15 10:21:58.023000,2017-08-15 10:45:32.023000,0:23:34.000000,offline,0
2017-08-15 10:45:32.023000,2017-08-15 10:55:32.066000,0:10:00.043000,browsing,-1
2017-08-15 10:55:32.082000,2017-08-15 10:57:30.128000,0:01:58.046000,copyFiles,0
2017-08-15 10:57:30.160000,2017-08-15 10:57:50.222000,0:00:20.062000,printing,0
2017-08-15 10:57:50.222000,2017-08-15 10:58:10.785000,0:00:20.563000,copyFiles,0
2017-08-15 10:58:10.785000,2017-08-15 10:59:27.785000,0:01:17.000000,breaks,0
2017-08-15 10:59:27.785000,2017-08-15 11:43:33.785000,0:44:06.000000,offline,0
2017-08-15 11:43:33.785000,2017-08-15 11:44:33.894000,0:01:00.109000,printing,0
2017-08-15 11:44:33.894000,2017-08-15 12:51:18.894000,1:06:45.000000,meeting,0
2017-08-15 12:51:18.894000,2017-08-15 12:53:08.722000,0:01:49.828000,copyFiles,0
2017-08-15 12:53:08.722000,2017-08-15 12:59:25.207000,0:06:16.485000,copyFiles,0
2017-08-15 12:59:25.222000,2017-08-15 13:02:18.832000,0:02:53.610000,copyFiles,0
2017-08-15 13:02:18.847000,2017-08-15 13:26:37.847000,0:24:19.000000,offline,0
2017-08-15 13:26:37.847000,2017-08-15 13:53:10.863000,0:26:33.016000,offline,0
2017-08-15 13:53:10.863000,2017-08-15 13:56:24.631000,0:03:13.768000,browsing,0
2017-08-15 13:56:24.631000,2017-08-15 14:45:53.631000,0:49:29.000000,offline,0
2017-08-15 14:45:53.631000,2017-08-15 14:49:05.694000,0:03:12.063000,copyFiles,0
2017-08-15 14:49:05.709000,2017-08-15 14:51:16.678000,0:02:10.969000,mailing,0
2017-08-15 14:51:16.694000,2017-08-15 14:51:26.399000,0:00:09.705000,browsing,0
2017-08-15 14:51:26.399000,2017-08-15 14:54:33.399000,0:03:07.000000,breaks,0
2017-08-15 14:54:33.399000,2017-08-15 15:31:39.399000,0:37:06.000000,offline,0
2017-08-15 15:31:39.399000,2017-08-15 15:33:21.430000,0:01:42.031000,copyFiles,0
2017-08-15 15:33:21.430000,2017-08-15 15:34:00.620000,0:00:39.190000,browsing,0
2017-08-15 15:34:00.620000,2017-08-15 15:41:13.620000,0:07:13.000000,offline,0
2017-08-15 15:41:13.620000,2017-08-15 15:42:01.017000,0:00:47.397000,browsing,0
2017-08-15 15:42:01.017000,2017-08-15 15:43:34.321000,0:01:33.304000,private,0
2017-08-15 15:43:34.321000,2017-08-15 15:44:44.836000,0:01:10.515000,mailing,0
2017-08-15 15:44:44.852000,2017-08-15 16:26:41.863000,0:41:57.011000,meeting,0
2017-08-15 16:26:41.863000,2017-08-15 16:27:33.385000,0:00:51.522000,browsing,0
2017-08-15 16:27:33.385000,2017-08-15 16:33:17.996000,0:05:44.611000,private,0
2017-08-15 16:33:18.011000,2017-08-15 17:11:47.011000,0:38:29.000000,offline,0
2017-08-15 17:11:47.011000,2017-08-15 17:12:50.107000,0:01:03.096000,browsing,0
2017-08-15 17:12:50.107000,2017-08-15 17:43:13.107000,0:30:23.000000,meeting,0
2017-08-15 17:43:13.185000,2017-08-15 17:47:13.156000,0:03:59.971000,browsing,0
2017-08-15 17:47:13.156000,2017-08-15 17:47:33.593000,0:00:20.437000,copyFiles,0
2017-08-15 17:47:33.593000,2017-08-15 17:49:20.109000,0:01:46.516000,copyFiles,0
2017-08-15 17:49:20.109000,2017-08-15 17:55:44.031000,0:06:23.922000,copyFiles,0
2017-08-15 17:55:44.062000,2017-08-15 18:02:57.572000,0:07:13.510000,browsing,0
2017-08-15 18:02:57.572000,2017-08-15 18:08:33.431000,0:05:35.859000,copyFiles,0
2017-08-15 18:08:33.431000,2017-08-15 18:08:43.462000,0:00:10.031000,printing,0
2017-08-15 18:08:43.462000,2017-08-15 18:09:13.525000,0:00:30.063000,printing,0
2017-08-15 18:09:13.525000,2017-08-15 18:09:51.417000,0:00:37.892000,browsing,0
2017-08-15 18:09:51.417000,2017-08-15 18:19:51.478000,0:10:00.061000,browsing,-1
2017-08-15 18:19:51.491000,2017-08-15 18:23:48.493000,0:03:57.002000,breaks,0
2017-08-15 18:23:48.503000,2017-08-15 18:33:48.550000,0:10:00.047000,private,-1
2017-08-15 18:33:48.560000,2017-08-15 19:04:49.562000,0:31:01.002000,meeting,0
2017-08-16 08:08:30.850000,2017-08-16 08:13:00.714000,0:04:29.864000,browsing,0
2017-08-16 08:13:00.723000,2017-08-16 08:18:09.233000,0:05:08.510000,copyFiles,0
2017-08-16 08:18:09.246000,2017-08-16 08:20:03.403000,0:01:54.157000,browsing,0
2017-08-16 08:20:03.412000,2017-08-16 08:23:19.414000,0:03:16.002000,breaks,0
2017-08-16 08:23:19.427000,2017-08-16 08:28:38.156000,0:05:18.729000,private,0
2017-08-16 08:28:38.169000,2017-08-16 08:34:13.927000,0:05:35.758000,copyFiles,0
2017-08-16 08:34:13.938000,2017-08-16 08:36:03.940000,0:01:50.002000,breaks,0
2017-08-16 08:36:03.953000,2017-08-16 08:38:13.960000,0:02:10.007000,breaks,0
2017-08-16 08:38:13.974000,2017-08-16 09:02:52.978000,0:24:39.004000,meeting,0
2017-08-16 09:02:52.991000,2017-08-16 09:32:12.995000,0:29:20.004000,offline,0
2017-08-16 09:32:13.013000,2017-08-16 09:34:40.376000,0:02:27.363000,private,0
2017-08-16 09:34:40.395000,2017-08-16 10:04:45.398000,0:30:05.003000,offline,0
2017-08-16 10:04:45.410000,2017-08-16 10:08:19.432000,0:03:34.022000,breaks,0
2017-08-16 10:08:19.443000,2017-08-16 10:13:31.742000,0:05:12.299000,browsing,0
2017-08-16 10:13:31.750000,2017-08-16 10:20:15.774000,0:06:44.024000,copyFiles,0
2017-08-16 10:20:15.791000,2017-08-16 11:35:30.792000,1:15:15.001000,meeting,0
2017-08-16 11:35:30.804000,2017-08-16 11:45:30.823000,0:10:00.019000,browsing,-1
2017-08-16 11:45:30.851000,2017-08-16 11:47:05.996000,0:01:35.145000,copyFiles,0
2017-08-16 11:47:06.003000,2017-08-16 11:47:14.694000,0:00:08.691000,browsing,0
2017-08-16 11:47:14.716000,2017-08-16 11:51:43.236000,0:04:28.520000,copyFiles,0
2017-08-16 11:51:43.246000,2017-08-16 11:52:22.867000,0:00:39.621000,browsing,0
2017-08-16 11:52:22.875000,2017-08-16 11:54:29.563000,0:02:06.688000,browsing,0
2017-08-16 11:54:29.572000,2017-08-16 11:55:50.775000,0:01:21.203000,mailing,0
2017-08-16 11:55:50.784000,2017-08-16 13:29:26.785000,1:33:36.001000,meeting,0
2017-08-16 13:29:26.796000,2017-08-16 13:39:26.812000,0:10:00.016000,private,-1
2017-08-16 13:39:26.833000,2017-08-16 13:41:50.945000,0:02:24.112000,browsing,0
2017-08-16 13:41:50.962000,2017-08-16 13:42:00.896000,0:00:09.934000,browsing,0
2017-08-16 13:42:01.178000,2017-08-16 13:42:32.644000,0:00:31.466000,browsing,0
2017-08-16 13:42:32.655000,2017-08-16 13:43:59.573000,0:01:26.918000,copyFiles,0
2017-08-16 13:43:59.594000,2017-08-16 13:51:54.532000,0:07:54.938000,copyFiles,0
2017-08-16 13:51:54.541000,2017-08-16 13:54:06.458000,0:02:11.917000,browsing,0
2017-08-16 13:54:06.469000,2017-08-16 14:01:37.481000,0:07:31.012000,offline,0
2017-08-16 14:01:37.509000,2017-08-16 14:02:03.029000,0:00:25.520000,copyFiles,0
2017-08-16 14:02:03.039000,2017-08-16 14:12:03.110000,0:10:00.071000,browsing,-1
2017-08-16 14:12:03.282000,2017-08-16 14:12:43.394000,0:00:40.112000,printing,0
2017-08-16 14:12:43.403000,2017-08-16 14:16:45.839000,0:04:02.436000,private,0
2017-08-16 14:16:45.848000,2017-08-16 14:23:24.502000,0:06:38.654000,browsing,0
2017-08-16 14:23:24.511000,2017-08-16 14:23:39.961000,0:00:15.450000,private,0
2017-08-16 14:23:40.039000,2017-08-16 14:27:47.528000,0:04:07.489000,copyFiles,0
2017-08-16 14:27:47.538000,2017-08-16 14:31:11.540000,0:03:24.002000,breaks,0
2017-08-16 14:31:11.550000,2017-08-16 14:32:02.291000,0:00:50.741000,mailing,0
2017-08-16 14:32:02.300000,2017-08-16 14:42:02.433000,0:10:00.133000,browsing,-1
2017-08-16 14:42:02.519000,2017-08-16 14:42:22.621000,0:00:20.102000,printing,0
2017-08-16 14:42:22.632000,2017-08-16 14:42:35.506000,0:00:12.874000,browsing,0
2017-08-16 14:42:35.513000,2017-08-16 15:29:16.516000,0:46:41.003000,offline,0
2017-08-16 15:29:16.526000,2017-08-16 15:29:27.743000,0:00:11.217000,browsing,0
2017-08-16 15:29:27.751000,2017-08-16 15:33:07.426000,0:03:39.675000,browsing,0
2017-08-16 15:33:07.648000,2017-08-16 15:37:25.436000,0:04:17.788000,browsing,0
2017-08-16 15:37:25.479000,2017-08-16 15:39:20.636000,0:01:55.157000,copyFiles,0
2017-08-16 15:39:20.652000,2017-08-16 15:40:10.829000,0:00:50.177000,printing,0
2017-08-16 15:40:10.841000,2017-08-16 15:50:11.043000,0:10:00.202000,private,-1
2017-08-16 15:50:11.165000,2017-08-16 15:50:23.438000,0:00:12.273000,private,0
2017-08-16 15:50:23.446000,2017-08-16 15:51:31.448000,0:01:08.002000,breaks,0
2017-08-16 15:51:31.463000,2017-08-16 16:01:31.505000,0:10:00.042000,private,-1
2017-08-16 16:01:31.728000,2017-08-16 16:01:49.109000,0:00:17.381000,browsing,0
2017-08-16 16:01:49.133000,2017-08-16 16:05:07.135000,0:03:18.002000,breaks,0
2017-08-16 16:05:07.145000,2017-08-16 16:11:42.148000,0:06:35.003000,offline,0
2017-08-16 16:11:42.169000,2017-08-16 16:12:43.547000,0:01:01.378000,private,0
2017-08-16 16:12:43.556000,2017-08-16 16:13:22.781000,0:00:39.225000,browsing,0
2017-08-16 16:13:22.809000,2017-08-16 16:18:10.871000,0:04:48.062000,copyFiles,0
2017-08-16 16:18:10.880000,2017-08-16 16:19:31.841000,0:01:20.961000,mailing,0
2017-08-16 16:19:31.849000,2017-08-16 16:20:52.503000,0:01:20.654000,mailing,0
2017-08-16 16:20:52.512000,2017-08-16 16:20:59.433000,0:00:06.921000,browsing,0
2017-08-16 16:20:59.440000,2017-08-16 16:21:09.462000,0:00:10.022000,printing,0
2017-08-16 16:21:09.475000,2017-08-16 16:21:18.209000,0:00:08.734000,browsing,0
2017-08-16 16:21:18.217000,2017-08-16 16:22:09.208000,0:00:50.991000,mailing,0
2017-08-16 16:22:09.217000,2017-08-16 16:22:21.404000,0:00:12.187000,browsing,0
2017-08-16 16:22:21.412000,2017-08-16 16:23:12.107000,0:00:50.695000,mailing,0
2017-08-16 16:23:12.115000,2017-08-16 16:26:52.116000,0:03:40.001000,breaks,0
2017-08-16 16:26:52.125000,2017-08-16 16:28:02.812000,0:01:10.687000,mailing,0
2017-08-16 16:28:02.822000,2017-08-16 16:28:12.318000,0:00:09.496000,browsing,0
2017-08-16 16:28:12.324000,2017-08-16 16:34:07.384000,0:05:55.060000,private,0
2017-08-16 16:34:07.392000,2017-08-16 16:45:22.051000,0:11:14.659000,copyFiles,0
2017-08-16 16:45:22.062000,2017-08-16 16:48:37.392000,0:03:15.330000,private,0
2017-08-16 16:48:37.415000,2017-08-16 16:52:24.416000,0:03:47.001000,breaks,0
2017-08-16 16:52:24.428000,2017-08-16 17:02:24.468000,0:10:00.040000,browsing,-1
2017-08-16 17:02:24.478000,2017-08-16 17:12:24.641000,0:10:00.163000,private,-1
2017-08-16 17:12:24.733000,2017-08-16 17:22:24.879000,0:10:00.146000,browsing,-1
2017-08-16 17:22:24.888000,2017-08-16 18:11:52.937000,0:49:28.049000,offline,0
2017-08-16 18:11:52.965000,2017-08-16 18:12:10.044000,0:00:17.079000,browsing,0
2017-08-16 18:12:10.059000,2017-08-16 18:54:11.060000,0:42:01.001000,offline,0
2017-08-16 18:54:11.072000,2017-08-16 18:54:21.100000,0:00:10.028000,printing,0
2017-08-16 18:54:21.111000,2017-08-16 18:54:34.186000,0:00:13.075000,browsing,0
2017-08-16 18:54:34.201000,2017-08-16 18:55:22.850000,0:00:48.649000,browsing,0
2017-08-16 18:55:22.860000,2017-08-16 18:57:32.443000,0:02:09.583000,copyFiles,0
2017-08-16 18:57:32.452000,2017-08-16 18:58:40.915000,0:01:08.463000,browsing,0
2017-08-16 18:58:40.923000,2017-08-16 20:29:38.925000,1:30:58.002000,meeting,0