start,end,duration,activity,returnCode
2017-08-02 08:02:20.832665,2017-08-02 08:10:20.596534,0:07:59.763869,copyFiles,0
2017-08-02 08:10:20.601658,2017-08-02 08:14:35.702710,0:04:15.101052,breaks,0
2017-08-02 08:14:35.710384,2017-08-02 08:25:10.812149,0:10:35.101765,meeting,0
2017-08-02 08:25:10.819860,2017-08-02 08:28:02.029112,0:02:51.209252,browsing,0
2017-08-02 08:28:02.035054,2017-08-02 08:28:34.593395,0:00:32.558341,copyFiles,0
2017-08-02 08:28:34.599950,2017-08-02 08:34:44.377322,0:06:09.777372,browsing,0
2017-08-02 08:34:44.384487,2017-08-02 08:35:13.695245,0:00:29.310758,browsing,0
2017-08-02 08:35:13.701196,2017-08-02 08:37:12.802344,0:01:59.101148,breaks,0
2017-08-02 08:37:12.807857,2017-08-02 08:41:56.343768,0:04:43.535911,browsing,0
2017-08-02 08:41:56.350491,2017-08-02 08:49:56.892968,0:08:00.542477,browsing,0
2017-08-02 08:49:56.898925,2017-08-02 08:53:08.000418,0:03:11.101493,breaks,0
2017-08-02 08:53:08.006638,2017-08-02 08:53:31.052701,0:00:23.046063,copyFiles,0
2017-08-02 08:53:31.058943,2017-08-02 08:56:28.014262,0:02:56.955319,copyFiles,0
2017-08-02 08:56:28.020158,2017-08-02 08:57:49.799275,0:01:21.779117,mailing,0
2017-08-02 08:57:49.809069,2017-08-02 09:04:04.427685,0:06:14.618616,browsing,0
2017-08-02 09:04:04.433263,2017-08-02 09:04:21.508608,0:00:17.075345,printing,0
2017-08-02 09:04:21.517345,2017-08-02 09:13:15.299286,0:08:53.781941,copyFiles,0
2017-08-02 09:13:15.304725,2017-08-02 09:14:37.000755,0:01:21.696030,browsing,0
2017-08-02 09:14:37.007610,2017-08-02 09:14:53.372956,0:00:16.365346,browsing,0
2017-08-02 09:14:53.379123,2017-08-02 10:43:26.480908,1:28:33.101785,meeting,0
2017-08-02 10:43:26.488823,2017-08-02 10:48:24.893601,0:04:58.404778,browsing,0
2017-08-02 10:48:24.899275,2017-08-02 10:51:57.685812,0:03:32.786537,browsing,0
2017-08-02 10:51:57.692330,2017-08-02 10:52:33.769652,0:00:36.077322,browsing,0
2017-08-02 10:52:33.777590,2017-08-02 10:53:09.098568,0:00:35.320978,browsing,0
2017-08-02 10:53:09.107488,2017-08-02 10:59:13.077212,0:06:03.969724,browsing,0
2017-08-02 10:59:13.085326,2017-08-02 10:59:38.672336,0:00:25.587010,browsing,0
2017-08-02 10:59:38.678285,2017-08-02 11:01:12.259943,0:01:33.581658,copyFiles,0
2017-08-02 11:01:12.266435,2017-08-02 11:49:47.367791,0:48:35.101356,offline,0
2017-08-02 11:49:47.375200,2017-08-02 11:51:26.495916,0:01:39.120716,copyFiles,0
2017-08-02 11:51:26.514283,2017-08-02 11:53:15.500409,0:01:48.986126,browsing,0
2017-08-02 11:53:15.506534,2017-08-02 11:54:41.934605,0:01:26.428071,copyFiles,0
2017-08-02 11:54:41.941053,2017-08-02 13:53:32.042487,1:58:50.101434,meeting,0
2017-08-02 13:53:32.048817,2017-08-02 13:54:03.851210,0:00:31.802393,browsing,0
2017-08-02 13:54:03.858453,2017-08-02 13:55:11.729819,0:01:07.871366,browsing,0
2017-08-02 13:55:11.735929,2017-08-02 14:06:13.692761,0:11:01.956832,copyFiles,0
2017-08-02 14:06:13.699011,2017-08-02 14:07:03.567881,0:00:49.868870,browsing,0
2017-08-02 14:07:03.577227,2017-08-02 14:08:24.484660,0:01:20.907433,browsing,0
2017-08-02 14:08:24.490799,2017-08-02 14:43:29.592409,0:35:05.101610,offline,0
2017-08-02 14:43:29.599817,2017-08-02 14:46:50.290774,0:03:20.690957,browsing,0
2017-08-02 14:46:50.301429,2017-08-02 14:47:20.952416,0:00:30.650987,copyFiles,0
2017-08-02 14:47:20.959107,2017-08-02 14:53:22.962092,0:06:02.002985,browsing,0
2017-08-02 14:53:22.972794,2017-08-02 15:30:56.074546,0:37:33.101752,offline,0
2017-08-02 15:30:56.082011,2017-08-02 15:36:44.908285,0:05:48.826274,copyFiles,0
2017-08-02 15:36:44.914492,2017-08-02 15:51:29.959965,0:14:45.045473,offline,0
2017-08-02 15:51:29.967185,2017-08-02 15:53:40.689654,0:02:10.722469,browsing,0
2017-08-02 15:53:40.696161,2017-08-02 16:10:19.417295,0:16:38.721134,copyFiles,0
2017-08-02 16:10:19.435071,2017-08-02 16:14:32.320950,0:04:12.885879,copyFiles,0
2017-08-02 16:14:32.327998,2017-08-02 17:03:58.338281,0:49:26.010283,offline,0
2017-08-02 17:03:58.345748,2017-08-02 17:04:13.255418,0:00:14.909670,browsing,0
2017-08-02 17:04:13.262114,2017-08-02 18:34:25.364171,1:30:12.102057,meeting,0
2017-08-02 18:34:25.374095,2017-08-02 18:40:10.839505,0:05:45.465410,copyFiles,0
2017-08-02 18:40:10.846564,2017-08-02 18:41:01.606668,0:00:50.760104,browsing,0
2017-08-02 18:41:01.614107,2017-08-02 18:42:45.561690,0:01:43.947583,copyFiles,0
2017-08-02 18:42:45.582861,2017-08-02 19:10:00.685845,0:27:15.102984,offline,0
2017-08-02 19:10:00.693469,2017-08-02 19:10:39.628976,0:00:38.935507,browsing,0
2017-08-02 19:10:39.635955,2017-08-02 19:11:13.363226,0:00:33.727271,browsing,0
2017-08-02 19:11:13.369535,2017-08-02 19:15:33.470938,0:04:20.101403,offline,0
2017-08-02 19:15:33.478348,2017-08-02 19:16:23.884563,0:00:50.406215,mailing,0
2017-08-02 19:16:23.890791,2017-08-02 19:19:17.162016,0:02:53.271225,browsing,0
2017-08-02 19:19:17.169028,2017-08-02 19:24:43.271127,0:05:26.102099,offline,0
2017-08-02 19:24:43.278550,2017-08-02 19:25:18.493309,0:00:35.214759,printing,0
2017-08-02 19:25:18.499632,2017-08-02 19:25:43.852326,0:00:25.352694,browsing,0
2017-08-02 19:25:43.859073,2017-08-02 20:09:48.960944,0:44:05.101871,offline,0
2017-08-03 08:09:54.100711,2017-08-03 08:16:01.579197,0:06:07.478486,browsing,0
2017-08-03 08:16:01.584516,2017-08-03 08:16:57.750138,0:00:56.165622,browsing,0
2017-08-03 08:16:57.756114,2017-08-03 08:19:05.237998,0:02:07.481884,browsing,0
2017-08-03 08:19:05.244889,2017-08-03 08:20:25.887776,0:01:20.642887,mailing,0
2017-08-03 08:20:25.893073,2017-08-03 08:50:25.994178,0:30:00.101105,offline,0
2017-08-03 08:50:26.002640,2017-08-03 08:52:54.264960,0:02:28.262320,copyFiles,0
2017-08-03 08:52:54.271575,2017-08-03 08:56:43.372670,0:03:49.101095,offline,0
2017-08-03 08:56:43.380480,2017-08-03 08:58:44.392562,0:02:01.012082,browsing,0
2017-08-03 08:58:44.398960,2017-08-03 09:02:39.710442,0:03:55.311482,browsing,0
2017-08-03 09:02:39.717064,2017-08-03 09:11:19.726703,0:08:40.009639,copyFiles,0
2017-08-03 09:11:19.733403,2017-08-03 09:27:45.834530,0:16:26.101127,offline,0
2017-08-03 09:27:45.843064,2017-08-03 09:28:36.916753,0:00:51.073689,browsing,0
2017-08-03 09:28:36.923905,2017-08-03 09:32:14.145327,0:03:37.221422,browsing,0
2017-08-03 09:32:14.153126,2017-08-03 09:35:27.971241,0:03:13.818115,browsing,0
2017-08-03 09:35:27.976973,2017-08-03 09:45:27.983113,0:10:00.006140,browsing,-1
2017-08-03 09:45:27.989441,2017-08-03 09:45:43.253372,0:00:15.263931,printing,0
2017-08-03 09:45:43.259228,2017-08-03 09:49:03.486524,0:03:20.227296,browsing,0
2017-08-03 09:49:03.493096,2017-08-03 09:49:53.747142,0:00:50.254046,mailing,0
2017-08-03 09:49:53.751857,2017-08-03 09:52:01.469993,0:02:07.718136,browsing,0
2017-08-03 09:52:01.476153,2017-08-03 09:52:11.827614,0:00:10.351461,browsing,0
2017-08-03 09:52:11.833973,2017-08-03 10:23:37.852772,0:31:26.018799,offline,0
2017-08-03 10:23:37.861218,2017-08-03 11:04:07.936265,0:40:30.075047,offline,0
2017-08-03 11:04:07.944279,2017-08-03 11:04:15.033724,0:00:07.089445,browsing,0
2017-08-03 11:04:15.040687,2017-08-03 11:06:15.979120,0:02:00.938433,browsing,0
2017-08-03 11:06:15.986806,2017-08-03 11:09:46.542029,0:03:30.555223,browsing,0
2017-08-03 11:09:46.548433,2017-08-03 11:10:33.182837,0:00:46.634404,browsing,0
2017-08-03 11:10:33.189251,2017-08-03 11:44:32.204656,0:33:59.015405,offline,0
2017-08-03 11:44:32.213601,2017-08-03 11:45:17.141823,0:00:44.928222,browsing,0
2017-08-03 11:45:17.148446,2017-08-03 11:46:08.895625,0:00:51.747179,browsing,0
2017-08-03 11:46:08.926134,2017-08-03 11:47:02.841051,0:00:53.914917,browsing,0
2017-08-03 11:47:02.848025,2017-08-03 12:34:13.938586,0:47:11.090561,offline,0
2017-08-03 12:34:13.945769,2017-08-03 13:13:15.038048,0:39:01.092279,offline,0
2017-08-03 13:13:15.046657,2017-08-03 13:15:06.055181,0:01:51.008524,breaks,0
2017-08-03 13:15:06.062517,2017-08-03 13:17:32.272518,0:02:26.210001,browsing,0
2017-08-03 13:17:32.278726,2017-08-03 13:21:42.324314,0:04:10.045588,breaks,0
2017-08-03 13:21:42.331132,2017-08-03 13:24:54.641200,0:03:12.310068,copyFiles,0
2017-08-03 13:24:54.777584,2017-08-03 13:25:42.709931,0:00:47.932347,browsing,0
2017-08-03 13:25:42.716562,2017-08-03 13:28:22.626197,0:02:39.909635,browsing,0
2017-08-03 13:28:22.632616,2017-08-03 13:32:17.638576,0:03:55.005960,breaks,0
2017-08-03 13:32:17.645703,2017-08-03 13:32:57.368122,0:00:39.722419,browsing,0
2017-08-03 13:32:57.375984,2017-08-03 13:39:41.451970,0:06:44.075986,browsing,0
2017-08-03 13:39:41.458860,2017-08-03 13:42:02.418011,0:02:20.959151,browsing,0
2017-08-03 13:42:02.424308,2017-08-03 13:46:34.674071,0:04:32.249763,copyFiles,0
2017-08-03 13:46:34.684045,2017-08-03 13:48:38.240888,0:02:03.556843,copyFiles,0
2017-08-03 13:48:38.246780,2017-08-03 13:50:25.056911,0:01:46.810131,copyFiles,0
2017-08-03 13:50:25.063156,2017-08-03 13:50:34.054703,0:00:08.991547,browsing,0
2017-08-03 13:50:34.060983,2017-08-03 13:53:55.651343,0:03:21.590360,browsing,0
2017-08-03 13:53:55.657759,2017-08-03 14:00:27.114996,0:06:31.457237,browsing,0
2017-08-03 14:00:27.121714,2017-08-03 14:04:08.154657,0:03:41.032943,breaks,0
2017-08-03 14:04:08.162158,2017-08-03 14:04:44.524908,0:00:36.362750,browsing,0
2017-08-03 14:04:44.531620,2017-08-03 14:27:01.538067,0:22:17.006447,offline,0
2017-08-03 14:27:01.544957,2017-08-03 14:29:35.788687,0:02:34.243730,copyFiles,0
2017-08-03 14:29:35.795088,2017-08-03 14:30:10.936792,0:00:35.141704,printing,0
2017-08-03 14:30:10.943348,2017-08-03 16:06:02.004363,1:35:51.061015,meeting,0
2017-08-03 16:06:02.011338,2017-08-03 16:34:49.020937,0:28:47.009599,offline,0
2017-08-03 16:34:49.027852,2017-08-03 16:36:45.284175,0:01:56.256323,browsing,0
2017-08-03 16:36:45.290660,2017-08-03 16:39:46.304188,0:03:01.013528,breaks,0
2017-08-03 16:39:46.311781,2017-08-03 16:42:52.915174,0:03:06.603393,browsing,0
2017-08-03 16:42:52.921297,2017-08-03 17:15:32.937800,0:32:40.016503,offline,0
2017-08-03 17:15:32.945597,2017-08-03 17:18:19.239456,0:02:46.293859,browsing,0
2017-08-03 17:18:19.245922,2017-08-03 17:19:31.203907,0:01:11.957985,browsing,0
2017-08-03 17:19:31.210544,2017-08-03 17:57:07.311910,0:37:36.101366,offline,0
2017-08-03 17:57:07.318877,2017-08-03 17:58:49.444567,0:01:42.125690,copyFiles,0
2017-08-03 17:58:49.451938,2017-08-03 18:00:42.479223,0:01:53.027285,browsing,0
2017-08-03 18:00:42.485085,2017-08-03 18:00:58.942257,0:00:16.457172,browsing,0
2017-08-03 18:00:58.947598,2017-08-03 18:05:24.940731,0:04:25.993133,browsing,0
2017-08-03 18:05:24.946159,2017-08-03 18:06:30.899565,0:01:05.953406,browsing,0
2017-08-03 18:06:30.905795,2017-08-03 18:06:49.115095,0:00:18.209300,browsing,0
2017-08-03 18:06:49.121716,2017-08-03 18:08:16.750901,0:01:27.629185,browsing,0
2017-08-03 18:08:16.757217,2017-08-03 18:14:35.694428,0:06:18.937211,browsing,0
2017-08-03 18:14:35.701898,2017-08-03 18:14:58.625980,0:00:22.924082,browsing,0
2017-08-03 18:14:58.632965,2017-08-03 18:22:45.549866,0:07:46.916901,browsing,0
2017-08-03 18:22:45.557139,2017-08-03 18:23:47.371953,0:01:01.814814,copyFiles,0
2017-08-03 18:23:47.377640,2017-08-03 18:42:57.437460,0:19:10.059820,offline,0
2017-08-03 18:42:57.444539,2017-08-03 18:44:45.981710,0:01:48.537171,browsing,0
2017-08-03 18:44:45.988572,2017-08-03 18:45:42.348775,0:00:56.360203,browsing,0
2017-08-03 18:45:42.678095,2017-08-03 18:53:50.088906,0:08:07.410811,copyFiles,0
2017-08-03 18:53:50.095457,2017-08-03 18:55:31.970099,0:01:41.874642,browsing,0
2017-08-03 18:55:31.981064,2017-08-03 19:05:31.985771,0:10:00.004707,browsing,-1
2017-08-03 19:05:31.991029,2017-08-03 19:19:02.839564,0:13:30.848535,copyFiles,0
2017-08-03 19:19:02.846780,2017-08-03 19:33:46.937415,0:14:44.090635,offline,0
2017-08-03 19:33:46.944895,2017-08-03 19:34:22.054476,0:00:35.109581,browsing,0
2017-08-03 19:34:22.062237,2017-08-03 19:36:47.140181,0:02:25.077944,copyFiles,0
2017-08-03 19:36:47.145099,2017-08-03 19:38:35.172471,0:01:48.027372,copyFiles,0
2017-08-03 19:38:35.178368,2017-08-03 19:46:46.435868,0:08:11.257500,browsing,0
2017-08-03 19:46:46.444464,2017-08-03 19:47:47.340245,0:01:00.895781,mailing,0
2017-08-03 19:47:47.346093,2017-08-03 19:48:13.338919,0:00:25.992826,printing,0
2017-08-03 19:48:13.345213,2017-08-03 19:51:25.437983,0:03:12.092770,breaks,0
2017-08-03 19:51:25.445488,2017-08-03 19:55:30.504556,0:04:05.059068,breaks,0
2017-08-03 19:55:30.510841,2017-08-03 20:05:30.516461,0:10:00.005620,browsing,-1
2017-08-04 09:16:28.010221,2017-08-04 10:30:00.035172,1:13:32.024951,meeting,0
2017-08-04 10:30:00.039843,2017-08-04 10:30:40.590721,0:00:40.550878,browsing,0
2017-08-04 10:30:40.596113,2017-08-04 10:33:55.696911,0:03:15.100798,offline,0
2017-08-04 10:33:55.704344,2017-08-04 11:52:44.805723,1:18:49.101379,meeting,0
2017-08-04 11:52:44.811990,2017-08-04 12:38:18.912942,0:45:34.100952,offline,0
2017-08-04 12:38:18.918915,2017-08-04 12:43:56.257155,0:05:37.338240,browsing,0
2017-08-04 12:43:56.262864,2017-08-04 12:47:04.363888,0:03:08.101024,breaks,0
2017-08-04 12:47:04.371030,2017-08-04 12:51:16.167842,0:04:11.796812,browsing,0
2017-08-04 12:51:16.173453,2017-08-04 13:07:43.274447,0:16:27.100994,offline,0
2017-08-04 13:07:43.280545,2017-08-04 13:07:58.386137,0:00:15.105592,printing,0
2017-08-04 13:07:58.392211,2017-08-04 13:09:55.493235,0:01:57.101024,breaks,0
2017-08-04 13:09:55.499549,2017-08-04 13:57:42.600532,0:47:47.100983,offline,0
2017-08-04 13:57:42.606289,2017-08-04 13:58:37.216030,0:00:54.609741,browsing,0
2017-08-04 13:58:37.220639,2017-08-04 14:02:56.408976,0:04:19.188337,copyFiles,0
2017-08-04 14:02:56.414237,2017-08-04 14:09:54.994853,0:06:58.580616,copyFiles,0
2017-08-04 14:09:55.001230,2017-08-04 14:37:12.035138,0:27:17.033908,offline,0
2017-08-04 14:37:12.040566,2017-08-04 14:41:39.483997,0:04:27.443431,copyFiles,0
2017-08-04 14:41:39.489651,2017-08-04 14:41:54.525072,0:00:15.035421,printing,0
2017-08-04 14:41:54.529291,2017-08-04 14:42:00.961899,0:00:06.432608,browsing,0
2017-08-04 14:42:00.967376,2017-08-04 14:44:11.303343,0:02:10.335967,copyFiles,0
2017-08-04 14:44:11.308888,2017-08-04 14:47:54.433218,0:03:43.124330,browsing,0
2017-08-04 14:47:54.491886,2017-08-04 14:50:44.336275,0:02:49.844389,browsing,0
2017-08-04 14:50:44.342198,2017-08-04 16:28:09.439352,1:37:25.097154,meeting,0
2017-08-04 16:28:09.446149,2017-08-04 16:28:16.125987,0:00:06.679838,browsing,0
2017-08-04 16:28:16.132701,2017-08-04 16:37:23.234213,0:09:07.101512,offline,0
2017-08-04 16:37:23.240867,2017-08-04 17:04:05.312038,0:26:42.071171,offline,0
2017-08-04 17:04:05.323153,2017-08-04 17:05:27.532466,0:01:22.209313,browsing,0
2017-08-04 17:05:27.538869,2017-08-04 17:07:47.692712,0:02:20.153843,copyFiles,0
2017-08-04 17:07:47.698850,2017-08-04 17:29:05.800239,0:21:18.101389,offline,0
2017-08-04 17:29:05.806221,2017-08-04 17:29:57.960009,0:00:52.153788,browsing,0
2017-08-04 17:29:57.966306,2017-08-04 17:31:16.270412,0:01:18.304106,browsing,0
2017-08-04 17:31:16.275582,2017-08-04 17:43:10.081454,0:11:53.805872,copyFiles,0
2017-08-04 17:43:10.087269,2017-08-04 17:52:45.744289,0:09:35.657020,copyFiles,0
2017-08-04 17:52:45.753057,2017-08-04 17:53:54.870268,0:01:09.117211,copyFiles,0
2017-08-04 17:53:54.875606,2017-08-04 17:59:44.684587,0:05:49.808981,browsing,0
2017-08-04 17:59:44.690356,2017-08-04 18:02:41.563680,0:02:56.873324,copyFiles,0
2017-08-04 18:02:41.569926,2017-08-04 18:46:24.670902,0:43:43.100976,offline,0
2017-08-04 18:46:24.677689,2017-08-04 18:47:02.704552,0:00:38.026863,browsing,0
2017-08-04 18:47:02.710178,2017-08-04 18:47:43.562686,0:00:40.852508,browsing,0
2017-08-04 18:47:43.569234,2017-08-04 19:10:53.670758,0:23:10.101524,offline,0
2017-08-04 19:10:53.677637,2017-08-04 19:20:49.978924,0:09:56.301287,browsing,0
2017-08-04 19:20:49.988784,2017-08-04 19:25:33.510453,0:04:43.521669,browsing,0
2017-08-04 19:25:33.530212,2017-08-04 19:25:58.760495,0:00:25.230283,printing,0
2017-08-04 19:25:58.788893,2017-08-04 19:42:49.890036,0:16:51.101143,offline,0
2017-08-04 19:42:49.914157,2017-08-04 20:07:35.016319,0:24:45.102162,offline,0
2017-08-07 08:06:31.820296,2017-08-07 08:10:40.012688,0:04:08.192392,browsing,0
2017-08-07 08:10:40.023887,2017-08-07 08:11:59.134494,0:01:19.110607,copyFiles,0
2017-08-07 08:11:59.140689,2017-08-07 08:32:42.241808,0:20:43.101119,offline,0
2017-08-07 08:32:42.249018,2017-08-07 08:36:43.318672,0:04:01.069654,copyFiles,0
2017-08-07 08:36:43.324658,2017-08-07 08:41:32.343605,0:04:49.018947,browsing,0
2017-08-07 08:41:32.350201,2017-08-07 08:41:47.484412,0:00:15.134211,printing,0
2017-08-07 08:41:47.490249,2017-08-07 08:44:04.240820,0:02:16.750571,copyFiles,0
2017-08-07 08:44:04.245949,2017-08-07 08:44:29.314717,0:00:25.068768,printing,0
2017-08-07 08:44:29.320440,2017-08-07 08:51:11.376693,0:06:42.056253,copyFiles,0
2017-08-07 08:51:11.382680,2017-08-07 09:09:17.483847,0:18:06.101167,offline,0
2017-08-07 09:09:17.491268,2017-08-07 09:35:08.067736,0:25:50.576468,copyFiles,0
2017-08-07 09:35:08.073999,2017-08-07 09:40:44.853433,0:05:36.779434,browsing,0
2017-08-07 09:40:44.859778,2017-08-07 10:15:03.961606,0:34:19.101828,offline,0
2017-08-07 10:15:03.967833,2017-08-07 10:33:24.069363,0:18:20.101530,offline,0
2017-08-07 10:33:24.076663,2017-08-07 10:33:42.995967,0:00:18.919304,browsing,0
2017-08-07 10:33:43.001671,2017-08-07 10:34:51.947269,0:01:08.945598,browsing,0
2017-08-07 10:34:51.953719,2017-08-07 10:35:17.022137,0:00:25.068418,printing,0
2017-08-07 10:35:17.028487,2017-08-07 10:40:49.816683,0:05:32.788196,browsing,0
2017-08-07 10:40:49.822610,2017-08-07 10:46:09.924255,0:05:20.101645,offline,0
2017-08-07 10:46:09.934177,2017-08-07 10:46:24.975042,0:00:15.040865,printing,0
2017-08-07 10:46:24.980901,2017-08-07 10:56:24.986897,0:10:00.005996,browsing,-1
2017-08-07 10:56:24.992970,2017-08-07 10:57:39.151944,0:01:14.158974,copyFiles,0
2017-08-07 10:57:39.234150,2017-08-07 11:38:49.269975,0:41:10.035825,offline,0
2017-08-07 11:38:49.276900,2017-08-07 11:56:24.337646,0:17:35.060746,offline,0
2017-08-07 11:56:24.345010,2017-08-07 12:27:48.444626,0:31:24.099616,meeting,0
2017-08-07 12:27:48.452307,2017-08-07 12:41:17.553944,0:13:29.101637,offline,0
2017-08-07 12:41:17.560597,2017-08-07 12:42:16.984421,0:00:59.423824,browsing,0
2017-08-07 12:42:16.990402,2017-08-07 12:44:33.479796,0:02:16.489394,browsing,0
2017-08-07 12:44:33.487748,2017-08-07 12:46:18.625594,0:01:45.137846,browsing,0
2017-08-07 12:46:18.630740,2017-08-07 12:53:51.623924,0:07:32.993184,browsing,0
2017-08-07 12:53:51.631198,2017-08-07 12:56:47.414631,0:02:55.783433,browsing,0
2017-08-07 12:56:47.420908,2017-08-07 13:08:18.453752,0:11:31.032844,offline,0
2017-08-07 13:08:18.465191,2017-08-07 13:09:21.867949,0:01:03.402758,browsing,0
2017-08-07 13:09:21.874140,2017-08-07 13:25:50.960521,0:16:29.086381,offline,0
2017-08-07 13:25:50.966304,2017-08-07 13:26:57.090010,0:01:06.123706,copyFiles,0
2017-08-07 13:26:57.096395,2017-08-07 13:27:03.728379,0:00:06.631984,browsing,0
2017-08-07 13:27:03.734366,2017-08-07 13:27:09.627009,0:00:05.892643,browsing,0
2017-08-07 13:27:09.632695,2017-08-07 13:27:47.348104,0:00:37.715409,copyFiles,0
2017-08-07 13:27:47.353945,2017-08-07 13:27:55.293636,0:00:07.939691,browsing,0
2017-08-07 13:27:55.299615,2017-08-07 13:31:58.750999,0:04:03.451384,copyFiles,0
2017-08-07 13:31:58.757278,2017-08-07 13:32:59.085631,0:01:00.328353,browsing,0
2017-08-07 13:32:59.091935,2017-08-07 13:34:23.836580,0:01:24.744645,browsing,0
2017-08-07 13:34:23.842703,2017-08-07 13:38:15.942626,0:03:52.099923,breaks,0
2017-08-07 13:38:15.949936,2017-08-07 13:38:37.864447,0:00:21.914511,copyFiles,0
2017-08-07 13:38:37.870066,2017-08-07 13:47:39.880902,0:09:02.010836,browsing,0
2017-08-07 13:47:39.886652,2017-08-07 13:48:28.078561,0:00:48.191909,browsing,0
2017-08-07 13:48:28.084333,2017-08-07 13:48:46.204069,0:00:18.119736,browsing,0
2017-08-07 13:48:46.210653,2017-08-07 13:51:48.024677,0:03:01.814024,copyFiles,0
2017-08-07 13:51:48.035238,2017-08-07 13:54:32.404808,0:02:44.369570,browsing,0
2017-08-07 13:54:32.410904,2017-08-07 13:55:17.782934,0:00:45.372030,browsing,0
2017-08-07 13:55:17.788374,2017-08-07 14:00:32.889948,0:05:15.101574,offline,0
2017-08-07 14:00:32.897547,2017-08-07 14:10:54.908768,0:10:22.011221,copyFiles,0
2017-08-07 14:10:54.916950,2017-08-07 14:11:09.959581,0:00:15.042631,printing,0
2017-08-07 14:11:09.964992,2017-08-07 14:41:00.066297,0:29:50.101305,offline,0
2017-08-07 14:41:00.073900,2017-08-07 14:49:24.138742,0:08:24.064842,copyFiles,0
2017-08-07 14:49:24.145370,2017-08-07 14:59:24.150814,0:10:00.005444,browsing,-1
2017-08-07 14:59:24.156063,2017-08-07 15:03:40.217396,0:04:16.061333,breaks,0
2017-08-07 15:03:40.224668,2017-08-07 15:04:10.832769,0:00:30.608101,browsing,0
2017-08-07 15:04:10.838865,2017-08-07 15:05:17.245973,0:01:06.407108,browsing,0
2017-08-07 15:05:17.252085,2017-08-07 15:10:03.283193,0:04:46.031108,breaks,0
2017-08-07 15:10:03.291296,2017-08-07 15:11:10.961945,0:01:07.670649,browsing,0
2017-08-07 15:11:10.981785,2017-08-07 15:11:14.020362,0:00:03.038577,mailing,-1
2017-08-07 15:11:14.039430,2017-08-07 15:12:10.581611,0:00:56.542181,browsing,0
2017-08-07 15:12:10.588677,2017-08-07 15:22:21.707947,0:10:11.119270,copyFiles,0
2017-08-07 15:22:21.714053,2017-08-07 15:25:54.732434,0:03:33.018381,breaks,0
2017-08-07 15:25:54.739407,2017-08-07 15:26:54.563884,0:00:59.824477,browsing,0
2017-08-07 15:26:54.569895,2017-08-07 15:28:51.255226,0:01:56.685331,copyFiles,0
2017-08-07 15:28:51.261205,2017-08-07 15:43:40.292635,0:14:49.031430,offline,0
2017-08-07 15:43:40.299776,2017-08-07 16:20:50.305578,0:37:10.005802,offline,0
2017-08-07 16:20:50.312570,2017-08-07 16:30:08.908382,0:09:18.595812,copyFiles,0
2017-08-07 16:30:08.913355,2017-08-07 16:30:24.220482,0:00:15.307127,printing,0
2017-08-07 16:30:24.226653,2017-08-07 16:39:06.955131,0:08:42.728478,copyFiles,0
2017-08-07 16:39:06.960811,2017-08-07 16:39:57.570148,0:00:50.609337,browsing,0
2017-08-07 16:39:57.576454,2017-08-07 16:43:06.999026,0:03:09.422572,browsing,0
2017-08-07 16:43:07.005089,2017-08-07 16:49:01.229079,0:05:54.223990,copyFiles,0
2017-08-07 16:49:01.235305,2017-08-07 16:49:08.570147,0:00:07.334842,browsing,0
2017-08-07 16:49:08.575791,2017-08-07 16:51:02.030850,0:01:53.455059,browsing,0
2017-08-07 16:51:02.036589,2017-08-07 17:26:13.047892,0:35:11.011303,offline,0
2017-08-07 17:26:13.054566,2017-08-07 17:27:00.866566,0:00:47.812000,browsing,0
2017-08-07 17:27:00.873019,2017-08-07 17:44:39.952701,0:17:39.079682,offline,0
2017-08-07 17:44:39.959626,2017-08-07 17:47:35.762605,0:02:55.802979,browsing,0
2017-08-07 17:47:35.769719,2017-08-07 18:06:07.845660,0:18:32.075941,offline,0
2017-08-07 18:06:07.857478,2017-08-07 18:20:19.077974,0:14:11.220496,copyFiles,0
2017-08-07 18:20:19.083824,2017-08-07 18:21:54.203945,0:01:35.120121,browsing,0
2017-08-07 18:21:54.210065,2017-08-07 18:23:14.125401,0:01:19.915336,browsing,0
2017-08-07 18:23:14.131808,2017-08-07 18:23:59.469959,0:00:45.338151,printing,0
2017-08-07 18:23:59.476639,2017-08-07 18:25:01.945421,0:01:02.468782,copyFiles,0
2017-08-07 18:25:01.951395,2017-08-07 18:26:14.335445,0:01:12.384050,browsing,0
2017-08-07 18:26:14.341463,2017-08-07 18:31:12.303061,0:04:57.961598,browsing,0
2017-08-07 18:31:12.308990,2017-08-07 18:31:18.943680,0:00:06.634690,browsing,0
2017-08-07 18:31:18.950112,2017-08-07 18:33:37.982552,0:02:19.032440,breaks,0
2017-08-07 18:33:37.989111,2017-08-07 18:34:13.254580,0:00:35.265469,printing,0
2017-08-07 18:34:13.260800,2017-08-07 18:35:14.277444,0:01:01.016644,breaks,0
2017-08-07 18:35:14.284183,2017-08-07 18:45:14.292335,0:10:00.008152,browsing,-1
2017-08-07 18:45:14.298279,2017-08-07 18:47:26.896507,0:02:12.598228,browsing,0
2017-08-07 18:47:26.902994,2017-08-07 19:36:23.944109,0:48:57.041115,offline,0
2017-08-07 19:36:23.951328,2017-08-07 19:41:44.824272,0:05:20.872944,browsing,0
2017-08-07 19:41:44.830674,2017-08-07 19:42:27.625507,0:00:42.794833,browsing,0
2017-08-07 19:42:27.642658,2017-08-07 19:43:19.738164,0:00:52.095506,browsing,0
2017-08-07 19:43:19.743905,2017-08-07 19:44:42.631196,0:01:22.887291,browsing,0
2017-08-07 19:44:42.637475,2017-08-07 19:44:45.660507,0:00:03.023032,mailing,-1
2017-08-07 19:44:45.665522,2017-08-07 19:45:16.923812,0:00:31.258290,browsing,0
2017-08-07 19:45:16.929055,2017-08-07 20:33:21.982655,0:48:05.053600,offline,0
2017-08-08 08:06:23.794857,2017-08-08 08:28:40.895837,0:22:17.100980,offline,0
2017-08-08 08:28:40.910403,2017-08-08 08:29:31.490591,0:00:50.580188,copyFiles,0
2017-08-08 08:29:31.497117,2017-08-08 08:44:13.598145,0:14:42.101028,offline,0
2017-08-08 08:44:13.606331,2017-08-08 08:44:49.534255,0:00:35.927924,browsing,0
2017-08-08 08:44:49.540835,2017-08-08 08:45:43.981434,0:00:54.440599,browsing,0
2017-08-08 08:45:43.987801,2017-08-08 09:03:37.563070,0:17:53.575269,copyFiles,0
2017-08-08 09:03:37.569229,2017-08-08 09:10:19.945445,0:06:42.376216,browsing,0
2017-08-08 09:10:19.952258,2017-08-08 09:12:39.004816,0:02:19.052558,browsing,0
2017-08-08 09:12:39.030492,2017-08-08 09:13:04.579907,0:00:25.549415,printing,0
2017-08-08 09:13:04.586418,2017-08-08 09:13:30.054831,0:00:25.468413,printing,0
2017-08-08 09:13:30.060954,2017-08-08 09:13:45.103251,0:00:15.042297,printing,0
2017-08-08 09:13:45.109555,2017-08-08 09:14:21.843033,0:00:36.733478,browsing,0
2017-08-08 09:14:21.850377,2017-08-08 09:14:36.932400,0:00:15.082023,printing,0
2017-08-08 09:14:36.939085,2017-08-08 09:15:23.851130,0:00:46.912045,browsing,0
2017-08-08 09:15:23.867653,2017-08-08 09:18:18.969266,0:02:55.101613,breaks,0
2017-08-08 09:18:18.976083,2017-08-08 09:18:48.224185,0:00:29.248102,browsing,0
2017-08-08 09:18:48.231062,2017-08-08 09:22:41.688437,0:03:53.457375,browsing,0
2017-08-08 09:22:41.695220,2017-08-08 09:27:04.797141,0:04:23.101921,breaks,0
2017-08-08 09:27:04.805053,2017-08-08 09:35:41.906915,0:08:37.101862,offline,0
2017-08-08 09:35:41.914595,2017-08-08 09:37:02.572453,0:01:20.657858,browsing,0
2017-08-08 09:37:02.579238,2017-08-08 09:57:07.680961,0:20:05.101723,offline,0
2017-08-08 09:57:07.687303,2017-08-08 10:01:29.602768,0:04:21.915465,copyFiles,0
2017-08-08 10:01:29.609034,2017-08-08 10:01:35.590836,0:00:05.981802,browsing,0
2017-08-08 10:01:35.597520,2017-08-08 10:47:30.699236,0:45:55.101716,offline,0
2017-08-08 10:47:30.706543,2017-08-08 10:48:26.050654,0:00:55.344111,printing,0
2017-08-08 10:48:26.057427,2017-08-08 10:48:32.346240,0:00:06.288813,browsing,0
2017-08-08 10:48:32.352236,2017-08-08 10:50:35.453803,0:02:03.101567,offline,0
2017-08-08 10:50:35.461300,2017-08-08 10:50:38.465044,0:00:03.003744,mailing,-1
2017-08-08 10:50:38.469635,2017-08-08 10:51:28.101357,0:00:49.631722,browsing,0
2017-08-08 10:51:28.108214,2017-08-08 10:51:52.549810,0:00:24.441596,browsing,0
2017-08-08 10:51:52.558537,2017-08-08 11:37:06.660847,0:45:14.102310,offline,0
2017-08-08 11:37:06.668524,2017-08-08 11:42:59.622989,0:05:52.954465,browsing,0
2017-08-08 11:42:59.629150,2017-08-08 11:47:40.336143,0:04:40.706993,browsing,0
2017-08-08 11:47:40.342569,2017-08-08 11:47:43.347182,0:00:03.004613,mailing,-1
2017-08-08 11:47:43.353111,2017-08-08 11:48:21.604958,0:00:38.251847,browsing,0
2017-08-08 11:48:21.611521,2017-08-08 11:48:27.443327,0:00:05.831806,browsing,0
2017-08-08 11:48:27.450870,2017-08-08 11:49:43.621441,0:01:16.170571,copyFiles,0
2017-08-08 11:49:43.627353,2017-08-08 11:52:33.669251,0:02:50.041898,browsing,0
2017-08-08 11:52:33.675520,2017-08-08 11:53:40.240318,0:01:06.564798,browsing,0
2017-08-08 11:53:40.247368,2017-08-08 12:00:22.748884,0:06:42.501516,copyFiles,0
2017-08-08 12:00:22.755753,2017-08-08 12:00:41.885442,0:00:19.129689,copyFiles,0
2017-08-08 12:00:41.892482,2017-08-08 12:09:12.457512,0:08:30.565030,copyFiles,0
2017-08-08 12:09:12.462991,2017-08-08 12:14:45.730252,0:05:33.267261,browsing,0
2017-08-08 12:14:45.736538,2017-08-08 12:26:15.838633,0:11:30.102095,offline,0
2017-08-08 12:26:15.845947,2017-08-08 12:28:28.833506,0:02:12.987559,browsing,0
2017-08-08 12:28:28.843336,2017-08-08 12:30:23.412757,0:01:54.569421,browsing,0
2017-08-08 12:30:23.419678,2017-08-08 12:30:36.073080,0:00:12.653402,browsing,0
2017-08-08 12:30:36.078298,2017-08-08 12:35:21.449756,0:04:45.371458,copyFiles,0
2017-08-08 12:35:21.455920,2017-08-08 12:35:24.462145,0:00:03.006225,mailing,-1
2017-08-08 12:35:24.467641,2017-08-08 12:38:56.532690,0:03:32.065049,breaks,0
2017-08-08 12:38:56.540305,2017-08-08 12:44:53.128709,0:05:56.588404,browsing,0
2017-08-08 12:44:53.135253,2017-08-08 12:56:10.236860,0:11:17.101607,offline,0
2017-08-08 12:56:10.244641,2017-08-08 13:34:58.346988,0:38:48.102347,offline,0
2017-08-08 13:34:58.354673,2017-08-08 13:40:51.226580,0:05:52.871907,browsing,0
2017-08-08 13:40:51.234192,2017-08-08 13:41:23.812944,0:00:32.578752,browsing,0
2017-08-08 13:41:23.819112,2017-08-08 13:42:47.183110,0:01:23.363998,browsing,0
2017-08-08 13:42:47.189297,2017-08-08 13:44:33.984860,0:01:46.795563,browsing,0
2017-08-08 13:44:33.991002,2017-08-08 13:45:34.710385,0:01:00.719383,browsing,0
2017-08-08 13:45:34.716873,2017-08-08 14:54:39.818821,1:09:05.101948,meeting,0
2017-08-08 14:54:39.826952,2017-08-08 14:55:32.424385,0:00:52.597433,browsing,0
2017-08-08 14:55:32.430968,2017-08-08 14:56:19.159652,0:00:46.728684,browsing,0
2017-08-08 14:56:19.165599,2017-08-08 14:56:42.647161,0:00:23.481562,copyFiles,0
2017-08-08 14:56:42.652794,2017-08-08 15:03:10.865563,0:06:28.212769,browsing,0
2017-08-08 15:03:10.871658,2017-08-08 15:04:37.501100,0:01:26.629442,browsing,0
2017-08-08 15:04:37.506596,2017-08-08 15:05:36.059157,0:00:58.552561,browsing,0
2017-08-08 15:05:36.065821,2017-08-08 15:06:09.451991,0:00:33.386170,browsing,0
2017-08-08 15:06:09.458456,2017-08-08 15:09:00.504216,0:02:51.045760,browsing,0
2017-08-08 15:09:00.510740,2017-08-08 15:09:15.552378,0:00:15.041638,printing,0
2017-08-08 15:09:15.558495,2017-08-08 15:12:58.663684,0:03:43.105189,browsing,0
2017-08-08 15:12:58.669941,2017-08-08 15:14:51.710100,0:01:53.040159,copyFiles,0
2017-08-08 15:14:51.715984,2017-08-08 15:45:12.817211,0:30:21.101227,offline,0
2017-08-08 15:45:12.824804,2017-08-08 15:45:37.619665,0:00:24.794861,browsing,0
2017-08-08 15:45:37.626862,2017-08-08 17:38:01.728847,1:52:24.101985,meeting,0
2017-08-08 17:38:01.736635,2017-08-08 17:38:52.707154,0:00:50.970519,browsing,0
2017-08-08 17:38:52.714047,2017-08-08 17:53:30.015871,0:14:37.301824,copyFiles,0
2017-08-08 17:53:30.021857,2017-08-08 17:53:45.070524,0:00:15.048667,printing,0
2017-08-08 17:53:45.077092,2017-08-08 17:55:29.825284,0:01:44.748192,browsing,0
2017-08-08 17:55:29.832375,2017-08-08 17:59:35.135012,0:04:05.302637,copyFiles,0
2017-08-08 17:59:35.141142,2017-08-08 18:00:50.099011,0:01:14.957869,browsing,0
2017-08-08 18:00:50.107451,2017-08-08 18:00:53.111911,0:00:03.004460,mailing,-1
2017-08-08 18:00:53.117376,2017-08-08 18:01:08.157060,0:00:15.039684,printing,0
2017-08-08 18:01:08.164865,2017-08-08 18:10:14.291869,0:09:06.127004,browsing,0
2017-08-08 18:10:14.298741,2017-08-08 18:12:22.400691,0:02:08.101950,breaks,0
2017-08-08 18:12:22.407627,2017-08-08 18:40:24.509354,0:28:02.101727,offline,0
2017-08-08 18:40:24.516860,2017-08-08 18:58:43.618636,0:18:19.101776,meeting,0
2017-08-08 18:58:43.627005,2017-08-08 19:00:50.739843,0:02:07.112838,copyFiles,0
2017-08-08 19:00:50.758647,2017-08-08 19:08:45.859834,0:07:55.101187,offline,0
2017-08-08 19:08:47.053352,2017-08-08 19:16:06.155539,0:07:19.102187,offline,0
2017-08-08 19:16:06.163092,2017-08-08 19:33:04.265194,0:16:58.102102,offline,0
2017-08-08 19:33:04.272628,2017-08-08 19:33:39.364780,0:00:35.092152,printing,0
2017-08-08 19:33:39.370239,2017-08-08 20:59:38.477314,1:25:59.107075,meeting,0
2017-08-10 08:01:22.936554,2017-08-10 08:46:02.037543,0:44:39.100989,offline,0
2017-08-10 08:46:02.043594,2017-08-10 08:49:11.111308,0:03:09.067714,copyFiles,0
2017-08-10 08:49:11.118772,2017-08-10 08:49:53.153569,0:00:42.034797,browsing,0
2017-08-10 08:49:53.159104,2017-08-10 08:51:17.786768,0:01:24.627664,browsing,0
2017-08-10 08:51:17.792531,2017-08-10 09:02:47.894035,0:11:30.101504,offline,0
2017-08-10 09:02:47.901039,2017-08-10 09:03:03.109750,0:00:15.208711,printing,0
2017-08-10 09:03:03.115402,2017-08-10 09:10:37.518175,0:07:34.402773,browsing,0
2017-08-10 09:10:37.523942,2017-08-10 09:11:46.128983,0:01:08.605041,browsing,0
2017-08-10 09:11:46.135233,2017-08-10 09:16:21.073021,0:04:34.937788,browsing,0
2017-08-10 09:16:21.078523,2017-08-10 09:17:42.567158,0:01:21.488635,browsing,0
2017-08-10 09:17:42.573246,2017-08-10 09:19:19.262740,0:01:36.689494,copyFiles,0
2017-08-10 09:19:19.268535,2017-08-10 09:19:54.932055,0:00:35.663520,browsing,0
2017-08-10 09:19:54.937030,2017-08-10 09:26:16.038307,0:06:21.101277,offline,0
2017-08-10 09:26:16.046206,2017-08-10 09:27:04.473275,0:00:48.427069,browsing,0
2017-08-10 09:27:04.478844,2017-08-10 09:30:14.834626,0:03:10.355782,browsing,0
2017-08-10 09:30:14.840276,2017-08-10 09:31:21.058361,0:01:06.218085,browsing,0
2017-08-10 09:31:21.064810,2017-08-10 10:50:19.166517,1:18:58.101707,meeting,0
2017-08-10 10:50:19.173407,2017-08-10 11:33:30.275234,0:43:11.101827,offline,0
2017-08-10 11:33:30.282431,2017-08-10 11:40:59.874834,0:07:29.592403,browsing,0
2017-08-10 11:41:00.017828,2017-08-10 11:42:41.913342,0:01:41.895514,browsing,0
2017-08-10 11:42:42.215970,2017-08-10 11:43:42.835081,0:01:00.619111,mailing,0
2017-08-10 11:43:42.840839,2017-08-10 11:47:07.938358,0:03:25.097519,breaks,0
2017-08-10 11:47:07.943685,2017-08-10 12:35:37.018407,0:48:29.074722,offline,0
2017-08-10 12:35:37.025889,2017-08-10 14:01:37.127579,1:26:00.101690,meeting,0
2017-08-10 14:01:37.134014,2017-08-10 14:02:43.223375,0:01:06.089361,copyFiles,0
2017-08-10 14:02:43.229036,2017-08-10 14:03:35.618401,0:00:52.389365,browsing,0
2017-08-10 14:03:35.623923,2017-08-10 14:13:35.631223,0:10:00.007300,browsing,-1
2017-08-10 14:13:35.637013,2017-08-10 14:14:24.955515,0:00:49.318502,browsing,0
2017-08-10 14:14:24.961510,2017-08-10 14:17:15.815438,0:02:50.853928,browsing,0
2017-08-10 14:17:15.821865,2017-08-10 14:21:15.829790,0:04:00.007925,breaks,0
2017-08-10 14:21:15.836785,2017-08-10 14:21:30.881762,0:00:15.044977,printing,0
2017-08-10 14:21:30.887328,2017-08-10 14:26:02.748052,0:04:31.860724,copyFiles,0
2017-08-10 14:26:02.752775,2017-08-10 14:37:06.847967,0:11:04.095192,copyFiles,0
2017-08-10 14:37:06.854073,2017-08-10 14:53:48.946339,0:16:42.092266,offline,0
2017-08-10 14:53:48.952637,2017-08-10 14:58:34.128990,0:04:45.176353,browsing,0
2017-08-10 14:58:34.135110,2017-08-10 15:02:55.110157,0:04:20.975047,browsing,0
2017-08-10 15:02:55.116416,2017-08-10 15:03:50.314787,0:00:55.198371,printing,0
2017-08-10 15:03:50.343298,2017-08-10 15:08:04.443050,0:04:14.099752,offline,0
2017-08-10 15:08:04.449892,2017-08-10 15:39:33.462958,0:31:29.013066,offline,0
2017-08-10 15:39:33.470252,2017-08-10 15:45:15.479391,0:05:42.009139,offline,0
2017-08-10 15:45:15.486440,2017-08-10 15:46:54.567757,0:01:39.081317,browsing,0
2017-08-10 15:46:54.573201,2017-08-10 15:47:35.658852,0:00:41.085651,browsing,0
2017-08-10 15:47:35.677993,2017-08-10 15:50:02.542174,0:02:26.864181,browsing,0
2017-08-10 15:50:02.548305,2017-08-10 15:51:09.771880,0:01:07.223575,browsing,0
2017-08-10 15:51:09.779931,2017-08-10 15:58:18.175624,0:07:08.395693,browsing,0
2017-08-10 15:58:18.183043,2017-08-10 16:00:38.196375,0:02:20.013332,breaks,0
2017-08-10 16:00:38.203503,2017-08-10 16:00:51.811285,0:00:13.607782,browsing,0
2017-08-10 16:00:51.816644,2017-08-10 16:01:55.297227,0:01:03.480583,browsing,0
2017-08-10 16:01:55.303150,2017-08-10 16:03:46.280988,0:01:50.977838,copyFiles,0
2017-08-10 16:03:46.287581,2017-08-10 16:04:20.341349,0:00:34.053768,browsing,0
2017-08-10 16:04:20.347401,2017-08-10 16:10:26.749769,0:06:06.402368,browsing,0
2017-08-10 16:10:26.755626,2017-08-10 16:14:31.631099,0:04:04.875473,copyFiles,0
2017-08-10 16:14:31.641944,2017-08-10 16:19:01.181165,0:04:29.539221,copyFiles,0
2017-08-10 16:19:01.213045,2017-08-10 16:23:48.247877,0:04:47.034832,copyFiles,0
2017-08-10 16:23:48.252220,2017-08-10 16:25:53.020775,0:02:04.768555,copyFiles,0
2017-08-10 16:25:53.026864,2017-08-10 16:26:30.397057,0:00:37.370193,browsing,0
2017-08-10 16:26:30.402974,2017-08-10 17:04:20.445435,0:37:50.042461,offline,0
2017-08-10 17:04:20.452759,2017-08-10 17:15:05.296805,0:10:44.844046,copyFiles,0
2017-08-10 17:15:05.304139,2017-08-10 17:15:16.307739,0:00:11.003600,browsing,0
2017-08-10 17:15:16.315533,2017-08-10 17:34:35.329489,0:19:19.013956,offline,0
2017-08-10 17:34:35.336788,2017-08-10 17:35:30.410054,0:00:55.073266,browsing,0
2017-08-10 17:35:30.416557,2017-08-10 18:04:19.445954,0:28:49.029397,offline,0
2017-08-10 18:04:19.452964,2017-08-10 18:05:01.340206,0:00:41.887242,browsing,0
2017-08-10 18:05:01.346727,2017-08-10 18:37:17.445151,0:32:16.098424,offline,0
2017-08-10 18:37:17.452492,2017-08-10 18:37:42.525746,0:00:25.073254,printing,0
2017-08-10 18:37:42.532179,2017-08-10 18:38:32.817919,0:00:50.285740,mailing,0
2017-08-10 18:38:32.823184,2017-08-10 19:07:27.878340,0:28:55.055156,offline,0
2017-08-10 19:07:27.886937,2017-08-10 19:09:40.945184,0:02:13.058247,breaks,0
2017-08-10 19:09:40.952790,2017-08-10 19:12:17.028689,0:02:36.075899,breaks,0
2017-08-10 19:12:17.035835,2017-08-10 19:13:02.196775,0:00:45.160940,printing,0
2017-08-10 19:13:02.203338,2017-08-10 19:13:42.831542,0:00:40.628204,browsing,0
2017-08-10 19:13:42.837969,2017-08-10 19:15:05.804493,0:01:22.966524,browsing,0
2017-08-10 19:15:05.812860,2017-08-10 19:16:30.828694,0:01:25.015834,breaks,0
2017-08-10 19:16:30.835705,2017-08-10 19:18:33.101222,0:02:02.265517,browsing,0
2017-08-10 19:18:33.108033,2017-08-10 20:02:16.112276,0:43:43.004243,offline,0
2017-08-11 08:00:33.290584,2017-08-11 08:01:32.479121,0:00:59.188537,browsing,0
2017-08-11 08:01:32.484478,2017-08-11 08:03:10.621733,0:01:38.137255,browsing,0
2017-08-11 08:03:10.627074,2017-08-11 08:11:19.087604,0:08:08.460530,copyFiles,0
2017-08-11 08:11:19.093611,2017-08-11 08:51:06.194662,0:39:47.101051,offline,0
2017-08-11 08:51:06.201842,2017-08-11 08:51:49.841435,0:00:43.639593,browsing,0
2017-08-11 08:51:49.846867,2017-08-11 09:28:45.948228,0:36:56.101361,offline,0
2017-08-11 09:28:45.955212,2017-08-11 09:31:30.594799,0:02:44.639587,browsing,0
2017-08-11 09:31:30.600601,2017-08-11 09:32:15.978412,0:00:45.377811,browsing,0
2017-08-11 09:32:15.983969,2017-08-11 09:33:36.932438,0:01:20.948469,mailing,0
2017-08-11 09:33:36.937322,2017-08-11 09:38:00.699632,0:04:23.762310,copyFiles,0
2017-08-11 09:38:00.705630,2017-08-11 09:38:51.457567,0:00:50.751937,copyFiles,0
2017-08-11 09:38:51.463258,2017-08-11 10:18:59.564251,0:40:08.100993,offline,0
2017-08-11 10:18:59.571666,2017-08-11 11:01:46.673323,0:42:47.101657,offline,0
2017-08-11 11:01:46.679861,2017-08-11 11:02:16.175098,0:00:29.495237,browsing,0
2017-08-11 11:02:16.180702,2017-08-11 11:02:49.840922,0:00:33.660220,browsing,0
2017-08-11 11:02:49.846167,2017-08-11 11:21:42.231425,0:18:52.385258,copyFiles,0
2017-08-11 11:21:42.236140,2017-08-11 11:24:45.092005,0:03:02.855865,browsing,0
2017-08-11 11:24:46.690576,2017-08-11 11:27:43.121268,0:02:56.430692,browsing,0
2017-08-11 11:27:43.127911,2017-08-11 11:30:37.418096,0:02:54.290185,browsing,0
2017-08-11 11:30:37.423739,2017-08-11 12:51:06.525172,1:20:29.101433,meeting,0
2017-08-11 12:51:06.531909,2017-08-11 12:56:47.228188,0:05:40.696279,copyFiles,0
2017-08-11 12:56:47.234900,2017-08-11 12:58:10.877020,0:01:23.642120,printing,0
2017-08-11 12:58:10.882936,2017-08-11 13:01:20.007734,0:03:09.124798,browsing,0
2017-08-11 13:01:20.014043,2017-08-11 13:49:42.115815,0:48:22.101772,offline,0
2017-08-11 13:49:42.136698,2017-08-11 14:25:50.238518,0:36:08.101820,offline,0
2017-08-11 14:25:50.245499,2017-08-11 14:28:27.251925,0:02:37.006426,browsing,0
2017-08-11 14:28:27.258770,2017-08-11 14:33:18.389626,0:04:51.130856,copyFiles,0
2017-08-11 14:33:18.395490,2017-08-11 14:34:22.051381,0:01:03.655891,mailing,0
2017-08-11 14:34:22.059733,2017-08-11 14:35:33.881097,0:01:11.821364,copyFiles,0
2017-08-11 14:35:33.887158,2017-08-11 14:38:44.139103,0:03:10.251945,browsing,0
2017-08-11 14:38:44.145795,2017-08-11 14:48:44.151283,0:10:00.005488,browsing,-1
2017-08-11 14:48:44.156494,2017-08-11 14:50:17.138074,0:01:32.981580,copyFiles,0
2017-08-11 14:50:17.143875,2017-08-11 14:57:03.785207,0:06:46.641332,browsing,0
2017-08-11 14:57:03.791706,2017-08-11 15:00:44.889138,0:03:41.097432,copyFiles,0
2017-08-11 15:00:44.897537,2017-08-11 15:04:16.998639,0:03:32.101102,breaks,0
2017-08-11 15:04:17.005591,2017-08-11 15:22:18.084006,0:18:01.078415,offline,0
2017-08-11 15:22:18.090190,2017-08-11 15:32:38.675881,0:10:20.585691,copyFiles,0
2017-08-11 15:32:38.679674,2017-08-11 15:35:38.402767,0:02:59.723093,browsing,0
2017-08-11 15:35:38.417156,2017-08-11 15:39:21.096596,0:03:42.679440,browsing,0
2017-08-11 15:39:21.103693,2017-08-11 15:42:30.186858,0:03:09.083165,browsing,0
2017-08-11 15:42:30.192473,2017-08-11 15:49:52.899478,0:07:22.707005,copyFiles,0
2017-08-11 15:49:52.905985,2017-08-11 15:56:36.007737,0:06:43.101752,offline,0
2017-08-11 15:56:36.015788,2017-08-11 15:59:29.263479,0:02:53.247691,browsing,0
2017-08-11 15:59:29.275547,2017-08-11 16:00:13.270773,0:00:43.995226,printing,0
2017-08-11 16:00:13.275629,2017-08-11 16:03:23.964097,0:03:10.688468,browsing,0
2017-08-11 16:03:23.969632,2017-08-11 16:05:36.982807,0:02:13.013175,breaks,0
2017-08-11 16:05:36.989264,2017-08-11 16:08:34.800821,0:02:57.811557,browsing,0
2017-08-11 16:08:34.806375,2017-08-11 16:12:04.323676,0:03:29.517301,browsing,0
2017-08-11 16:12:04.330109,2017-08-11 16:21:24.550875,0:09:20.220766,browsing,0
2017-08-11 16:21:24.557010,2017-08-11 16:22:32.399566,0:01:07.842556,copyFiles,0
2017-08-11 16:22:32.405134,2017-08-11 16:25:12.134700,0:02:39.729566,browsing,0
2017-08-11 16:25:12.142233,2017-08-11 16:32:32.121094,0:07:19.978861,browsing,0
2017-08-11 16:32:33.261842,2017-08-11 16:49:37.363749,0:17:04.101907,offline,0
2017-08-11 16:49:37.370665,2017-08-11 17:18:29.461682,0:28:52.091017,offline,0
2017-08-11 17:18:29.468782,2017-08-11 17:20:49.600775,0:02:20.131993,browsing,0
2017-08-11 17:20:49.607434,2017-08-11 17:21:08.645736,0:00:19.038302,copyFiles,0
2017-08-11 17:21:08.651753,2017-08-11 17:27:24.383918,0:06:15.732165,browsing,0
2017-08-11 17:27:24.389559,2017-08-11 18:08:37.491078,0:41:13.101519,offline,0
2017-08-11 18:08:37.497766,2017-08-11 18:13:31.599659,0:04:54.101893,breaks,0
2017-08-11 18:13:31.606277,2017-08-11 18:16:40.775256,0:03:09.168979,browsing,0
2017-08-11 18:16:40.781695,2017-08-11 18:19:14.299838,0:02:33.518143,browsing,0
2017-08-11 18:19:14.305244,2017-08-11 18:28:38.925000,0:09:24.619756,copyFiles,0
2017-08-11 18:28:38.930809,2017-08-11 18:31:55.619008,0:03:16.688199,browsing,0
2017-08-11 18:31:55.625778,2017-08-11 18:34:57.307726,0:03:01.681948,browsing,0
2017-08-11 18:34:57.314019,2017-08-11 18:40:10.547072,0:05:13.233053,browsing,0
2017-08-11 18:40:10.553259,2017-08-11 19:16:10.655125,0:36:00.101866,offline,0
2017-08-11 19:16:10.662767,2017-08-11 19:18:53.574799,0:02:42.912032,browsing,0
2017-08-11 19:18:53.580756,2017-08-11 19:21:44.730977,0:02:51.150221,browsing,0
2017-08-11 19:21:44.737654,2017-08-11 19:25:11.754377,0:03:27.016723,browsing,0
2017-08-11 19:25:11.759685,2017-08-11 19:47:12.861942,0:22:01.102257,offline,0
2017-08-11 19:47:12.868198,2017-08-11 19:49:54.806870,0:02:41.938672,browsing,0
2017-08-11 19:49:54.813730,2017-08-11 19:52:34.915581,0:02:40.101851,breaks,0
2017-08-11 19:52:34.922975,2017-08-11 20:04:13.051159,0:11:38.128184,copyFiles,0
2017-08-14 08:00:16.166188,2017-08-14 08:01:08.865412,0:00:52.699224,browsing,0
2017-08-14 08:01:08.870525,2017-08-14 08:10:38.974100,0:09:30.103575,copyFiles,0
2017-08-14 08:10:38.980736,2017-08-14 08:11:30.745114,0:00:51.764378,browsing,0
2017-08-14 08:11:30.751397,2017-08-14 08:12:06.915382,0:00:36.163985,browsing,0
2017-08-14 08:12:06.921343,2017-08-14 08:12:49.996455,0:00:43.075112,browsing,0
2017-08-14 08:12:50.002811,2017-08-14 08:12:57.143525,0:00:07.140714,browsing,0
2017-08-14 08:12:57.148309,2017-08-14 08:16:07.385365,0:03:10.237056,browsing,0
2017-08-14 08:16:07.391981,2017-08-14 08:26:01.495647,0:09:54.103666,copyFiles,0
2017-08-14 08:26:01.502175,2017-08-14 08:26:17.029127,0:00:15.526952,printing,0
2017-08-14 08:26:17.035174,2017-08-14 08:38:28.136520,0:12:11.101346,offline,0
2017-08-14 08:38:28.144325,2017-08-14 10:03:04.247037,1:24:36.102712,meeting,0
2017-08-14 10:03:04.254808,2017-08-14 10:04:04.754184,0:01:00.499376,mailing,0
2017-08-14 10:04:04.759501,2017-08-14 10:06:54.860799,0:02:50.101298,breaks,0
2017-08-14 10:06:54.868764,2017-08-14 10:07:35.256886,0:00:40.388122,browsing,0
2017-08-14 10:07:35.262669,2017-08-14 10:19:22.989972,0:11:47.727303,copyFiles,0
2017-08-14 10:19:22.994899,2017-08-14 10:20:10.149842,0:00:47.154943,browsing,0
2017-08-14 10:20:10.155761,2017-08-14 10:21:52.873545,0:01:42.717784,browsing,0
2017-08-14 10:21:52.881066,2017-08-14 10:23:24.060907,0:01:31.179841,browsing,0
2017-08-14 10:23:24.069255,2017-08-14 10:25:22.268537,0:01:58.199282,copyFiles,0
2017-08-14 10:25:22.275646,2017-08-14 10:32:38.415835,0:07:16.140189,browsing,0
2017-08-14 10:32:38.423346,2017-08-14 10:34:33.982802,0:01:55.559456,browsing,0
2017-08-14 10:34:33.988755,2017-08-14 10:35:29.782054,0:00:55.793299,browsing,0
2017-08-14 10:35:29.789126,2017-08-14 10:37:46.274651,0:02:16.485525,browsing,0
2017-08-14 10:37:46.285260,2017-08-14 10:45:21.181983,0:07:34.896723,browsing,0
2017-08-14 10:45:21.190262,2017-08-14 10:47:46.593948,0:02:25.403686,browsing,0
2017-08-14 10:47:46.606055,2017-08-14 10:48:58.607127,0:01:12.001072,copyFiles,0
2017-08-14 10:48:58.612874,2017-08-14 11:04:13.621529,0:15:15.008655,offline,0
2017-08-14 11:04:13.635540,2017-08-14 11:10:19.432331,0:06:05.796791,browsing,0
2017-08-14 11:10:19.439009,2017-08-14 11:20:26.540768,0:10:07.101759,offline,0
2017-08-14 11:20:26.548113,2017-08-14 12:04:12.650328,0:43:46.102215,breaks,0
2017-08-14 12:04:12.661760,2017-08-14 12:06:47.636462,0:02:34.974702,browsing,0
2017-08-14 12:06:47.644710,2017-08-14 12:11:56.747680,0:05:09.102970,offline,0
2017-08-14 12:11:56.758668,2017-08-14 12:14:24.794923,0:02:28.036255,browsing,0
2017-08-14 12:14:24.801012,2017-08-14 12:15:34.118677,0:01:09.317665,browsing,0
2017-08-14 12:15:34.125110,2017-08-14 12:21:56.222650,0:06:22.097540,browsing,0
2017-08-14 12:21:56.230225,2017-08-14 12:25:20.380165,0:03:24.149940,breaks,0
2017-08-14 12:25:20.385862,2017-08-14 12:27:46.636719,0:02:26.250857,browsing,0
2017-08-14 12:27:46.643968,2017-08-14 12:42:10.746089,0:14:24.102121,offline,0
2017-08-14 12:42:10.753611,2017-08-14 12:43:45.390501,0:01:34.636890,browsing,0
2017-08-14 12:43:45.396931,2017-08-14 12:45:50.784845,0:02:05.387914,browsing,0
2017-08-14 12:45:50.794044,2017-08-14 12:48:52.635113,0:03:01.841069,browsing,0
2017-08-14 12:48:52.640741,2017-08-14 13:13:22.742494,0:24:30.101753,offline,0
2017-08-14 13:13:22.749977,2017-08-14 13:14:27.816503,0:01:05.066526,breaks,0
2017-08-14 13:14:27.822818,2017-08-14 13:17:46.924778,0:03:19.101960,breaks,0
2017-08-14 13:17:46.932266,2017-08-14 13:19:16.992352,0:01:30.060086,browsing,0
2017-08-14 13:19:16.998278,2017-08-14 13:21:14.630038,0:01:57.631760,browsing,0
2017-08-14 13:21:14.639111,2017-08-14 13:22:02.909995,0:00:48.270884,printing,0
2017-08-14 13:22:02.915165,2017-08-14 13:23:24.207313,0:01:21.292148,browsing,0
2017-08-14 13:23:24.213450,2017-08-14 13:26:27.724908,0:03:03.511458,browsing,0
2017-08-14 13:26:27.731766,2017-08-14 13:28:47.038514,0:02:19.306748,browsing,0
2017-08-14 13:28:47.046942,2017-08-14 13:52:31.149588,0:23:44.102646,offline,0
2017-08-14 13:52:31.158226,2017-08-14 13:54:51.058526,0:02:19.900300,browsing,0
2017-08-14 13:54:51.065435,2017-08-14 13:55:44.523393,0:00:53.457958,browsing,0
2017-08-14 13:55:44.532345,2017-08-14 13:56:09.640848,0:00:25.108503,printing,0
2017-08-14 13:56:09.647242,2017-08-14 13:57:40.177299,0:01:30.530057,browsing,0
2017-08-14 13:57:40.184624,2017-08-14 13:59:50.023891,0:02:09.839267,copyFiles,0
2017-08-14 13:59:50.029245,2017-08-14 14:02:58.747327,0:03:08.718082,browsing,0
2017-08-14 14:02:58.753776,2017-08-14 14:24:25.855435,0:21:27.101659,meeting,0
2017-08-14 14:24:25.862768,2017-08-14 14:29:18.986305,0:04:53.123537,browsing,0
2017-08-14 14:29:18.991492,2017-08-14 14:35:29.535935,0:06:10.544443,browsing,0
2017-08-14 14:35:29.542613,2017-08-14 14:40:45.995951,0:05:16.453338,browsing,0
2017-08-14 14:40:46.002152,2017-08-14 14:45:36.502549,0:04:50.500397,browsing,0
2017-08-14 14:45:36.527131,2017-08-14 14:48:28.510215,0:02:51.983084,browsing,0
2017-08-14 14:48:28.516261,2017-08-14 14:50:46.820518,0:02:18.304257,copyFiles,0
2017-08-14 14:50:46.827090,2017-08-14 14:53:55.644633,0:03:08.817543,copyFiles,0
2017-08-14 14:53:55.650809,2017-08-14 14:56:33.509663,0:02:37.858854,browsing,0
2017-08-14 14:56:33.520264,2017-08-14 15:06:33.528521,0:10:00.008257,browsing,-9
2017-08-14 15:06:33.533533,2017-08-14 15:49:18.634608,0:42:45.101075,offline,0
2017-08-14 15:49:18.642786,2017-08-14 15:54:55.405554,0:05:36.762768,browsing,0
2017-08-14 15:54:55.412481,2017-08-14 15:55:10.508698,0:00:15.096217,copyFiles,0
2017-08-14 15:55:10.514585,2017-08-14 16:04:49.615638,0:09:39.101053,offline,0
2017-08-14 16:04:49.627766,2017-08-14 16:08:06.289451,0:03:16.661685,browsing,0
2017-08-14 16:08:06.297215,2017-08-14 17:18:06.399445,1:10:00.102230,meeting,0
2017-08-14 17:18:06.406215,2017-08-14 17:23:32.402430,0:05:25.996215,copyFiles,0
2017-08-14 17:23:32.407582,2017-08-14 17:27:21.509040,0:03:49.101458,breaks,0
2017-08-14 17:27:21.515150,2017-08-14 17:34:40.629018,0:07:19.113868,browsing,0
2017-08-14 17:34:40.634040,2017-08-14 17:40:19.211535,0:05:38.577495,copyFiles,0
2017-08-14 17:40:19.249516,2017-08-14 17:41:20.719700,0:01:01.470184,browsing,0
2017-08-14 17:41:20.725229,2017-08-14 17:44:39.751981,0:03:19.026752,browsing,0
2017-08-14 17:44:39.757972,2017-08-14 17:54:53.859824,0:10:14.101852,offline,0
2017-08-14 17:54:53.868870,2017-08-14 17:55:09.699545,0:00:15.830675,printing,0
2017-08-14 17:55:09.704816,2017-08-14 18:00:23.726768,0:05:14.021952,browsing,0
2017-08-14 18:00:23.733546,2017-08-14 18:02:43.589142,0:02:19.855596,mailing,0
2017-08-14 18:02:43.594225,2017-08-14 18:07:28.485719,0:04:44.891494,copyFiles,0
2017-08-14 18:07:28.491019,2017-08-14 18:08:20.843409,0:00:52.352390,mailing,0
2017-08-14 18:08:20.847704,2017-08-14 18:09:44.901561,0:01:24.053857,copyFiles,0
2017-08-14 18:09:44.906068,2017-08-14 18:19:44.914566,0:10:00.008498,browsing,-1
2017-08-14 18:19:44.920263,2017-08-14 18:21:42.344744,0:01:57.424481,browsing,0
2017-08-14 18:21:42.358858,2017-08-14 18:24:39.027992,0:02:56.669134,copyFiles,0
2017-08-14 18:24:39.034589,2017-08-14 19:19:40.136586,0:55:01.101997,meeting,0
2017-08-14 19:19:40.144270,2017-08-14 19:20:51.171361,0:01:11.027091,browsing,0
2017-08-14 19:20:51.176866,2017-08-14 19:25:35.202801,0:04:44.025935,copyFiles,0
2017-08-14 19:25:35.207621,2017-08-14 19:29:46.494445,0:04:11.286824,browsing,0
2017-08-14 19:29:46.501261,2017-08-14 19:36:56.592664,0:07:10.091403,browsing,0
2017-08-14 19:36:56.600641,2017-08-14 19:41:23.690763,0:04:27.090122,browsing,0
2017-08-14 19:41:23.697263,2017-08-14 19:57:54.799165,0:16:31.101902,offline,0
2017-08-14 19:57:54.806677,2017-08-14 20:32:22.909850,0:34:28.103173,meeting,0
2017-08-15 08:02:16.238982,2017-08-15 08:04:15.628872,0:01:59.389890,copyFiles,0
2017-08-15 08:04:15.634140,2017-08-15 08:05:04.506183,0:00:48.872043,browsing,0
2017-08-15 08:05:04.517662,2017-08-15 08:06:00.163542,0:00:55.645880,printing,0
2017-08-15 08:06:00.169114,2017-08-15 08:06:47.895627,0:00:47.726513,copyFiles,0
2017-08-15 08:06:47.901511,2017-08-15 08:11:09.253171,0:04:21.351660,browsing,0
2017-08-15 08:11:09.259401,2017-08-15 08:52:08.361018,0:40:59.101617,offline,0
2017-08-15 08:52:08.368919,2017-08-15 08:55:47.406750,0:03:39.037831,browsing,0
2017-08-15 08:55:47.412635,2017-08-15 08:56:37.875278,0:00:50.462643,mailing,0
2017-08-15 08:56:37.884347,2017-08-15 09:00:02.105171,0:03:24.220824,copyFiles,0
2017-08-15 09:00:02.111292,2017-08-15 09:00:14.761677,0:00:12.650385,browsing,0
2017-08-15 09:00:14.768108,2017-08-15 09:07:36.870198,0:07:22.102090,offline,0
2017-08-15 09:07:36.878973,2017-08-15 09:08:06.029692,0:00:29.150719,browsing,0
2017-08-15 09:08:06.035495,2017-08-15 09:15:37.774736,0:07:31.739241,browsing,0
2017-08-15 09:15:37.781363,2017-08-15 09:17:02.594638,0:01:24.813275,browsing,0
2017-08-15 09:17:02.601199,2017-08-15 09:21:47.703053,0:04:45.101854,breaks,0
2017-08-15 09:21:47.731020,2017-08-15 09:37:14.475282,0:15:26.744262,copyFiles,0
2017-08-15 09:37:14.480844,2017-08-15 09:40:15.112865,0:03:00.632021,browsing,0
2017-08-15 09:40:15.119359,2017-08-15 09:55:36.221060,0:15:21.101701,meeting,0
2017-08-15 09:55:36.228248,2017-08-15 09:55:50.887094,0:00:14.658846,browsing,0
2017-08-15 09:55:50.892585,2017-08-15 09:56:51.188033,0:01:00.295448,mailing,0
2017-08-15 09:56:51.194163,2017-08-15 10:05:53.295093,0:09:02.100930,offline,0
2017-08-15 10:05:53.302631,2017-08-15 10:07:03.713628,0:01:10.410997,mailing,0
2017-08-15 10:07:03.743884,2017-08-15 10:08:31.285137,0:01:27.541253,browsing,0
2017-08-15 10:08:31.291472,2017-08-15 10:09:46.622623,0:01:15.331151,printing,0
2017-08-15 10:09:46.628743,2017-08-15 10:13:49.280027,0:04:02.651284,browsing,0
2017-08-15 10:13:49.285488,2017-08-15 10:18:19.831478,0:04:30.545990,browsing,0
2017-08-15 10:18:19.837986,2017-08-15 10:26:40.169495,0:08:20.331509,copyFiles,0
2017-08-15 10:26:40.176150,2017-08-15 10:31:16.622520,0:04:36.446370,browsing,0
2017-08-15 10:31:16.628000,2017-08-15 10:53:58.729658,0:22:42.101658,offline,0
2017-08-15 10:53:58.737990,2017-08-15 10:55:57.856686,0:01:59.118696,copyFiles,0
2017-08-15 10:55:57.861423,2017-08-15 11:03:00.927351,0:07:03.065928,browsing,0
2017-08-15 11:03:00.933851,2017-08-15 11:06:09.036056,0:03:08.102205,copyFiles,0
2017-08-15 11:06:09.041680,2017-08-15 11:11:41.023263,0:05:31.981583,browsing,0
2017-08-15 11:11:41.030491,2017-08-15 11:15:12.132746,0:03:31.102255,offline,0
2017-08-15 11:15:12.168318,2017-08-15 11:19:40.483509,0:04:28.315191,browsing,0
2017-08-15 11:19:40.490102,2017-08-15 11:34:33.592150,0:14:53.102048,offline,0
2017-08-15 11:34:33.601064,2017-08-15 11:35:39.668875,0:01:06.067811,breaks,0
2017-08-15 11:35:39.675346,2017-08-15 11:50:56.677941,0:15:17.002595,offline,0
2017-08-15 11:50:56.685620,2017-08-15 11:56:12.424956,0:05:15.739336,copyFiles,0
2017-08-15 11:56:12.431663,2017-08-15 11:56:45.389466,0:00:32.957803,browsing,0
2017-08-15 11:56:45.395274,2017-08-15 11:58:15.624584,0:01:30.229310,copyFiles,0
2017-08-15 11:58:15.630902,2017-08-15 11:59:03.046773,0:00:47.415871,browsing,0
2017-08-15 11:59:03.053103,2017-08-15 12:01:06.836980,0:02:03.783877,browsing,0
2017-08-15 12:01:06.841505,2017-08-15 12:04:05.943334,0:02:59.101829,breaks,0
2017-08-15 12:04:05.951936,2017-08-15 12:15:55.054451,0:11:49.102515,offline,0
2017-08-15 12:15:55.061071,2017-08-15 12:19:23.162955,0:03:28.101884,breaks,0
2017-08-15 12:19:23.169305,2017-08-15 12:20:52.492000,0:01:29.322695,browsing,0
2017-08-15 12:20:52.499627,2017-08-15 12:29:37.801759,0:08:45.302132,browsing,0
2017-08-15 12:29:37.808519,2017-08-15 12:31:38.910086,0:02:01.101567,breaks,0
2017-08-15 12:31:38.917065,2017-08-15 12:32:57.531180,0:01:18.614115,browsing,0
2017-08-15 12:32:57.537536,2017-08-15 12:38:38.344393,0:05:40.806857,browsing,0
2017-08-15 12:38:38.351221,2017-08-15 12:39:20.481222,0:00:42.130001,copyFiles,0
2017-08-15 12:39:20.488006,2017-08-15 13:10:15.589245,0:30:55.101239,offline,0
2017-08-15 13:10:15.603291,2017-08-15 13:11:20.968709,0:01:05.365418,browsing,0
2017-08-15 13:11:20.974236,2017-08-15 13:16:16.076389,0:04:55.102153,breaks,0
2017-08-15 13:16:16.083619,2017-08-15 13:19:05.511517,0:02:49.427898,browsing,0
2017-08-15 13:19:05.518277,2017-08-15 13:21:33.071586,0:02:27.553309,browsing,0
2017-08-15 13:21:33.078170,2017-08-15 13:22:08.179543,0:00:35.101373,printing,0
2017-08-15 13:22:08.191884,2017-08-15 13:22:41.909474,0:00:33.717590,browsing,0
2017-08-15 13:22:41.914481,2017-08-15 13:22:49.149210,0:00:07.234729,browsing,0
2017-08-15 13:22:49.155441,2017-08-15 13:24:58.216426,0:02:09.060985,browsing,0
2017-08-15 13:24:58.223499,2017-08-15 13:39:04.325304,0:14:06.101805,offline,0
2017-08-15 13:39:04.332537,2017-08-15 14:20:37.439292,0:41:33.106755,offline,0
2017-08-15 14:20:37.448983,2017-08-15 14:24:23.551294,0:03:46.102311,breaks,0
2017-08-15 14:24:23.559908,2017-08-15 14:26:16.329360,0:01:52.769452,copyFiles,0
2017-08-15 14:26:16.349341,2017-08-15 14:29:57.341072,0:03:40.991731,browsing,0
2017-08-15 14:29:57.346594,2017-08-15 14:32:07.530961,0:02:10.184367,browsing,0
2017-08-15 14:32:07.544807,2017-08-15 14:40:30.285370,0:08:22.740563,copyFiles,0
2017-08-15 14:40:30.290302,2017-08-15 15:02:39.392261,0:22:09.101959,offline,0
2017-08-15 15:02:39.399687,2017-08-15 15:02:54.936634,0:00:15.536947,copyFiles,0
2017-08-15 15:02:54.988594,2017-08-15 15:06:03.078015,0:03:08.089421,browsing,0
2017-08-15 15:06:03.117686,2017-08-15 15:09:01.674574,0:02:58.556888,copyFiles,0
2017-08-15 15:09:01.679297,2017-08-15 15:11:31.780411,0:02:30.101114,breaks,0
2017-08-15 15:11:31.786570,2017-08-15 15:12:01.190443,0:00:29.403873,browsing,0
2017-08-15 15:12:01.196718,2017-08-15 15:16:02.245390,0:04:01.048672,browsing,0
2017-08-15 15:16:02.251861,2017-08-15 15:16:16.003217,0:00:13.751356,browsing,0
2017-08-15 15:16:16.008607,2017-08-15 15:16:51.109795,0:00:35.101188,printing,0
2017-08-15 15:16:51.113942,2017-08-15 15:48:53.215020,0:32:02.101078,offline,0
2017-08-15 15:48:53.224485,2017-08-15 15:50:19.461877,0:01:26.237392,browsing,0
2017-08-15 15:50:19.467373,2017-08-15 15:50:57.140009,0:00:37.672636,browsing,0
2017-08-15 15:50:57.145567,2017-08-15 16:00:57.151299,0:10:00.005732,browsing,-1
2017-08-15 16:00:57.155590,2017-08-15 16:03:13.743214,0:02:16.587624,browsing,0
2017-08-15 16:03:13.749709,2017-08-15 16:07:55.614106,0:04:41.864397,browsing,0
2017-08-15 16:07:55.622400,2017-08-15 16:10:49.667051,0:02:54.044651,browsing,0
2017-08-15 16:10:49.676363,2017-08-15 16:13:53.711633,0:03:04.035270,breaks,0
2017-08-15 16:13:53.718845,2017-08-15 16:15:24.807389,0:01:31.088544,breaks,0
2017-08-15 16:15:24.814009,2017-08-15 16:45:21.857650,0:29:57.043641,offline,0
2017-08-15 16:45:21.865431,2017-08-15 16:48:43.934778,0:03:22.069347,browsing,0
2017-08-15 16:48:43.940360,2017-08-15 16:51:07.714540,0:02:23.774180,browsing,0
2017-08-15 16:51:07.722152,2017-08-15 16:52:19.280314,0:01:11.558162,browsing,0
2017-08-15 16:52:19.286645,2017-08-15 16:53:49.485921,0:01:30.199276,copyFiles,0
2017-08-15 16:53:49.491777,2017-08-15 16:54:26.286113,0:00:36.794336,printing,0
2017-08-15 16:54:26.292153,2017-08-15 16:55:24.394996,0:00:58.102843,copyFiles,0
2017-08-15 16:55:24.401442,2017-08-15 17:02:05.288659,0:06:40.887217,browsing,0
2017-08-15 17:02:05.296226,2017-08-15 17:05:30.322604,0:03:25.026378,copyFiles,0
2017-08-15 17:05:30.328877,2017-08-15 17:08:14.381420,0:02:44.052543,browsing,0
2017-08-15 17:08:14.387352,2017-08-15 17:13:31.446747,0:05:17.059395,offline,0
2017-08-15 17:13:31.454642,2017-08-15 17:14:32.604331,0:01:01.149689,mailing,0
2017-08-15 17:14:32.609336,2017-08-15 17:15:33.490586,0:01:00.881250,mailing,0
2017-08-15 17:15:33.495999,2017-08-15 17:19:11.624626,0:03:38.128627,browsing,0
2017-08-15 17:19:11.632119,2017-08-15 17:22:47.781424,0:03:36.149305,browsing,0
2017-08-15 17:22:47.789975,2017-08-15 17:25:21.969721,0:02:34.179746,browsing,0
2017-08-15 17:25:21.975802,2017-08-15 17:26:08.173354,0:00:46.197552,browsing,0
2017-08-15 17:26:08.185082,2017-08-15 17:49:43.222310,0:23:35.037228,offline,0
2017-08-15 17:49:43.228956,2017-08-15 17:51:04.546321,0:01:21.317365,browsing,0
2017-08-15 17:51:04.554621,2017-08-15 17:52:20.376914,0:01:15.822293,browsing,0
2017-08-15 17:52:20.383625,2017-08-15 17:53:13.791060,0:00:53.407435,browsing,0
2017-08-15 17:53:13.796028,2017-08-15 17:53:29.832718,0:00:16.036690,printing,0
2017-08-15 17:53:29.838942,2017-08-15 18:02:44.081313,0:09:14.242371,copyFiles,0
2017-08-15 18:02:44.087270,2017-08-15 18:07:39.738471,0:04:55.651201,copyFiles,0
2017-08-15 18:07:39.744424,2017-08-15 18:14:57.690178,0:07:17.945754,browsing,0
2017-08-15 18:14:57.696903,2017-08-15 18:17:56.977184,0:02:59.280281,browsing,0
2017-08-15 18:17:56.983903,2017-08-15 18:21:11.839893,0:03:14.855990,copyFiles,0
2017-08-15 18:21:11.846293,2017-08-15 18:23:16.662024,0:02:04.815731,browsing,0
2017-08-15 18:23:16.667876,2017-08-15 18:26:06.930222,0:02:50.262346,browsing,0
2017-08-15 18:26:06.937308,2017-08-15 19:07:22.976251,0:41:16.038943,offline,0
2017-08-15 19:07:22.984066,2017-08-15 19:08:51.935504,0:01:28.951438,browsing,0
2017-08-15 19:08:51.942760,2017-08-15 19:10:22.071421,0:01:30.128661,copyFiles,0
2017-08-15 19:10:22.078587,2017-08-15 19:11:34.118210,0:01:12.039623,copyFiles,0
2017-08-15 19:11:34.125086,2017-08-15 19:25:53.196187,0:14:19.071101,offline,0
2017-08-15 19:25:53.205529,2017-08-15 19:26:59.106901,0:01:05.901372,browsing,0
2017-08-15 19:26:59.112740,2017-08-15 19:33:34.927425,0:06:35.814685,browsing,0
2017-08-15 19:33:34.933821,2017-08-15 19:37:24.710002,0:03:49.776181,browsing,0
2017-08-15 19:37:24.717089,2017-08-15 20:20:20.819074,0:42:56.101985,offline,0
2017-08-16 08:01:08.816262,2017-08-16 08:01:33.398832,0:00:24.582570,browsing,0
2017-08-16 08:01:33.403736,2017-08-16 08:08:02.729959,0:06:29.326223,copyFiles,0
2017-08-16 08:08:02.737833,2017-08-16 08:10:29.801770,0:02:27.063937,browsing,0
2017-08-16 08:10:29.807138,2017-08-16 08:11:40.483928,0:01:10.676790,mailing,0
2017-08-16 08:11:40.488571,2017-08-16 08:52:47.589735,0:41:07.101164,offline,0
2017-08-16 08:52:47.598000,2017-08-16 08:57:07.005076,0:04:19.407076,browsing,0
2017-08-16 08:57:07.014844,2017-08-16 09:07:07.020356,0:10:00.005512,browsing,-1
2017-08-16 09:07:07.028409,2017-08-16 09:10:35.070589,0:03:28.042180,browsing,0
2017-08-16 09:10:35.076929,2017-08-16 09:11:49.474894,0:01:14.397965,copyFiles,0
2017-08-16 09:11:49.481978,2017-08-16 09:15:36.348989,0:03:46.867011,copyFiles,0
2017-08-16 09:15:36.355326,2017-08-16 09:30:06.456335,0:14:30.101009,offline,0
2017-08-16 09:30:06.479224,2017-08-16 09:30:47.867054,0:00:41.387830,browsing,0
2017-08-16 09:30:47.895394,2017-08-16 10:09:47.944413,0:39:00.049019,offline,0
2017-08-16 10:09:47.951834,2017-08-16 10:09:58.049942,0:00:10.098108,browsing,0
2017-08-16 10:09:58.056397,2017-08-16 10:30:32.153470,0:20:34.097073,offline,0
2017-08-16 10:30:32.163504,2017-08-16 10:32:08.213149,0:01:36.049645,copyFiles,0
2017-08-16 10:32:08.219605,2017-08-16 11:16:44.220718,0:44:36.001113,offline,0
2017-08-16 11:16:44.228161,2017-08-16 11:17:55.544884,0:01:11.316723,browsing,0
2017-08-16 11:17:55.593750,2017-08-16 11:49:57.687719,0:32:02.093969,meeting,0
2017-08-16 11:49:57.695515,2017-08-16 11:51:41.737202,0:01:44.041687,browsing,0
2017-08-16 11:51:41.742855,2017-08-16 11:53:16.695745,0:01:34.952890,browsing,0
2017-08-16 11:53:16.702888,2017-08-16 11:54:37.796843,0:01:21.093955,copyFiles,0
2017-08-16 11:54:37.803737,2017-08-16 11:56:04.654020,0:01:26.850283,browsing,0
2017-08-16 11:56:04.660618,2017-08-16 12:00:26.817903,0:04:22.157285,browsing,0
2017-08-16 12:00:26.823843,2017-08-16 12:02:13.084495,0:01:46.260652,copyFiles,0
2017-08-16 12:02:13.090842,2017-08-16 12:20:21.191910,0:18:08.101068,offline,0
2017-08-16 12:20:21.199155,2017-08-16 12:22:48.528229,0:02:27.329074,browsing,0
2017-08-16 12:22:48.534544,2017-08-16 12:24:18.314820,0:01:29.780276,browsing,0
2017-08-16 12:24:18.323476,2017-08-16 12:28:42.937617,0:04:24.614141,browsing,0
2017-08-16 12:28:42.944680,2017-08-16 12:28:58.235551,0:00:15.290871,printing,0
2017-08-16 12:28:58.241202,2017-08-16 12:32:28.137645,0:03:29.896443,browsing,0
2017-08-16 12:32:28.146490,2017-08-16 13:15:43.149408,0:43:15.002918,offline,0
2017-08-16 13:15:43.157319,2017-08-16 13:15:56.815245,0:00:13.657926,browsing,0
2017-08-16 13:15:56.820786,2017-08-16 13:16:32.997852,0:00:36.177066,browsing,0
2017-08-16 13:16:33.004213,2017-08-16 13:19:00.618637,0:02:27.614424,browsing,0
2017-08-16 13:19:00.624803,2017-08-16 13:20:27.357187,0:01:26.732384,copyFiles,0
2017-08-16 13:20:27.363428,2017-08-16 13:24:15.356600,0:03:47.993172,copyFiles,0
2017-08-16 13:24:15.362938,2017-08-16 13:24:57.600081,0:00:42.237143,browsing,0
2017-08-16 13:24:57.605328,2017-08-16 13:25:54.658178,0:00:57.052850,copyFiles,0
2017-08-16 13:25:54.664299,2017-08-16 13:28:48.214589,0:02:53.550290,browsing,0
2017-08-16 13:28:48.220089,2017-08-16 13:38:12.222492,0:09:24.002403,offline,0
2017-08-16 13:38:12.230374,2017-08-16 14:27:22.236428,0:49:10.006054,offline,0
2017-08-16 14:27:22.244857,2017-08-16 14:36:02.113429,0:08:39.868572,copyFiles,0
2017-08-16 14:36:02.119136,2017-08-16 14:36:49.776272,0:00:47.657136,browsing,0
2017-08-16 14:36:49.782590,2017-08-16 14:37:00.226586,0:00:10.443996,browsing,0
2017-08-16 14:37:00.232002,2017-08-16 14:37:26.005671,0:00:25.773669,printing,0
2017-08-16 14:37:26.011757,2017-08-16 14:40:04.522465,0:02:38.510708,browsing,0
2017-08-16 14:40:04.530111,2017-08-16 14:40:32.039699,0:00:27.509588,browsing,0
2017-08-16 14:40:32.045843,2017-08-16 15:24:14.103814,0:43:42.057971,offline,0
2017-08-16 15:24:14.111476,2017-08-16 15:26:07.532530,0:01:53.421054,copyFiles,0
2017-08-16 15:26:07.538872,2017-08-16 15:27:18.051176,0:01:10.512304,copyFiles,0
2017-08-16 15:27:18.056664,2017-08-16 15:28:11.538633,0:00:53.481969,browsing,0
2017-08-16 15:28:11.545294,2017-08-16 15:29:11.578672,0:01:00.033378,browsing,0
2017-08-16 15:29:11.583998,2017-08-16 15:31:55.446395,0:02:43.862397,mailing,0
2017-08-16 15:31:55.452030,2017-08-16 15:35:32.328368,0:03:36.876338,browsing,0
2017-08-16 15:35:32.334706,2017-08-16 16:15:03.408274,0:39:31.073568,offline,0
2017-08-16 16:15:03.415274,2017-08-16 16:16:23.472450,0:01:20.057176,breaks,0
2017-08-16 16:16:23.479060,2017-08-16 16:18:40.369581,0:02:16.890521,browsing,0
2017-08-16 16:18:40.375978,2017-08-16 16:19:42.106024,0:01:01.730046,copyFiles,0
2017-08-16 16:19:42.112048,2017-08-16 16:21:02.874104,0:01:20.762056,mailing,0
2017-08-16 16:21:02.882703,2017-08-16 16:24:14.971181,0:03:12.088478,breaks,0
2017-08-16 16:24:14.978602,2017-08-16 16:25:08.955555,0:00:53.976953,browsing,0
2017-08-16 16:25:08.961525,2017-08-16 17:00:56.972207,0:35:48.010682,offline,0
2017-08-16 17:00:56.979800,2017-08-16 17:01:33.027961,0:00:36.048161,browsing,0
2017-08-16 17:01:33.033636,2017-08-16 17:02:16.237364,0:00:43.203728,browsing,0
2017-08-16 17:02:16.243527,2017-08-16 17:03:10.754169,0:00:54.510642,browsing,0
2017-08-16 17:03:10.761799,2017-08-16 17:04:09.405207,0:00:58.643408,browsing,0
2017-08-16 17:04:09.412139,2017-08-16 17:05:54.244122,0:01:44.831983,browsing,0
2017-08-16 17:05:54.250449,2017-08-16 17:09:48.225633,0:03:53.975184,browsing,0
2017-08-16 17:09:48.232326,2017-08-16 17:10:27.870561,0:00:39.638235,copyFiles,0
2017-08-16 17:10:27.876751,2017-08-16 17:11:29.463595,0:01:01.586844,browsing,0
2017-08-16 17:11:29.476313,2017-08-16 17:14:28.625078,0:02:59.148765,copyFiles,0
2017-08-16 17:14:28.631546,2017-08-16 17:53:22.679311,0:38:54.047765,offline,0
2017-08-16 17:53:22.687289,2017-08-16 17:57:28.932687,0:04:06.245398,browsing,0
2017-08-16 17:57:28.938543,2017-08-16 17:59:02.952198,0:01:34.013655,browsing,0
2017-08-16 17:59:02.957853,2017-08-16 18:03:09.169853,0:04:06.212000,browsing,0
2017-08-16 18:03:09.177247,2017-08-16 18:30:51.187085,0:27:42.009838,offline,0
2017-08-16 18:30:51.194744,2017-08-16 18:51:36.204020,0:20:45.009276,offline,0
2017-08-16 18:51:36.210395,2017-08-16 18:55:19.126556,0:03:42.916161,browsing,0
2017-08-16 18:55:19.133928,2017-08-16 18:55:29.832763,0:00:10.698835,browsing,0
2017-08-16 18:55:29.839086,2017-08-16 20:06:11.941080,1:10:42.101994,meeting,0