start,end,duration,activity,returnCode
2017-08-02 09:02:23.425304,2017-08-02 09:08:46.329587,0:06:22.904283,browsing,0
2017-08-02 09:08:46.334537,2017-08-02 09:09:55.453323,0:01:09.118786,browsing,0
2017-08-02 09:09:55.459736,2017-08-02 09:12:36.597974,0:02:41.138238,browsing,0
2017-08-02 09:12:36.604286,2017-08-02 09:14:30.091173,0:01:53.486887,browsing,0
2017-08-02 09:14:30.096302,2017-08-02 09:15:14.195052,0:00:44.098750,browsing,0
2017-08-02 09:15:14.201476,2017-08-02 09:21:51.583296,0:06:37.381820,browsing,0
2017-08-02 09:21:51.603542,2017-08-02 09:23:42.188868,0:01:50.585326,browsing,0
2017-08-02 09:23:42.198737,2017-08-02 09:25:02.471469,0:01:20.272732,browsing,0
2017-08-02 09:25:02.477999,2017-08-02 09:39:59.579514,0:14:57.101515,offline,0
2017-08-02 09:39:59.585839,2017-08-02 09:41:13.527906,0:01:13.942067,browsing,0
2017-08-02 09:41:13.534302,2017-08-02 09:45:10.147942,0:03:56.613640,browsing,0
2017-08-02 09:45:10.154367,2017-08-02 10:10:12.255791,0:25:02.101424,offline,0
2017-08-02 10:10:12.262580,2017-08-02 10:11:15.034336,0:01:02.771756,browsing,0
2017-08-02 10:11:15.042210,2017-08-02 10:13:54.368182,0:02:39.325972,browsing,0
2017-08-02 10:13:54.374175,2017-08-02 10:15:15.141323,0:01:20.767148,browsing,0
2017-08-02 10:15:15.147291,2017-08-02 10:15:50.649490,0:00:35.502199,printing,0
2017-08-02 10:15:50.661564,2017-08-02 10:16:44.257714,0:00:53.596150,browsing,0
2017-08-02 10:16:44.264001,2017-08-02 10:19:35.952554,0:02:51.688553,browsing,0
2017-08-02 10:19:35.958864,2017-08-02 10:22:42.193917,0:03:06.235053,browsing,0
2017-08-02 10:22:42.199538,2017-08-02 10:23:17.505663,0:00:35.306125,printing,0
2017-08-02 10:23:17.511733,2017-08-02 10:23:44.434342,0:00:26.922609,printing,0
2017-08-02 10:23:44.439881,2017-08-02 10:24:53.006527,0:01:08.566646,browsing,0
2017-08-02 10:24:53.012721,2017-08-02 10:31:41.522545,0:06:48.509824,browsing,0
2017-08-02 10:31:41.528957,2017-08-02 10:32:03.858681,0:00:22.329724,browsing,0
2017-08-02 10:32:03.863839,2017-08-02 11:44:56.965954,1:12:53.102115,meeting,0
2017-08-02 11:44:56.973957,2017-08-02 11:46:59.735869,0:02:02.761912,browsing,0
2017-08-02 11:46:59.741365,2017-08-02 11:48:10.808289,0:01:11.066924,browsing,0
2017-08-02 11:48:10.814026,2017-08-02 12:30:01.915753,0:41:51.101727,offline,0
2017-08-02 12:30:01.922724,2017-08-02 12:38:27.960995,0:08:26.038271,browsing,0
2017-08-02 12:38:27.967327,2017-08-02 12:42:33.495014,0:04:05.527687,browsing,0
2017-08-02 12:42:33.501140,2017-08-02 12:47:07.694625,0:04:34.193485,browsing,0
2017-08-02 12:47:07.700105,2017-08-02 13:03:13.801809,0:16:06.101704,offline,0
2017-08-02 13:03:13.809012,2017-08-02 13:04:23.918107,0:01:10.109095,browsing,0
2017-08-02 13:04:23.924916,2017-08-02 13:51:52.024951,0:47:28.100035,offline,0
2017-08-02 13:51:52.032119,2017-08-02 13:56:43.400825,0:04:51.368706,browsing,0
2017-08-02 13:56:43.407215,2017-08-02 14:12:36.508893,0:15:53.101678,offline,0
2017-08-02 14:12:36.516479,2017-08-02 14:13:13.438934,0:00:36.922455,browsing,0
2017-08-02 14:13:13.444460,2017-08-02 14:48:29.546149,0:35:16.101689,offline,0
2017-08-02 14:48:29.553083,2017-08-02 14:50:47.849424,0:02:18.296341,browsing,0
2017-08-02 14:50:47.855614,2017-08-02 14:51:00.911087,0:00:13.055473,browsing,0
2017-08-02 14:51:00.916537,2017-08-02 14:51:48.973842,0:00:48.057305,browsing,0
2017-08-02 14:51:48.979901,2017-08-02 14:51:56.914382,0:00:07.934481,browsing,0
2017-08-02 14:51:56.919250,2017-08-02 14:53:31.288920,0:01:34.369670,browsing,0
2017-08-02 14:53:31.294702,2017-08-02 14:55:22.533429,0:01:51.238727,browsing,0
2017-08-02 14:55:22.540029,2017-08-02 14:58:13.493259,0:02:50.953230,browsing,0
2017-08-02 14:58:13.499582,2017-08-02 15:18:17.601381,0:20:04.101799,offline,0
2017-08-02 15:18:17.608688,2017-08-02 15:22:04.254177,0:03:46.645489,copyFiles,0
2017-08-02 15:22:04.260067,2017-08-02 15:32:37.361100,0:10:33.101033,offline,0
2017-08-02 15:32:37.368039,2017-08-02 15:34:41.469695,0:02:04.101656,breaks,0
2017-08-02 15:34:41.479120,2017-08-02 16:04:20.580778,0:29:39.101658,offline,0
2017-08-02 16:04:20.603147,2017-08-02 16:05:12.861832,0:00:52.258685,browsing,0
2017-08-02 16:05:12.867793,2017-08-02 16:05:23.208303,0:00:10.340510,browsing,0
2017-08-02 16:05:23.214754,2017-08-02 16:05:34.563127,0:00:11.348373,browsing,0
2017-08-02 16:05:34.569584,2017-08-02 16:19:29.671333,0:13:55.101749,offline,0
2017-08-02 16:19:29.678234,2017-08-02 16:42:39.779961,0:23:10.101727,offline,0
2017-08-02 16:42:39.787238,2017-08-02 16:51:04.889037,0:08:25.101799,offline,0
2017-08-02 16:51:04.896817,2017-08-02 16:55:36.392397,0:04:31.495580,browsing,0
2017-08-02 16:55:36.398655,2017-08-02 16:56:28.918486,0:00:52.519831,browsing,0
2017-08-02 16:56:28.925202,2017-08-02 16:59:54.676221,0:03:25.751019,browsing,0
2017-08-02 16:59:54.682825,2017-08-02 17:00:55.360203,0:01:00.677378,mailing,0
2017-08-03 09:02:25.762123,2017-08-03 09:41:55.863120,0:39:30.100997,meeting,0
2017-08-03 09:41:55.868358,2017-08-03 09:53:21.059567,0:11:25.191209,copyFiles,0
2017-08-03 09:53:21.065728,2017-08-03 09:55:15.583054,0:01:54.517326,browsing,0
2017-08-03 09:55:15.590310,2017-08-03 09:55:23.379771,0:00:07.789461,browsing,0
2017-08-03 09:55:23.385956,2017-08-03 10:24:06.488481,0:28:43.102525,offline,0
2017-08-03 10:24:06.496078,2017-08-03 10:25:06.676137,0:01:00.180059,browsing,0
2017-08-03 10:25:06.682700,2017-08-03 10:27:09.651328,0:02:02.968628,browsing,0
2017-08-03 10:27:09.657140,2017-08-03 10:35:58.386783,0:08:48.729643,browsing,0
2017-08-03 10:35:58.393313,2017-08-03 10:45:58.398686,0:10:00.005373,browsing,-1
2017-08-03 10:45:58.405524,2017-08-03 11:15:46.438797,0:29:48.033273,offline,0
2017-08-03 11:15:46.445335,2017-08-03 11:18:08.599190,0:02:22.153855,browsing,0
2017-08-03 11:18:08.605510,2017-08-03 11:25:49.785795,0:07:41.180285,browsing,0
2017-08-03 11:25:49.792247,2017-08-03 11:25:55.921972,0:00:06.129725,browsing,0
2017-08-03 11:25:55.927958,2017-08-03 11:28:37.011896,0:02:41.083938,browsing,0
2017-08-03 11:28:37.017722,2017-08-03 11:30:33.893107,0:01:56.875385,browsing,0
2017-08-03 11:30:33.899449,2017-08-03 11:54:57.974025,0:24:24.074576,offline,0
2017-08-03 11:54:57.981256,2017-08-03 11:57:37.419396,0:02:39.438140,browsing,0
2017-08-03 11:57:37.425615,2017-08-03 12:19:50.438761,0:22:13.013146,offline,0
2017-08-03 12:19:50.458372,2017-08-03 12:29:50.466068,0:10:00.007696,browsing,-1
2017-08-03 12:29:50.471676,2017-08-03 12:31:34.142308,0:01:43.670632,browsing,0
2017-08-03 12:31:34.149255,2017-08-03 12:33:52.178158,0:02:18.028903,browsing,0
2017-08-03 12:33:52.183923,2017-08-03 12:34:38.079327,0:00:45.895404,browsing,0
2017-08-03 12:34:38.103116,2017-08-03 12:42:01.935993,0:07:23.832877,browsing,0
2017-08-03 12:42:01.953855,2017-08-03 12:44:32.970092,0:02:31.016237,offline,0
2017-08-03 12:44:32.977443,2017-08-03 12:46:32.444819,0:01:59.467376,browsing,0
2017-08-03 12:46:32.450664,2017-08-03 13:29:34.473522,0:43:02.022858,offline,0
2017-08-03 13:29:34.486129,2017-08-03 13:29:51.256684,0:00:16.770555,browsing,0
2017-08-03 13:29:51.296371,2017-08-03 13:52:04.337191,0:22:13.040820,offline,0
2017-08-03 13:52:04.344570,2017-08-03 13:54:52.724320,0:02:48.379750,browsing,0
2017-08-03 13:54:52.729643,2017-08-03 13:58:24.212283,0:03:31.482640,browsing,0
2017-08-03 13:58:24.218336,2017-08-03 14:04:24.277513,0:06:00.059177,browsing,0
2017-08-03 14:04:24.283727,2017-08-03 14:13:28.776206,0:09:04.492479,browsing,0
2017-08-03 14:13:28.782580,2017-08-03 14:14:48.609912,0:01:19.827332,browsing,0
2017-08-03 14:14:48.617058,2017-08-03 14:19:55.620954,0:05:07.003896,offline,0
2017-08-03 14:19:55.628197,2017-08-03 14:20:20.623480,0:00:24.995283,browsing,0
2017-08-03 14:20:20.629900,2017-08-03 14:22:07.057142,0:01:46.427242,browsing,0
2017-08-03 14:22:07.062765,2017-08-03 14:31:44.092141,0:09:37.029376,offline,0
2017-08-03 14:31:44.099370,2017-08-03 14:32:07.384364,0:00:23.284994,browsing,0
2017-08-03 14:32:07.390765,2017-08-03 14:32:27.411466,0:00:20.020701,browsing,0
2017-08-03 14:32:27.417199,2017-08-03 14:33:19.578324,0:00:52.161125,browsing,0
2017-08-03 14:33:19.585110,2017-08-03 14:36:21.029641,0:03:01.444531,browsing,0
2017-08-03 14:36:21.035934,2017-08-03 14:40:44.882025,0:04:23.846091,browsing,0
2017-08-03 14:40:44.888614,2017-08-03 15:19:26.945986,0:38:42.057372,offline,0
2017-08-03 15:19:26.952264,2017-08-03 15:21:49.857263,0:02:22.904999,browsing,0
2017-08-03 15:21:49.862998,2017-08-03 15:22:55.001861,0:01:05.138863,browsing,0
2017-08-03 15:22:55.007511,2017-08-03 15:40:50.014632,0:17:55.007121,offline,0
2017-08-03 15:40:50.021746,2017-08-03 15:46:38.003577,0:05:47.981831,browsing,0
2017-08-03 15:46:38.010204,2017-08-03 15:49:04.519551,0:02:26.509347,browsing,0
2017-08-03 15:49:04.525321,2017-08-03 15:59:04.529270,0:10:00.003949,browsing,-1
2017-08-03 15:59:04.535318,2017-08-03 16:03:52.531428,0:04:47.996110,browsing,0
2017-08-03 16:03:52.537089,2017-08-03 16:08:52.689663,0:05:00.152574,private,0
2017-08-03 16:08:52.698029,2017-08-03 16:22:16.799415,0:13:24.101386,offline,0
2017-08-03 16:22:16.806887,2017-08-03 16:33:45.871858,0:11:29.064971,offline,0
2017-08-03 16:33:45.878413,2017-08-03 16:39:45.226461,0:05:59.348048,browsing,0
2017-08-03 16:39:45.232561,2017-08-03 16:58:00.272086,0:18:15.039525,offline,0
2017-08-03 16:58:00.279824,2017-08-03 16:59:46.145018,0:01:45.865194,private,0
2017-08-03 16:59:46.151599,2017-08-03 17:02:16.606764,0:02:30.455165,browsing,0
2017-08-04 09:15:20.955286,2017-08-04 09:17:07.879669,0:01:46.924383,browsing,0
2017-08-04 09:17:08.087676,2017-08-04 09:21:07.188712,0:03:59.101036,offline,0
2017-08-04 09:21:07.194000,2017-08-04 09:22:53.092787,0:01:45.898787,browsing,0
2017-08-04 09:22:53.097640,2017-08-04 10:12:34.198678,0:49:41.101038,offline,0
2017-08-04 10:12:34.205950,2017-08-04 10:12:46.656050,0:00:12.450100,browsing,0
2017-08-04 10:12:46.661779,2017-08-04 10:14:10.412910,0:01:23.751131,browsing,0
2017-08-04 10:14:10.417291,2017-08-04 10:14:49.288871,0:00:38.871580,browsing,0
2017-08-04 10:14:49.294734,2017-08-04 10:17:44.263957,0:02:54.969223,browsing,0
2017-08-04 10:17:44.269680,2017-08-04 10:20:06.503837,0:02:22.234157,browsing,0
2017-08-04 10:20:06.509565,2017-08-04 10:21:28.508350,0:01:21.998785,browsing,0
2017-08-04 10:21:28.513648,2017-08-04 10:23:46.213658,0:02:17.700010,browsing,0
2017-08-04 10:23:46.220416,2017-08-04 10:24:01.591227,0:00:15.370811,printing,0
2017-08-04 10:24:01.597369,2017-08-04 10:25:05.427624,0:01:03.830255,browsing,0
2017-08-04 10:25:05.464153,2017-08-04 10:26:35.133111,0:01:29.668958,browsing,0
2017-08-04 10:26:35.138880,2017-08-04 10:28:02.051857,0:01:26.912977,browsing,0
2017-08-04 10:28:02.077963,2017-08-04 10:29:10.480552,0:01:08.402589,browsing,0
2017-08-04 10:29:10.485639,2017-08-04 10:29:25.550181,0:00:15.064542,printing,0
2017-08-04 10:29:25.556439,2017-08-04 11:16:19.657579,0:46:54.101140,offline,0
2017-08-04 11:16:19.664297,2017-08-04 11:18:20.048204,0:02:00.383907,browsing,0
2017-08-04 11:18:20.054332,2017-08-04 11:19:11.862744,0:00:51.808412,browsing,0
2017-08-04 11:19:11.869938,2017-08-04 11:20:08.349730,0:00:56.479792,browsing,0
2017-08-04 11:20:08.355724,2017-08-04 11:21:40.771262,0:01:32.415538,browsing,0
2017-08-04 11:21:40.777224,2017-08-04 12:07:27.878175,0:45:47.100951,offline,0
2017-08-04 12:07:27.884297,2017-08-04 12:13:05.349345,0:05:37.465048,browsing,0
2017-08-04 12:13:05.355202,2017-08-04 12:53:02.457463,0:39:57.102261,offline,0
2017-08-04 12:53:02.464155,2017-08-04 12:56:22.412676,0:03:19.948521,browsing,0
2017-08-04 12:56:22.418966,2017-08-04 12:57:39.265664,0:01:16.846698,browsing,0
2017-08-04 12:57:39.271319,2017-08-04 12:59:21.833932,0:01:42.562613,browsing,0
2017-08-04 12:59:21.840104,2017-08-04 12:59:59.866910,0:00:38.026806,browsing,0
2017-08-04 12:59:59.872099,2017-08-04 13:00:18.236570,0:00:18.364471,browsing,0
2017-08-04 13:00:18.242385,2017-08-04 13:01:02.541065,0:00:44.298680,browsing,0
2017-08-04 13:01:02.546736,2017-08-04 13:29:38.648389,0:28:36.101653,offline,0
2017-08-04 13:29:38.656447,2017-08-04 13:30:17.698217,0:00:39.041770,browsing,0
2017-08-04 13:30:17.704159,2017-08-04 13:31:19.481032,0:01:01.776873,browsing,0
2017-08-04 13:31:19.487049,2017-08-04 13:33:46.456320,0:02:26.969271,browsing,0
2017-08-04 13:33:46.461542,2017-08-04 13:34:38.977260,0:00:52.515718,browsing,0
2017-08-04 13:34:38.983117,2017-08-04 15:08:49.084327,1:34:10.101210,meeting,0
2017-08-04 15:08:49.092371,2017-08-04 15:09:46.198269,0:00:57.105898,browsing,0
2017-08-04 15:09:46.205646,2017-08-04 15:09:52.192896,0:00:05.987250,browsing,0
2017-08-04 15:09:52.199195,2017-08-04 15:10:49.184425,0:00:56.985230,browsing,0
2017-08-04 15:10:49.194457,2017-08-04 15:17:33.296511,0:06:44.102054,offline,0
2017-08-04 15:17:33.305169,2017-08-04 15:18:02.364521,0:00:29.059352,browsing,0
2017-08-04 15:18:02.371240,2017-08-04 15:18:05.373697,0:00:03.002457,mailing,-1
2017-08-04 15:18:05.378646,2017-08-04 15:18:47.665744,0:00:42.287098,browsing,0
2017-08-04 15:18:47.674534,2017-08-04 15:19:02.771370,0:00:15.096836,printing,0
2017-08-04 15:19:02.777557,2017-08-04 15:22:29.995023,0:03:27.217466,browsing,0
2017-08-04 15:22:30.001539,2017-08-04 15:24:42.898862,0:02:12.897323,browsing,0
2017-08-04 15:24:42.905144,2017-08-04 15:25:49.270035,0:01:06.364891,browsing,0
2017-08-04 15:25:49.277199,2017-08-04 16:12:25.379126,0:46:36.101927,offline,0
2017-08-04 16:12:25.385187,2017-08-04 16:21:06.002608,0:08:40.617421,browsing,0
2017-08-04 16:21:06.009960,2017-08-04 16:25:11.647592,0:04:05.637632,browsing,0
2017-08-04 16:25:11.653347,2017-08-04 16:54:01.755099,0:28:50.101752,offline,0
2017-08-04 16:54:01.762737,2017-08-04 17:04:01.773926,0:10:00.011189,browsing,-1
2017-08-07 09:03:03.017008,2017-08-07 09:13:03.022511,0:10:00.005503,browsing,-1
2017-08-07 09:13:03.053141,2017-08-07 09:13:54.227181,0:00:51.174040,browsing,0
2017-08-07 09:13:54.234546,2017-08-07 09:17:55.548716,0:04:01.314170,browsing,0
2017-08-07 09:17:55.555478,2017-08-07 09:20:02.198020,0:02:06.642542,browsing,0
2017-08-07 09:20:02.206537,2017-08-07 09:20:08.805639,0:00:06.599102,browsing,0
2017-08-07 09:20:08.811908,2017-08-07 09:20:27.546567,0:00:18.734659,browsing,0
2017-08-07 09:20:27.553465,2017-08-07 09:26:04.317152,0:05:36.763687,browsing,0
2017-08-07 09:26:04.324513,2017-08-07 09:27:14.114385,0:01:09.789872,browsing,0
2017-08-07 09:27:14.129245,2017-08-07 09:52:03.131630,0:24:49.002385,offline,0
2017-08-07 09:52:03.139552,2017-08-07 09:52:10.824194,0:00:07.684642,browsing,0
2017-08-07 09:52:10.830364,2017-08-07 09:55:06.420455,0:02:55.590091,browsing,0
2017-08-07 09:55:06.426881,2017-08-07 09:57:50.293225,0:02:43.866344,browsing,0
2017-08-07 09:57:50.299198,2017-08-07 10:00:23.708754,0:02:33.409556,browsing,0
2017-08-07 10:00:23.715504,2017-08-07 10:35:33.731576,0:35:10.016072,offline,0
2017-08-07 10:35:33.739993,2017-08-07 10:38:59.185076,0:03:25.445083,private,0
2017-08-07 10:38:59.191630,2017-08-07 10:39:43.640811,0:00:44.449181,browsing,0
2017-08-07 10:39:43.647233,2017-08-07 10:45:35.562068,0:05:51.914835,browsing,0
2017-08-07 10:45:35.568559,2017-08-07 10:46:41.278489,0:01:05.709930,browsing,0
2017-08-07 10:46:41.285082,2017-08-07 10:56:25.299472,0:09:44.014390,offline,0
2017-08-07 10:56:25.306746,2017-08-07 11:02:49.591952,0:06:24.285206,browsing,0
2017-08-07 11:02:49.599420,2017-08-07 11:02:55.276601,0:00:05.677181,browsing,0
2017-08-07 11:02:55.282695,2017-08-07 11:08:42.677507,0:05:47.394812,browsing,0
2017-08-07 11:08:42.683505,2017-08-07 11:42:07.700899,0:33:25.017394,offline,0
2017-08-07 11:42:07.708557,2017-08-07 11:44:13.329370,0:02:05.620813,browsing,0
2017-08-07 11:44:13.342214,2017-08-07 11:45:06.558167,0:00:53.215953,browsing,0
2017-08-07 11:45:06.564144,2017-08-07 11:45:55.958729,0:00:49.394585,browsing,0
2017-08-07 11:45:55.965491,2017-08-07 12:17:15.017620,0:31:19.052129,offline,0
2017-08-07 12:17:15.025682,2017-08-07 12:53:38.035427,0:36:23.009745,offline,0
2017-08-07 12:53:38.042566,2017-08-07 13:00:56.529051,0:07:18.486485,browsing,0
2017-08-07 13:00:56.536265,2017-08-07 13:02:20.089309,0:01:23.553044,browsing,0
2017-08-07 13:02:20.095608,2017-08-07 13:04:03.849215,0:01:43.753607,browsing,0
2017-08-07 13:04:03.855925,2017-08-07 13:05:35.978242,0:01:32.122317,browsing,0
2017-08-07 13:05:35.985102,2017-08-07 13:16:58.001775,0:11:22.016673,offline,0
2017-08-07 13:16:58.009697,2017-08-07 13:18:34.704190,0:01:36.694493,browsing,0
2017-08-07 13:18:34.709895,2017-08-07 13:20:48.635265,0:02:13.925370,browsing,0
2017-08-07 13:20:48.640861,2017-08-07 13:21:57.430407,0:01:08.789546,browsing,0
2017-08-07 13:21:57.436910,2017-08-07 13:22:34.801268,0:00:37.364358,browsing,0
2017-08-07 13:22:34.808117,2017-08-07 13:39:56.817858,0:17:22.009741,offline,0
2017-08-07 13:39:56.825453,2017-08-07 14:14:53.885432,0:34:57.059979,offline,0
2017-08-07 14:14:53.893249,2017-08-07 14:17:43.867679,0:02:49.974430,browsing,0
2017-08-07 14:17:43.874332,2017-08-07 14:18:04.796786,0:00:20.922454,browsing,0
2017-08-07 14:18:04.803467,2017-08-07 14:22:43.818044,0:04:39.014577,offline,0
2017-08-07 14:22:43.825608,2017-08-07 15:02:17.834686,0:39:34.009078,offline,0
2017-08-07 15:02:17.841881,2017-08-07 15:04:38.412154,0:02:20.570273,browsing,0
2017-08-07 15:04:38.418682,2017-08-07 15:07:06.894568,0:02:28.475886,private,0
2017-08-07 15:07:06.900810,2017-08-07 15:08:26.764399,0:01:19.863589,browsing,0
2017-08-07 15:08:26.771406,2017-08-07 15:41:04.776932,0:32:38.005526,offline,0
2017-08-07 15:41:04.784944,2017-08-07 15:42:29.872567,0:01:25.087623,browsing,0
2017-08-07 15:42:29.880509,2017-08-07 15:45:54.025880,0:03:24.145371,browsing,0
2017-08-07 15:45:54.033200,2017-08-07 15:47:19.351760,0:01:25.318560,browsing,0
2017-08-07 15:47:19.358686,2017-08-07 15:48:47.440105,0:01:28.081419,breaks,0
2017-08-07 15:48:47.447549,2017-08-07 15:48:54.330856,0:00:06.883307,browsing,0
2017-08-07 15:48:54.336947,2017-08-07 15:49:14.259635,0:00:19.922688,browsing,0
2017-08-07 15:49:14.267185,2017-08-07 15:50:31.417544,0:01:17.150359,browsing,0
2017-08-07 15:50:31.423713,2017-08-07 16:37:34.453901,0:47:03.030188,offline,0
2017-08-07 16:37:34.461113,2017-08-07 16:38:05.834973,0:00:31.373860,browsing,0
2017-08-07 16:38:05.840831,2017-08-07 16:42:05.675032,0:03:59.834201,browsing,0
2017-08-07 16:42:05.681408,2017-08-07 17:17:40.687184,0:35:35.005776,offline,0
2017-08-08 09:03:12.001409,2017-08-08 09:34:36.102835,0:31:24.101426,offline,0
2017-08-08 09:34:36.108492,2017-08-08 10:24:09.210019,0:49:33.101527,offline,0
2017-08-08 10:24:09.217424,2017-08-08 10:24:30.392600,0:00:21.175176,browsing,0
2017-08-08 10:24:30.400167,2017-08-08 10:24:36.637523,0:00:06.237356,browsing,0
2017-08-08 10:24:36.643865,2017-08-08 10:26:08.092675,0:01:31.448810,browsing,0
2017-08-08 10:26:08.101007,2017-08-08 10:27:13.920157,0:01:05.819150,browsing,0
2017-08-08 10:27:13.926285,2017-08-08 11:02:40.969121,0:35:27.042836,offline,0
2017-08-08 11:02:40.977916,2017-08-08 11:10:12.265475,0:07:31.287559,browsing,0
2017-08-08 11:10:12.272463,2017-08-08 11:11:43.071324,0:01:30.798861,browsing,0
2017-08-08 11:11:43.077429,2017-08-08 11:38:22.178938,0:26:39.101509,offline,0
2017-08-08 11:38:22.186697,2017-08-08 11:38:36.699241,0:00:14.512544,browsing,0
2017-08-08 11:38:36.705760,2017-08-08 11:40:45.006561,0:02:08.300801,browsing,0
2017-08-08 11:40:45.012999,2017-08-08 11:47:10.114686,0:06:25.101687,offline,0
2017-08-08 11:47:10.122038,2017-08-08 11:55:00.189167,0:07:50.067129,browsing,0
2017-08-08 11:55:00.195640,2017-08-08 12:02:18.297519,0:07:18.101879,offline,0
2017-08-08 12:02:18.315677,2017-08-08 12:06:14.732458,0:03:56.416781,browsing,0
2017-08-08 12:06:14.737725,2017-08-08 12:07:00.036909,0:00:45.299184,browsing,0
2017-08-08 12:07:00.051336,2017-08-08 12:08:38.425383,0:01:38.374047,browsing,0
2017-08-08 12:08:38.431647,2017-08-08 12:10:20.909552,0:01:42.477905,browsing,0
2017-08-08 12:10:20.916831,2017-08-08 12:14:06.422399,0:03:45.505568,private,0
2017-08-08 12:14:06.429433,2017-08-08 12:14:22.239264,0:00:15.809831,browsing,0
2017-08-08 12:14:22.245449,2017-08-08 12:15:03.729976,0:00:41.484527,browsing,0
2017-08-08 12:15:03.737129,2017-08-08 12:17:26.007312,0:02:22.270183,browsing,0
2017-08-08 12:17:26.014199,2017-08-08 12:27:26.023157,0:10:00.008958,browsing,-1
2017-08-08 12:27:26.030245,2017-08-08 12:56:21.035426,0:28:55.005181,offline,0
2017-08-08 12:56:21.042433,2017-08-08 12:59:26.643638,0:03:05.601205,browsing,0
2017-08-08 12:59:26.650010,2017-08-08 13:03:57.515552,0:04:30.865542,browsing,0
2017-08-08 13:03:57.521687,2017-08-08 13:07:19.831170,0:03:22.309483,browsing,0
2017-08-08 13:07:19.846383,2017-08-08 13:09:11.815205,0:01:51.968822,browsing,0
2017-08-08 13:09:11.821392,2017-08-08 13:30:45.823928,0:21:34.002536,offline,0
2017-08-08 13:30:45.842358,2017-08-08 13:30:56.394530,0:00:10.552172,browsing,0
2017-08-08 13:30:56.412253,2017-08-08 13:31:10.531781,0:00:14.119528,browsing,0
2017-08-08 13:31:10.770283,2017-08-08 13:31:20.124416,0:00:09.354133,browsing,0
2017-08-08 13:31:20.146099,2017-08-08 13:31:35.274862,0:00:15.128763,printing,0
2017-08-08 13:31:35.292343,2017-08-08 13:31:46.508518,0:00:11.216175,browsing,0
2017-08-08 13:31:46.532511,2017-08-08 13:33:33.211946,0:01:46.679435,browsing,0
2017-08-08 13:33:33.218653,2017-08-08 13:36:16.691723,0:02:43.473070,browsing,0
2017-08-08 13:36:16.698438,2017-08-08 13:39:58.086764,0:03:41.388326,browsing,0
2017-08-08 13:39:58.092081,2017-08-08 13:40:07.811256,0:00:09.719175,browsing,0
2017-08-08 13:40:07.817024,2017-08-08 14:11:35.917074,0:31:28.100050,offline,0
2017-08-08 14:11:35.928594,2017-08-08 14:13:57.340773,0:02:21.412179,browsing,0
2017-08-08 14:13:57.347877,2017-08-08 14:15:47.270148,0:01:49.922271,browsing,0
2017-08-08 14:15:47.276498,2017-08-08 14:16:29.322473,0:00:42.045975,browsing,0
2017-08-08 14:16:29.334796,2017-08-08 14:19:29.408468,0:03:00.073672,breaks,0
2017-08-08 14:19:29.415669,2017-08-08 14:20:34.106517,0:01:04.690848,browsing,0
2017-08-08 14:20:34.115634,2017-08-08 14:20:43.771285,0:00:09.655651,browsing,0
2017-08-08 14:20:43.780524,2017-08-08 14:22:55.048876,0:02:11.268352,browsing,0
2017-08-08 14:22:55.095262,2017-08-08 14:25:39.636374,0:02:44.541112,browsing,0
2017-08-08 14:25:39.644970,2017-08-08 14:27:52.767451,0:02:13.122481,browsing,0
2017-08-08 14:27:52.773911,2017-08-08 14:30:57.363903,0:03:04.589992,browsing,0
2017-08-08 14:30:57.369939,2017-08-08 14:37:12.623551,0:06:15.253612,browsing,0
2017-08-08 14:37:12.632429,2017-08-08 14:44:37.441499,0:07:24.809070,browsing,0
2017-08-08 14:44:37.450000,2017-08-08 14:49:06.741784,0:04:29.291784,browsing,0
2017-08-08 14:49:06.756945,2017-08-08 14:53:17.768503,0:04:11.011558,browsing,0
2017-08-08 14:53:17.774772,2017-08-08 15:01:46.716496,0:08:28.941724,browsing,0
2017-08-08 15:01:46.722574,2017-08-08 16:51:54.750567,1:50:08.027993,meeting,0
2017-08-08 16:51:54.758102,2017-08-08 16:52:51.676274,0:00:56.918172,browsing,0
2017-08-08 16:52:51.682794,2017-08-08 16:58:10.097850,0:05:18.415056,browsing,0
2017-08-08 16:58:10.107050,2017-08-08 17:22:37.151058,0:24:27.044008,offline,0
2017-08-10 09:04:56.246302,2017-08-10 09:08:38.658409,0:03:42.412107,browsing,0
2017-08-10 09:08:38.685083,2017-08-10 09:10:36.698357,0:01:58.013274,browsing,0
2017-08-10 09:10:36.704251,2017-08-10 09:41:40.806230,0:31:04.101979,offline,0
2017-08-10 09:41:40.815670,2017-08-10 10:20:55.918549,0:39:15.102879,offline,0
2017-08-10 10:20:55.925753,2017-08-10 10:23:32.613271,0:02:36.687518,browsing,0
2017-08-10 10:23:32.618428,2017-08-10 10:27:18.355266,0:03:45.736838,browsing,0
2017-08-10 10:27:18.361401,2017-08-10 10:28:08.742822,0:00:50.381421,mailing,0
2017-08-10 10:28:08.749153,2017-08-10 11:12:57.852000,0:44:49.102847,offline,0
2017-08-10 11:12:57.859760,2017-08-10 11:22:57.865431,0:10:00.005671,browsing,-1
2017-08-10 11:22:57.875627,2017-08-10 12:01:11.970446,0:38:14.094819,offline,0
2017-08-10 12:01:11.977088,2017-08-10 12:02:31.546169,0:01:19.569081,browsing,0
2017-08-10 12:02:31.553609,2017-08-10 12:03:09.120087,0:00:37.566478,browsing,0
2017-08-10 12:03:09.137981,2017-08-10 12:05:03.301343,0:01:54.163362,browsing,0
2017-08-10 12:05:03.307693,2017-08-10 12:05:58.611169,0:00:55.303476,printing,0
2017-08-10 12:05:58.618444,2017-08-10 12:08:40.917173,0:02:42.298729,browsing,0
2017-08-10 12:08:40.923230,2017-08-10 12:10:34.276470,0:01:53.353240,browsing,0
2017-08-10 12:10:34.292887,2017-08-10 12:15:52.325899,0:05:18.033012,browsing,0
2017-08-10 12:15:52.331273,2017-08-10 12:16:05.587680,0:00:13.256407,browsing,0
2017-08-10 12:16:05.592809,2017-08-10 12:16:19.347378,0:00:13.754569,browsing,0
2017-08-10 12:16:19.353830,2017-08-10 12:18:13.157736,0:01:53.803906,browsing,0
2017-08-10 12:18:13.164805,2017-08-10 12:42:13.170144,0:24:00.005339,offline,0
2017-08-10 12:42:13.178327,2017-08-10 12:42:27.641513,0:00:14.463186,browsing,0
2017-08-10 12:42:27.647479,2017-08-10 12:46:41.764151,0:04:14.116672,browsing,0
2017-08-10 12:46:41.770011,2017-08-10 12:47:52.786735,0:01:11.016724,breaks,0
2017-08-10 12:47:52.794751,2017-08-10 12:48:52.498164,0:00:59.703413,browsing,0
2017-08-10 12:48:52.506860,2017-08-10 12:49:17.638374,0:00:25.131514,browsing,0
2017-08-10 12:49:17.643728,2017-08-10 12:50:38.735240,0:01:21.091512,browsing,0
2017-08-10 12:50:38.740292,2017-08-10 12:53:18.507837,0:02:39.767545,browsing,0
2017-08-10 12:53:18.513995,2017-08-10 12:55:45.918316,0:02:27.404321,browsing,0
2017-08-10 12:55:45.934806,2017-08-10 12:57:49.459284,0:02:03.524478,browsing,0
2017-08-10 12:57:49.465679,2017-08-10 13:05:46.289301,0:07:56.823622,browsing,0
2017-08-10 13:05:46.294457,2017-08-10 13:18:49.303253,0:13:03.008796,offline,0
2017-08-10 13:18:49.310604,2017-08-10 13:20:59.427015,0:02:10.116411,browsing,0
2017-08-10 13:20:59.433551,2017-08-10 13:26:28.250498,0:05:28.816947,browsing,0
2017-08-10 13:26:28.256758,2017-08-10 13:28:30.223158,0:02:01.966400,browsing,0
2017-08-10 13:28:30.228602,2017-08-10 13:40:50.242732,0:12:20.014130,offline,0
2017-08-10 13:40:50.253499,2017-08-10 13:43:01.259525,0:02:11.006026,breaks,0
2017-08-10 13:43:01.265703,2017-08-10 14:14:17.277142,0:31:16.011439,offline,0
2017-08-10 14:14:17.283955,2017-08-10 14:14:31.091584,0:00:13.807629,browsing,0
2017-08-10 14:14:31.097474,2017-08-10 14:24:58.110107,0:10:27.012633,offline,0
2017-08-10 14:24:58.116418,2017-08-10 15:09:57.127043,0:44:59.010625,offline,0
2017-08-10 15:09:57.134438,2017-08-10 15:10:48.203946,0:00:51.069508,browsing,0
2017-08-10 15:10:48.213942,2017-08-10 15:13:14.918850,0:02:26.704908,browsing,0
2017-08-10 15:13:14.924441,2017-08-10 15:20:08.943407,0:06:54.018966,offline,0
2017-08-10 15:20:08.955092,2017-08-10 15:23:54.846210,0:03:45.891118,browsing,0
2017-08-10 15:23:54.859088,2017-08-10 15:26:45.001488,0:02:50.142400,browsing,0
2017-08-10 15:26:45.008536,2017-08-10 15:26:51.845755,0:00:06.837219,browsing,0
2017-08-10 15:26:51.850731,2017-08-10 15:27:48.771573,0:00:56.920842,browsing,0
2017-08-10 15:27:48.777541,2017-08-10 15:32:03.540065,0:04:14.762524,browsing,0
2017-08-10 15:32:03.546395,2017-08-10 15:33:27.105259,0:01:23.558864,private,0
2017-08-10 15:33:27.114632,2017-08-10 15:34:50.287345,0:01:23.172713,browsing,0
2017-08-10 15:34:50.329526,2017-08-10 15:35:05.367740,0:00:15.038214,printing,0
2017-08-10 15:35:05.393647,2017-08-10 15:35:25.671763,0:00:20.278116,browsing,0
2017-08-10 15:35:25.679428,2017-08-10 16:16:28.693310,0:41:03.013882,offline,0
2017-08-10 16:16:28.702566,2017-08-10 16:20:42.458335,0:04:13.755769,browsing,0
2017-08-10 16:20:42.465142,2017-08-10 16:22:08.216502,0:01:25.751360,browsing,0
2017-08-10 16:22:08.222485,2017-08-10 16:31:58.226775,0:09:50.004290,offline,0
2017-08-10 16:31:58.234585,2017-08-10 16:34:39.107682,0:02:40.873097,browsing,0
2017-08-10 16:34:39.125584,2017-08-10 16:35:41.840147,0:01:02.714563,browsing,0
2017-08-10 16:35:42.068301,2017-08-10 16:45:42.073906,0:10:00.005605,browsing,-1
2017-08-10 16:45:42.080006,2017-08-10 16:46:47.682839,0:01:05.602833,browsing,0
2017-08-10 16:46:47.689833,2017-08-10 16:48:44.633490,0:01:56.943657,browsing,0
2017-08-10 16:48:44.639723,2017-08-10 16:49:57.976088,0:01:13.336365,browsing,0
2017-08-10 16:49:57.982884,2017-08-10 16:55:16.204870,0:05:18.221986,browsing,0
2017-08-10 16:55:16.212426,2017-08-10 16:56:15.967837,0:00:59.755411,browsing,0
2017-08-10 16:56:15.975260,2017-08-10 16:58:44.213465,0:02:28.238205,browsing,0
2017-08-10 16:58:44.223110,2017-08-10 17:01:31.813805,0:02:47.590695,browsing,0
2017-08-11 09:06:33.441981,2017-08-11 09:32:54.542934,0:26:21.100953,offline,0
2017-08-11 09:32:54.556707,2017-08-11 09:34:03.707355,0:01:09.150648,browsing,0
2017-08-11 09:34:03.713121,2017-08-11 09:36:06.626859,0:02:02.913738,browsing,0
2017-08-11 09:36:06.633248,2017-08-11 09:38:44.885086,0:02:38.251838,browsing,0
2017-08-11 09:38:44.892504,2017-08-11 09:40:24.024792,0:01:39.132288,browsing,0
2017-08-11 09:40:24.030326,2017-08-11 09:49:52.369000,0:09:28.338674,browsing,0
2017-08-11 09:49:52.375982,2017-08-11 09:50:10.251182,0:00:17.875200,browsing,0
2017-08-11 09:50:10.257714,2017-08-11 09:57:45.357414,0:07:35.099700,browsing,0
2017-08-11 09:57:45.362649,2017-08-11 10:25:31.464465,0:27:46.101816,offline,0
2017-08-11 10:25:31.471224,2017-08-11 10:28:17.613366,0:02:46.142142,browsing,0
2017-08-11 10:28:17.621259,2017-08-11 10:29:17.548665,0:00:59.927406,browsing,0
2017-08-11 10:29:17.554794,2017-08-11 10:30:29.393537,0:01:11.838743,browsing,0
2017-08-11 10:30:29.400233,2017-08-11 10:31:10.931344,0:00:41.531111,browsing,0
2017-08-11 10:31:10.937217,2017-08-11 10:35:15.405072,0:04:04.467855,browsing,0
2017-08-11 10:35:15.411166,2017-08-11 10:37:51.545361,0:02:36.134195,browsing,0
2017-08-11 10:37:51.551267,2017-08-11 10:38:57.917838,0:01:06.366571,browsing,0
2017-08-11 10:38:57.923770,2017-08-11 10:41:29.151779,0:02:31.228009,browsing,0
2017-08-11 10:41:29.157491,2017-08-11 10:43:06.354297,0:01:37.196806,browsing,0
2017-08-11 10:43:06.362450,2017-08-11 10:47:34.308445,0:04:27.945995,browsing,0
2017-08-11 10:47:34.314437,2017-08-11 10:49:09.411168,0:01:35.096731,breaks,0
2017-08-11 10:49:09.419522,2017-08-11 10:53:23.842409,0:04:14.422887,browsing,0
2017-08-11 10:53:23.894811,2017-08-11 10:54:42.894589,0:01:18.999778,browsing,0
2017-08-11 10:54:42.901326,2017-08-11 11:04:42.906758,0:10:00.005432,browsing,-1
2017-08-11 11:04:42.912698,2017-08-11 11:09:55.766086,0:05:12.853388,browsing,0
2017-08-11 11:09:55.772551,2017-08-11 11:11:41.491857,0:01:45.719306,browsing,0
2017-08-11 11:11:41.498175,2017-08-11 11:47:31.500179,0:35:50.002004,offline,0
2017-08-11 11:47:31.507816,2017-08-11 11:51:55.816056,0:04:24.308240,browsing,0
2017-08-11 11:51:55.822524,2017-08-11 12:15:47.923943,0:23:52.101419,offline,0
2017-08-11 12:15:47.931794,2017-08-11 12:18:47.281732,0:02:59.349938,browsing,0
2017-08-11 12:18:47.287317,2017-08-11 12:23:13.456881,0:04:26.169564,browsing,0
2017-08-11 12:23:13.462893,2017-08-11 12:33:19.286976,0:10:05.824083,browsing,-1
2017-08-11 12:33:19.310418,2017-08-11 12:49:29.325361,0:16:10.014943,offline,0
2017-08-11 12:49:29.332964,2017-08-11 12:57:15.461898,0:07:46.128934,browsing,0
2017-08-11 12:57:15.468996,2017-08-11 13:00:51.262558,0:03:35.793562,browsing,0
2017-08-11 13:00:51.271477,2017-08-11 13:01:07.729653,0:00:16.458176,printing,0
2017-08-11 13:01:07.736394,2017-08-11 13:04:52.228208,0:03:44.491814,browsing,0
2017-08-11 13:04:52.234241,2017-08-11 13:08:03.550823,0:03:11.316582,browsing,0
2017-08-11 13:08:03.557668,2017-08-11 13:12:22.634174,0:04:19.076506,browsing,0
2017-08-11 13:12:22.640554,2017-08-11 13:14:32.874702,0:02:10.234148,mailing,0
2017-08-11 13:14:32.878432,2017-08-11 13:52:52.978073,0:38:20.099641,offline,0
2017-08-11 13:52:52.984786,2017-08-11 14:11:16.994469,0:18:24.009683,offline,0
2017-08-11 14:11:17.001397,2017-08-11 14:16:04.361405,0:04:47.360008,browsing,0
2017-08-11 14:16:04.368017,2017-08-11 14:19:27.325285,0:03:22.957268,browsing,0
2017-08-11 14:19:27.331095,2017-08-11 14:22:38.395523,0:03:11.064428,browsing,0
2017-08-11 14:22:38.402562,2017-08-11 15:05:02.444384,0:42:24.041822,offline,0
2017-08-11 15:05:02.452510,2017-08-11 15:09:44.461466,0:04:42.008956,offline,0
2017-08-11 15:09:44.468142,2017-08-11 15:13:07.387780,0:03:22.919638,browsing,0
2017-08-11 15:13:07.394990,2017-08-11 15:17:52.456798,0:04:45.061808,browsing,0
2017-08-11 15:17:52.466433,2017-08-11 15:22:12.852299,0:04:20.385866,browsing,0
2017-08-11 15:22:12.870753,2017-08-11 15:26:08.060638,0:03:55.189885,browsing,0
2017-08-11 15:26:08.066966,2017-08-11 15:33:31.398116,0:07:23.331150,browsing,0
2017-08-11 15:33:31.412990,2017-08-11 15:36:42.014162,0:03:10.601172,browsing,0
2017-08-11 15:36:42.021622,2017-08-11 15:40:20.008501,0:03:37.986879,browsing,0
2017-08-11 15:40:20.014583,2017-08-11 15:44:14.401077,0:03:54.386494,browsing,0
2017-08-11 15:44:14.418458,2017-08-11 16:06:55.450367,0:22:41.031909,offline,0
2017-08-11 16:06:55.457448,2017-08-11 16:10:08.315576,0:03:12.858128,browsing,0
2017-08-11 16:10:08.323471,2017-08-11 16:13:31.367005,0:03:23.043534,browsing,0
2017-08-11 16:13:31.372981,2017-08-11 17:03:03.450748,0:49:32.077767,offline,0
2017-08-14 09:00:35.161354,2017-08-14 09:02:27.670086,0:01:52.508732,browsing,0
2017-08-14 09:02:27.674886,2017-08-14 09:03:46.987775,0:01:19.312889,browsing,0
2017-08-14 09:03:46.992900,2017-08-14 09:21:49.997713,0:18:03.004813,offline,0
2017-08-14 09:21:50.004706,2017-08-14 09:22:17.458820,0:00:27.454114,copyFiles,0
2017-08-14 09:22:17.465321,2017-08-14 09:26:35.829057,0:04:18.363736,browsing,0
2017-08-14 09:26:35.834950,2017-08-14 09:46:38.936759,0:20:03.101809,offline,0
2017-08-14 09:46:38.945107,2017-08-14 09:47:44.148835,0:01:05.203728,browsing,0
2017-08-14 09:47:44.155917,2017-08-14 09:47:57.907549,0:00:13.751632,browsing,0
2017-08-14 09:47:57.913506,2017-08-14 09:48:29.519569,0:00:31.606063,browsing,0
2017-08-14 09:48:29.526067,2017-08-14 10:22:56.627547,0:34:27.101480,offline,0
2017-08-14 10:22:56.633669,2017-08-14 10:42:34.735630,0:19:38.101961,offline,0
2017-08-14 10:42:34.743051,2017-08-14 10:42:49.505838,0:00:14.762787,browsing,0
2017-08-14 10:42:49.515840,2017-08-14 10:43:47.261558,0:00:57.745718,browsing,0
2017-08-14 10:43:47.269098,2017-08-14 10:50:27.371249,0:06:40.102151,offline,0
2017-08-14 10:50:27.378736,2017-08-14 11:00:35.480424,0:10:08.101688,offline,0
2017-08-14 11:00:35.488870,2017-08-14 11:01:41.299617,0:01:05.810747,browsing,0
2017-08-14 11:01:41.305293,2017-08-14 11:02:32.560728,0:00:51.255435,browsing,0
2017-08-14 11:02:32.566736,2017-08-14 11:03:41.929635,0:01:09.362899,browsing,0
2017-08-14 11:03:41.936052,2017-08-14 11:34:49.997932,0:31:08.061880,offline,0
2017-08-14 11:34:50.007452,2017-08-14 11:38:27.709484,0:03:37.702032,browsing,0
2017-08-14 11:38:27.715756,2017-08-14 11:40:21.151942,0:01:53.436186,private,0
2017-08-14 11:40:21.157701,2017-08-14 11:45:03.867722,0:04:42.710021,browsing,0
2017-08-14 11:45:03.886954,2017-08-14 11:46:56.721617,0:01:52.834663,browsing,0
2017-08-14 11:46:56.727834,2017-08-14 11:50:47.972281,0:03:51.244447,browsing,0
2017-08-14 11:50:47.979880,2017-08-14 12:00:47.985896,0:10:00.006016,browsing,-1
2017-08-14 12:00:47.991466,2017-08-14 12:45:51.998390,0:45:04.006924,offline,0
2017-08-14 12:45:52.005077,2017-08-14 12:47:31.589541,0:01:39.584464,browsing,0
2017-08-14 12:47:31.596532,2017-08-14 12:57:31.606902,0:10:00.010370,browsing,-1
2017-08-14 12:57:31.613911,2017-08-14 12:59:49.860434,0:02:18.246523,browsing,0
2017-08-14 12:59:49.868344,2017-08-14 13:07:48.022644,0:07:58.154300,browsing,0
2017-08-14 13:07:48.041656,2017-08-14 13:14:29.681954,0:06:41.640298,browsing,0
2017-08-14 13:14:29.688483,2017-08-14 13:17:26.790186,0:02:57.101703,breaks,0
2017-08-14 13:17:26.798594,2017-08-14 13:24:37.190714,0:07:10.392120,browsing,0
2017-08-14 13:24:37.211510,2017-08-14 13:26:31.772114,0:01:54.560604,browsing,0
2017-08-14 13:26:31.778317,2017-08-14 13:28:54.292416,0:02:22.514099,browsing,0
2017-08-14 13:28:54.298827,2017-08-14 13:30:31.255175,0:01:36.956348,mailing,0
2017-08-14 13:30:31.260203,2017-08-14 13:35:06.397121,0:04:35.136918,browsing,0
2017-08-14 13:35:06.403738,2017-08-14 13:37:09.347059,0:02:02.943321,browsing,0
2017-08-14 13:37:09.353926,2017-08-14 13:38:56.455553,0:01:47.101627,offline,0
2017-08-14 13:38:56.462760,2017-08-14 13:58:34.472611,0:19:38.009851,offline,0
2017-08-14 13:58:34.479259,2017-08-14 13:59:37.363474,0:01:02.884215,browsing,0
2017-08-14 13:59:37.370438,2017-08-14 14:02:12.745864,0:02:35.375426,browsing,0
2017-08-14 14:02:12.753618,2017-08-14 14:06:28.796165,0:04:16.042547,offline,0
2017-08-14 14:06:28.805221,2017-08-14 14:10:34.620439,0:04:05.815218,browsing,0
2017-08-14 14:10:34.626394,2017-08-14 14:11:02.159770,0:00:27.533376,printing,0
2017-08-14 14:11:02.165660,2017-08-14 14:12:51.327589,0:01:49.161929,browsing,0
2017-08-14 14:12:51.334418,2017-08-14 14:14:08.450268,0:01:17.115850,browsing,0
2017-08-14 14:14:08.456164,2017-08-14 14:24:08.463025,0:10:00.006861,browsing,-1
2017-08-14 14:24:08.468649,2017-08-14 14:27:46.120278,0:03:37.651629,browsing,0
2017-08-14 14:27:46.126306,2017-08-14 14:33:51.519412,0:06:05.393106,browsing,0
2017-08-14 14:33:51.524589,2017-08-14 14:38:07.006950,0:04:15.482361,browsing,0
2017-08-14 14:38:07.012186,2017-08-14 15:04:46.870813,0:26:39.858627,offline,0
2017-08-14 15:05:08.979794,2017-08-14 15:34:08.669491,0:28:59.689697,offline,0
2017-08-14 15:34:54.382953,2017-08-14 15:45:56.973203,0:11:02.590250,browsing,-1
2017-08-14 15:46:09.645764,2017-08-14 16:13:42.870954,0:27:33.225190,offline,0
2017-08-14 16:14:26.131632,2017-08-14 17:05:23.991509,0:50:57.859877,offline,0
2017-08-15 09:01:29.791223,2017-08-15 09:02:33.785707,0:01:03.994484,browsing,0
2017-08-15 09:02:33.790315,2017-08-15 09:05:34.746691,0:03:00.956376,browsing,0
2017-08-15 09:05:34.752620,2017-08-15 09:09:39.100397,0:04:04.347777,browsing,0
2017-08-15 09:09:39.106910,2017-08-15 09:11:09.272353,0:01:30.165443,browsing,0
2017-08-15 09:11:09.279867,2017-08-15 09:12:30.075342,0:01:20.795475,browsing,0
2017-08-15 09:12:30.082248,2017-08-15 09:15:12.837067,0:02:42.754819,browsing,0
2017-08-15 09:15:12.844651,2017-08-15 09:17:49.569524,0:02:36.724873,browsing,0
2017-08-15 09:17:49.576277,2017-08-15 09:18:17.769160,0:00:28.192883,browsing,0
2017-08-15 09:18:17.775806,2017-08-15 09:19:16.555902,0:00:58.780096,browsing,0
2017-08-15 09:19:16.561384,2017-08-15 09:20:00.758076,0:00:44.196692,browsing,0
2017-08-15 09:20:00.779056,2017-08-15 09:27:06.990755,0:07:06.211699,browsing,0
2017-08-15 09:27:06.996127,2017-08-15 09:28:09.976845,0:01:02.980718,browsing,0
2017-08-15 09:28:10.025662,2017-08-15 09:34:29.217293,0:06:19.191631,browsing,0
2017-08-15 09:34:29.224931,2017-08-15 09:37:01.053142,0:02:31.828211,browsing,0
2017-08-15 09:37:01.058557,2017-08-15 09:40:30.222156,0:03:29.163599,browsing,0
2017-08-15 09:40:30.227690,2017-08-15 09:54:31.329538,0:14:01.101848,offline,0
2017-08-15 09:54:31.337155,2017-08-15 10:41:23.438092,0:46:52.100937,offline,0
2017-08-15 10:41:23.445517,2017-08-15 10:43:32.531347,0:02:09.085830,browsing,0
2017-08-15 10:43:32.538120,2017-08-15 10:44:19.147001,0:00:46.608881,browsing,0
2017-08-15 10:44:19.152208,2017-08-15 10:48:43.637114,0:04:24.484906,browsing,0
2017-08-15 10:48:43.643095,2017-08-15 10:49:07.685665,0:00:24.042570,browsing,0
2017-08-15 10:49:07.691817,2017-08-15 10:51:31.926203,0:02:24.234386,browsing,0
2017-08-15 10:51:31.931960,2017-08-15 10:58:44.689013,0:07:12.757053,browsing,0
2017-08-15 10:58:44.694976,2017-08-15 11:02:06.467350,0:03:21.772374,browsing,0
2017-08-15 11:02:06.474237,2017-08-15 11:04:27.449951,0:02:20.975714,private,0
2017-08-15 11:04:27.455776,2017-08-15 11:08:39.168457,0:04:11.712681,browsing,0
2017-08-15 11:08:39.179839,2017-08-15 11:10:59.281622,0:02:20.101783,offline,0
2017-08-15 11:10:59.363711,2017-08-15 11:38:40.465387,0:27:41.101676,offline,0
2017-08-15 11:38:40.475595,2017-08-15 11:39:20.306395,0:00:39.830800,browsing,0
2017-08-15 11:39:20.312312,2017-08-15 11:40:03.254648,0:00:42.942336,browsing,0
2017-08-15 11:40:03.260232,2017-08-15 11:45:48.361878,0:05:45.101646,offline,0
2017-08-15 11:45:48.372536,2017-08-15 11:55:48.381449,0:10:00.008913,browsing,-1
2017-08-15 11:55:48.387272,2017-08-15 12:40:03.446857,0:44:15.059585,offline,0
2017-08-15 12:40:03.455418,2017-08-15 13:11:52.463492,0:31:49.008074,offline,0
2017-08-15 13:11:52.471428,2017-08-15 13:13:31.006888,0:01:38.535460,browsing,0
2017-08-15 13:13:31.013568,2017-08-15 13:14:58.080845,0:01:27.067277,browsing,0
2017-08-15 13:14:58.087778,2017-08-15 13:16:18.994564,0:01:20.906786,browsing,0
2017-08-15 13:16:18.999953,2017-08-15 13:53:14.013797,0:36:55.013844,offline,0
2017-08-15 13:53:14.020280,2017-08-15 13:57:06.968721,0:03:52.948441,browsing,0
2017-08-15 13:57:06.975186,2017-08-15 13:57:47.922294,0:00:40.947108,browsing,0
2017-08-15 13:57:47.928033,2017-08-15 14:37:50.946374,0:40:03.018341,offline,0
2017-08-15 14:37:50.953475,2017-08-15 14:40:35.115108,0:02:44.161633,copyFiles,0
2017-08-15 14:40:35.126517,2017-08-15 14:46:09.228305,0:05:34.101788,browsing,0
2017-08-15 14:46:09.234605,2017-08-15 14:47:16.751657,0:01:07.517052,browsing,0
2017-08-15 14:47:16.757972,2017-08-15 14:52:06.115539,0:04:49.357567,browsing,0
2017-08-15 14:52:06.121861,2017-08-15 14:52:49.932397,0:00:43.810536,browsing,0
2017-08-15 14:52:49.938880,2017-08-15 15:02:49.945562,0:10:00.006682,browsing,-1
2017-08-15 15:02:49.951025,2017-08-15 15:03:00.863870,0:00:10.912845,browsing,0
2017-08-15 15:03:00.881409,2017-08-15 15:03:56.129455,0:00:55.248046,browsing,0
2017-08-15 15:03:56.136855,2017-08-15 15:04:39.191677,0:00:43.054822,browsing,0
2017-08-15 15:04:39.202626,2017-08-15 15:05:22.065167,0:00:42.862541,browsing,0
2017-08-15 15:05:22.304971,2017-08-15 15:06:37.957940,0:01:15.652969,browsing,0
2017-08-15 15:06:37.980534,2017-08-15 15:06:53.084246,0:00:15.103712,printing,0
2017-08-15 15:06:53.104283,2017-08-15 15:54:14.113222,0:47:21.008939,offline,0
2017-08-15 15:54:14.123997,2017-08-15 16:40:37.144728,0:46:23.020731,offline,0
2017-08-15 16:40:37.158264,2017-08-15 16:50:55.196629,0:10:18.038365,browsing,-1
2017-08-15 16:51:47.040481,2017-08-15 17:02:33.784314,0:10:46.743833,browsing,-1
2017-08-16 09:12:11.958863,2017-08-16 09:13:17.983447,0:01:06.024584,browsing,0
2017-08-16 09:13:17.997544,2017-08-16 09:19:14.245705,0:05:56.248161,browsing,0
2017-08-16 09:19:14.268981,2017-08-16 09:20:36.866619,0:01:22.597638,browsing,0
2017-08-16 09:20:36.871657,2017-08-16 09:21:29.444733,0:00:52.573076,browsing,0
2017-08-16 09:21:29.450390,2017-08-16 09:22:20.569776,0:00:51.119386,browsing,0
2017-08-16 09:22:20.575482,2017-08-16 09:23:06.564240,0:00:45.988758,printing,0
2017-08-16 09:23:06.569692,2017-08-16 09:25:49.274536,0:02:42.704844,browsing,0
2017-08-16 09:25:49.280061,2017-08-16 10:02:49.380930,0:37:00.100869,offline,0
2017-08-16 10:02:49.387041,2017-08-16 10:03:11.261510,0:00:21.874469,browsing,0
2017-08-16 10:03:11.266171,2017-08-16 10:06:05.342710,0:02:54.076539,browsing,0
2017-08-16 10:06:05.347585,2017-08-16 10:38:44.448502,0:32:39.100917,offline,0
2017-08-16 10:38:44.456679,2017-08-16 10:57:05.557754,0:18:21.101075,offline,0
2017-08-16 10:57:05.566422,2017-08-16 10:58:37.239712,0:01:31.673290,browsing,0
2017-08-16 10:58:37.245306,2017-08-16 11:00:54.346221,0:02:17.100915,breaks,0
2017-08-16 11:00:54.352005,2017-08-16 11:06:57.760899,0:06:03.408894,browsing,0
2017-08-16 11:06:57.765216,2017-08-16 11:52:05.866306,0:45:08.101090,offline,0
2017-08-16 11:52:05.872261,2017-08-16 11:52:56.165676,0:00:50.293415,mailing,0
2017-08-16 11:52:56.170840,2017-08-16 11:54:54.340791,0:01:58.169951,copyFiles,0
2017-08-16 11:54:54.347121,2017-08-16 12:25:46.448567,0:30:52.101446,offline,0
2017-08-16 12:25:46.454806,2017-08-16 12:27:29.767873,0:01:43.313067,browsing,0
2017-08-16 12:27:29.772675,2017-08-16 12:28:40.628025,0:01:10.855350,mailing,0
2017-08-16 12:28:40.636158,2017-08-16 12:30:56.057406,0:02:15.421248,private,0
2017-08-16 12:30:56.061787,2017-08-16 12:31:08.172315,0:00:12.110528,browsing,0
2017-08-16 12:31:08.178503,2017-08-16 13:04:01.279551,0:32:53.101048,offline,0
2017-08-16 13:04:01.293161,2017-08-16 13:04:16.324496,0:00:15.031335,printing,0
2017-08-16 13:04:16.329554,2017-08-16 13:04:25.071810,0:00:08.742256,browsing,0
2017-08-16 13:04:25.076274,2017-08-16 13:05:09.827195,0:00:44.750921,browsing,0
2017-08-16 13:05:09.831971,2017-08-16 13:43:08.932926,0:37:59.100955,offline,0
2017-08-16 13:43:08.936863,2017-08-16 13:44:40.028404,0:01:31.091541,browsing,0
2017-08-16 13:44:40.038098,2017-08-16 13:45:09.748156,0:00:29.710058,browsing,0
2017-08-16 13:45:09.757980,2017-08-16 13:46:56.671422,0:01:46.913442,browsing,0
2017-08-16 13:46:56.676955,2017-08-16 13:47:40.457877,0:00:43.780922,browsing,0
2017-08-16 13:47:40.463362,2017-08-16 13:51:25.567071,0:03:45.103709,breaks,0
2017-08-16 13:51:25.576840,2017-08-16 13:51:38.330440,0:00:12.753600,browsing,0
2017-08-16 13:51:38.335121,2017-08-16 13:55:26.350475,0:03:48.015354,browsing,0
2017-08-16 13:55:26.354975,2017-08-16 14:00:03.396438,0:04:37.041463,browsing,0
2017-08-16 14:00:03.401344,2017-08-16 14:09:09.602120,0:09:06.200776,browsing,0
2017-08-16 14:09:09.607362,2017-08-16 14:09:51.943581,0:00:42.336219,browsing,0
2017-08-16 14:09:51.947999,2017-08-16 14:47:51.048836,0:37:59.100837,offline,0
2017-08-16 14:47:51.055548,2017-08-16 14:51:12.227170,0:03:21.171622,browsing,0
2017-08-16 14:51:12.232170,2017-08-16 14:52:49.330324,0:01:37.098154,breaks,0
2017-08-16 14:52:49.336383,2017-08-16 14:53:41.396432,0:00:52.060049,browsing,0
2017-08-16 14:53:41.401755,2017-08-16 14:57:05.305150,0:03:23.903395,browsing,0
2017-08-16 14:57:05.310168,2017-08-16 14:59:20.941828,0:02:15.631660,browsing,0
2017-08-16 14:59:20.946779,2017-08-16 15:05:57.390314,0:06:36.443535,browsing,0
2017-08-16 15:05:57.395135,2017-08-16 15:12:44.708266,0:06:47.313131,browsing,0
2017-08-16 15:12:44.717293,2017-08-16 15:16:07.562522,0:03:22.845229,browsing,0
2017-08-16 15:16:07.574319,2017-08-16 15:19:21.124500,0:03:13.550181,browsing,0
2017-08-16 15:19:21.130315,2017-08-16 15:21:30.706450,0:02:09.576135,browsing,0
2017-08-16 15:21:30.711662,2017-08-16 15:22:22.964781,0:00:52.253119,browsing,0
2017-08-16 15:22:22.969653,2017-08-16 15:28:55.369879,0:06:32.400226,browsing,0
2017-08-16 15:28:55.374566,2017-08-16 15:38:11.243471,0:09:15.868905,browsing,0
2017-08-16 15:38:11.248403,2017-08-16 15:38:36.298326,0:00:25.049923,printing,0
2017-08-16 15:38:36.303947,2017-08-16 15:38:43.942530,0:00:07.638583,browsing,0
2017-08-16 15:38:43.947925,2017-08-16 15:40:44.832247,0:02:00.884322,browsing,0
2017-08-16 15:40:44.838112,2017-08-16 16:02:41.938304,0:21:57.100192,offline,0
2017-08-16 16:02:41.944496,2017-08-16 16:07:42.045510,0:05:00.101014,offline,0
2017-08-16 16:07:42.051346,2017-08-16 16:08:26.804457,0:00:44.753111,browsing,0
2017-08-16 16:08:26.808831,2017-08-16 16:09:42.128748,0:01:15.319917,browsing,0
2017-08-16 16:09:42.133539,2017-08-16 16:52:05.168322,0:42:23.034783,offline,0
2017-08-16 16:52:05.173637,2017-08-16 17:30:00.274660,0:37:55.101023,offline,0