start,end,duration,activity,returnCode
2017-08-02 07:09:03.751065,2017-08-02 08:04:43.851983,0:55:40.100918,meeting,0
2017-08-02 08:04:43.858834,2017-08-02 08:50:52.960427,0:46:09.101593,offline,0
2017-08-02 08:50:52.967830,2017-08-02 09:23:20.990545,0:32:28.022715,offline,0
2017-08-02 09:23:20.997795,2017-08-02 09:34:53.099521,0:11:32.101726,offline,0
2017-08-02 09:34:53.105779,2017-08-02 09:35:38.730732,0:00:45.624953,printing,0
2017-08-02 09:35:38.736635,2017-08-02 11:11:33.837580,1:35:55.100945,meeting,0
2017-08-02 11:11:33.845019,2017-08-02 11:11:48.895799,0:00:15.050780,printing,0
2017-08-02 11:11:48.902071,2017-08-02 11:37:19.003105,0:25:30.101034,offline,0
2017-08-02 11:37:19.010095,2017-08-02 11:38:10.256232,0:00:51.246137,mailing,0
2017-08-02 11:38:10.261487,2017-08-02 11:43:19.176480,0:05:08.914993,copyFiles,0
2017-08-02 11:43:19.182570,2017-08-02 12:15:00.283596,0:31:41.101026,offline,0
2017-08-02 12:15:00.290916,2017-08-02 12:16:38.829408,0:01:38.538492,browsing,0
2017-08-02 12:16:38.836212,2017-08-02 12:20:43.645994,0:04:04.809782,browsing,0
2017-08-02 12:20:43.653052,2017-08-02 12:36:19.755468,0:15:36.102416,meeting,0
2017-08-02 12:36:19.761626,2017-08-02 12:37:20.786130,0:01:01.024504,mailing,0
2017-08-02 12:37:20.792008,2017-08-02 12:59:43.893103,0:22:23.101095,offline,0
2017-08-02 12:59:43.901355,2017-08-02 13:01:29.770619,0:01:45.869264,copyFiles,0
2017-08-02 13:01:29.775274,2017-08-02 13:13:07.876904,0:11:38.101630,meeting,0
2017-08-02 13:13:07.884247,2017-08-02 13:14:20.958816,0:01:13.074569,breaks,0
2017-08-02 13:14:20.965933,2017-08-02 13:15:52.751349,0:01:31.785416,mailing,0
2017-08-02 13:15:52.757593,2017-08-02 13:18:05.308895,0:02:12.551302,mailing,0
2017-08-02 13:18:05.317510,2017-08-02 13:18:30.499456,0:00:25.181946,printing,0
2017-08-02 13:18:30.507497,2017-08-02 13:19:39.876580,0:01:09.369083,browsing,0
2017-08-02 13:19:39.882834,2017-08-02 13:20:19.218816,0:00:39.335982,browsing,0
2017-08-02 13:20:19.226491,2017-08-02 13:23:41.126371,0:03:21.899880,browsing,0
2017-08-02 13:23:41.217208,2017-08-02 13:29:32.319368,0:05:51.102160,offline,0
2017-08-02 13:29:32.326914,2017-08-02 15:17:07.428674,1:47:35.101760,meeting,0
2017-08-02 15:17:07.437084,2017-08-02 15:44:51.539016,0:27:44.101932,offline,0
2017-08-02 15:44:51.547082,2017-08-02 15:52:59.648935,0:08:08.101853,offline,0
2017-08-02 15:52:59.656571,2017-08-02 16:25:11.758356,0:32:12.101785,offline,0
2017-08-02 16:25:11.765801,2017-08-02 16:25:36.857552,0:00:25.091751,printing,0
2017-08-02 16:25:36.863786,2017-08-02 16:26:22.043693,0:00:45.179907,printing,0
2017-08-02 16:26:22.049759,2017-08-02 16:27:22.812333,0:01:00.762574,mailing,0
2017-08-02 16:27:22.818221,2017-08-02 16:28:13.507892,0:00:50.689671,mailing,0
2017-08-02 16:28:13.513477,2017-08-02 16:40:14.467598,0:12:00.954121,copyFiles,0
2017-08-02 16:40:14.472627,2017-08-02 16:40:39.540138,0:00:25.067511,printing,0
2017-08-02 16:40:39.546647,2017-08-02 17:23:00.647869,0:42:21.101222,offline,0
2017-08-02 17:23:00.655574,2017-08-02 17:23:44.100828,0:00:43.445254,browsing,0
2017-08-02 17:23:44.107347,2017-08-02 18:53:37.209110,1:29:53.101763,meeting,0
2017-08-03 07:14:23.781308,2017-08-03 07:15:14.331187,0:00:50.549879,mailing,0
2017-08-03 07:15:14.335592,2017-08-03 07:21:44.534428,0:06:30.198836,copyFiles,0
2017-08-03 07:21:44.541310,2017-08-03 07:23:50.827914,0:02:06.286604,copyFiles,0
2017-08-03 07:23:50.833889,2017-08-03 07:24:12.714169,0:00:21.880280,browsing,0
2017-08-03 07:24:12.720960,2017-08-03 07:28:14.578807,0:04:01.857847,copyFiles,0
2017-08-03 07:28:14.584704,2017-08-03 08:35:36.685831,1:07:22.101127,meeting,0
2017-08-03 08:35:36.695723,2017-08-03 10:31:41.799826,1:56:05.104103,meeting,0
2017-08-03 10:31:41.809362,2017-08-03 10:32:52.430261,0:01:10.620899,mailing,0
2017-08-03 10:32:52.438005,2017-08-03 10:33:07.665872,0:00:15.227867,printing,0
2017-08-03 10:33:07.672373,2017-08-03 10:35:20.659241,0:02:12.986868,copyFiles,0
2017-08-03 10:35:20.665746,2017-08-03 10:37:48.143437,0:02:27.477691,private,0
2017-08-03 10:37:48.149814,2017-08-03 10:40:09.264459,0:02:21.114645,mailing,0
2017-08-03 10:40:09.270186,2017-08-03 10:40:59.543829,0:00:50.273643,mailing,0
2017-08-03 10:40:59.549816,2017-08-03 10:45:20.311450,0:04:20.761634,browsing,0
2017-08-03 10:45:20.318277,2017-08-03 10:46:51.208196,0:01:30.889919,mailing,0
2017-08-03 10:46:51.213758,2017-08-03 10:47:05.423697,0:00:14.209939,browsing,0
2017-08-03 10:47:05.430923,2017-08-03 10:47:55.669194,0:00:50.238271,mailing,0
2017-08-03 10:47:55.675309,2017-08-03 10:48:55.916246,0:01:00.240937,mailing,0
2017-08-03 10:48:55.921616,2017-08-03 10:49:56.301150,0:01:00.379534,mailing,0
2017-08-03 10:49:56.307152,2017-08-03 10:52:23.870075,0:02:27.562923,private,0
2017-08-03 10:52:23.876735,2017-08-03 10:57:49.675200,0:05:25.798465,browsing,0
2017-08-03 10:57:49.682494,2017-08-03 11:02:08.845155,0:04:19.162661,copyFiles,0
2017-08-03 11:02:08.852250,2017-08-03 11:04:40.372168,0:02:31.519918,browsing,0
2017-08-03 11:04:40.379429,2017-08-03 11:07:52.125828,0:03:11.746399,private,0
2017-08-03 11:07:52.132088,2017-08-03 11:22:30.234805,0:14:38.102717,offline,0
2017-08-03 11:22:30.242125,2017-08-03 11:28:47.130733,0:06:16.888608,copyFiles,0
2017-08-03 11:28:47.137047,2017-08-03 11:46:04.238340,0:17:17.101293,meeting,0
2017-08-03 11:46:04.245677,2017-08-03 11:57:00.779644,0:10:56.533967,copyFiles,0
2017-08-03 11:57:00.786134,2017-08-03 12:00:58.755202,0:03:57.969068,copyFiles,0
2017-08-03 12:00:58.761739,2017-08-03 12:02:16.850275,0:01:18.088536,private,0
2017-08-03 12:02:16.856287,2017-08-03 12:09:12.079274,0:06:55.222987,private,0
2017-08-03 12:09:12.085496,2017-08-03 12:11:27.400512,0:02:15.315016,copyFiles,0
2017-08-03 12:11:27.406844,2017-08-03 12:57:03.508738,0:45:36.101894,offline,0
2017-08-03 12:57:03.519218,2017-08-03 12:57:18.567900,0:00:15.048682,printing,0
2017-08-03 12:57:18.573798,2017-08-03 12:58:20.445552,0:01:01.871754,browsing,0
2017-08-03 12:58:20.456131,2017-08-03 13:05:47.754355,0:07:27.298224,private,0
2017-08-03 13:05:47.766013,2017-08-03 13:51:05.868033,0:45:18.102020,offline,0
2017-08-03 13:51:05.875683,2017-08-03 14:27:31.977698,0:36:26.102015,offline,0
2017-08-03 14:27:31.985085,2017-08-03 14:58:18.086889,0:30:46.101804,offline,0
2017-08-03 14:58:18.093824,2017-08-03 15:11:04.963259,0:12:46.869435,copyFiles,0
2017-08-03 15:11:04.969096,2017-08-03 15:13:25.177677,0:02:20.208581,browsing,0
2017-08-03 15:13:25.184228,2017-08-03 15:14:55.344832,0:01:30.160604,browsing,0
2017-08-03 15:14:55.351214,2017-08-03 15:15:57.050034,0:01:01.698820,mailing,0
2017-08-03 15:15:57.055128,2017-08-03 17:10:09.157237,1:54:12.102109,meeting,0
2017-08-03 17:10:09.164328,2017-08-03 17:18:30.266202,0:08:21.101874,offline,0
2017-08-03 17:18:30.273470,2017-08-03 17:24:37.181554,0:06:06.908084,private,0
2017-08-03 17:24:37.187947,2017-08-03 17:31:35.289654,0:06:58.101707,offline,0
2017-08-03 17:31:35.297329,2017-08-03 17:31:50.388872,0:00:15.091543,printing,0
2017-08-03 17:31:50.395134,2017-08-03 17:36:39.548615,0:04:49.153481,copyFiles,0
2017-08-03 17:36:39.554515,2017-08-03 17:51:31.717330,0:14:52.162815,copyFiles,0
2017-08-03 17:51:31.723432,2017-08-03 17:52:27.552030,0:00:55.828598,printing,0
2017-08-03 17:52:27.558157,2017-08-03 17:55:21.096297,0:02:53.538140,browsing,0
2017-08-03 17:55:21.102595,2017-08-03 17:58:57.204453,0:03:36.101858,offline,0
2017-08-03 17:58:57.222238,2017-08-03 18:27:07.323887,0:28:10.101649,offline,0
2017-08-04 09:15:39.570802,2017-08-04 09:16:59.547545,0:01:19.976743,copyFiles,0
2017-08-04 09:16:59.552076,2017-08-04 09:18:15.618869,0:01:16.066793,private,0
2017-08-04 09:18:15.624663,2017-08-04 09:23:16.579455,0:05:00.954792,private,0
2017-08-04 09:23:16.586021,2017-08-04 09:23:19.702342,0:00:03.116321,mailing,-1
2017-08-04 09:23:19.706257,2017-08-04 09:57:24.806984,0:34:05.100727,offline,0
2017-08-04 09:57:24.812986,2017-08-04 09:58:40.816175,0:01:16.003189,copyFiles,0
2017-08-04 09:58:40.822005,2017-08-04 10:00:32.827213,0:01:52.005208,breaks,0
2017-08-04 10:00:32.831448,2017-08-04 10:03:23.064714,0:02:50.233266,private,0
2017-08-04 10:03:23.069719,2017-08-04 10:05:22.901322,0:01:59.831603,copyFiles,0
2017-08-04 10:05:22.907020,2017-08-04 10:13:59.043340,0:08:36.136320,browsing,0
2017-08-04 10:13:59.048795,2017-08-04 10:53:37.150334,0:39:38.101539,meeting,0
2017-08-04 10:53:37.157461,2017-08-04 10:54:22.610030,0:00:45.452569,copyFiles,0
2017-08-04 10:54:22.615380,2017-08-04 10:54:25.616684,0:00:03.001304,mailing,-1
2017-08-04 10:54:25.621954,2017-08-04 10:54:28.617272,0:00:02.995318,mailing,-1
2017-08-04 10:54:28.622685,2017-08-04 10:54:53.843857,0:00:25.221172,printing,0
2017-08-04 10:54:53.848741,2017-08-04 11:00:22.347612,0:05:28.498871,copyFiles,0
2017-08-04 11:00:22.353314,2017-08-04 11:04:50.406274,0:04:28.052960,copyFiles,0
2017-08-04 11:04:50.413006,2017-08-04 11:25:53.514235,0:21:03.101229,meeting,0
2017-08-04 11:25:53.517715,2017-08-04 11:52:15.618584,0:26:22.100869,offline,0
2017-08-04 11:52:15.637072,2017-08-04 12:00:34.542480,0:08:18.905408,copyFiles,0
2017-08-04 12:00:34.548028,2017-08-04 12:00:37.549576,0:00:03.001548,mailing,-1
2017-08-04 12:00:37.554521,2017-08-04 12:03:26.878902,0:02:49.324381,copyFiles,0
2017-08-04 12:03:26.887676,2017-08-04 13:33:11.988648,1:29:45.100972,meeting,0
2017-08-04 13:33:11.996082,2017-08-04 13:34:32.539961,0:01:20.543879,copyFiles,0
2017-08-04 13:34:32.546303,2017-08-04 13:34:47.587642,0:00:15.041339,printing,0
2017-08-04 13:34:47.593649,2017-08-04 13:34:50.597320,0:00:03.003671,mailing,-1
2017-08-04 13:34:50.602513,2017-08-04 13:56:21.703632,0:21:31.101119,offline,0
2017-08-04 13:56:21.710358,2017-08-04 14:02:44.811948,0:06:23.101590,offline,0
2017-08-04 14:02:44.818724,2017-08-04 14:03:15.350173,0:00:30.531449,copyFiles,0
2017-08-04 14:03:15.372011,2017-08-04 14:05:23.755274,0:02:08.383263,copyFiles,0
2017-08-04 14:05:23.759503,2017-08-04 14:05:48.826926,0:00:25.067423,printing,0
2017-08-04 14:05:48.833083,2017-08-04 14:48:15.934068,0:42:27.100985,meeting,0
2017-08-04 14:48:15.941050,2017-08-04 14:50:39.271892,0:02:23.330842,private,0
2017-08-04 14:50:39.277828,2017-08-04 14:50:42.279749,0:00:03.001921,mailing,-1
2017-08-04 14:50:42.285057,2017-08-04 14:53:16.385946,0:02:34.100889,breaks,0
2017-08-04 14:53:16.392194,2017-08-04 15:00:43.193619,0:07:26.801425,copyFiles,0
2017-08-04 15:00:43.199887,2017-08-04 15:01:49.491377,0:01:06.291490,browsing,0
2017-08-04 15:01:49.497099,2017-08-04 15:03:53.473813,0:02:03.976714,copyFiles,0
2017-08-04 15:03:53.478835,2017-08-04 15:50:58.579797,0:47:05.100962,offline,0
2017-08-04 15:50:58.590045,2017-08-04 15:51:23.900066,0:00:25.310021,printing,0
2017-08-04 15:51:23.905553,2017-08-04 15:59:37.723329,0:08:13.817776,browsing,0
2017-08-04 15:59:37.729897,2017-08-04 16:01:00.938306,0:01:23.208409,copyFiles,0
2017-08-04 16:01:00.944895,2017-08-04 16:57:14.045948,0:56:13.101053,meeting,0
2017-08-04 16:57:14.052898,2017-08-04 17:07:11.928813,0:09:57.875915,private,0
2017-08-04 17:07:11.934969,2017-08-04 17:12:59.948393,0:05:48.013424,copyFiles,0
2017-08-04 17:12:59.954658,2017-08-04 17:13:00.898892,0:00:00.944234,mailing,-1
2017-08-04 17:13:00.908554,2017-08-04 17:13:03.898948,0:00:02.990394,mailing,-1
2017-08-04 17:13:03.904254,2017-08-04 17:15:02.179174,0:01:58.274920,browsing,0
2017-08-04 17:15:02.186098,2017-08-04 17:15:17.242579,0:00:15.056481,printing,0
2017-08-04 17:15:17.248733,2017-08-04 17:20:10.498265,0:04:53.249532,copyFiles,0
2017-08-04 17:20:10.504382,2017-08-04 17:22:29.265839,0:02:18.761457,browsing,0
2017-08-04 17:22:29.271935,2017-08-04 17:27:58.210710,0:05:28.938775,private,0
2017-08-04 17:27:58.216906,2017-08-04 17:31:37.988671,0:03:39.771765,copyFiles,0
2017-08-04 17:31:37.995954,2017-08-04 17:31:40.996104,0:00:03.000150,mailing,-1
2017-08-04 17:31:41.000792,2017-08-04 17:32:33.375956,0:00:52.375164,browsing,0
2017-08-04 17:32:33.381957,2017-08-04 18:05:54.483463,0:33:21.101506,offline,0
2017-08-07 07:01:31.131942,2017-08-07 07:02:36.477047,0:01:05.345105,printing,0
2017-08-07 07:02:36.489102,2017-08-07 07:24:16.591265,0:21:40.102163,meeting,0
2017-08-07 07:24:16.598645,2017-08-07 07:24:19.600236,0:00:03.001591,mailing,-1
2017-08-07 07:24:19.605855,2017-08-07 07:44:50.706959,0:20:31.101104,meeting,0
2017-08-07 07:44:50.715036,2017-08-07 08:32:46.816820,0:47:56.101784,offline,0
2017-08-07 08:32:46.828649,2017-08-07 08:33:03.361884,0:00:16.533235,copyFiles,0
2017-08-07 08:33:03.367723,2017-08-07 08:33:06.370544,0:00:03.002821,mailing,-1
2017-08-07 08:33:06.377825,2017-08-07 08:34:19.483021,0:01:13.105196,copyFiles,0
2017-08-07 08:34:19.494203,2017-08-07 08:35:01.421776,0:00:41.927573,private,0
2017-08-07 08:35:01.427598,2017-08-07 08:36:14.530983,0:01:13.103385,private,0
2017-08-07 08:36:14.536801,2017-08-07 08:36:17.540241,0:00:03.003440,mailing,-1
2017-08-07 08:36:17.545691,2017-08-07 08:36:20.541417,0:00:02.995726,mailing,-1
2017-08-07 08:36:20.547134,2017-08-07 08:36:35.593268,0:00:15.046134,printing,0
2017-08-07 08:36:35.599096,2017-08-07 08:36:59.478151,0:00:23.879055,browsing,0
2017-08-07 08:36:59.484200,2017-08-07 08:38:04.958943,0:01:05.474743,copyFiles,0
2017-08-07 08:38:04.966938,2017-08-07 08:40:07.499310,0:02:02.532372,private,0
2017-08-07 08:40:07.505286,2017-08-07 09:15:29.606877,0:35:22.101591,offline,0
2017-08-07 09:15:29.613345,2017-08-07 10:03:58.715054,0:48:29.101709,offline,0
2017-08-07 10:03:58.723181,2017-08-07 10:04:01.737419,0:00:03.014238,mailing,-1
2017-08-07 10:04:01.742776,2017-08-07 10:04:04.737231,0:00:02.994455,mailing,-1
2017-08-07 10:04:04.742032,2017-08-07 10:10:09.294852,0:06:04.552820,private,0
2017-08-07 10:10:09.301330,2017-08-07 10:10:34.193883,0:00:24.892553,browsing,0
2017-08-07 10:10:34.199991,2017-08-07 10:13:14.704122,0:02:40.504131,private,0
2017-08-07 10:13:14.710663,2017-08-07 10:23:57.812392,0:10:43.101729,offline,0
2017-08-07 10:23:57.820737,2017-08-07 10:56:47.922513,0:32:50.101776,offline,0
2017-08-07 10:56:47.927915,2017-08-07 10:56:50.929767,0:00:03.001852,mailing,-1
2017-08-07 10:56:50.935888,2017-08-07 11:04:11.523978,0:07:20.588090,copyFiles,0
2017-08-07 11:04:11.529957,2017-08-07 11:10:20.806115,0:06:09.276158,copyFiles,0
2017-08-07 11:10:20.812101,2017-08-07 11:10:36.176624,0:00:15.364523,printing,0
2017-08-07 11:10:36.182661,2017-08-07 11:12:59.932025,0:02:23.749364,private,0
2017-08-07 11:12:59.938465,2017-08-07 11:16:23.670984,0:03:23.732519,copyFiles,0
2017-08-07 11:16:23.676967,2017-08-07 11:17:20.975874,0:00:57.298907,private,0
2017-08-07 11:17:20.981433,2017-08-07 11:29:52.083059,0:12:31.101626,offline,0
2017-08-07 11:29:52.090271,2017-08-07 11:34:07.280584,0:04:15.190313,private,0
2017-08-07 11:34:07.287296,2017-08-07 11:34:42.383127,0:00:35.095831,printing,0
2017-08-07 11:34:42.389445,2017-08-07 11:34:56.141732,0:00:13.752287,browsing,0
2017-08-07 11:34:56.147947,2017-08-07 11:35:46.211178,0:00:50.063231,private,0
2017-08-07 11:35:46.217607,2017-08-07 12:19:05.319133,0:43:19.101526,meeting,0
2017-08-07 12:19:05.328322,2017-08-07 12:22:25.956522,0:03:20.628200,private,0
2017-08-07 12:22:25.962741,2017-08-07 12:22:28.969750,0:00:03.007009,mailing,-1
2017-08-07 12:22:28.974967,2017-08-07 12:23:50.751056,0:01:21.776089,private,0
2017-08-07 12:23:50.757509,2017-08-07 13:13:37.859050,0:49:47.101541,offline,0
2017-08-07 13:13:38.026618,2017-08-07 13:26:47.128219,0:13:09.101601,offline,0
2017-08-07 13:26:47.135266,2017-08-07 13:27:02.178677,0:00:15.043411,printing,0
2017-08-07 13:27:02.184566,2017-08-07 13:44:16.285673,0:17:14.101107,offline,0
2017-08-07 13:44:16.292614,2017-08-07 13:47:00.814322,0:02:44.521708,private,0
2017-08-07 13:47:00.821230,2017-08-07 13:47:35.924963,0:00:35.103733,printing,0
2017-08-07 13:47:35.931086,2017-08-07 13:48:01.198005,0:00:25.266919,printing,0
2017-08-07 13:48:01.203520,2017-08-07 13:52:36.860358,0:04:35.656838,private,0
2017-08-07 13:52:36.866490,2017-08-07 14:15:10.349958,0:22:33.483468,copyFiles,0
2017-08-07 14:15:10.355789,2017-08-07 14:38:17.461771,0:23:07.105982,offline,0
2017-08-07 14:38:17.468590,2017-08-07 14:42:52.829085,0:04:35.360495,private,0
2017-08-07 14:42:52.835054,2017-08-07 14:50:51.141423,0:07:58.306369,private,0
2017-08-07 14:50:51.147748,2017-08-07 14:51:26.238504,0:00:35.090756,printing,0
2017-08-07 14:51:26.244032,2017-08-07 14:51:29.245723,0:00:03.001691,mailing,-1
2017-08-07 14:51:29.250876,2017-08-07 14:58:20.325572,0:06:51.074696,copyFiles,0
2017-08-07 14:58:20.332051,2017-08-07 15:01:30.126777,0:03:09.794726,private,0
2017-08-07 15:01:30.135067,2017-08-07 15:03:13.255383,0:01:43.120316,copyFiles,0
2017-08-07 15:03:13.265544,2017-08-07 15:04:29.055290,0:01:15.789746,private,0
2017-08-07 15:04:29.063397,2017-08-07 15:15:49.165148,0:11:20.101751,offline,0
2017-08-07 15:15:49.173097,2017-08-07 15:18:11.656716,0:02:22.483619,private,0
2017-08-07 15:18:11.662930,2017-08-07 15:19:59.987472,0:01:48.324542,browsing,0
2017-08-07 15:20:00.007284,2017-08-07 15:20:52.536573,0:00:52.529289,private,0
2017-08-07 15:20:52.543005,2017-08-07 15:42:17.644759,0:21:25.101754,meeting,0
2017-08-07 15:42:17.651307,2017-08-07 15:50:32.752894,0:08:15.101587,offline,0
2017-08-07 15:50:32.760166,2017-08-07 15:50:47.800266,0:00:15.040100,printing,0
2017-08-07 15:50:47.806154,2017-08-07 15:55:42.901034,0:04:55.094880,copyFiles,0
2017-08-07 15:55:42.907643,2017-08-07 16:33:07.980905,0:37:25.073262,meeting,0
2017-08-07 16:33:07.987261,2017-08-07 16:33:10.990464,0:00:03.003203,mailing,-1
2017-08-07 16:33:10.995971,2017-08-07 16:33:46.087019,0:00:35.091048,printing,0
2017-08-07 16:33:46.093198,2017-08-07 16:33:49.094303,0:00:03.001105,mailing,-1
2017-08-07 16:33:49.099716,2017-08-07 16:37:10.776046,0:03:21.676330,browsing,0
2017-08-07 16:37:10.783017,2017-08-07 16:53:39.884863,0:16:29.101846,offline,0
2017-08-07 16:53:39.902642,2017-08-07 16:53:54.943161,0:00:15.040519,printing,0
2017-08-07 16:53:54.960994,2017-08-07 17:07:20.513171,0:13:25.552177,copyFiles,0
2017-08-07 17:07:20.519557,2017-08-07 17:29:28.620776,0:22:08.101219,offline,0
2017-08-07 17:29:28.628445,2017-08-07 17:31:12.438352,0:01:43.809907,copyFiles,0
2017-08-07 17:31:12.443737,2017-08-07 17:32:17.776989,0:01:05.333252,printing,0
2017-08-07 17:32:17.783173,2017-08-07 17:33:15.027141,0:00:57.243968,private,0
2017-08-07 17:33:15.033680,2017-08-07 17:45:44.135430,0:12:29.101750,meeting,0
2017-08-07 17:45:44.143032,2017-08-07 18:58:43.245086,1:12:59.102054,meeting,0
2017-08-08 07:05:08.561587,2017-08-08 07:16:20.662711,0:11:12.101124,offline,0
2017-08-08 07:16:20.668998,2017-08-08 07:16:52.800288,0:00:32.131290,copyFiles,0
2017-08-08 07:16:52.806620,2017-08-08 07:17:28.004941,0:00:35.198321,printing,0
2017-08-08 07:17:28.011332,2017-08-08 08:26:21.112483,1:08:53.101151,meeting,0
2017-08-08 08:26:21.125366,2017-08-08 08:33:12.517051,0:06:51.391685,copyFiles,0
2017-08-08 08:33:12.523329,2017-08-08 09:08:35.624542,0:35:23.101213,offline,0
2017-08-08 09:08:35.631343,2017-08-08 09:13:27.869457,0:04:52.238114,private,0
2017-08-08 09:13:27.876558,2017-08-08 09:48:45.959268,0:35:18.082710,meeting,0
2017-08-08 09:48:45.968642,2017-08-08 09:52:01.158783,0:03:15.190141,private,0
2017-08-08 09:52:01.165421,2017-08-08 09:52:39.051117,0:00:37.885696,browsing,0
2017-08-08 09:52:39.057050,2017-08-08 09:55:21.862190,0:02:42.805140,private,0
2017-08-08 09:55:21.869376,2017-08-08 09:56:07.149015,0:00:45.279639,printing,0
2017-08-08 09:56:07.155397,2017-08-08 09:56:10.159190,0:00:03.003793,mailing,-1
2017-08-08 09:56:10.165276,2017-08-08 10:07:26.178010,0:11:16.012734,copyFiles,0
2017-08-08 10:07:26.184844,2017-08-08 10:16:54.210599,0:09:28.025755,copyFiles,0
2017-08-08 10:16:54.217378,2017-08-08 10:16:57.218536,0:00:03.001158,mailing,-1
2017-08-08 10:16:57.224352,2017-08-08 10:17:00.218485,0:00:02.994133,mailing,-1
2017-08-08 10:17:00.224131,2017-08-08 11:28:26.325723,1:11:26.101592,meeting,0
2017-08-08 11:28:26.333627,2017-08-08 11:53:15.435212,0:24:49.101585,meeting,0
2017-08-08 11:53:15.442167,2017-08-08 11:57:23.175543,0:04:07.733376,copyFiles,0
2017-08-08 11:57:23.181812,2017-08-08 11:57:26.183900,0:00:03.002088,mailing,-1
2017-08-08 11:57:26.189516,2017-08-08 12:14:00.225319,0:16:34.035803,offline,0
2017-08-08 12:14:00.232835,2017-08-08 12:17:58.460460,0:03:58.227625,copyFiles,0
2017-08-08 12:17:58.469072,2017-08-08 12:23:17.401309,0:05:18.932237,private,0
2017-08-08 12:23:17.408067,2017-08-08 12:53:32.509858,0:30:15.101791,offline,0
2017-08-08 12:53:32.517544,2017-08-08 12:53:47.560360,0:00:15.042816,printing,0
2017-08-08 12:53:47.565667,2017-08-08 12:58:08.965561,0:04:21.399894,browsing,0
2017-08-08 12:58:08.973521,2017-08-08 12:58:11.977027,0:00:03.003506,mailing,-1
2017-08-08 12:58:11.982809,2017-08-08 13:03:28.888334,0:05:16.905525,private,0
2017-08-08 13:03:28.894692,2017-08-08 13:11:21.959220,0:07:53.064528,offline,0
2017-08-08 13:11:21.967323,2017-08-08 13:12:10.241566,0:00:48.274243,private,0
2017-08-08 13:12:10.248319,2017-08-08 13:14:30.349983,0:02:20.101664,breaks,0
2017-08-08 13:14:30.358267,2017-08-08 13:16:41.242729,0:02:10.884462,copyFiles,0
2017-08-08 13:16:41.248584,2017-08-08 14:57:37.349720,1:40:56.101136,meeting,0
2017-08-08 14:57:37.357591,2017-08-08 15:06:52.716133,0:09:15.358542,private,0
2017-08-08 15:06:52.722919,2017-08-08 15:14:05.327029,0:07:12.604110,copyFiles,0
2017-08-08 15:14:05.332949,2017-08-08 15:25:36.433909,0:11:31.100960,offline,0
2017-08-08 15:25:36.440925,2017-08-08 15:26:24.915117,0:00:48.474192,browsing,0
2017-08-08 15:26:25.135887,2017-08-08 16:01:46.237501,0:35:21.101614,offline,0
2017-08-08 16:01:46.271776,2017-08-08 16:05:35.571631,0:03:49.299855,browsing,0
2017-08-08 16:05:35.578018,2017-08-08 16:05:38.580646,0:00:03.002628,mailing,-1
2017-08-08 16:05:38.585815,2017-08-08 16:12:04.815540,0:06:26.229725,browsing,0
2017-08-08 16:12:04.822996,2017-08-08 16:12:07.827459,0:00:03.004463,mailing,-1
2017-08-08 16:12:07.833413,2017-08-08 16:12:14.520751,0:00:06.687338,browsing,0
2017-08-08 16:12:14.527565,2017-08-08 16:14:30.828946,0:02:16.301381,private,0
2017-08-08 16:14:30.834824,2017-08-08 16:18:16.992437,0:03:46.157613,copyFiles,0
2017-08-08 16:18:16.998379,2017-08-08 16:55:26.099474,0:37:09.101095,offline,0
2017-08-08 16:55:26.106672,2017-08-08 16:57:02.699491,0:01:36.592819,copyFiles,0
2017-08-08 16:57:02.706591,2017-08-08 16:57:17.819929,0:00:15.113338,printing,0
2017-08-08 16:57:17.825792,2017-08-08 16:57:20.827482,0:00:03.001690,mailing,-1
2017-08-08 16:57:20.832239,2017-08-08 16:57:23.831251,0:00:02.999012,mailing,-1
2017-08-08 16:57:23.836808,2017-08-08 16:57:38.909115,0:00:15.072307,printing,0
2017-08-08 16:57:38.914384,2017-08-08 18:46:24.015646,1:48:45.101262,meeting,0
2017-08-10 07:03:53.388952,2017-08-10 07:28:07.490931,0:24:14.101979,offline,0
2017-08-10 07:28:07.497223,2017-08-10 07:29:32.156106,0:01:24.658883,private,0
2017-08-10 07:29:32.161813,2017-08-10 07:30:52.636545,0:01:20.474732,mailing,0
2017-08-10 07:30:52.642741,2017-08-10 07:31:53.005415,0:01:00.362674,mailing,0
2017-08-10 07:31:53.010995,2017-08-10 07:33:06.373934,0:01:13.362939,copyFiles,0
2017-08-10 07:33:06.381041,2017-08-10 07:35:25.006644,0:02:18.625603,copyFiles,0
2017-08-10 07:35:25.014549,2017-08-10 07:40:10.029972,0:04:45.015423,breaks,0
2017-08-10 07:40:10.038958,2017-08-10 07:42:48.391772,0:02:38.352814,copyFiles,0
2017-08-10 07:42:48.397687,2017-08-10 07:45:40.499341,0:02:52.101654,offline,0
2017-08-10 07:45:40.509243,2017-08-10 07:47:21.163075,0:01:40.653832,mailing,0
2017-08-10 07:47:21.168717,2017-08-10 07:48:41.776781,0:01:20.608064,mailing,0
2017-08-10 07:48:41.783106,2017-08-10 07:49:32.028665,0:00:50.245559,mailing,0
2017-08-10 07:49:32.034583,2017-08-10 07:50:07.592582,0:00:35.557999,printing,0
2017-08-10 07:50:07.598426,2017-08-10 07:55:00.746663,0:04:53.148237,copyFiles,0
2017-08-10 07:55:00.754139,2017-08-10 07:55:51.101192,0:00:50.347053,mailing,0
2017-08-10 07:55:51.107449,2017-08-10 07:56:06.226962,0:00:15.119513,printing,0
2017-08-10 07:56:06.233708,2017-08-10 08:00:47.825542,0:04:41.591834,browsing,0
2017-08-10 08:00:47.835185,2017-08-10 08:02:18.352906,0:01:30.517721,mailing,0
2017-08-10 08:02:18.358528,2017-08-10 08:50:45.459846,0:48:27.101318,offline,0
2017-08-10 08:50:45.468127,2017-08-10 08:53:31.087690,0:02:45.619563,copyFiles,0
2017-08-10 08:53:31.095045,2017-08-10 08:53:46.141635,0:00:15.046590,printing,0
2017-08-10 08:53:46.147510,2017-08-10 08:55:16.610455,0:01:30.462945,mailing,0
2017-08-10 08:55:16.615860,2017-08-10 08:55:54.891937,0:00:38.276077,private,0
2017-08-10 08:55:54.897877,2017-08-10 08:57:35.617085,0:01:40.719208,mailing,0
2017-08-10 08:57:35.624248,2017-08-10 09:07:35.629697,0:10:00.005449,private,-1
2017-08-10 09:07:35.634294,2017-08-10 09:09:57.095902,0:02:21.461608,copyFiles,0
2017-08-10 09:09:57.103966,2017-08-10 09:11:08.905832,0:01:11.801866,private,0
2017-08-10 09:11:08.911538,2017-08-10 11:00:57.957682,1:49:49.046144,meeting,0
2017-08-10 11:00:57.967665,2017-08-10 11:50:38.990128,0:49:41.022463,offline,0
2017-08-10 11:50:38.998811,2017-08-10 11:54:57.451495,0:04:18.452684,copyFiles,0
2017-08-10 11:54:57.457860,2017-08-10 11:55:12.524485,0:00:15.066625,printing,0
2017-08-10 11:55:12.568041,2017-08-10 12:19:53.624357,0:24:41.056316,offline,0
2017-08-10 12:19:53.634883,2017-08-10 12:28:06.559090,0:08:12.924207,copyFiles,0
2017-08-10 12:28:06.564806,2017-08-10 13:15:37.623237,0:47:31.058431,offline,0
2017-08-10 13:15:37.630140,2017-08-10 13:16:44.591671,0:01:06.961531,copyFiles,0
2017-08-10 13:16:44.597058,2017-08-10 13:17:43.087484,0:00:58.490426,private,0
2017-08-10 13:17:43.093391,2017-08-10 13:18:43.403992,0:01:00.310601,mailing,0
2017-08-10 13:18:43.408619,2017-08-10 13:57:33.456802,0:38:50.048183,offline,0
2017-08-10 13:57:33.464003,2017-08-10 13:58:43.790643,0:01:10.326640,mailing,0
2017-08-10 13:58:43.794858,2017-08-10 14:06:20.806429,0:07:37.011571,offline,0
2017-08-10 14:06:20.817432,2017-08-10 14:10:27.670687,0:04:06.853255,private,0
2017-08-10 14:10:27.678340,2017-08-10 14:10:52.942872,0:00:25.264532,printing,0
2017-08-10 14:10:52.948636,2017-08-10 14:12:23.692689,0:01:30.744053,mailing,0
2017-08-10 14:12:23.697933,2017-08-10 14:17:22.706812,0:04:59.008879,breaks,0
2017-08-10 14:17:22.714118,2017-08-10 15:37:23.723538,1:20:01.009420,meeting,0
2017-08-10 15:37:23.744107,2017-08-10 15:38:04.582551,0:00:40.838444,private,0
2017-08-10 15:38:04.588842,2017-08-10 15:38:19.624700,0:00:15.035858,printing,0
2017-08-10 15:38:19.632518,2017-08-10 15:43:16.210144,0:04:56.577626,browsing,0
2017-08-10 15:43:16.245898,2017-08-10 15:43:51.338696,0:00:35.092798,printing,0
2017-08-10 15:43:51.355543,2017-08-10 16:28:27.456579,0:44:36.101036,offline,0
2017-08-10 16:28:27.464047,2017-08-10 17:06:22.473301,0:37:55.009254,offline,0
2017-08-10 17:06:22.481238,2017-08-10 17:07:22.823850,0:01:00.342612,mailing,0
2017-08-10 17:07:22.829847,2017-08-10 17:44:39.930050,0:37:17.100203,offline,0
2017-08-10 17:44:39.939961,2017-08-10 17:47:41.412232,0:03:01.472271,private,0
2017-08-10 17:47:41.418160,2017-08-10 17:57:41.425666,0:10:00.007506,private,-1
2017-08-10 17:57:41.431927,2017-08-10 17:58:41.947763,0:01:00.515836,mailing,0
2017-08-10 17:58:41.964453,2017-08-10 18:45:06.972512,0:46:25.008059,meeting,0
2017-08-11 07:02:37.756737,2017-08-11 07:50:20.857720,0:47:43.100983,offline,0
2017-08-11 07:50:20.864017,2017-08-11 09:20:52.965558,1:30:32.101541,meeting,0
2017-08-11 09:20:52.973183,2017-08-11 09:21:43.403309,0:00:50.430126,mailing,0
2017-08-11 09:21:43.408335,2017-08-11 09:24:48.804082,0:03:05.395747,copyFiles,0
2017-08-11 09:24:48.810001,2017-08-11 09:29:48.032228,0:04:59.222227,copyFiles,0
2017-08-11 09:29:48.038371,2017-08-11 09:32:55.592990,0:03:07.554619,copyFiles,0
2017-08-11 09:32:55.600586,2017-08-11 09:45:58.701661,0:13:03.101075,offline,0
2017-08-11 09:45:58.709118,2017-08-11 09:54:59.822285,0:09:01.113167,copyFiles,0
2017-08-11 09:54:59.832279,2017-08-11 10:04:59.837559,0:10:00.005280,private,-1
2017-08-11 10:04:59.846626,2017-08-11 10:05:14.942682,0:00:15.096056,printing,0
2017-08-11 10:05:14.960551,2017-08-11 10:39:57.911533,0:34:42.950982,offline,0
2017-08-11 10:39:59.970599,2017-08-11 11:11:45.129168,0:31:45.158569,meeting,0
2017-08-11 11:12:36.027778,2017-08-11 13:29:25.597444,2:16:49.569666,mailing,-1
2017-08-14 11:26:35.624344,2017-08-14 11:26:52.446413,0:00:16.822069,printing,0
2017-08-14 11:26:52.450645,2017-08-14 11:29:21.177997,0:02:28.727352,copyFiles,0
2017-08-14 11:29:21.193172,2017-08-14 12:07:51.295156,0:38:30.101984,offline,0
2017-08-14 12:07:51.303236,2017-08-14 12:56:53.404242,0:49:02.101006,offline,0
2017-08-14 12:56:53.410836,2017-08-14 12:58:00.403422,0:01:06.992586,private,0
2017-08-14 12:58:00.408597,2017-08-14 12:59:02.564392,0:01:02.155795,mailing,0
2017-08-14 12:59:02.569525,2017-08-14 13:07:31.537910,0:08:28.968385,browsing,0
2017-08-14 13:07:31.543493,2017-08-14 13:09:00.558428,0:01:29.014935,copyFiles,0
2017-08-14 13:09:00.563823,2017-08-14 13:09:51.746203,0:00:51.182380,mailing,0
2017-08-14 13:09:51.751086,2017-08-14 13:10:06.861033,0:00:15.109947,printing,0
2017-08-14 13:10:06.866650,2017-08-14 13:18:58.967398,0:08:52.100748,offline,0
2017-08-14 13:18:58.972019,2017-08-14 13:21:08.574114,0:02:09.602095,browsing,0
2017-08-14 13:21:08.578910,2017-08-14 13:32:52.126054,0:11:43.547144,copyFiles,0
2017-08-14 13:32:52.131829,2017-08-14 13:34:38.963414,0:01:46.831585,browsing,0
2017-08-14 13:34:38.969224,2017-08-14 13:36:37.828656,0:01:58.859432,private,0
2017-08-14 13:36:37.833157,2017-08-14 13:38:15.778978,0:01:37.945821,browsing,0
2017-08-14 13:38:15.784018,2017-08-14 14:20:25.876700,0:42:10.092682,offline,0
2017-08-14 14:20:25.882417,2017-08-14 14:22:26.572098,0:02:00.689681,private,0
2017-08-14 14:22:26.579385,2017-08-14 14:24:27.226300,0:02:00.646915,private,0
2017-08-14 14:24:27.230674,2017-08-14 14:27:50.843544,0:03:23.612870,copyFiles,0
2017-08-14 14:27:50.860334,2017-08-14 14:28:56.633336,0:01:05.773002,mailing,0
2017-08-14 14:28:56.636279,2017-08-14 14:30:25.064080,0:01:28.427801,copyFiles,0
2017-08-14 14:30:25.068444,2017-08-14 15:29:33.151632,0:59:08.083188,meeting,0
2017-08-14 15:29:33.158524,2017-08-14 16:07:11.259391,0:37:38.100867,offline,0
2017-08-14 16:07:11.265684,2017-08-14 16:09:30.239388,0:02:18.973704,browsing,0
2017-08-14 16:09:30.248503,2017-08-14 16:53:46.335645,0:44:16.087142,meeting,0
2017-08-14 16:53:46.340755,2017-08-14 16:54:48.445446,0:01:02.104691,mailing,0
2017-08-14 16:54:48.449890,2017-08-14 17:31:55.550629,0:37:07.100739,offline,0
2017-08-14 17:31:55.555810,2017-08-14 17:33:26.326242,0:01:30.770432,mailing,0
2017-08-14 17:33:26.330221,2017-08-14 17:35:04.285759,0:01:37.955538,mailing,0
2017-08-14 17:35:04.290052,2017-08-14 17:38:43.666044,0:03:39.375992,copyFiles,0
2017-08-14 17:38:43.690490,2017-08-14 17:41:46.058015,0:03:02.367525,copyFiles,0
2017-08-14 17:41:46.063372,2017-08-14 17:44:31.188451,0:02:45.125079,private,0
2017-08-14 17:44:31.192540,2017-08-14 17:46:52.867565,0:02:21.675025,copyFiles,0
2017-08-14 17:46:52.871910,2017-08-14 17:49:22.034600,0:02:29.162690,private,0
2017-08-14 17:49:22.038881,2017-08-14 17:51:51.007832,0:02:28.968951,browsing,0
2017-08-14 17:51:51.013337,2017-08-14 17:59:54.089558,0:08:03.076221,offline,0
2017-08-14 17:59:54.097339,2017-08-14 18:00:57.140963,0:01:03.043624,mailing,0
2017-08-15 07:00:44.553043,2017-08-15 07:01:17.066998,0:00:32.513955,browsing,0
2017-08-15 07:01:17.071325,2017-08-15 07:29:26.172869,0:28:09.101544,offline,0
2017-08-15 07:29:26.179745,2017-08-15 07:31:28.230922,0:02:02.051177,browsing,0
2017-08-15 07:31:28.237260,2017-08-15 07:32:45.969008,0:01:17.731748,private,0
2017-08-15 07:32:45.975003,2017-08-15 07:37:06.154733,0:04:20.179730,browsing,0
2017-08-15 07:37:06.159925,2017-08-15 07:38:57.812763,0:01:51.652838,copyFiles,0
2017-08-15 07:38:57.818272,2017-08-15 07:41:40.445269,0:02:42.626997,browsing,0
2017-08-15 07:41:40.451501,2017-08-15 07:42:10.248648,0:00:29.797147,browsing,0
2017-08-15 07:42:10.254574,2017-08-15 07:46:48.356095,0:04:38.101521,breaks,0
2017-08-15 07:46:48.366060,2017-08-15 07:52:03.849129,0:05:15.483069,copyFiles,0
2017-08-15 07:52:03.853251,2017-08-15 07:54:37.956049,0:02:34.102798,private,0
2017-08-15 07:54:37.962056,2017-08-15 09:08:37.060308,1:13:59.098252,meeting,0
2017-08-15 09:08:37.067317,2017-08-15 09:09:27.724598,0:00:50.657281,mailing,0
2017-08-15 09:09:27.736553,2017-08-15 09:10:17.990308,0:00:50.253755,mailing,0
2017-08-15 09:10:17.995694,2017-08-15 09:11:46.692144,0:01:28.696450,private,0
2017-08-15 09:11:46.699375,2017-08-15 09:12:36.929806,0:00:50.230431,mailing,0
2017-08-15 09:12:36.934010,2017-08-15 09:15:38.926091,0:03:01.992081,copyFiles,0
2017-08-15 09:15:38.939505,2017-08-15 09:44:43.040671,0:29:04.101166,offline,0
2017-08-15 09:44:43.056632,2017-08-15 09:51:51.570511,0:07:08.513879,copyFiles,0
2017-08-15 09:51:51.576851,2017-08-15 10:01:04.437622,0:09:12.860771,copyFiles,0
2017-08-15 10:01:04.443164,2017-08-15 10:03:52.221476,0:02:47.778312,copyFiles,0
2017-08-15 10:03:52.243112,2017-08-15 10:05:13.150918,0:01:20.907806,mailing,0
2017-08-15 10:05:13.156153,2017-08-15 10:08:30.623283,0:03:17.467130,copyFiles,0
2017-08-15 10:08:30.627885,2017-08-15 11:30:15.728993,1:21:45.101108,meeting,0
2017-08-15 11:30:15.736522,2017-08-15 13:02:25.778934,1:32:10.042412,meeting,0
2017-08-15 13:02:25.786774,2017-08-15 13:06:21.888770,0:03:56.101996,offline,0
2017-08-15 13:06:21.896362,2017-08-15 13:28:45.998170,0:22:24.101808,meeting,0
2017-08-15 13:28:46.005079,2017-08-15 13:29:36.335887,0:00:50.330808,mailing,0
2017-08-15 13:29:36.342031,2017-08-15 13:30:37.797777,0:01:01.455746,browsing,0
2017-08-15 13:30:37.802572,2017-08-15 13:41:42.752911,0:11:04.950339,copyFiles,0
2017-08-15 13:41:42.759389,2017-08-15 14:21:47.860928,0:40:05.101539,meeting,0
2017-08-15 14:21:47.869479,2017-08-15 14:23:58.686605,0:02:10.817126,mailing,0
2017-08-15 14:23:58.691982,2017-08-15 14:25:45.100368,0:01:46.408386,printing,0
2017-08-15 14:25:45.106159,2017-08-15 14:27:54.544043,0:02:09.437884,copyFiles,0
2017-08-15 14:27:54.549936,2017-08-15 14:28:44.843564,0:00:50.293628,mailing,0
2017-08-15 14:28:44.847979,2017-08-15 15:44:27.949020,1:15:43.101041,meeting,0
2017-08-15 15:44:27.954741,2017-08-15 15:45:48.370717,0:01:20.415976,mailing,0
2017-08-15 15:45:48.376028,2017-08-15 16:01:58.477048,0:16:10.101020,meeting,0
2017-08-15 16:01:58.484595,2017-08-15 16:02:13.521701,0:00:15.037106,printing,0
2017-08-15 16:02:13.527981,2017-08-15 16:04:35.556329,0:02:22.028348,copyFiles,0
2017-08-15 16:04:35.562528,2017-08-15 16:54:27.663852,0:49:52.101324,offline,0
2017-08-15 16:54:27.716652,2017-08-15 16:55:40.356433,0:01:12.639781,mailing,0
2017-08-15 16:55:40.362217,2017-08-15 16:56:31.272780,0:00:50.910563,mailing,0
2017-08-15 16:56:31.281437,2017-08-15 16:57:43.544150,0:01:12.262713,mailing,0
2017-08-15 16:57:43.550242,2017-08-15 17:05:10.738578,0:07:27.188336,copyFiles,0
2017-08-15 17:05:10.744248,2017-08-15 17:05:57.512130,0:00:46.767882,printing,0
2017-08-15 17:05:57.517991,2017-08-15 17:06:12.558534,0:00:15.040543,printing,0
2017-08-15 17:06:12.564441,2017-08-15 18:03:22.665509,0:57:10.101068,meeting,0
2017-08-16 07:02:45.980986,2017-08-16 07:03:55.242464,0:01:09.261478,copyFiles,0
2017-08-16 07:03:55.247529,2017-08-16 07:42:34.348667,0:38:39.101138,meeting,0
2017-08-16 07:42:34.356405,2017-08-16 07:42:49.449249,0:00:15.092844,printing,0
2017-08-16 07:42:49.455492,2017-08-16 08:07:32.556539,0:24:43.101047,offline,0
2017-08-16 08:07:32.564768,2017-08-16 08:07:47.639175,0:00:15.074407,printing,0
2017-08-16 08:07:47.646411,2017-08-16 08:14:55.748942,0:07:08.102531,offline,0
2017-08-16 08:14:55.756693,2017-08-16 08:15:36.438362,0:00:40.681669,browsing,0
2017-08-16 08:15:36.449254,2017-08-16 08:44:43.551276,0:29:07.102022,offline,0
2017-08-16 08:44:43.558934,2017-08-16 08:45:08.709351,0:00:25.150417,printing,0
2017-08-16 08:45:08.716188,2017-08-16 08:47:34.491776,0:02:25.775588,copyFiles,0
2017-08-16 08:47:34.498347,2017-08-16 08:57:33.269190,0:09:58.770843,copyFiles,0
2017-08-16 08:57:33.279001,2017-08-16 09:34:34.380202,0:37:01.101201,meeting,0
2017-08-16 09:34:34.404752,2017-08-16 09:39:26.457693,0:04:52.052941,copyFiles,0
2017-08-16 09:39:26.463915,2017-08-16 09:47:46.240421,0:08:19.776506,browsing,0
2017-08-16 09:47:46.247219,2017-08-16 09:49:27.198916,0:01:40.951697,mailing,0
2017-08-16 09:49:27.205169,2017-08-16 09:49:42.250482,0:00:15.045313,printing,0
2017-08-16 09:49:42.256615,2017-08-16 09:49:57.295085,0:00:15.038470,printing,0
2017-08-16 09:49:57.301475,2017-08-16 09:55:49.459123,0:05:52.157648,copyFiles,0
2017-08-16 09:55:49.468626,2017-08-16 10:40:16.569842,0:44:27.101216,offline,0
2017-08-16 10:40:16.576918,2017-08-16 10:41:01.889108,0:00:45.312190,printing,0
2017-08-16 10:41:01.895313,2017-08-16 10:41:47.014554,0:00:45.119241,printing,0
2017-08-16 10:41:47.020264,2017-08-16 11:11:31.121230,0:29:44.100966,meeting,0
2017-08-16 11:11:31.129414,2017-08-16 11:14:09.216307,0:02:38.086893,breaks,0
2017-08-16 11:14:09.225004,2017-08-16 11:15:38.511608,0:01:29.286604,private,0
2017-08-16 11:15:38.516946,2017-08-16 11:20:53.630356,0:05:15.113410,private,0
2017-08-16 11:20:53.636223,2017-08-16 11:21:43.935421,0:00:50.299198,mailing,0
2017-08-16 11:21:43.941600,2017-08-16 11:23:51.630186,0:02:07.688586,private,0
2017-08-16 11:23:51.636151,2017-08-16 11:25:12.223258,0:01:20.587107,mailing,0
2017-08-16 11:25:12.232950,2017-08-16 11:35:56.328951,0:10:44.096001,copyFiles,0
2017-08-16 11:35:56.335215,2017-08-16 11:41:21.979321,0:05:25.644106,copyFiles,0
2017-08-16 11:41:21.985769,2017-08-16 11:42:54.099420,0:01:32.113651,copyFiles,0
2017-08-16 11:42:54.105538,2017-08-16 12:18:44.206680,0:35:50.101142,meeting,0
2017-08-16 12:18:44.214932,2017-08-16 12:20:13.090848,0:01:28.875916,private,0
2017-08-16 12:20:13.097348,2017-08-16 12:21:33.930026,0:01:20.832678,mailing,0
2017-08-16 12:21:33.935391,2017-08-16 12:57:08.036348,0:35:34.100957,meeting,0
2017-08-16 12:57:08.044216,2017-08-16 13:06:28.437825,0:09:20.393609,browsing,0
2017-08-16 13:06:28.444315,2017-08-16 13:10:46.546953,0:04:18.102638,breaks,0
2017-08-16 13:10:46.554180,2017-08-16 13:11:36.980514,0:00:50.426334,mailing,0
2017-08-16 13:11:36.985653,2017-08-16 13:14:08.157534,0:02:31.171881,mailing,0
2017-08-16 13:14:08.162707,2017-08-16 13:14:54.280478,0:00:46.117771,browsing,0
2017-08-16 13:14:54.287019,2017-08-16 13:18:39.838693,0:03:45.551674,browsing,0
2017-08-16 13:18:39.845583,2017-08-16 13:28:30.220590,0:09:50.375007,copyFiles,0
2017-08-16 13:28:30.236139,2017-08-16 14:01:34.338038,0:33:04.101899,offline,0
2017-08-16 14:01:34.346035,2017-08-16 15:37:45.447709,1:36:11.101674,meeting,0
2017-08-16 15:37:45.458240,2017-08-16 15:38:31.482004,0:00:46.023764,private,0
2017-08-16 15:38:31.488725,2017-08-16 15:46:47.201556,0:08:15.712831,private,0
2017-08-16 15:46:47.208261,2017-08-16 15:49:45.682494,0:02:58.474233,copyFiles,0
2017-08-16 15:49:45.689041,2017-08-16 15:51:03.414124,0:01:17.725083,private,0
2017-08-16 15:51:03.427033,2017-08-16 15:52:04.110624,0:01:00.683591,mailing,0
2017-08-16 15:52:04.116239,2017-08-16 15:55:17.098374,0:03:12.982135,copyFiles,0
2017-08-16 15:55:17.104009,2017-08-16 15:56:10.244158,0:00:53.140149,browsing,0
2017-08-16 15:56:10.250267,2017-08-16 15:57:41.011903,0:01:30.761636,mailing,0
2017-08-16 15:57:41.017294,2017-08-16 15:58:06.079085,0:00:25.061791,printing,0
2017-08-16 15:58:06.084995,2017-08-16 15:59:06.599153,0:01:00.514158,mailing,0
2017-08-16 15:59:06.603465,2017-08-16 16:05:18.111526,0:06:11.508061,copyFiles,0
2017-08-16 16:05:18.118189,2017-08-16 16:05:33.159041,0:00:15.040852,printing,0
2017-08-16 16:05:33.165434,2017-08-16 16:30:21.266703,0:24:48.101269,offline,0
2017-08-16 16:30:21.274457,2017-08-16 17:50:51.376264,1:20:30.101807,meeting,0
2017-08-16 17:50:51.382515,2017-08-16 17:52:38.696709,0:01:47.314194,private,0
2017-08-16 17:52:38.703630,2017-08-16 17:57:37.989202,0:04:59.285572,private,0
2017-08-16 17:57:37.995678,2017-08-16 18:32:39.097332,0:35:01.101654,offline,0