start,end,duration,activity,returnCode
2017-08-02 09:05:19.799102,2017-08-02 09:06:24.631494,0:01:04.832392,browsing,0
2017-08-02 09:06:24.637427,2017-08-02 09:41:58.738860,0:35:34.101433,meeting,0
2017-08-02 09:41:58.744578,2017-08-02 09:47:22.948455,0:05:24.203877,browsing,0
2017-08-02 09:47:22.954202,2017-08-02 09:47:36.107673,0:00:13.153471,browsing,0
2017-08-02 09:47:36.113368,2017-08-02 09:48:17.600822,0:00:41.487454,browsing,0
2017-08-02 09:48:17.607457,2017-08-02 09:48:30.955465,0:00:13.348008,browsing,0
2017-08-02 09:48:30.961532,2017-08-02 09:50:26.348606,0:01:55.387074,copyFiles,0
2017-08-02 09:50:26.353512,2017-08-02 10:01:27.262599,0:11:00.909087,copyFiles,0
2017-08-02 10:01:27.268051,2017-08-02 10:01:51.843259,0:00:24.575208,browsing,0
2017-08-02 10:01:51.849271,2017-08-02 10:39:28.950700,0:37:37.101429,offline,0
2017-08-02 10:39:28.957445,2017-08-02 10:43:02.937813,0:03:33.980368,copyFiles,0
2017-08-02 10:43:02.944060,2017-08-02 10:53:02.950266,0:10:00.006206,browsing,-1
2017-08-02 10:53:02.955790,2017-08-02 10:54:10.947655,0:01:07.991865,browsing,0
2017-08-02 10:54:10.953389,2017-08-02 10:57:05.391252,0:02:54.437863,browsing,0
2017-08-02 10:57:05.396827,2017-08-02 10:57:56.107314,0:00:50.710487,mailing,0
2017-08-02 10:57:56.112122,2017-08-02 10:59:07.257004,0:01:11.144882,mailing,0
2017-08-02 10:59:07.263482,2017-08-02 11:01:25.602731,0:02:18.339249,browsing,0
2017-08-02 11:01:25.610434,2017-08-02 11:03:56.037442,0:02:30.427008,browsing,0
2017-08-02 11:03:56.043903,2017-08-02 11:06:11.086129,0:02:15.042226,breaks,0
2017-08-02 11:06:11.091601,2017-08-02 11:09:58.217037,0:03:47.125436,browsing,0
2017-08-02 11:09:58.222691,2017-08-02 11:11:09.429841,0:01:11.207150,browsing,0
2017-08-02 11:11:09.437452,2017-08-02 11:11:29.252533,0:00:19.815081,browsing,0
2017-08-02 11:11:29.258569,2017-08-02 11:14:29.893603,0:03:00.635034,browsing,0
2017-08-02 11:14:29.900067,2017-08-02 11:15:20.685734,0:00:50.785667,mailing,0
2017-08-02 11:15:20.691439,2017-08-02 11:16:50.512019,0:01:29.820580,copyFiles,0
2017-08-02 11:16:50.518023,2017-08-02 11:17:47.795752,0:00:57.277729,browsing,0
2017-08-02 11:17:47.802137,2017-08-02 11:27:47.807793,0:10:00.005656,browsing,-1
2017-08-02 11:27:47.816943,2017-08-02 11:28:15.509943,0:00:27.693000,browsing,0
2017-08-02 11:28:15.515698,2017-08-02 11:29:02.606679,0:00:47.090981,browsing,0
2017-08-02 11:29:02.613344,2017-08-02 11:37:59.502266,0:08:56.888922,copyFiles,0
2017-08-02 11:37:59.508132,2017-08-02 11:38:35.116092,0:00:35.607960,printing,0
2017-08-02 11:38:35.121078,2017-08-02 12:07:38.139659,0:29:03.018581,meeting,0
2017-08-02 12:07:38.145685,2017-08-02 12:07:53.177460,0:00:15.031775,printing,0
2017-08-02 12:07:53.182532,2017-08-02 12:10:09.131349,0:02:15.948817,browsing,0
2017-08-02 12:10:09.137507,2017-08-02 12:10:42.735731,0:00:33.598224,browsing,0
2017-08-02 12:10:42.741527,2017-08-02 12:11:47.787318,0:01:05.045791,browsing,0
2017-08-02 12:11:47.793356,2017-08-02 13:11:03.798326,0:59:16.004970,meeting,0
2017-08-02 13:11:03.805093,2017-08-02 13:13:04.209899,0:02:00.404806,browsing,0
2017-08-02 13:13:04.216325,2017-08-02 13:14:51.295968,0:01:47.079643,copyFiles,0
2017-08-02 13:14:51.300666,2017-08-02 13:16:48.796048,0:01:57.495382,browsing,0
2017-08-02 13:16:48.803832,2017-08-02 13:17:14.491327,0:00:25.687495,browsing,0
2017-08-02 13:17:14.498184,2017-08-02 13:18:05.106451,0:00:50.608267,mailing,0
2017-08-02 13:18:05.116457,2017-08-02 13:19:47.418250,0:01:42.301793,mailing,0
2017-08-02 13:19:47.423396,2017-08-02 13:23:36.905772,0:03:49.482376,browsing,0
2017-08-02 13:23:36.911246,2017-08-02 13:55:52.942148,0:32:16.030902,offline,0
2017-08-02 13:55:52.948886,2017-08-02 13:56:08.108703,0:00:15.159817,printing,0
2017-08-02 13:56:08.114243,2017-08-02 13:59:03.112008,0:02:54.997765,browsing,0
2017-08-02 13:59:03.117783,2017-08-02 14:06:52.121549,0:07:49.003766,offline,0
2017-08-02 14:06:52.128558,2017-08-02 15:53:24.142238,1:46:32.013680,meeting,0
2017-08-02 15:53:24.162621,2017-08-02 15:59:00.664659,0:05:36.502038,browsing,0
2017-08-02 15:59:00.670889,2017-08-02 16:00:11.122962,0:01:10.452073,mailing,0
2017-08-03 09:01:58.873680,2017-08-03 09:04:42.712765,0:02:43.839085,copyFiles,0
2017-08-03 09:04:42.717657,2017-08-03 09:05:43.359363,0:01:00.641706,browsing,0
2017-08-03 09:05:43.365334,2017-08-03 09:07:29.761101,0:01:46.395767,browsing,0
2017-08-03 09:07:29.767144,2017-08-03 09:10:47.420400,0:03:17.653256,browsing,0
2017-08-03 09:10:47.426227,2017-08-03 11:01:20.527617,1:50:33.101390,meeting,0
2017-08-03 11:01:20.534621,2017-08-03 11:01:32.434403,0:00:11.899782,browsing,0
2017-08-03 11:01:32.440149,2017-08-03 11:07:30.592507,0:05:58.152358,browsing,0
2017-08-03 11:07:30.599009,2017-08-03 11:11:00.729030,0:03:30.130021,browsing,0
2017-08-03 11:11:00.735435,2017-08-03 12:19:15.752789,1:08:15.017354,meeting,0
2017-08-03 12:19:15.873553,2017-08-03 12:21:53.336723,0:02:37.463170,browsing,0
2017-08-03 12:21:53.342922,2017-08-03 12:22:39.796616,0:00:46.453694,browsing,0
2017-08-03 12:22:39.804045,2017-08-03 12:24:48.912361,0:02:09.108316,browsing,0
2017-08-03 12:24:48.932743,2017-08-03 12:26:47.535814,0:01:58.603071,browsing,0
2017-08-03 12:26:47.542022,2017-08-03 12:31:21.126267,0:04:33.584245,browsing,0
2017-08-03 12:31:21.131766,2017-08-03 12:46:56.233098,0:15:35.101332,meeting,0
2017-08-03 12:46:56.239934,2017-08-03 12:55:56.589691,0:09:00.349757,browsing,0
2017-08-03 12:55:56.596612,2017-08-03 12:56:41.797914,0:00:45.201302,printing,0
2017-08-03 12:56:41.803894,2017-08-03 12:59:30.484616,0:02:48.680722,browsing,0
2017-08-03 12:59:30.490275,2017-08-03 13:00:20.837418,0:00:50.347143,mailing,0
2017-08-03 13:00:20.842705,2017-08-03 13:00:35.881437,0:00:15.038732,printing,0
2017-08-03 13:00:35.887318,2017-08-03 13:10:35.892890,0:10:00.005572,browsing,-1
2017-08-03 13:10:35.912970,2017-08-03 13:10:44.771255,0:00:08.858285,browsing,0
2017-08-03 13:10:44.795525,2017-08-03 13:13:06.890089,0:02:22.094564,copyFiles,0
2017-08-03 13:13:06.985051,2017-08-03 13:21:24.090276,0:08:17.105225,copyFiles,0
2017-08-03 13:21:24.096465,2017-08-03 13:24:02.328933,0:02:38.232468,browsing,0
2017-08-03 13:24:02.339243,2017-08-03 13:24:17.377072,0:00:15.037829,printing,0
2017-08-03 13:24:17.382927,2017-08-03 13:34:17.392512,0:10:00.009585,browsing,-1
2017-08-03 13:34:17.397842,2017-08-03 14:48:57.488390,1:14:40.090548,meeting,0
2017-08-03 14:48:57.495580,2017-08-03 14:49:51.818251,0:00:54.322671,browsing,0
2017-08-03 14:49:51.824458,2017-08-03 15:07:58.836969,0:18:07.012511,meeting,0
2017-08-03 15:07:58.843839,2017-08-03 15:18:01.171929,0:10:02.328090,copyFiles,0
2017-08-03 15:18:01.177835,2017-08-03 15:18:51.960053,0:00:50.782218,mailing,0
2017-08-03 15:18:51.966865,2017-08-03 15:21:50.772886,0:02:58.806021,browsing,0
2017-08-03 15:21:50.778390,2017-08-03 15:23:23.749447,0:01:32.971057,mailing,0
2017-08-03 15:23:23.754627,2017-08-03 15:28:31.984182,0:05:08.229555,browsing,0
2017-08-03 15:28:31.993257,2017-08-03 15:56:02.874915,0:27:30.881658,copyFiles,0
2017-08-03 15:56:02.882671,2017-08-03 16:00:18.556416,0:04:15.673745,copyFiles,0
2017-08-04 09:15:37.572035,2017-08-04 09:17:28.654606,0:01:51.082571,browsing,0
2017-08-04 09:17:28.659177,2017-08-04 09:18:30.109219,0:01:01.450042,browsing,0
2017-08-04 09:18:30.114083,2017-08-04 09:23:56.684914,0:05:26.570831,browsing,0
2017-08-04 09:23:56.690104,2017-08-04 09:27:02.010555,0:03:05.320451,browsing,0
2017-08-04 09:27:02.016178,2017-08-04 09:30:14.441574,0:03:12.425396,browsing,0
2017-08-04 09:30:14.447838,2017-08-04 09:33:40.045047,0:03:25.597209,browsing,0
2017-08-04 09:33:40.061637,2017-08-04 09:36:00.346936,0:02:20.285299,browsing,0
2017-08-04 09:36:00.352131,2017-08-04 09:37:46.443335,0:01:46.091204,browsing,0
2017-08-04 09:37:46.448536,2017-08-04 10:06:33.549525,0:28:47.100989,offline,0
2017-08-04 10:06:33.555008,2017-08-04 10:06:44.704277,0:00:11.149269,browsing,0
2017-08-04 10:06:44.709763,2017-08-04 10:34:43.811471,0:27:59.101708,offline,0
2017-08-04 10:34:43.818580,2017-08-04 10:35:29.127602,0:00:45.309022,printing,0
2017-08-04 10:35:29.134074,2017-08-04 10:40:11.040595,0:04:41.906521,copyFiles,0
2017-08-04 10:40:11.046891,2017-08-04 11:51:37.149447,1:11:26.102556,meeting,0
2017-08-04 11:51:37.155664,2017-08-04 11:52:40.097311,0:01:02.941647,browsing,0
2017-08-04 11:52:40.102825,2017-08-04 11:52:45.987970,0:00:05.885145,browsing,0
2017-08-04 11:52:45.993196,2017-08-04 11:57:48.256655,0:05:02.263459,browsing,0
2017-08-04 11:57:48.262805,2017-08-04 12:00:21.066556,0:02:32.803751,browsing,0
2017-08-04 12:00:21.072311,2017-08-04 12:00:24.079777,0:00:03.007466,mailing,-1
2017-08-04 12:00:24.085666,2017-08-04 12:00:46.618085,0:00:22.532419,browsing,0
2017-08-04 12:00:46.917804,2017-08-04 12:16:31.020099,0:15:44.102295,offline,0
2017-08-04 12:16:31.030203,2017-08-04 12:16:36.265981,0:00:05.235778,browsing,0
2017-08-04 12:16:36.271535,2017-08-04 12:20:05.108994,0:03:28.837459,browsing,0
2017-08-04 12:20:05.112941,2017-08-04 12:20:23.928225,0:00:18.815284,copyFiles,0
2017-08-04 12:20:23.933958,2017-08-04 12:20:52.981528,0:00:29.047570,browsing,0
2017-08-04 12:20:52.987439,2017-08-04 12:28:07.643733,0:07:14.656294,copyFiles,0
2017-08-04 12:28:07.650544,2017-08-04 12:35:54.728791,0:07:47.078247,browsing,0
2017-08-04 12:35:54.734788,2017-08-04 12:38:20.934493,0:02:26.199705,browsing,0
2017-08-04 12:38:20.939980,2017-08-04 12:44:48.041651,0:06:27.101671,offline,0
2017-08-04 12:44:48.048986,2017-08-04 12:45:08.473285,0:00:20.424299,browsing,0
2017-08-04 12:45:08.477914,2017-08-04 12:45:23.516036,0:00:15.038122,printing,0
2017-08-04 12:45:23.521916,2017-08-04 12:45:26.522350,0:00:03.000434,mailing,-1
2017-08-04 12:45:26.527599,2017-08-04 12:49:04.063107,0:03:37.535508,browsing,0
2017-08-04 12:49:04.069408,2017-08-04 12:53:16.226313,0:04:12.156905,browsing,0
2017-08-04 12:53:16.232198,2017-08-04 12:53:29.530527,0:00:13.298329,browsing,0
2017-08-04 12:53:29.537056,2017-08-04 12:56:48.224595,0:03:18.687539,copyFiles,0
2017-08-04 12:56:48.231205,2017-08-04 12:59:09.802958,0:02:21.571753,browsing,0
2017-08-04 12:59:09.808923,2017-08-04 13:00:47.906169,0:01:38.097246,browsing,0
2017-08-04 13:00:47.911531,2017-08-04 13:03:35.053609,0:02:47.142078,browsing,0
2017-08-04 13:03:35.058988,2017-08-04 13:04:52.757240,0:01:17.698252,browsing,0
2017-08-04 13:04:52.769948,2017-08-04 13:06:30.867126,0:01:38.097178,offline,0
2017-08-04 13:06:30.877274,2017-08-04 13:08:09.121965,0:01:38.244691,browsing,0
2017-08-04 13:08:09.128826,2017-08-04 13:13:54.163168,0:05:45.034342,browsing,0
2017-08-04 13:13:54.168239,2017-08-04 14:29:39.237214,1:15:45.068975,meeting,0
2017-08-04 14:29:39.244562,2017-08-04 14:32:00.469779,0:02:21.225217,browsing,0
2017-08-04 14:32:00.475487,2017-08-04 14:32:35.562138,0:00:35.086651,printing,0
2017-08-04 14:32:35.567692,2017-08-04 14:34:53.079842,0:02:17.512150,browsing,0
2017-08-04 14:34:53.085318,2017-08-04 14:37:44.802250,0:02:51.716932,browsing,0
2017-08-04 14:37:44.810735,2017-08-04 14:43:01.477671,0:05:16.666936,browsing,0
2017-08-04 14:43:01.482794,2017-08-04 14:45:11.295030,0:02:09.812236,browsing,0
2017-08-04 14:45:11.300931,2017-08-04 14:46:06.595286,0:00:55.294355,browsing,0
2017-08-04 14:46:06.607446,2017-08-04 14:47:13.757003,0:01:07.149557,browsing,0
2017-08-04 14:47:13.763634,2017-08-04 14:50:01.608891,0:02:47.845257,browsing,0
2017-08-04 14:50:01.615267,2017-08-04 14:51:43.241589,0:01:41.626322,browsing,0
2017-08-04 14:51:43.247875,2017-08-04 15:18:47.349302,0:27:04.101427,meeting,0
2017-08-04 15:18:47.356539,2017-08-04 15:19:30.846074,0:00:43.489535,browsing,0
2017-08-04 15:19:30.853728,2017-08-04 15:23:41.790293,0:04:10.936565,copyFiles,0
2017-08-04 15:23:41.798652,2017-08-04 15:24:57.678700,0:01:15.880048,browsing,0
2017-08-04 15:24:57.685798,2017-08-04 15:26:56.562977,0:01:58.877179,browsing,0
2017-08-04 15:26:56.568431,2017-08-04 15:30:15.779163,0:03:19.210732,browsing,0
2017-08-04 15:30:15.790788,2017-08-04 15:53:37.892366,0:23:22.101578,meeting,0
2017-08-04 15:53:37.904680,2017-08-04 15:56:31.528665,0:02:53.623985,browsing,0
2017-08-04 15:56:31.534887,2017-08-04 15:58:02.277522,0:01:30.742635,browsing,0
2017-08-04 15:58:02.287972,2017-08-04 16:02:56.203000,0:04:53.915028,browsing,0
2017-08-07 09:07:40.783524,2017-08-07 09:07:53.032493,0:00:12.248969,browsing,0
2017-08-07 09:07:53.043674,2017-08-07 09:29:44.145294,0:21:51.101620,offline,0
2017-08-07 09:29:44.152470,2017-08-07 09:30:31.307172,0:00:47.154702,browsing,0
2017-08-07 09:30:31.314036,2017-08-07 09:35:30.706368,0:04:59.392332,browsing,0
2017-08-07 09:35:30.712495,2017-08-07 09:38:10.459813,0:02:39.747318,copyFiles,0
2017-08-07 09:38:10.464320,2017-08-07 09:50:37.901089,0:12:27.436769,copyFiles,0
2017-08-07 09:50:37.910590,2017-08-07 09:52:34.106960,0:01:56.196370,browsing,0
2017-08-07 09:52:34.113323,2017-08-07 09:53:13.292595,0:00:39.179272,browsing,0
2017-08-07 09:53:13.298648,2017-08-07 09:54:23.884265,0:01:10.585617,browsing,0
2017-08-07 09:54:23.890219,2017-08-07 10:21:22.992094,0:26:59.101875,offline,0
2017-08-07 10:21:22.999858,2017-08-07 10:23:15.126093,0:01:52.126235,browsing,0
2017-08-07 10:23:15.132363,2017-08-07 10:26:15.919270,0:03:00.786907,copyFiles,0
2017-08-07 10:26:15.925220,2017-08-07 10:26:37.351342,0:00:21.426122,browsing,0
2017-08-07 10:26:37.356843,2017-08-07 10:36:03.819420,0:09:26.462577,copyFiles,0
2017-08-07 10:36:03.825551,2017-08-07 10:36:28.306864,0:00:24.481313,browsing,0
2017-08-07 10:36:28.312415,2017-08-07 10:39:23.392765,0:02:55.080350,browsing,0
2017-08-07 10:39:23.399155,2017-08-07 10:39:26.402841,0:00:03.003686,mailing,-1
2017-08-07 10:39:26.408383,2017-08-07 10:43:40.093304,0:04:13.684921,browsing,0
2017-08-07 10:43:40.132729,2017-08-07 10:44:11.935767,0:00:31.803038,browsing,0
2017-08-07 10:44:11.942136,2017-08-07 10:45:44.983277,0:01:33.041141,browsing,0
2017-08-07 10:45:44.989300,2017-08-07 10:48:53.459606,0:03:08.470306,browsing,0
2017-08-07 10:48:53.465816,2017-08-07 10:53:28.387125,0:04:34.921309,browsing,0
2017-08-07 10:53:28.392825,2017-08-07 10:56:19.066024,0:02:50.673199,browsing,0
2017-08-07 10:56:19.072999,2017-08-07 10:58:14.865765,0:01:55.792766,browsing,0
2017-08-07 10:58:14.871862,2017-08-07 11:01:29.298780,0:03:14.426918,browsing,0
2017-08-07 11:01:29.305287,2017-08-07 11:01:32.308024,0:00:03.002737,mailing,-1
2017-08-07 11:01:32.313050,2017-08-07 11:06:25.040668,0:04:52.727618,browsing,0
2017-08-07 11:06:25.046696,2017-08-07 11:55:54.148211,0:49:29.101515,offline,0
2017-08-07 11:55:54.156115,2017-08-07 11:57:02.007828,0:01:07.851713,browsing,0
2017-08-07 11:57:02.014692,2017-08-07 12:01:21.880693,0:04:19.866001,browsing,0
2017-08-07 12:01:21.887385,2017-08-07 12:02:26.590218,0:01:04.702833,browsing,0
2017-08-07 12:02:26.597432,2017-08-07 12:03:01.104597,0:00:34.507165,browsing,0
2017-08-07 12:03:01.109826,2017-08-07 12:04:13.089992,0:01:11.980166,browsing,0
2017-08-07 12:04:13.095784,2017-08-07 12:05:01.645126,0:00:48.549342,browsing,0
2017-08-07 12:05:01.651359,2017-08-07 12:06:37.677186,0:01:36.025827,browsing,0
2017-08-07 12:06:37.683400,2017-08-07 12:07:12.843975,0:00:35.160575,printing,0
2017-08-07 12:07:12.853140,2017-08-07 12:08:05.823263,0:00:52.970123,browsing,0
2017-08-07 12:08:05.828695,2017-08-07 13:12:57.930333,1:04:52.101638,meeting,0
2017-08-07 13:12:57.936992,2017-08-07 13:14:24.031591,0:01:26.094599,printing,0
2017-08-07 13:14:24.037643,2017-08-07 13:15:33.242430,0:01:09.204787,browsing,0
2017-08-07 13:15:33.248281,2017-08-07 13:16:16.435909,0:00:43.187628,copyFiles,0
2017-08-07 13:16:16.442016,2017-08-07 13:47:55.543572,0:31:39.101556,offline,0
2017-08-07 13:47:55.550453,2017-08-07 13:49:39.205376,0:01:43.654923,browsing,0
2017-08-07 13:49:39.211529,2017-08-07 13:52:12.492414,0:02:33.280885,browsing,0
2017-08-07 13:52:12.501535,2017-08-07 13:54:06.790113,0:01:54.288578,private,0
2017-08-07 13:54:06.795579,2017-08-07 13:54:53.861507,0:00:47.065928,copyFiles,0
2017-08-07 13:54:53.880511,2017-08-07 13:54:59.765730,0:00:05.885219,browsing,0
2017-08-07 13:54:59.783512,2017-08-07 13:55:39.572454,0:00:39.788942,browsing,0
2017-08-07 13:55:39.578512,2017-08-07 13:56:28.290335,0:00:48.711823,browsing,0
2017-08-07 13:56:28.296281,2017-08-07 14:02:13.398214,0:05:45.101933,offline,0
2017-08-07 14:02:14.248764,2017-08-07 14:06:58.976374,0:04:44.727610,browsing,0
2017-08-07 14:06:58.982516,2017-08-07 14:11:35.646316,0:04:36.663800,browsing,0
2017-08-07 14:11:35.652068,2017-08-07 14:15:14.113832,0:03:38.461764,browsing,0
2017-08-07 14:15:14.120475,2017-08-07 14:15:23.614288,0:00:09.493813,browsing,0
2017-08-07 14:15:23.623137,2017-08-07 14:16:26.599732,0:01:02.976595,browsing,0
2017-08-07 14:16:26.607943,2017-08-07 14:19:38.549296,0:03:11.941353,browsing,0
2017-08-07 14:19:38.560887,2017-08-07 14:24:10.742510,0:04:32.181623,copyFiles,0
2017-08-07 14:24:10.747108,2017-08-07 14:24:25.785052,0:00:15.037944,printing,0
2017-08-07 14:24:25.789483,2017-08-07 14:24:40.831006,0:00:15.041523,printing,0
2017-08-07 14:24:40.837246,2017-08-07 14:25:16.098620,0:00:35.261374,printing,0
2017-08-07 14:25:16.104256,2017-08-07 14:25:31.392461,0:00:15.288205,printing,0
2017-08-07 14:25:31.397917,2017-08-07 14:25:46.438738,0:00:15.040821,printing,0
2017-08-07 14:25:46.444615,2017-08-07 14:30:06.128003,0:04:19.683388,browsing,0
2017-08-07 14:30:06.137023,2017-08-07 14:43:24.241622,0:13:18.104599,meeting,0
2017-08-07 14:43:24.249484,2017-08-07 14:43:27.250428,0:00:03.000944,mailing,-1
2017-08-07 14:43:27.255523,2017-08-07 14:44:12.698309,0:00:45.442786,browsing,0
2017-08-07 14:44:12.705155,2017-08-07 14:44:27.742565,0:00:15.037410,printing,0
2017-08-07 14:44:27.748007,2017-08-07 15:23:18.849244,0:38:51.101237,meeting,0
2017-08-07 15:23:18.857447,2017-08-07 15:24:37.465288,0:01:18.607841,browsing,0
2017-08-07 15:24:37.472190,2017-08-07 15:26:21.399153,0:01:43.926963,browsing,0
2017-08-07 15:26:21.405510,2017-08-07 15:28:30.612260,0:02:09.206750,copyFiles,0
2017-08-07 15:28:30.620425,2017-08-07 15:30:41.644094,0:02:11.023669,browsing,0
2017-08-07 15:30:41.650279,2017-08-07 15:32:13.307054,0:01:31.656775,browsing,0
2017-08-07 15:32:13.312934,2017-08-07 16:50:53.414413,1:18:40.101479,meeting,0
2017-08-08 09:03:23.879348,2017-08-08 09:03:46.920551,0:00:23.041203,browsing,0
2017-08-08 09:03:46.926331,2017-08-08 09:44:04.963579,0:40:18.037248,offline,0
2017-08-08 09:44:04.969474,2017-08-08 09:44:30.719799,0:00:25.750325,printing,0
2017-08-08 09:44:30.725994,2017-08-08 09:49:25.789398,0:04:55.063404,copyFiles,0
2017-08-08 09:49:25.803426,2017-08-08 10:55:18.904407,1:05:53.100981,meeting,0
2017-08-08 10:55:18.911873,2017-08-08 10:56:14.287631,0:00:55.375758,browsing,0
2017-08-08 10:56:14.293943,2017-08-08 10:57:59.241862,0:01:44.947919,browsing,0
2017-08-08 10:57:59.372572,2017-08-08 10:58:06.606078,0:00:07.233506,browsing,0
2017-08-08 10:58:06.756036,2017-08-08 11:02:53.068268,0:04:46.312232,copyFiles,0
2017-08-08 11:02:53.074324,2017-08-08 11:03:28.191116,0:00:35.116792,printing,0
2017-08-08 11:03:28.196729,2017-08-08 11:04:01.311201,0:00:33.114472,browsing,0
2017-08-08 11:04:01.317661,2017-08-08 11:10:59.419353,0:06:58.101692,offline,0
2017-08-08 11:10:59.426170,2017-08-08 11:14:31.513247,0:03:32.087077,browsing,0
2017-08-08 11:14:31.520193,2017-08-08 11:16:30.567063,0:01:59.046870,copyFiles,0
2017-08-08 11:16:30.573464,2017-08-08 11:21:09.811475,0:04:39.238011,browsing,0
2017-08-08 11:21:09.817631,2017-08-08 11:23:51.415221,0:02:41.597590,browsing,0
2017-08-08 11:23:51.421966,2017-08-08 11:25:23.560039,0:01:32.138073,browsing,0
2017-08-08 11:25:23.567395,2017-08-08 12:25:54.669204,1:00:31.101809,meeting,0
2017-08-08 12:25:54.676129,2017-08-08 12:26:08.647837,0:00:13.971708,browsing,0
2017-08-08 12:26:08.652977,2017-08-08 12:26:26.422147,0:00:17.769170,browsing,0
2017-08-08 12:26:26.429161,2017-08-08 12:28:16.331605,0:01:49.902444,browsing,0
2017-08-08 12:28:16.338301,2017-08-08 12:28:19.342656,0:00:03.004355,mailing,-1
2017-08-08 12:28:19.348092,2017-08-08 12:28:58.381051,0:00:39.032959,browsing,0
2017-08-08 12:28:58.387046,2017-08-08 12:30:12.882557,0:01:14.495511,browsing,0
2017-08-08 12:30:12.888615,2017-08-08 12:30:15.893972,0:00:03.005357,mailing,-1
2017-08-08 12:30:15.899186,2017-08-08 12:33:48.000301,0:03:32.101115,breaks,0
2017-08-08 12:33:48.011467,2017-08-08 12:34:37.727632,0:00:49.716165,browsing,0
2017-08-08 12:34:37.735183,2017-08-08 13:01:01.837484,0:26:24.102301,offline,0
2017-08-08 13:01:01.844996,2017-08-08 13:01:26.287091,0:00:24.442095,browsing,0
2017-08-08 13:01:26.294109,2017-08-08 13:02:33.809353,0:01:07.515244,browsing,0
2017-08-08 13:02:33.815772,2017-08-08 13:04:43.494507,0:02:09.678735,browsing,0
2017-08-08 13:04:43.506541,2017-08-08 13:05:29.603087,0:00:46.096546,browsing,0
2017-08-08 13:05:29.608649,2017-08-08 13:13:32.329749,0:08:02.721100,browsing,0
2017-08-08 13:13:32.336455,2017-08-08 13:16:37.997699,0:03:05.661244,copyFiles,0
2017-08-08 13:16:38.003830,2017-08-08 13:18:30.231758,0:01:52.227928,copyFiles,0
2017-08-08 13:18:30.238002,2017-08-08 13:28:02.801752,0:09:32.563750,browsing,0
2017-08-08 13:28:02.808583,2017-08-08 13:29:47.496172,0:01:44.687589,browsing,0
2017-08-08 13:29:47.502808,2017-08-08 13:29:53.788736,0:00:06.285928,browsing,0
2017-08-08 13:29:53.794700,2017-08-08 13:29:56.795411,0:00:03.000711,mailing,-1
2017-08-08 13:29:56.799517,2017-08-08 13:30:02.729045,0:00:05.929528,browsing,0
2017-08-08 13:30:02.735864,2017-08-08 13:30:17.774567,0:00:15.038703,printing,0
2017-08-08 13:30:17.780959,2017-08-08 13:30:31.788375,0:00:14.007416,browsing,0
2017-08-08 13:30:31.794788,2017-08-08 13:33:06.736823,0:02:34.942035,browsing,0
2017-08-08 13:33:06.742597,2017-08-08 13:34:03.282519,0:00:56.539922,browsing,0
2017-08-08 13:34:03.423754,2017-08-08 13:35:24.246977,0:01:20.823223,browsing,0
2017-08-08 13:35:24.253301,2017-08-08 13:35:38.155596,0:00:13.902295,browsing,0
2017-08-08 13:35:38.161466,2017-08-08 13:45:38.166813,0:10:00.005347,browsing,-1
2017-08-08 13:45:38.172962,2017-08-08 13:46:23.385575,0:00:45.212613,printing,0
2017-08-08 13:46:23.391013,2017-08-08 14:31:24.450135,0:45:01.059122,offline,0
2017-08-08 14:31:24.458763,2017-08-08 14:32:09.702027,0:00:45.243264,printing,0
2017-08-08 14:32:09.707384,2017-08-08 14:59:11.716623,0:27:02.009239,offline,0
2017-08-08 14:59:11.725285,2017-08-08 14:59:19.465738,0:00:07.740453,browsing,0
2017-08-08 14:59:19.472697,2017-08-08 15:00:57.378579,0:01:37.905882,browsing,0
2017-08-08 15:00:57.386491,2017-08-08 15:27:00.450127,0:26:03.063636,offline,0
2017-08-08 15:27:00.476915,2017-08-08 15:27:17.490995,0:00:17.014080,browsing,0
2017-08-08 15:27:17.497150,2017-08-08 15:37:17.504987,0:10:00.007837,browsing,-1
2017-08-08 15:37:17.511163,2017-08-08 15:37:58.359461,0:00:40.848298,browsing,0
2017-08-08 15:37:58.366204,2017-08-08 15:42:04.501980,0:04:06.135776,browsing,0
2017-08-08 15:42:04.509435,2017-08-08 15:43:32.918611,0:01:28.409176,copyFiles,0
2017-08-08 15:43:32.924723,2017-08-08 15:43:35.931692,0:00:03.006969,mailing,-1
2017-08-08 15:43:35.938532,2017-08-08 15:43:38.939654,0:00:03.001122,mailing,-1
2017-08-08 15:43:38.944393,2017-08-08 15:56:00.002265,0:12:21.057872,copyFiles,0
2017-08-08 15:56:00.008460,2017-08-08 16:30:38.050319,0:34:38.041859,offline,0
2017-08-10 09:05:29.950924,2017-08-10 09:07:07.287557,0:01:37.336633,browsing,0
2017-08-10 09:07:07.292267,2017-08-10 09:12:52.320195,0:05:45.027928,copyFiles,0
2017-08-10 09:12:52.324893,2017-08-10 10:04:12.425827,0:51:20.100934,meeting,0
2017-08-10 10:04:12.435431,2017-08-10 10:05:47.982949,0:01:35.547518,browsing,0
2017-08-10 10:05:47.988548,2017-08-10 10:07:19.503357,0:01:31.514809,browsing,0
2017-08-10 10:07:19.508894,2017-08-10 10:13:27.958663,0:06:08.449769,browsing,0
2017-08-10 10:13:27.964438,2017-08-10 10:23:59.055867,0:10:31.091429,offline,0
2017-08-10 10:23:59.066119,2017-08-10 10:25:45.686468,0:01:46.620349,browsing,0
2017-08-10 10:25:45.692463,2017-08-10 10:26:12.343943,0:00:26.651480,browsing,0
2017-08-10 10:26:12.349398,2017-08-10 10:27:14.095700,0:01:01.746302,browsing,0
2017-08-10 10:27:14.101660,2017-08-10 10:32:38.047606,0:05:23.945946,browsing,0
2017-08-10 10:32:38.053474,2017-08-10 10:34:20.039318,0:01:41.985844,browsing,0
2017-08-10 10:34:20.045065,2017-08-10 10:36:47.320682,0:02:27.275617,browsing,0
2017-08-10 10:36:47.327301,2017-08-10 10:39:44.273196,0:02:56.945895,browsing,0
2017-08-10 10:39:44.280129,2017-08-10 10:39:58.728916,0:00:14.448787,browsing,0
2017-08-10 10:39:58.735200,2017-08-10 10:40:42.937117,0:00:44.201917,browsing,0
2017-08-10 10:40:42.943063,2017-08-10 10:44:29.382371,0:03:46.439308,copyFiles,0
2017-08-10 10:44:29.388671,2017-08-10 10:44:47.696821,0:00:18.308150,browsing,0
2017-08-10 10:44:47.701634,2017-08-10 10:47:02.119239,0:02:14.417605,browsing,0
2017-08-10 10:47:02.125862,2017-08-10 10:47:17.520643,0:00:15.394781,printing,0
2017-08-10 10:47:17.526786,2017-08-10 10:48:07.867403,0:00:50.340617,mailing,0
2017-08-10 10:48:07.872927,2017-08-10 10:48:49.860393,0:00:41.987466,browsing,0
2017-08-10 10:48:49.866339,2017-08-10 10:50:00.325010,0:01:10.458671,browsing,0
2017-08-10 10:50:00.330627,2017-08-10 10:51:11.040731,0:01:10.710104,browsing,0
2017-08-10 10:51:11.047039,2017-08-10 10:53:11.646824,0:02:00.599785,browsing,0
2017-08-10 10:53:11.652258,2017-08-10 10:53:54.214598,0:00:42.562340,browsing,0
2017-08-10 10:53:54.222024,2017-08-10 11:33:46.324554,0:39:52.102530,meeting,0
2017-08-10 11:33:46.332598,2017-08-10 11:34:31.346285,0:00:45.013687,browsing,0
2017-08-10 11:34:31.386650,2017-08-10 11:35:41.078593,0:01:09.691943,browsing,0
2017-08-10 11:35:41.085106,2017-08-10 11:36:13.245799,0:00:32.160693,browsing,0
2017-08-10 11:36:13.252228,2017-08-10 11:43:17.630683,0:07:04.378455,browsing,0
2017-08-10 11:43:17.637207,2017-08-10 11:47:03.293170,0:03:45.655963,copyFiles,0
2017-08-10 11:47:03.299769,2017-08-10 11:47:38.427519,0:00:35.127750,printing,0
2017-08-10 11:47:38.434035,2017-08-10 11:48:26.157210,0:00:47.723175,browsing,0
2017-08-10 11:48:26.180868,2017-08-10 12:06:42.283247,0:18:16.102379,offline,0
2017-08-10 12:06:42.290978,2017-08-10 12:09:03.466065,0:02:21.175087,browsing,0
2017-08-10 12:09:03.471024,2017-08-10 12:09:18.514049,0:00:15.043025,printing,0
2017-08-10 12:09:18.519370,2017-08-10 12:11:22.830372,0:02:04.311002,browsing,0
2017-08-10 12:11:22.836161,2017-08-10 12:13:04.684038,0:01:41.847877,browsing,0
2017-08-10 12:13:04.704039,2017-08-10 12:13:30.336812,0:00:25.632773,browsing,0
2017-08-10 12:13:30.342842,2017-08-10 12:14:47.643936,0:01:17.301094,browsing,0
2017-08-10 12:14:47.649758,2017-08-10 12:24:47.658710,0:10:00.008952,browsing,-9
2017-08-10 12:24:47.682021,2017-08-10 12:26:56.205545,0:02:08.523524,browsing,0
2017-08-10 12:26:56.211842,2017-08-10 12:38:14.313449,0:11:18.101607,offline,0
2017-08-10 12:38:14.320088,2017-08-10 12:41:16.778549,0:03:02.458461,copyFiles,0
2017-08-10 12:41:16.784603,2017-08-10 12:51:16.789400,0:10:00.004797,browsing,-1
2017-08-10 12:51:16.794417,2017-08-10 12:53:19.844007,0:02:03.049590,browsing,0
2017-08-10 12:53:19.848461,2017-08-10 12:53:46.005322,0:00:26.156861,browsing,0
2017-08-10 12:53:46.010960,2017-08-10 12:54:55.568397,0:01:09.557437,browsing,0
2017-08-10 12:54:55.573853,2017-08-10 13:00:11.281365,0:05:15.707512,browsing,0
2017-08-10 13:00:11.286401,2017-08-10 13:00:58.992348,0:00:47.705947,browsing,0
2017-08-10 13:00:58.997872,2017-08-10 13:05:10.100102,0:04:11.102230,copyFiles,0
2017-08-10 13:05:10.104677,2017-08-10 13:07:37.270789,0:02:27.166112,browsing,0
2017-08-10 13:07:37.275729,2017-08-10 13:13:09.708248,0:05:32.432519,browsing,0
2017-08-10 13:13:09.714086,2017-08-10 13:39:19.816090,0:26:10.102004,offline,0
2017-08-10 13:39:19.821498,2017-08-10 13:41:22.878883,0:02:03.057385,browsing,0
2017-08-10 13:41:22.883849,2017-08-10 13:43:44.983744,0:02:22.099895,breaks,0
2017-08-10 13:43:44.990672,2017-08-10 13:43:56.962055,0:00:11.971383,browsing,0
2017-08-10 13:43:56.969178,2017-08-10 14:10:03.067716,0:26:06.098538,offline,0
2017-08-10 14:10:03.076830,2017-08-10 14:30:00.164826,0:19:57.087996,meeting,0
2017-08-10 14:30:00.170123,2017-08-10 14:35:00.949988,0:05:00.779865,browsing,0
2017-08-10 14:35:00.955457,2017-08-10 14:36:10.705395,0:01:09.749938,browsing,0
2017-08-10 14:36:10.711121,2017-08-10 14:37:11.148566,0:01:00.437445,mailing,0
2017-08-10 14:37:11.153250,2017-08-10 14:44:31.825696,0:07:20.672446,browsing,0
2017-08-10 14:44:31.831675,2017-08-10 14:45:34.451983,0:01:02.620308,browsing,0
2017-08-10 14:45:34.457236,2017-08-10 14:46:47.088683,0:01:12.631447,mailing,0
2017-08-10 14:46:47.094120,2017-08-10 14:49:40.914444,0:02:53.820324,browsing,0
2017-08-10 14:49:40.919584,2017-08-10 14:53:20.905450,0:03:39.985866,browsing,0
2017-08-10 14:53:20.911836,2017-08-10 15:00:46.704901,0:07:25.793065,browsing,0
2017-08-10 15:00:46.710297,2017-08-10 15:01:51.181015,0:01:04.470718,browsing,0
2017-08-10 15:01:51.186974,2017-08-10 15:02:40.825294,0:00:49.638320,copyFiles,0
2017-08-10 15:02:40.831113,2017-08-10 15:05:11.534100,0:02:30.702987,browsing,0
2017-08-10 15:05:11.540053,2017-08-10 15:06:07.576184,0:00:56.036131,browsing,0
2017-08-10 15:06:07.581393,2017-08-10 15:16:07.592849,0:10:00.011456,browsing,-1
2017-08-10 15:16:07.597992,2017-08-10 15:17:53.851449,0:01:46.253457,browsing,0
2017-08-10 15:17:53.857949,2017-08-10 15:18:25.042707,0:00:31.184758,browsing,0
2017-08-10 15:18:25.048781,2017-08-10 15:19:19.755158,0:00:54.706377,browsing,0
2017-08-10 15:19:19.761591,2017-08-10 16:05:25.837808,0:46:06.076217,offline,0
2017-08-11 09:03:46.829869,2017-08-11 09:07:05.489598,0:03:18.659729,browsing,0
2017-08-11 09:07:05.494168,2017-08-11 09:07:49.892088,0:00:44.397920,browsing,0
2017-08-11 09:07:49.897995,2017-08-11 09:08:26.981559,0:00:37.083564,browsing,0
2017-08-11 09:08:26.986959,2017-08-11 09:11:57.278725,0:03:30.291766,browsing,0
2017-08-11 09:11:57.284049,2017-08-11 09:42:17.385562,0:30:20.101513,meeting,0
2017-08-11 09:42:17.392139,2017-08-11 09:52:17.397896,0:10:00.005757,browsing,-1
2017-08-11 09:52:17.403624,2017-08-11 09:53:14.324136,0:00:56.920512,copyFiles,0
2017-08-11 09:53:14.330257,2017-08-11 09:54:29.135383,0:01:14.805126,copyFiles,0
2017-08-11 09:54:29.141418,2017-08-11 10:01:13.277995,0:06:44.136577,browsing,0
2017-08-11 10:01:13.283971,2017-08-11 10:01:28.399335,0:00:15.115364,printing,0
2017-08-11 10:01:28.406054,2017-08-11 10:03:21.131777,0:01:52.725723,browsing,0
2017-08-11 10:03:21.138534,2017-08-11 10:12:02.457067,0:08:41.318533,browsing,0
2017-08-11 10:12:02.464047,2017-08-11 10:12:30.502812,0:00:28.038765,copyFiles,0
2017-08-11 10:12:30.508149,2017-08-11 10:13:31.086086,0:01:00.577937,mailing,0
2017-08-11 10:13:31.091094,2017-08-11 10:14:20.239468,0:00:49.148374,browsing,0
2017-08-11 10:14:20.245295,2017-08-11 10:14:50.541621,0:00:30.296326,browsing,0
2017-08-11 10:14:50.546875,2017-08-11 10:19:10.188101,0:04:19.641226,browsing,0
2017-08-11 10:19:10.193877,2017-08-11 10:27:31.706900,0:08:21.513023,browsing,0
2017-08-11 10:27:31.712628,2017-08-11 10:48:25.734784,0:20:54.022156,offline,0
2017-08-11 10:48:25.742618,2017-08-11 10:55:16.898249,0:06:51.155631,browsing,0
2017-08-11 10:55:16.904989,2017-08-11 10:56:25.996095,0:01:09.091106,copyFiles,0
2017-08-11 10:56:26.002600,2017-08-11 10:57:00.417477,0:00:34.414877,browsing,0
2017-08-11 10:57:00.423661,2017-08-11 10:57:57.145160,0:00:56.721499,browsing,0
2017-08-11 10:57:57.151465,2017-08-11 11:01:46.970856,0:03:49.819391,browsing,0
2017-08-11 11:01:46.977202,2017-08-11 11:06:37.207176,0:04:50.229974,copyFiles,0
2017-08-11 11:06:37.213654,2017-08-11 11:13:07.624843,0:06:30.411189,browsing,0
2017-08-11 11:13:07.634031,2017-08-11 11:15:59.048784,0:02:51.414753,browsing,0
2017-08-11 11:15:59.054705,2017-08-11 11:19:32.814972,0:03:33.760267,browsing,0
2017-08-11 11:19:32.821251,2017-08-11 11:22:16.843554,0:02:44.022303,browsing,0
2017-08-11 11:22:16.848699,2017-08-11 11:26:23.235429,0:04:06.386730,browsing,0
2017-08-11 11:26:23.241529,2017-08-11 11:29:25.057359,0:03:01.815830,browsing,0
2017-08-11 11:29:25.063762,2017-08-11 11:32:35.289942,0:03:10.226180,browsing,0
2017-08-11 11:32:35.297866,2017-08-11 11:35:22.000521,0:02:46.702655,browsing,0
2017-08-11 11:35:22.007335,2017-08-11 11:38:05.113585,0:02:43.106250,browsing,0
2017-08-11 11:38:05.120656,2017-08-11 11:40:41.028562,0:02:35.907906,browsing,0
2017-08-11 11:40:41.034808,2017-08-11 11:44:06.535703,0:03:25.500895,browsing,0
2017-08-11 11:44:06.543163,2017-08-11 11:47:46.640014,0:03:40.096851,browsing,0
2017-08-11 11:47:46.647010,2017-08-11 12:15:07.224861,0:27:20.577851,copyFiles,0
2017-08-11 12:15:07.230847,2017-08-11 12:18:01.720888,0:02:54.490041,browsing,0
2017-08-11 12:18:01.726521,2017-08-11 12:28:01.732720,0:10:00.006199,browsing,-1
2017-08-11 12:28:01.739863,2017-08-11 12:38:08.982965,0:10:07.243102,copyFiles,0
2017-08-11 12:38:08.992328,2017-08-11 12:41:16.736618,0:03:07.744290,browsing,0
2017-08-11 12:41:16.743799,2017-08-11 12:45:14.202448,0:03:57.458649,browsing,0
2017-08-11 12:45:14.208991,2017-08-11 12:48:13.191410,0:02:58.982419,browsing,0
2017-08-11 12:48:13.198378,2017-08-11 12:52:06.197013,0:03:52.998635,browsing,0
2017-08-11 12:52:06.203722,2017-08-11 12:56:37.712928,0:04:31.509206,browsing,0
2017-08-11 12:56:37.718414,2017-08-11 13:00:04.783516,0:03:27.065102,browsing,0
2017-08-11 13:00:04.790989,2017-08-11 13:02:46.566996,0:02:41.776007,browsing,0
2017-08-11 13:02:46.576749,2017-08-11 13:05:43.559389,0:02:56.982640,private,0
2017-08-11 13:05:43.567957,2017-08-11 13:09:28.766011,0:03:45.198054,browsing,0
2017-08-11 13:09:28.772567,2017-08-11 13:13:05.584100,0:03:36.811533,browsing,0
2017-08-11 13:13:05.590263,2017-08-11 13:14:00.067016,0:00:54.476753,mailing,0
2017-08-11 13:14:00.072344,2017-08-11 13:18:22.708990,0:04:22.636646,browsing,0
2017-08-11 13:18:22.714947,2017-08-11 13:22:20.986067,0:03:58.271120,browsing,0
2017-08-11 13:22:20.992684,2017-08-11 13:23:18.300330,0:00:57.307646,printing,0
2017-08-11 13:23:18.304590,2017-08-11 13:26:47.670369,0:03:29.365779,browsing,0
2017-08-11 13:26:47.676892,2017-08-11 13:30:08.171896,0:03:20.495004,private,0
2017-08-11 13:30:08.177339,2017-08-11 13:33:40.678712,0:03:32.501373,browsing,0
2017-08-11 13:33:40.685840,2017-08-11 13:37:14.705712,0:03:34.019872,browsing,0
2017-08-11 13:37:14.711262,2017-08-11 13:40:33.085557,0:03:18.374295,browsing,0
2017-08-11 13:40:33.091833,2017-08-11 13:47:58.104881,0:07:25.013048,offline,0
2017-08-11 13:47:58.112230,2017-08-11 13:48:34.660703,0:00:36.548473,printing,0
2017-08-11 13:48:34.667154,2017-08-11 14:35:02.668958,0:46:28.001804,offline,0
2017-08-11 14:35:02.676114,2017-08-11 14:38:45.454262,0:03:42.778148,copyFiles,0
2017-08-11 14:38:45.460040,2017-08-11 14:42:24.355405,0:03:38.895365,browsing,0
2017-08-11 14:42:24.361725,2017-08-11 14:55:40.572974,0:13:16.211249,copyFiles,0
2017-08-11 14:55:40.579430,2017-08-11 15:02:53.851645,0:07:13.272215,copyFiles,0
2017-08-11 15:02:53.857240,2017-08-11 15:06:21.902906,0:03:28.045666,browsing,0
2017-08-11 15:06:21.909192,2017-08-11 15:09:50.975800,0:03:29.066608,browsing,0
2017-08-11 15:09:50.984437,2017-08-11 15:19:52.100802,0:10:01.116365,browsing,-1
2017-08-11 15:19:52.107708,2017-08-11 15:29:01.851946,0:09:09.744238,copyFiles,-1
2017-08-11 15:29:01.861040,2017-08-11 16:44:50.959413,1:15:49.098373,meeting,0
2017-08-14 09:09:59.537808,2017-08-14 09:11:46.833816,0:01:47.296008,browsing,0
2017-08-14 09:11:46.839654,2017-08-14 09:13:11.755199,0:01:24.915545,browsing,0
2017-08-14 09:13:11.761806,2017-08-14 09:20:17.267423,0:07:05.505617,browsing,0
2017-08-14 09:20:17.273387,2017-08-14 10:42:38.374973,1:22:21.101586,meeting,0
2017-08-14 10:42:38.383835,2017-08-14 10:44:42.717296,0:02:04.333461,browsing,0
2017-08-14 10:44:42.723836,2017-08-14 10:44:50.465171,0:00:07.741335,browsing,0
2017-08-14 10:44:50.471077,2017-08-14 11:12:30.572545,0:27:40.101468,offline,0
2017-08-14 11:12:30.579852,2017-08-14 12:42:29.681553,1:29:59.101701,meeting,0
2017-08-14 12:42:29.688032,2017-08-14 12:46:03.706836,0:03:34.018804,browsing,0
2017-08-14 12:46:03.713673,2017-08-14 12:49:10.307031,0:03:06.593358,copyFiles,0
2017-08-14 12:49:10.313190,2017-08-14 13:12:28.414333,0:23:18.101143,offline,0
2017-08-14 13:12:28.422577,2017-08-14 13:13:57.389406,0:01:28.966829,browsing,0
2017-08-14 13:13:57.395737,2017-08-14 13:16:58.311880,0:03:00.916143,browsing,0
2017-08-14 13:16:58.317591,2017-08-14 13:17:25.575301,0:00:27.257710,printing,0
2017-08-14 13:17:25.582438,2017-08-14 13:52:59.683720,0:35:34.101282,offline,0
2017-08-14 13:52:59.690361,2017-08-14 13:59:30.130183,0:06:30.439822,browsing,0
2017-08-14 13:59:30.136657,2017-08-14 14:00:21.504399,0:00:51.367742,mailing,0
2017-08-14 14:00:21.509798,2017-08-14 14:04:40.295120,0:04:18.785322,copyFiles,0
2017-08-14 14:04:40.301162,2017-08-14 14:06:50.233303,0:02:09.932141,browsing,0
2017-08-14 14:06:50.238657,2017-08-14 14:09:54.340627,0:03:04.101970,breaks,0
2017-08-14 14:09:54.350102,2017-08-14 14:11:39.559400,0:01:45.209298,browsing,0
2017-08-14 14:11:39.565617,2017-08-14 14:19:01.920177,0:07:22.354560,browsing,0
2017-08-14 14:19:01.926214,2017-08-14 14:25:41.742752,0:06:39.816538,browsing,0
2017-08-14 14:25:41.750049,2017-08-14 14:32:36.022550,0:06:54.272501,browsing,0
2017-08-14 14:32:36.027859,2017-08-14 14:42:36.034218,0:10:00.006359,browsing,-1
2017-08-14 14:42:36.039433,2017-08-14 14:49:40.271345,0:07:04.231912,copyFiles,0
2017-08-14 14:49:40.275912,2017-08-14 14:58:48.285422,0:09:08.009510,offline,0
2017-08-14 14:58:48.292311,2017-08-14 15:03:04.042044,0:04:15.749733,browsing,0
2017-08-14 15:03:04.048302,2017-08-14 15:05:11.576420,0:02:07.528118,browsing,0
2017-08-14 15:05:11.582509,2017-08-14 15:07:43.777650,0:02:32.195141,browsing,0
2017-08-14 15:07:43.782894,2017-08-14 15:15:24.949695,0:07:41.166801,copyFiles,0
2017-08-14 15:15:24.954966,2017-08-14 15:17:43.416147,0:02:18.461181,browsing,0
2017-08-14 15:17:43.422509,2017-08-14 15:19:59.549151,0:02:16.126642,copyFiles,0
2017-08-14 15:19:59.554595,2017-08-14 15:21:43.521118,0:01:43.966523,mailing,0
2017-08-14 15:21:43.525319,2017-08-14 15:24:18.561253,0:02:35.035934,browsing,0
2017-08-14 15:24:18.573168,2017-08-14 15:27:17.585796,0:02:59.012628,browsing,0
2017-08-14 15:27:17.591984,2017-08-14 15:29:59.954539,0:02:42.362555,private,0
2017-08-14 15:29:59.971979,2017-08-14 15:32:14.962000,0:02:14.990021,browsing,0
2017-08-14 15:32:14.967500,2017-08-14 15:55:23.995848,0:23:09.028348,offline,0
2017-08-14 15:55:24.004461,2017-08-14 16:02:57.735909,0:07:33.731448,browsing,0
2017-08-15 09:10:10.388856,2017-08-15 09:12:30.519667,0:02:20.130811,browsing,0
2017-08-15 09:12:30.525046,2017-08-15 09:14:21.980871,0:01:51.455825,copyFiles,0
2017-08-15 09:14:21.987442,2017-08-15 09:52:09.088446,0:37:47.101004,offline,0
2017-08-15 09:52:09.095665,2017-08-15 09:56:19.157165,0:04:10.061500,breaks,0
2017-08-15 09:56:19.165945,2017-08-15 09:57:12.306914,0:00:53.140969,browsing,0
2017-08-15 09:57:12.314215,2017-08-15 10:07:12.320351,0:10:00.006136,browsing,-1
2017-08-15 10:07:12.355318,2017-08-15 10:09:30.769523,0:02:18.414205,browsing,0
2017-08-15 10:09:30.774841,2017-08-15 10:16:48.329150,0:07:17.554309,copyFiles,0
2017-08-15 10:16:48.336666,2017-08-15 10:17:47.781894,0:00:59.445228,browsing,0
2017-08-15 10:17:47.789116,2017-08-15 10:20:38.254843,0:02:50.465727,browsing,0
2017-08-15 10:20:38.261639,2017-08-15 10:26:59.439583,0:06:21.177944,copyFiles,0
2017-08-15 10:26:59.445028,2017-08-15 10:31:12.315981,0:04:12.870953,browsing,0
2017-08-15 10:31:12.328687,2017-08-15 10:31:27.424212,0:00:15.095525,printing,0
2017-08-15 10:31:27.432507,2017-08-15 10:59:03.440970,0:27:36.008463,offline,0
2017-08-15 10:59:03.448676,2017-08-15 11:00:03.597917,0:01:00.149241,browsing,0
2017-08-15 11:00:03.604929,2017-08-15 11:00:58.804286,0:00:55.199357,printing,0
2017-08-15 11:00:58.811685,2017-08-15 11:04:00.320263,0:03:01.508578,mailing,0
2017-08-15 11:04:00.330603,2017-08-15 11:52:45.342091,0:48:45.011488,breaks,0
2017-08-15 11:52:45.349169,2017-08-15 12:11:59.450854,0:19:14.101685,offline,0
2017-08-15 12:11:59.458899,2017-08-15 12:14:20.699177,0:02:21.240278,browsing,0
2017-08-15 12:14:20.705297,2017-08-15 12:16:39.813792,0:02:19.108495,browsing,0
2017-08-15 12:16:39.833944,2017-08-15 12:22:59.915070,0:06:20.081126,private,0
2017-08-15 12:22:59.921006,2017-08-15 12:23:21.054453,0:00:21.133447,browsing,0
2017-08-15 12:23:21.061178,2017-08-15 12:28:54.194927,0:05:33.133749,browsing,0
2017-08-15 12:28:54.201439,2017-08-15 12:30:16.378035,0:01:22.176596,browsing,0
2017-08-15 12:30:16.384660,2017-08-15 13:06:32.436835,0:36:16.052175,offline,0
2017-08-15 13:06:32.444851,2017-08-15 13:09:40.370717,0:03:07.925866,browsing,0
2017-08-15 13:09:40.377039,2017-08-15 13:09:47.973214,0:00:07.596175,browsing,0
2017-08-15 13:09:47.979816,2017-08-15 13:12:30.304948,0:02:42.325132,browsing,0
2017-08-15 13:12:30.310644,2017-08-15 13:53:57.319816,0:41:27.009172,offline,0
2017-08-15 13:53:57.336182,2017-08-15 15:38:52.436731,1:44:55.100549,meeting,0
2017-08-15 15:38:52.443229,2017-08-15 15:44:26.483513,0:05:34.040284,offline,0
2017-08-15 15:44:26.490912,2017-08-15 15:44:51.562680,0:00:25.071768,printing,0
2017-08-15 15:44:51.568671,2017-08-15 15:46:12.098475,0:01:20.529804,mailing,0
2017-08-15 15:46:12.103956,2017-08-15 15:47:18.488087,0:01:06.384131,browsing,0
2017-08-15 15:47:18.494915,2017-08-15 17:03:41.517138,1:16:23.022223,meeting,0
2017-08-16 09:12:12.340740,2017-08-16 09:20:24.154152,0:08:11.813412,browsing,0
2017-08-16 09:20:24.174106,2017-08-16 09:23:00.696687,0:02:36.522581,browsing,0
2017-08-16 09:23:00.716449,2017-08-16 09:24:55.896477,0:01:55.180028,browsing,0
2017-08-16 09:24:55.901213,2017-08-16 09:27:25.122652,0:02:29.221439,browsing,0
2017-08-16 09:27:25.127906,2017-08-16 09:29:21.903171,0:01:56.775265,copyFiles,0
2017-08-16 09:29:21.909114,2017-08-16 09:44:08.009887,0:14:46.100773,offline,0
2017-08-16 09:44:08.016585,2017-08-16 09:44:56.820412,0:00:48.803827,browsing,0
2017-08-16 09:44:56.844410,2017-08-16 09:46:40.860866,0:01:44.016456,browsing,0
2017-08-16 09:46:40.866082,2017-08-16 11:33:30.967008,1:46:50.100926,meeting,0
2017-08-16 11:33:30.973079,2017-08-16 11:34:06.129767,0:00:35.156688,printing,0
2017-08-16 11:34:06.135696,2017-08-16 11:34:56.527865,0:00:50.392169,mailing,0
2017-08-16 11:34:56.531809,2017-08-16 11:35:24.930909,0:00:28.399100,browsing,0
2017-08-16 11:35:24.935345,2017-08-16 11:36:59.937796,0:01:35.002451,browsing,0
2017-08-16 11:36:59.943381,2017-08-16 13:24:34.030864,1:47:34.087483,meeting,0
2017-08-16 13:24:34.039011,2017-08-16 13:30:13.393265,0:05:39.354254,copyFiles,0
2017-08-16 13:30:13.399137,2017-08-16 14:13:05.502834,0:42:52.103697,meeting,0
2017-08-16 14:13:05.517880,2017-08-16 14:24:41.676073,0:11:36.158193,copyFiles,0
2017-08-16 14:24:41.681282,2017-08-16 14:25:43.969696,0:01:02.288414,browsing,0
2017-08-16 14:25:43.977258,2017-08-16 14:32:27.548727,0:06:43.571469,browsing,0
2017-08-16 14:32:27.553799,2017-08-16 14:33:18.378590,0:00:50.824791,browsing,0
2017-08-16 14:33:18.391056,2017-08-16 14:33:25.779049,0:00:07.387993,browsing,0
2017-08-16 14:33:25.783482,2017-08-16 14:51:20.325761,0:17:54.542279,copyFiles,0
2017-08-16 14:51:20.331414,2017-08-16 14:53:20.337031,0:02:00.005617,browsing,0
2017-08-16 14:53:20.342047,2017-08-16 14:55:42.836648,0:02:22.494601,browsing,0
2017-08-16 14:55:42.841294,2017-08-16 14:57:13.626264,0:01:30.784970,browsing,0
2017-08-16 14:57:13.630372,2017-08-16 15:37:14.731394,0:40:01.101022,offline,0
2017-08-16 15:37:14.739105,2017-08-16 15:38:53.679597,0:01:38.940492,browsing,0
2017-08-16 15:38:53.683998,2017-08-16 15:41:07.028348,0:02:13.344350,browsing,0
2017-08-16 15:41:07.033653,2017-08-16 15:45:22.870513,0:04:15.836860,copyFiles,0
2017-08-16 15:45:22.888293,2017-08-16 15:46:52.293600,0:01:29.405307,browsing,0
2017-08-16 15:46:52.298894,2017-08-16 15:51:14.354883,0:04:22.055989,browsing,0
2017-08-16 15:51:14.359463,2017-08-16 15:51:58.602368,0:00:44.242905,browsing,0
2017-08-16 15:51:58.607397,2017-08-16 15:54:51.366058,0:02:52.758661,copyFiles,0
2017-08-16 15:54:51.371969,2017-08-16 15:57:22.068757,0:02:30.696788,copyFiles,0
2017-08-16 15:57:22.074372,2017-08-16 16:29:57.175210,0:32:35.100838,offline,0
