start,end,duration,activity,returnCode
2017-08-02 09:01:24.783984,2017-08-02 09:07:29.694234,0:06:04.910250,private,0
2017-08-02 09:07:29.699720,2017-08-02 09:57:16.801427,0:49:47.101707,offline,0
2017-08-02 09:57:16.809219,2017-08-02 10:01:25.891755,0:04:09.082536,copyFiles,0
2017-08-02 10:01:25.898457,2017-08-02 10:01:52.232331,0:00:26.333874,browsing,0
2017-08-02 10:01:52.238210,2017-08-02 10:02:17.815724,0:00:25.577514,printing,0
2017-08-02 10:02:17.820868,2017-08-02 10:11:25.874368,0:09:08.053500,copyFiles,0
2017-08-02 10:11:25.880922,2017-08-02 10:13:58.172604,0:02:32.291682,browsing,0
2017-08-02 10:13:58.178734,2017-08-02 10:16:07.896594,0:02:09.717860,browsing,0
2017-08-02 10:16:07.903871,2017-08-02 11:00:15.005751,0:44:07.101880,offline,0
2017-08-02 11:00:15.014342,2017-08-02 11:00:36.943550,0:00:21.929208,browsing,0
2017-08-02 11:00:36.950901,2017-08-02 11:00:57.539888,0:00:20.588987,copyFiles,0
2017-08-02 11:00:57.545097,2017-08-02 11:01:48.422409,0:00:50.877312,mailing,0
2017-08-02 11:01:48.428232,2017-08-02 11:02:42.887184,0:00:54.458952,browsing,0
2017-08-02 11:02:42.894527,2017-08-02 11:06:23.986322,0:03:41.091795,breaks,0
2017-08-02 11:06:23.993994,2017-08-02 11:08:03.541168,0:01:39.547174,browsing,0
2017-08-02 11:08:03.548174,2017-08-02 11:14:09.901608,0:06:06.353434,private,0
2017-08-02 11:14:09.911860,2017-08-02 11:18:48.954300,0:04:39.042440,breaks,0
2017-08-02 11:18:48.964123,2017-08-02 12:02:47.065840,0:43:58.101717,meeting,0
2017-08-02 12:02:47.073506,2017-08-02 12:10:07.175361,0:07:20.101855,offline,0
2017-08-02 12:10:07.182754,2017-08-02 12:11:08.682725,0:01:01.499971,mailing,0
2017-08-02 12:11:08.688165,2017-08-02 12:15:00.126393,0:03:51.438228,copyFiles,0
2017-08-02 12:15:00.131678,2017-08-02 12:17:26.903872,0:02:26.772194,private,0
2017-08-02 12:17:26.911478,2017-08-02 12:19:37.430102,0:02:10.518624,browsing,0
2017-08-02 12:19:37.437216,2017-08-02 12:26:25.697414,0:06:48.260198,browsing,0
2017-08-02 12:26:25.703403,2017-08-02 14:21:22.805444,1:54:57.102041,meeting,0
2017-08-02 14:21:22.814919,2017-08-02 14:29:09.606225,0:07:46.791306,private,0
2017-08-02 14:29:09.613477,2017-08-02 15:03:20.715334,0:34:11.101857,meeting,0
2017-08-02 15:03:20.722850,2017-08-02 15:04:11.439803,0:00:50.716953,mailing,0
2017-08-02 15:04:11.446926,2017-08-02 15:05:32.231193,0:01:20.784267,mailing,0
2017-08-02 15:05:32.237166,2017-08-02 15:06:42.842513,0:01:10.605347,mailing,0
2017-08-02 15:06:42.848323,2017-08-02 15:07:43.686797,0:01:00.838474,mailing,0
2017-08-02 15:07:43.692717,2017-08-02 15:11:14.421375,0:03:30.728658,browsing,0
2017-08-02 15:11:14.432193,2017-08-02 15:14:51.135000,0:03:36.702807,copyFiles,0
2017-08-02 15:14:51.141167,2017-08-02 15:24:09.624138,0:09:18.482971,copyFiles,0
2017-08-02 15:24:09.631451,2017-08-02 15:25:10.174343,0:01:00.542892,mailing,0
2017-08-02 15:25:10.179618,2017-08-02 15:35:55.280790,0:10:45.101172,meeting,0
2017-08-02 15:35:55.288377,2017-08-02 15:39:38.831369,0:03:43.542992,copyFiles,0
2017-08-02 15:39:38.836332,2017-08-02 15:53:04.956830,0:13:26.120498,copyFiles,0
2017-08-02 15:53:04.963122,2017-08-02 15:54:39.031863,0:01:34.068741,copyFiles,0
2017-08-02 15:54:39.037918,2017-08-02 15:55:52.909747,0:01:13.871829,browsing,0
2017-08-02 15:55:52.916236,2017-08-02 15:56:06.578205,0:00:13.661969,browsing,0
2017-08-02 15:56:06.584602,2017-08-02 15:57:07.507322,0:01:00.922720,mailing,0
2017-08-02 15:57:07.557448,2017-08-02 16:42:06.659197,0:44:59.101749,meeting,0
2017-08-02 16:42:06.666689,2017-08-02 18:04:59.769232,1:22:53.102543,meeting,0
2017-08-02 18:04:59.777404,2017-08-02 18:07:16.031725,0:02:16.254321,private,0
2017-08-02 18:07:16.041073,2017-08-02 18:08:06.392708,0:00:50.351635,mailing,0
2017-08-02 18:08:06.396892,2017-08-02 18:10:07.951070,0:02:01.554178,private,0
2017-08-02 18:10:07.958414,2017-08-02 18:12:19.875796,0:02:11.917382,browsing,0
2017-08-02 18:12:19.883043,2017-08-02 18:14:32.480296,0:02:12.597253,browsing,0
2017-08-02 18:14:32.486465,2017-08-02 18:15:42.909353,0:01:10.422888,mailing,0
2017-08-02 18:15:42.915405,2017-08-02 18:19:42.831926,0:03:59.916521,private,0
2017-08-02 18:19:42.839623,2017-08-02 19:37:22.941633,1:17:40.102010,meeting,0
2017-08-02 19:37:22.949519,2017-08-02 19:38:13.285560,0:00:50.336041,mailing,0
2017-08-02 19:38:13.291137,2017-08-02 19:42:52.841558,0:04:39.550421,browsing,0
2017-08-02 19:42:52.848553,2017-08-02 19:43:53.320082,0:01:00.471529,mailing,0
2017-08-02 19:43:53.325671,2017-08-02 21:31:44.426674,1:47:51.101003,meeting,0
2017-08-03 09:05:01.314585,2017-08-03 09:10:09.416129,0:05:08.101544,offline,0
2017-08-03 09:10:09.422497,2017-08-03 09:14:56.498891,0:04:47.076394,copyFiles,0
2017-08-03 09:14:56.504654,2017-08-03 09:18:41.144097,0:03:44.639443,copyFiles,0
2017-08-03 09:18:41.151009,2017-08-03 10:19:20.252129,1:00:39.101120,meeting,0
2017-08-03 10:19:20.259644,2017-08-03 10:36:29.361635,0:17:09.101991,meeting,0
2017-08-03 10:36:29.384875,2017-08-03 10:39:33.863613,0:03:04.478738,browsing,0
2017-08-03 10:39:33.870678,2017-08-03 10:42:11.641284,0:02:37.770606,copyFiles,0
2017-08-03 10:42:11.646654,2017-08-03 10:48:41.298547,0:06:29.651893,copyFiles,0
2017-08-03 10:48:41.304134,2017-08-03 10:49:04.723372,0:00:23.419238,browsing,0
2017-08-03 10:49:04.729878,2017-08-03 10:51:35.141602,0:02:30.411724,copyFiles,0
2017-08-03 10:51:35.148122,2017-08-03 10:57:05.861608,0:05:30.713486,copyFiles,0
2017-08-03 10:57:05.867466,2017-08-03 10:57:21.072865,0:00:15.205399,printing,0
2017-08-03 10:57:21.077791,2017-08-03 10:57:46.228895,0:00:25.151104,printing,0
2017-08-03 10:57:46.235147,2017-08-03 11:17:32.336314,0:19:46.101167,offline,0
2017-08-03 11:17:32.343621,2017-08-03 11:18:14.941420,0:00:42.597799,browsing,0
2017-08-03 11:18:14.948068,2017-08-03 12:32:17.009060,1:14:02.060992,meeting,0
2017-08-03 12:32:17.018465,2017-08-03 12:43:15.035037,0:10:58.016572,copyFiles,0
2017-08-03 12:43:15.041060,2017-08-03 12:57:29.142049,0:14:14.100989,offline,0
2017-08-03 12:57:29.159096,2017-08-03 13:02:18.260853,0:04:49.101757,breaks,0
2017-08-03 13:02:18.268003,2017-08-03 13:04:16.790675,0:01:58.522672,copyFiles,0
2017-08-03 13:04:16.796756,2017-08-03 13:05:28.392073,0:01:11.595317,browsing,0
2017-08-03 13:05:28.399101,2017-08-03 13:07:01.666770,0:01:33.267669,copyFiles,0
2017-08-03 13:07:01.672068,2017-08-03 13:09:22.978873,0:02:21.306805,browsing,0
2017-08-03 13:09:22.990499,2017-08-03 13:12:18.130215,0:02:55.139716,browsing,0
2017-08-03 13:12:18.137151,2017-08-03 13:12:36.856445,0:00:18.719294,browsing,0
2017-08-03 13:12:36.880966,2017-08-03 13:16:38.894547,0:04:02.013581,copyFiles,0
2017-08-03 13:16:38.937617,2017-08-03 13:17:34.665173,0:00:55.727556,private,0
2017-08-03 13:17:34.671769,2017-08-03 13:19:15.548988,0:01:40.877219,private,0
2017-08-03 13:19:15.555954,2017-08-03 13:22:38.428476,0:03:22.872522,copyFiles,0
2017-08-03 13:22:38.435707,2017-08-03 13:23:28.815300,0:00:50.379593,mailing,0
2017-08-03 13:23:28.820086,2017-08-03 13:25:58.756967,0:02:29.936881,copyFiles,0
2017-08-03 13:25:58.762722,2017-08-03 13:35:06.462117,0:09:07.699395,copyFiles,0
2017-08-03 13:35:06.468532,2017-08-03 13:35:52.306388,0:00:45.837856,copyFiles,0
2017-08-03 13:35:52.311974,2017-08-03 15:12:31.413157,1:36:39.101183,meeting,0
2017-08-03 15:12:31.421233,2017-08-03 15:14:17.522666,0:01:46.101433,offline,0
2017-08-03 15:14:17.570326,2017-08-03 15:23:13.004339,0:08:55.434013,browsing,0
2017-08-03 15:23:13.010717,2017-08-03 15:27:15.113269,0:04:02.102552,breaks,0
2017-08-03 15:27:15.120283,2017-08-03 15:32:14.040565,0:04:58.920282,browsing,0
2017-08-03 15:32:14.047029,2017-08-03 15:33:56.652470,0:01:42.605441,mailing,0
2017-08-03 15:33:56.687282,2017-08-03 15:43:56.698698,0:10:00.011416,browsing,-9
2017-08-03 15:43:56.704553,2017-08-03 15:58:38.452904,0:14:41.748351,copyFiles,0
2017-08-03 15:58:38.459282,2017-08-03 15:59:38.099608,0:00:59.640326,browsing,0
2017-08-03 15:59:38.106473,2017-08-03 16:00:04.342691,0:00:26.236218,browsing,0
2017-08-03 16:00:04.347852,2017-08-03 16:04:04.442767,0:04:00.094915,private,0
2017-08-03 16:04:04.448685,2017-08-03 16:05:21.535128,0:01:17.086443,browsing,0
2017-08-03 16:05:21.544466,2017-08-03 16:06:53.430815,0:01:31.886349,mailing,0
2017-08-03 16:06:53.436135,2017-08-03 16:07:09.720104,0:00:16.283969,printing,0
2017-08-03 16:07:09.725633,2017-08-03 16:09:18.407127,0:02:08.681494,browsing,0
2017-08-03 16:09:18.412609,2017-08-03 16:11:15.683751,0:01:57.271142,copyFiles,0
2017-08-03 16:11:15.692005,2017-08-03 16:11:40.533207,0:00:24.841202,browsing,0
2017-08-03 16:11:40.539626,2017-08-03 16:15:50.466790,0:04:09.927164,browsing,0
2017-08-03 16:15:50.476360,2017-08-03 16:19:37.287191,0:03:46.810831,browsing,0
2017-08-03 16:19:37.293993,2017-08-03 16:23:21.395984,0:03:44.101991,breaks,0
2017-08-03 16:23:21.403611,2017-08-03 16:33:21.410402,0:10:00.006791,browsing,-1
2017-08-03 16:33:21.415235,2017-08-03 16:34:34.637735,0:01:13.222500,browsing,0
2017-08-03 16:34:34.645097,2017-08-03 16:42:31.381727,0:07:56.736630,private,0
2017-08-03 16:42:31.388581,2017-08-03 16:44:14.683107,0:01:43.294526,browsing,0
2017-08-03 16:44:14.689558,2017-08-03 16:48:07.854331,0:03:53.164773,browsing,0
2017-08-03 16:48:07.863623,2017-08-03 17:34:55.966992,0:46:48.103369,offline,0
2017-08-03 17:34:55.973231,2017-08-03 17:39:12.669191,0:04:16.695960,copyFiles,0
2017-08-03 17:39:12.675141,2017-08-03 18:03:00.730623,0:23:48.055482,copyFiles,0
2017-08-03 18:03:00.736668,2017-08-03 18:04:50.672212,0:01:49.935544,copyFiles,0
2017-08-03 18:04:50.678048,2017-08-03 18:10:50.445544,0:05:59.767496,copyFiles,0
2017-08-03 18:10:50.451396,2017-08-03 18:12:15.078178,0:01:24.626782,browsing,0
2017-08-03 18:12:15.083945,2017-08-03 18:16:31.730166,0:04:16.646221,copyFiles,0
2017-08-03 18:16:31.735457,2017-08-03 18:17:39.606649,0:01:07.871192,browsing,0
2017-08-03 18:17:39.613318,2017-08-03 18:19:41.770394,0:02:02.157076,copyFiles,0
2017-08-03 18:19:41.777075,2017-08-03 18:23:19.154008,0:03:37.376933,copyFiles,0
2017-08-03 18:23:19.160181,2017-08-03 18:24:32.117061,0:01:12.956880,mailing,0
2017-08-03 18:24:32.122388,2017-08-03 18:34:27.469574,0:09:55.347186,copyFiles,0
2017-08-03 18:34:27.475462,2017-08-03 18:35:39.353881,0:01:11.878419,mailing,0
2017-08-03 18:35:39.358709,2017-08-03 18:37:10.416450,0:01:31.057741,browsing,0
2017-08-03 18:37:10.423769,2017-08-03 18:41:06.440507,0:03:56.016738,browsing,0
2017-08-03 18:41:06.447359,2017-08-03 18:41:58.304776,0:00:51.857417,browsing,0
2017-08-03 18:41:58.312305,2017-08-03 18:42:22.378023,0:00:24.065718,copyFiles,0
2017-08-03 18:42:22.383103,2017-08-03 18:42:50.384799,0:00:28.001696,copyFiles,0
2017-08-03 18:42:50.391585,2017-08-03 18:59:30.163025,0:16:39.771440,copyFiles,0
2017-08-03 18:59:30.168983,2017-08-03 19:04:30.503171,0:05:00.334188,copyFiles,0
2017-08-03 19:04:30.509580,2017-08-03 19:06:02.283089,0:01:31.773509,browsing,0
2017-08-03 19:06:02.289167,2017-08-03 19:06:50.129530,0:00:47.840363,printing,0
2017-08-03 19:06:50.135816,2017-08-03 19:14:17.177136,0:07:27.041320,offline,0
2017-08-03 19:14:17.186118,2017-08-03 20:29:21.202427,1:15:04.016309,meeting,0
2017-08-04 09:19:01.968918,2017-08-04 09:19:04.972124,0:00:03.003206,mailing,-1
2017-08-04 09:19:04.975578,2017-08-04 09:23:40.516041,0:04:35.540463,copyFiles,0
2017-08-04 09:23:40.521174,2017-08-04 09:31:24.065091,0:07:43.543917,copyFiles,0
2017-08-04 09:31:24.071311,2017-08-04 09:31:27.075415,0:00:03.004104,mailing,-1
2017-08-04 09:31:27.081046,2017-08-04 09:36:30.941559,0:05:03.860513,copyFiles,0
2017-08-04 09:36:30.947500,2017-08-04 10:21:04.048347,0:44:33.100847,meeting,0
2017-08-04 10:21:04.059636,2017-08-04 10:23:03.489859,0:01:59.430223,private,0
2017-08-04 10:23:03.497685,2017-08-04 10:23:06.499957,0:00:03.002272,mailing,-1
2017-08-04 10:23:06.508554,2017-08-04 10:34:20.491654,0:11:13.983100,copyFiles,0
2017-08-04 10:34:20.497713,2017-08-04 10:42:44.410943,0:08:23.913230,browsing,0
2017-08-04 10:42:44.416592,2017-08-04 10:46:06.245674,0:03:21.829082,private,0
2017-08-04 10:46:06.261351,2017-08-04 10:48:57.254634,0:02:50.993283,copyFiles,0
2017-08-04 10:48:57.261142,2017-08-04 10:54:22.208516,0:05:24.947374,browsing,0
2017-08-04 10:54:22.213563,2017-08-04 10:55:29.024674,0:01:06.811111,private,0
2017-08-04 10:55:29.067324,2017-08-04 11:03:05.245500,0:07:36.178176,copyFiles,0
2017-08-04 11:03:05.251330,2017-08-04 11:05:36.658845,0:02:31.407515,copyFiles,0
2017-08-04 11:05:36.664221,2017-08-04 11:10:16.306119,0:04:39.641898,copyFiles,0
2017-08-04 11:10:16.312178,2017-08-04 11:42:56.416095,0:32:40.103917,meeting,0
2017-08-04 11:42:56.424339,2017-08-04 11:54:52.949777,0:11:56.525438,copyFiles,0
2017-08-04 11:54:52.955669,2017-08-04 12:10:15.036042,0:15:22.080373,meeting,0
2017-08-04 12:10:15.042758,2017-08-04 12:14:14.922680,0:03:59.879922,copyFiles,0
2017-08-04 12:14:14.929317,2017-08-04 12:26:42.973996,0:12:28.044679,copyFiles,0
2017-08-04 12:26:42.996983,2017-08-04 13:22:04.097715,0:55:21.100732,meeting,0
2017-08-04 13:22:04.105102,2017-08-04 13:26:56.704922,0:04:52.599820,copyFiles,0
2017-08-04 13:26:56.710083,2017-08-04 13:26:59.711339,0:00:03.001256,mailing,-1
2017-08-04 13:26:59.716589,2017-08-04 14:31:21.817601,1:04:22.101012,meeting,0
2017-08-04 14:31:21.823174,2017-08-04 14:37:31.337775,0:06:09.514601,browsing,0
2017-08-04 14:37:31.343333,2017-08-04 14:39:08.199607,0:01:36.856274,copyFiles,0
2017-08-04 14:39:08.205491,2017-08-04 14:39:53.202494,0:00:44.997003,browsing,0
2017-08-04 14:39:53.208006,2017-08-04 15:23:44.309582,0:43:51.101576,meeting,0
2017-08-04 15:23:44.316597,2017-08-04 15:23:47.321855,0:00:03.005258,mailing,-1
2017-08-04 15:23:47.328158,2017-08-04 15:23:50.320731,0:00:02.992573,mailing,-1
2017-08-04 15:23:50.324722,2017-08-04 15:25:29.392612,0:01:39.067890,copyFiles,0
2017-08-04 15:25:29.399130,2017-08-04 15:26:15.348548,0:00:45.949418,copyFiles,0
2017-08-04 15:26:15.354592,2017-08-04 15:27:01.012498,0:00:45.657906,printing,0
2017-08-04 15:27:01.017755,2017-08-04 15:30:15.454279,0:03:14.436524,browsing,0
2017-08-04 15:30:15.470277,2017-08-04 15:32:48.493896,0:02:33.023619,browsing,0
2017-08-04 15:32:48.499557,2017-08-04 15:32:51.502409,0:00:03.002852,mailing,-1
2017-08-04 15:32:51.507588,2017-08-04 16:45:05.609121,1:12:14.101533,meeting,0
2017-08-04 16:45:05.618722,2017-08-04 16:45:47.062800,0:00:41.444078,browsing,0
2017-08-04 16:45:47.070284,2017-08-04 16:55:22.275601,0:09:35.205317,copyFiles,0
2017-08-04 16:55:22.281600,2017-08-04 18:38:05.382765,1:42:43.101165,meeting,0
2017-08-04 18:38:05.390529,2017-08-04 18:48:05.397436,0:10:00.006907,browsing,-1
2017-08-04 18:48:05.403382,2017-08-04 18:49:33.177037,0:01:27.773655,copyFiles,0
2017-08-04 18:49:33.186930,2017-08-04 18:54:47.442490,0:05:14.255560,copyFiles,0
2017-08-04 18:54:47.451590,2017-08-04 19:15:22.457616,0:20:35.006026,offline,0
2017-08-04 19:15:22.489811,2017-08-04 19:18:00.864682,0:02:38.374871,private,0
2017-08-04 19:18:00.869758,2017-08-04 19:24:09.921841,0:06:09.052083,private,0
2017-08-04 19:24:09.931327,2017-08-04 19:25:23.091440,0:01:13.160113,copyFiles,0
2017-08-04 19:25:23.097713,2017-08-04 19:29:49.692693,0:04:26.594980,copyFiles,0
2017-08-04 19:29:49.705275,2017-08-04 19:41:27.075576,0:11:37.370301,copyFiles,0
2017-08-04 19:41:27.082441,2017-08-04 19:56:29.258441,0:15:02.176000,copyFiles,0
2017-08-04 19:56:29.264501,2017-08-04 20:03:46.589995,0:07:17.325494,private,0
2017-08-08 09:00:07.218644,2017-08-08 09:00:10.219082,0:00:03.000438,mailing,-1
2017-08-08 09:00:10.229606,2017-08-08 09:42:49.330937,0:42:39.101331,meeting,0
2017-08-08 09:42:49.338850,2017-08-08 09:48:49.397596,0:06:00.058746,browsing,0
2017-08-08 09:48:49.404832,2017-08-08 09:49:15.045957,0:00:25.641125,copyFiles,0
2017-08-08 09:49:15.064078,2017-08-08 09:57:20.363778,0:08:05.299700,browsing,0
2017-08-08 09:57:20.371425,2017-08-08 09:58:17.004102,0:00:56.632677,copyFiles,0
2017-08-08 09:58:17.010752,2017-08-08 10:08:17.015793,0:10:00.005041,browsing,-1
2017-08-08 10:08:17.022532,2017-08-08 10:11:36.682175,0:03:19.659643,browsing,0
2017-08-08 10:11:36.690830,2017-08-08 10:17:17.742204,0:05:41.051374,copyFiles,0
2017-08-08 10:17:17.749425,2017-08-08 10:20:11.975634,0:02:54.226209,copyFiles,0
2017-08-08 10:20:11.982117,2017-08-08 10:21:12.994969,0:01:01.012852,browsing,0
2017-08-08 10:21:13.001379,2017-08-08 10:32:33.024348,0:11:20.022969,meeting,0
2017-08-08 10:32:33.030797,2017-08-08 10:42:02.943817,0:09:29.913020,copyFiles,0
2017-08-08 10:42:02.949876,2017-08-08 10:47:37.626890,0:05:34.677014,copyFiles,0
2017-08-08 10:47:37.632993,2017-08-08 10:52:25.006010,0:04:47.373017,browsing,0
2017-08-08 10:52:25.012239,2017-08-08 10:55:47.107870,0:03:22.095631,browsing,0
2017-08-08 10:55:47.115039,2017-08-08 11:01:28.958955,0:05:41.843916,copyFiles,0
2017-08-08 11:01:28.965106,2017-08-08 11:39:58.974243,0:38:30.009137,meeting,0
2017-08-08 11:39:58.981564,2017-08-08 12:45:18.990177,1:05:20.008613,meeting,0
2017-08-08 12:45:18.998479,2017-08-08 12:47:14.325685,0:01:55.327206,copyFiles,0
2017-08-08 12:47:14.331193,2017-08-08 12:52:10.475557,0:04:56.144364,copyFiles,0
2017-08-08 12:52:10.481563,2017-08-08 12:53:59.297590,0:01:48.816027,browsing,0
2017-08-08 12:53:59.304155,2017-08-08 12:56:24.955063,0:02:25.650908,browsing,0
2017-08-08 12:56:24.961422,2017-08-08 12:56:50.042818,0:00:25.081396,copyFiles,0
2017-08-08 12:56:50.048924,2017-08-08 13:04:15.327668,0:07:25.278744,browsing,0
2017-08-08 13:04:15.334287,2017-08-08 13:11:45.908713,0:07:30.574426,private,0
2017-08-08 13:11:45.918193,2017-08-08 13:15:15.946764,0:03:30.028571,private,0
2017-08-08 13:15:15.953593,2017-08-08 13:15:41.156649,0:00:25.203056,printing,0
2017-08-08 13:15:41.163557,2017-08-08 13:17:41.148106,0:01:59.984549,copyFiles,0
2017-08-08 13:17:41.154367,2017-08-08 13:27:41.163744,0:10:00.009377,browsing,-1
2017-08-08 13:27:41.182598,2017-08-08 13:28:45.998374,0:01:04.815776,browsing,0
2017-08-08 13:28:46.005307,2017-08-08 13:49:09.108795,0:20:23.103488,copyFiles,0
2017-08-08 13:49:09.115053,2017-08-08 15:05:13.123236,1:16:04.008183,meeting,0
2017-08-08 15:05:13.130771,2017-08-08 15:05:23.324992,0:00:10.194221,browsing,0
2017-08-08 15:05:23.330926,2017-08-08 15:10:50.094284,0:05:26.763358,copyFiles,0
2017-08-08 15:10:50.100865,2017-08-08 15:10:53.101942,0:00:03.001077,mailing,-1
2017-08-08 15:10:53.106607,2017-08-08 16:04:19.122783,0:53:26.016176,meeting,0
2017-08-08 16:04:19.130899,2017-08-08 16:04:26.066053,0:00:06.935154,browsing,0
2017-08-08 16:04:26.072333,2017-08-08 16:05:35.109457,0:01:09.037124,browsing,0
2017-08-08 16:05:35.115091,2017-08-08 16:08:08.240044,0:02:33.124953,browsing,0
2017-08-08 16:08:08.246790,2017-08-08 16:09:49.042440,0:01:40.795650,copyFiles,0
2017-08-08 16:09:49.048306,2017-08-08 16:27:48.026382,0:17:58.978076,copyFiles,0
2017-08-08 16:27:48.033222,2017-08-08 16:27:51.036652,0:00:03.003430,mailing,-1
2017-08-08 16:27:51.041991,2017-08-08 16:29:45.124324,0:01:54.082333,copyFiles,0
2017-08-08 16:29:45.130850,2017-08-08 16:30:15.080095,0:00:29.949245,browsing,0
2017-08-08 16:30:15.086841,2017-08-08 16:30:18.090550,0:00:03.003709,mailing,-1
2017-08-08 16:30:18.096277,2017-08-08 16:31:32.723545,0:01:14.627268,browsing,0
2017-08-08 16:31:32.730353,2017-08-08 17:04:45.739868,0:33:13.009515,meeting,0
2017-08-08 17:04:45.748706,2017-08-08 17:05:48.656047,0:01:02.907341,private,0
2017-08-08 17:05:48.661717,2017-08-08 17:42:52.672851,0:37:04.011134,offline,0
2017-08-08 17:42:52.680279,2017-08-08 17:42:55.685419,0:00:03.005140,mailing,-1
2017-08-08 17:42:55.690947,2017-08-08 17:49:20.276929,0:06:24.585982,browsing,0
2017-08-08 17:49:20.282900,2017-08-08 17:54:17.797419,0:04:57.514519,browsing,0
2017-08-08 17:54:17.804258,2017-08-08 17:54:20.807397,0:00:03.003139,mailing,-1
2017-08-08 17:54:20.812965,2017-08-08 18:35:14.823515,0:40:54.010550,offline,0
2017-08-08 18:35:14.830666,2017-08-08 18:35:24.223980,0:00:09.393314,browsing,0
2017-08-08 18:35:24.231372,2017-08-08 18:39:08.677388,0:03:44.446016,private,0
2017-08-08 18:39:08.685041,2017-08-08 18:39:11.688311,0:00:03.003270,mailing,-1
2017-08-08 18:39:11.693397,2017-08-08 20:08:03.705552,1:28:52.012155,meeting,0
2017-08-10 09:06:26.625819,2017-08-10 09:12:12.120597,0:05:45.494778,browsing,0
2017-08-10 09:12:12.125245,2017-08-10 09:13:12.774897,0:01:00.649652,mailing,0
2017-08-10 09:13:12.789503,2017-08-10 09:14:24.189156,0:01:11.399653,browsing,0
2017-08-10 09:14:24.195215,2017-08-10 10:59:40.296841,1:45:16.101626,meeting,0
2017-08-10 10:59:40.304357,2017-08-10 11:03:09.406269,0:03:29.101912,breaks,0
2017-08-10 11:03:09.413457,2017-08-10 11:22:19.809545,0:19:10.396088,copyFiles,0
2017-08-10 11:22:19.816057,2017-08-10 11:27:18.577004,0:04:58.760947,copyFiles,0
2017-08-10 11:27:18.583792,2017-08-10 11:28:46.068782,0:01:27.484990,browsing,0
2017-08-10 11:28:46.075511,2017-08-10 11:29:01.185342,0:00:15.109831,printing,0
2017-08-10 11:29:01.191410,2017-08-10 11:29:44.041727,0:00:42.850317,browsing,0
2017-08-10 11:29:44.047478,2017-08-10 11:51:35.752410,0:21:51.704932,copyFiles,0
2017-08-10 11:51:35.768710,2017-08-10 11:52:14.229424,0:00:38.460714,copyFiles,0
2017-08-10 11:52:14.235442,2017-08-10 11:52:29.276612,0:00:15.041170,printing,0
2017-08-10 11:52:29.283210,2017-08-10 12:01:12.142972,0:08:42.859762,copyFiles,0
2017-08-10 12:01:12.148148,2017-08-10 12:04:04.651291,0:02:52.503143,browsing,0
2017-08-10 12:04:04.660012,2017-08-10 12:20:58.761657,0:16:54.101645,offline,0
2017-08-10 12:20:58.769799,2017-08-10 12:25:47.018584,0:04:48.248785,copyFiles,0
2017-08-10 12:25:47.073303,2017-08-10 12:30:40.801926,0:04:53.728623,copyFiles,0
2017-08-10 12:30:40.808445,2017-08-10 12:33:48.224691,0:03:07.416246,browsing,0
2017-08-10 12:33:48.233108,2017-08-10 12:38:43.335118,0:04:55.102010,offline,0
2017-08-10 12:38:43.343909,2017-08-10 12:47:06.359451,0:08:23.015542,copyFiles,0
2017-08-10 12:47:06.369311,2017-08-10 12:47:42.041935,0:00:35.672624,browsing,0
2017-08-10 12:47:42.048855,2017-08-10 12:49:25.011760,0:01:42.962905,browsing,0
2017-08-10 12:49:25.017785,2017-08-10 12:59:25.031188,0:10:00.013403,private,-1
2017-08-10 12:59:25.036362,2017-08-10 14:43:36.098066,1:44:11.061704,meeting,0
2017-08-10 14:43:36.106339,2017-08-10 14:44:11.388029,0:00:35.281690,printing,0
2017-08-10 14:44:11.394226,2017-08-10 14:50:08.487466,0:05:57.093240,copyFiles,0
2017-08-10 14:50:08.493974,2017-08-10 14:56:01.370176,0:05:52.876202,copyFiles,0
2017-08-10 14:56:01.375924,2017-08-10 15:00:35.019751,0:04:33.643827,copyFiles,0
2017-08-10 15:00:35.025565,2017-08-10 15:01:24.284360,0:00:49.258795,browsing,0
2017-08-10 15:01:24.292360,2017-08-10 15:02:07.974160,0:00:43.681800,copyFiles,0
2017-08-10 15:02:07.981560,2017-08-10 15:03:33.309902,0:01:25.328342,browsing,0
2017-08-10 15:03:33.316453,2017-08-10 15:04:56.785029,0:01:23.468576,browsing,0
2017-08-10 15:04:56.791931,2017-08-10 15:09:47.894615,0:04:51.102684,breaks,0
2017-08-10 15:09:47.902112,2017-08-10 15:10:38.459209,0:00:50.557097,mailing,0
2017-08-10 15:10:38.467623,2017-08-10 15:11:48.477905,0:01:10.010282,browsing,0
2017-08-10 15:11:48.484507,2017-08-10 15:16:38.586441,0:04:50.101934,breaks,0
2017-08-10 15:16:38.594138,2017-08-10 15:21:16.728360,0:04:38.134222,copyFiles,0
2017-08-10 15:21:16.734953,2017-08-10 15:21:42.435933,0:00:25.700980,browsing,0
2017-08-10 15:21:42.441282,2017-08-10 15:23:44.080385,0:02:01.639103,mailing,0
2017-08-10 15:23:44.110328,2017-08-10 15:29:19.390884,0:05:35.280556,copyFiles,0
2017-08-10 15:29:19.398425,2017-08-10 15:29:55.578778,0:00:36.180353,browsing,0
2017-08-10 15:29:55.585681,2017-08-10 15:42:48.571791,0:12:52.986110,copyFiles,0
2017-08-10 15:42:48.576331,2017-08-10 15:45:09.599822,0:02:21.023491,copyFiles,0
2017-08-10 15:45:09.606321,2017-08-10 15:45:35.508107,0:00:25.901786,browsing,0
2017-08-10 15:45:35.515099,2017-08-10 15:50:25.117636,0:04:49.602537,private,0
2017-08-10 15:50:25.122746,2017-08-10 15:55:55.007614,0:05:29.884868,browsing,0
2017-08-10 15:55:55.014481,2017-08-10 15:57:41.834500,0:01:46.820019,private,0
2017-08-10 15:57:41.840113,2017-08-10 16:02:50.032267,0:05:08.192154,copyFiles,0
2017-08-10 16:02:50.039202,2017-08-10 16:36:49.140528,0:33:59.101326,offline,0
2017-08-10 16:36:49.149639,2017-08-10 16:41:53.757522,0:05:04.607883,browsing,0
2017-08-10 16:41:53.763294,2017-08-10 16:45:13.681763,0:03:19.918469,browsing,0
2017-08-10 16:45:13.695223,2017-08-10 17:26:17.797139,0:41:04.101916,offline,0
2017-08-10 17:26:17.805610,2017-08-10 17:29:41.834789,0:03:24.029179,browsing,0
2017-08-10 17:29:41.841340,2017-08-10 17:41:55.772231,0:12:13.930891,copyFiles,0
2017-08-10 17:41:55.779866,2017-08-10 17:42:39.070917,0:00:43.291051,browsing,0
2017-08-10 17:42:39.077030,2017-08-10 17:44:19.775008,0:01:40.697978,mailing,0
2017-08-10 17:44:19.781355,2017-08-10 17:45:23.439177,0:01:03.657822,browsing,0
2017-08-10 17:45:23.445523,2017-08-10 17:46:25.839133,0:01:02.393610,private,0
2017-08-10 17:46:25.848263,2017-08-10 17:47:26.243964,0:01:00.395701,mailing,0
2017-08-10 17:47:26.248612,2017-08-10 17:47:41.510077,0:00:15.261465,printing,0
2017-08-10 17:47:41.516439,2017-08-10 17:49:30.841390,0:01:49.324951,browsing,0
2017-08-10 17:49:30.847131,2017-08-10 17:51:14.536092,0:01:43.688961,browsing,0
2017-08-10 17:51:14.543339,2017-08-10 18:01:15.766861,0:10:01.223522,copyFiles,0
2017-08-10 18:01:15.773691,2017-08-10 18:02:33.362574,0:01:17.588883,browsing,0
2017-08-10 18:02:33.368425,2017-08-10 18:05:17.780583,0:02:44.412158,copyFiles,0
2017-08-10 18:05:17.787651,2017-08-10 18:37:51.888970,0:32:34.101319,offline,0
2017-08-10 18:37:51.895462,2017-08-10 18:42:45.160162,0:04:53.264700,browsing,0
2017-08-10 18:42:45.165231,2017-08-10 18:44:40.334039,0:01:55.168808,copyFiles,0
2017-08-10 18:44:40.341924,2017-08-10 18:46:11.108689,0:01:30.766765,mailing,0
2017-08-10 18:46:11.114344,2017-08-10 19:32:16.200704,0:46:05.086360,meeting,0
2017-08-10 19:32:16.208394,2017-08-10 19:37:35.716658,0:05:19.508264,copyFiles,0
2017-08-10 19:37:35.727156,2017-08-10 19:41:48.144644,0:04:12.417488,copyFiles,0
2017-08-10 19:41:48.154775,2017-08-10 19:44:51.271200,0:03:03.116425,browsing,0
2017-08-10 19:44:51.276275,2017-08-10 19:45:06.370962,0:00:15.094687,printing,0
2017-08-10 19:45:06.377889,2017-08-10 19:46:27.179704,0:01:20.801815,mailing,0
2017-08-10 19:46:27.184592,2017-08-10 19:47:17.556744,0:00:50.372152,mailing,0
2017-08-10 19:47:17.563143,2017-08-10 19:48:07.773915,0:00:50.210772,mailing,0
2017-08-10 19:48:07.780106,2017-08-10 19:52:07.009644,0:03:59.229538,copyFiles,0
2017-08-10 19:52:07.015776,2017-08-10 19:54:04.326238,0:01:57.310462,browsing,0
2017-08-10 19:54:04.331273,2017-08-10 19:56:39.432860,0:02:35.101587,breaks,0
2017-08-10 19:56:39.440968,2017-08-10 19:58:08.740430,0:01:29.299462,browsing,0
2017-08-10 19:58:08.745495,2017-08-10 19:58:51.629548,0:00:42.884053,browsing,0
2017-08-10 19:58:51.636454,2017-08-10 19:59:43.143593,0:00:51.507139,browsing,0
2017-08-10 19:59:43.149366,2017-08-10 20:00:36.282635,0:00:53.133269,browsing,0
2017-08-11 09:01:02.404032,2017-08-11 09:01:53.234946,0:00:50.830914,mailing,0
2017-08-11 09:01:53.239419,2017-08-11 09:10:36.063709,0:08:42.824290,copyFiles,0
2017-08-11 09:10:36.069711,2017-08-11 09:27:16.170817,0:16:40.101106,offline,0
2017-08-11 09:27:16.179033,2017-08-11 09:30:15.111207,0:02:58.932174,copyFiles,0
2017-08-11 09:30:15.156002,2017-08-11 09:31:04.859223,0:00:49.703221,private,0
2017-08-11 09:31:04.883457,2017-08-11 09:32:36.536421,0:01:31.652964,private,0
2017-08-11 09:32:36.541370,2017-08-11 09:37:35.582646,0:04:59.041276,browsing,0
2017-08-11 09:37:35.588533,2017-08-11 09:39:25.714520,0:01:50.125987,copyFiles,0
2017-08-11 09:39:25.720200,2017-08-11 09:43:51.101516,0:04:25.381316,copyFiles,0
2017-08-11 09:43:51.107907,2017-08-11 09:46:31.686725,0:02:40.578818,browsing,0
2017-08-11 09:46:31.695131,2017-08-11 11:24:06.796609,1:37:35.101478,meeting,0
2017-08-11 11:24:06.803624,2017-08-11 11:27:52.696535,0:03:45.892911,copyFiles,0
2017-08-11 11:27:52.702458,2017-08-11 12:28:16.803421,1:00:24.100963,meeting,0
2017-08-11 12:28:16.810322,2017-08-11 12:30:02.911894,0:01:46.101572,breaks,0
2017-08-11 12:30:02.918077,2017-08-11 12:37:43.364759,0:07:40.446682,browsing,0
2017-08-11 12:37:43.371974,2017-08-11 12:41:03.983177,0:03:20.611203,copyFiles,0
2017-08-11 12:41:03.989427,2017-08-11 12:44:29.485132,0:03:25.495705,browsing,0
2017-08-11 12:44:29.491954,2017-08-11 13:34:21.593427,0:49:52.101473,offline,0
2017-08-11 13:34:21.600845,2017-08-11 13:37:20.408834,0:02:58.807989,browsing,0
2017-08-11 13:37:20.414666,2017-08-11 13:39:05.576310,0:01:45.161644,copyFiles,0
2017-08-11 13:39:05.581835,2017-08-11 13:40:10.180741,0:01:04.598906,mailing,0
2017-08-11 13:40:10.186487,2017-08-11 13:40:36.850408,0:00:26.663921,copyFiles,0
2017-08-11 13:40:36.856641,2017-08-11 14:25:35.957626,0:44:59.100985,offline,0
2017-08-11 14:25:35.965115,2017-08-11 14:28:26.151234,0:02:50.186119,private,0
2017-08-11 14:28:26.158019,2017-08-11 14:29:27.025975,0:01:00.867956,copyFiles,0
2017-08-11 14:29:27.031949,2017-08-11 14:36:11.413224,0:06:44.381275,copyFiles,0
2017-08-11 14:36:11.419687,2017-08-11 14:37:34.803522,0:01:23.383835,copyFiles,0
2017-08-11 14:37:34.810020,2017-08-11 14:38:11.860873,0:00:37.050853,printing,0
2017-08-11 14:38:11.867329,2017-08-11 14:44:44.835175,0:06:32.967846,copyFiles,0
2017-08-11 14:44:44.841310,2017-08-11 15:05:07.942793,0:20:23.101483,meeting,0
2017-08-11 15:05:07.949366,2017-08-11 15:06:24.568301,0:01:16.618935,mailing,0
2017-08-11 15:06:24.573498,2017-08-11 15:09:11.511719,0:02:46.938221,browsing,0
2017-08-11 15:09:11.518660,2017-08-11 15:46:03.620682,0:36:52.102022,meeting,0
2017-08-11 15:46:03.631948,2017-08-11 15:54:24.705856,0:08:21.073908,copyFiles,0
2017-08-11 15:54:24.712792,2017-08-11 15:57:40.948015,0:03:16.235223,browsing,0
2017-08-11 15:57:40.955394,2017-08-11 15:59:06.539710,0:01:25.584316,copyFiles,0
2017-08-11 15:59:06.545688,2017-08-11 16:01:58.281595,0:02:51.735907,browsing,0
2017-08-11 16:01:58.287612,2017-08-11 16:02:49.613672,0:00:51.326060,mailing,0
2017-08-11 16:02:49.618311,2017-08-11 16:05:55.289736,0:03:05.671425,browsing,0
2017-08-11 16:05:55.298310,2017-08-11 16:08:19.401521,0:02:24.103211,breaks,0
2017-08-11 16:08:19.406704,2017-08-11 16:17:08.504112,0:08:49.097408,copyFiles,0
2017-08-11 16:17:08.526656,2017-08-11 16:20:22.835385,0:03:14.308729,browsing,0
2017-08-11 16:20:22.845444,2017-08-11 16:23:26.050234,0:03:03.204790,browsing,0
2017-08-11 16:23:26.057892,2017-08-11 16:26:10.960629,0:02:44.902737,private,0
2017-08-11 16:26:10.968026,2017-08-11 16:26:41.930227,0:00:30.962201,copyFiles,0
2017-08-11 16:26:41.935878,2017-08-11 16:28:07.503911,0:01:25.568033,copyFiles,0
2017-08-11 16:28:07.509814,2017-08-11 16:29:09.024825,0:01:01.515011,private,0
2017-08-11 16:29:09.034704,2017-08-11 16:30:10.539007,0:01:01.504303,browsing,0
2017-08-11 16:30:10.544554,2017-08-11 16:44:56.165575,0:14:45.621021,copyFiles,0
2017-08-11 16:44:56.172498,2017-08-11 16:46:25.492705,0:01:29.320207,mailing,0
2017-08-11 16:46:25.502543,2017-08-11 16:52:44.264804,0:06:18.762261,private,0
2017-08-11 16:52:44.273986,2017-08-11 16:55:54.622284,0:03:10.348298,mailing,0
2017-08-11 16:55:54.627906,2017-08-11 16:57:45.729429,0:01:51.101523,breaks,0
2017-08-11 16:57:45.737117,2017-08-11 17:02:28.288152,0:04:42.551035,copyFiles,0
2017-08-11 17:02:28.296198,2017-08-11 17:06:01.209885,0:03:32.913687,copyFiles,0
2017-08-11 17:06:01.217017,2017-08-11 17:07:30.721726,0:01:29.504709,mailing,0
2017-08-11 17:07:30.727378,2017-08-11 17:11:37.828370,0:04:07.100992,offline,0
2017-08-11 17:11:37.835963,2017-08-11 17:12:53.100179,0:01:15.264216,mailing,0
2017-08-11 17:12:53.106465,2017-08-11 17:13:46.427244,0:00:53.320779,mailing,0
2017-08-11 17:13:46.433426,2017-08-11 17:33:13.659290,0:19:27.225864,copyFiles,0
2017-08-11 17:33:13.666788,2017-08-11 17:35:30.427844,0:02:16.761056,copyFiles,0
2017-08-11 17:35:30.433834,2017-08-11 17:36:56.521184,0:01:26.087350,breaks,0
2017-08-11 17:36:56.527016,2017-08-11 17:37:38.231625,0:00:41.704609,printing,0
2017-08-11 17:37:38.237859,2017-08-11 17:39:11.331901,0:01:33.094042,offline,0
2017-08-11 17:39:11.339546,2017-08-11 17:42:26.634693,0:03:15.295147,private,0
2017-08-11 17:42:26.642893,2017-08-11 17:46:41.631801,0:04:14.988908,browsing,0
2017-08-11 17:46:41.638422,2017-08-11 17:51:08.386580,0:04:26.748158,browsing,0
2017-08-11 17:51:08.392765,2017-08-11 17:52:01.811844,0:00:53.419079,mailing,0
2017-08-11 17:52:01.818542,2017-08-11 19:17:52.920409,1:25:51.101867,meeting,0
2017-08-11 19:17:52.929601,2017-08-11 19:20:34.023242,0:02:41.093641,browsing,0
2017-08-11 19:20:34.030128,2017-08-11 19:23:31.839855,0:02:57.809727,browsing,0
2017-08-11 19:23:31.848739,2017-08-11 19:26:55.851226,0:03:24.002487,copyFiles,0
2017-08-11 19:26:55.861241,2017-08-11 19:29:16.962710,0:02:21.101469,breaks,0
2017-08-11 19:29:16.969418,2017-08-11 19:32:02.251127,0:02:45.281709,browsing,0
2017-08-11 19:32:02.259862,2017-08-11 19:34:53.133842,0:02:50.873980,browsing,0
2017-08-11 19:34:53.140710,2017-08-11 19:35:47.215514,0:00:54.074804,copyFiles,0
2017-08-11 19:35:47.221115,2017-08-11 19:54:21.322660,0:18:34.101545,offline,0
2017-08-11 19:54:21.332481,2017-08-11 20:04:21.339506,0:10:00.007025,private,-9
2017-08-15 09:06:17.981382,2017-08-15 09:07:48.470972,0:01:30.489590,mailing,0
2017-08-15 09:07:48.476784,2017-08-15 09:09:22.001754,0:01:33.524970,browsing,0
2017-08-15 09:09:22.007572,2017-08-15 09:16:17.937701,0:06:55.930129,private,0
2017-08-15 09:16:17.943598,2017-08-15 09:36:19.359747,0:20:01.416149,copyFiles,0
2017-08-15 09:36:19.366091,2017-08-15 09:37:57.882697,0:01:38.516606,browsing,0
2017-08-15 09:37:57.889641,2017-08-15 09:38:37.056097,0:00:39.166456,copyFiles,0
2017-08-15 09:38:37.062338,2017-08-15 09:39:27.734849,0:00:50.672511,mailing,0
2017-08-15 09:39:27.739563,2017-08-15 09:40:49.085450,0:01:21.345887,mailing,0
2017-08-15 09:40:49.103404,2017-08-15 09:42:40.030870,0:01:50.927466,browsing,0
2017-08-15 09:42:40.055938,2017-08-15 09:46:44.716854,0:04:04.660916,copyFiles,0
2017-08-15 09:46:44.723048,2017-08-15 09:48:05.238509,0:01:20.515461,mailing,0
2017-08-15 09:48:05.243671,2017-08-15 09:49:05.495606,0:01:00.251935,mailing,0
2017-08-15 09:49:05.501512,2017-08-15 09:52:31.257235,0:03:25.755723,copyFiles,0
2017-08-15 09:52:31.263578,2017-08-15 09:54:18.178297,0:01:46.914719,browsing,0
2017-08-15 09:54:18.185238,2017-08-15 11:39:43.239715,1:45:25.054477,meeting,0
2017-08-15 11:39:43.248531,2017-08-15 11:40:43.750021,0:01:00.501490,mailing,0
2017-08-15 11:40:43.755996,2017-08-15 11:44:33.939996,0:03:50.184000,copyFiles,0
2017-08-15 11:44:33.946324,2017-08-15 11:44:41.640437,0:00:07.694113,browsing,0
2017-08-15 11:44:41.646074,2017-08-15 11:53:48.577682,0:09:06.931608,copyFiles,0
2017-08-15 11:53:48.583277,2017-08-15 12:00:20.318649,0:06:31.735372,copyFiles,0
2017-08-15 12:00:20.325125,2017-08-15 12:09:10.278143,0:08:49.953018,private,0
2017-08-15 12:09:10.284692,2017-08-15 12:09:41.297101,0:00:31.012409,browsing,0
2017-08-15 12:09:41.302880,2017-08-15 12:12:26.367084,0:02:45.064204,browsing,0
2017-08-15 12:12:26.372944,2017-08-15 12:12:41.500327,0:00:15.127383,printing,0
2017-08-15 12:12:41.508675,2017-08-15 12:22:27.927417,0:09:46.418742,private,0
2017-08-15 12:22:27.933739,2017-08-15 12:54:53.978689,0:32:26.044950,breaks,0
2017-08-15 12:54:53.986051,2017-08-15 13:01:40.432653,0:06:46.446602,browsing,0
2017-08-15 13:01:40.438587,2017-08-15 13:03:23.974864,0:01:43.536277,browsing,0
2017-08-15 13:03:23.982932,2017-08-15 13:04:14.058710,0:00:50.075778,copyFiles,0
2017-08-15 13:04:14.065471,2017-08-15 13:08:08.166485,0:03:54.101014,breaks,0
2017-08-15 13:08:08.173072,2017-08-15 13:13:42.339052,0:05:34.165980,copyFiles,0
2017-08-15 13:13:42.345591,2017-08-15 13:14:53.156182,0:01:10.810591,copyFiles,0
2017-08-15 13:14:53.163158,2017-08-15 13:22:52.372383,0:07:59.209225,copyFiles,0
2017-08-15 13:22:52.378382,2017-08-15 13:25:47.479484,0:02:55.101102,breaks,0
2017-08-15 13:25:47.485552,2017-08-15 13:35:47.491859,0:10:00.006307,browsing,-1
2017-08-15 13:35:47.497346,2017-08-15 13:40:57.602090,0:05:10.104744,copyFiles,0
2017-08-15 13:40:57.627096,2017-08-15 14:29:27.640211,0:48:30.013115,offline,0
2017-08-15 14:29:27.647135,2017-08-15 14:33:25.107035,0:03:57.459900,copyFiles,0
2017-08-15 14:33:25.113404,2017-08-15 14:34:15.725392,0:00:50.611988,mailing,0
2017-08-15 14:34:15.730741,2017-08-15 14:56:10.733666,0:21:55.002925,meeting,0
2017-08-15 14:56:10.740051,2017-08-15 14:57:01.046381,0:00:50.306330,mailing,0
2017-08-15 14:57:01.050596,2017-08-15 15:23:24.151935,0:26:23.101339,meeting,0
2017-08-15 15:23:24.159131,2017-08-15 15:24:23.354680,0:00:59.195549,browsing,0
2017-08-15 15:24:23.360603,2017-08-15 15:29:30.637953,0:05:07.277350,copyFiles,0
2017-08-15 15:29:30.644317,2017-08-15 15:39:30.653241,0:10:00.008924,browsing,-1
2017-08-15 15:39:30.660097,2017-08-15 15:52:45.440137,0:13:14.780040,copyFiles,0
2017-08-15 15:52:45.445112,2017-08-15 15:53:39.350284,0:00:53.905172,copyFiles,0
2017-08-15 15:53:39.354736,2017-08-15 15:55:00.472099,0:01:21.117363,browsing,0
2017-08-15 15:55:00.480716,2017-08-15 16:04:58.289993,0:09:57.809277,copyFiles,0
2017-08-15 16:04:58.296037,2017-08-15 16:13:10.267874,0:08:11.971837,browsing,0
2017-08-15 16:13:10.274403,2017-08-15 16:13:25.680009,0:00:15.405606,printing,0
2017-08-15 16:13:25.683706,2017-08-15 16:16:10.373335,0:02:44.689629,browsing,0
2017-08-15 16:16:10.379711,2017-08-15 17:10:06.440407,0:53:56.060696,meeting,0
2017-08-15 17:10:06.451020,2017-08-15 17:10:57.118592,0:00:50.667572,mailing,0
2017-08-15 17:10:57.124298,2017-08-15 17:14:11.129751,0:03:14.005453,copyFiles,0
2017-08-15 17:14:11.136361,2017-08-15 17:16:53.448908,0:02:42.312547,copyFiles,0
2017-08-15 17:16:53.453868,2017-08-15 17:18:26.421265,0:01:32.967397,browsing,0
2017-08-15 17:18:26.428189,2017-08-15 17:24:21.024947,0:05:54.596758,browsing,0
2017-08-15 17:24:21.031705,2017-08-15 18:11:17.052628,0:46:56.020923,meeting,0
2017-08-15 18:11:17.062565,2017-08-15 19:13:24.072638,1:02:07.010073,meeting,0
2017-08-15 19:13:24.080542,2017-08-15 19:16:17.333191,0:02:53.252649,browsing,0
2017-08-15 19:16:17.340378,2017-08-15 19:17:51.442715,0:01:34.102337,copyFiles,0
2017-08-15 19:17:51.449115,2017-08-15 20:28:54.453305,1:11:03.004190,meeting,0
2017-08-16 09:07:19.542137,2017-08-16 09:10:06.794323,0:02:47.252186,copyFiles,0
2017-08-16 09:12:19.152053,2017-08-16 09:22:43.256570,0:10:24.104517,copyFiles,0
2017-08-16 09:22:43.261649,2017-08-16 09:27:38.165359,0:04:54.903710,copyFiles,0
2017-08-16 09:27:38.170764,2017-08-16 09:32:44.017015,0:05:05.846251,browsing,0
2017-08-16 09:32:44.041071,2017-08-16 09:37:33.212679,0:04:49.171608,copyFiles,0
2017-08-16 09:37:33.218650,2017-08-16 09:41:24.077892,0:03:50.859242,copyFiles,0
2017-08-16 09:41:24.082353,2017-08-16 09:41:30.313777,0:00:06.231424,browsing,0
2017-08-16 09:41:30.318337,2017-08-16 09:43:47.854296,0:02:17.535959,browsing,0
2017-08-16 09:43:47.860544,2017-08-16 09:45:00.300974,0:01:12.440430,private,0
2017-08-16 09:45:00.305969,2017-08-16 09:46:08.515739,0:01:08.209770,browsing,0
2017-08-16 09:46:08.520976,2017-08-16 11:12:26.621902,1:26:18.100926,meeting,0
2017-08-16 11:12:26.629482,2017-08-16 11:25:19.850782,0:12:53.221300,copyFiles,0
2017-08-16 11:25:19.867484,2017-08-16 11:26:36.812056,0:01:16.944572,copyFiles,0
2017-08-16 11:26:36.818284,2017-08-16 11:54:31.922147,0:27:55.103863,offline,0
2017-08-16 11:54:31.930751,2017-08-16 11:56:48.223820,0:02:16.293069,copyFiles,0
2017-08-16 11:56:48.229679,2017-08-16 12:01:03.156905,0:04:14.927226,copyFiles,0
2017-08-16 12:01:03.163187,2017-08-16 13:32:36.264035,1:31:33.100848,meeting,0
2017-08-16 13:32:36.271217,2017-08-16 13:55:19.372038,0:22:43.100821,offline,0
2017-08-16 13:55:19.378159,2017-08-16 13:55:31.227678,0:00:11.849519,browsing,0
2017-08-16 13:55:31.232383,2017-08-16 13:56:25.914742,0:00:54.682359,browsing,0
2017-08-16 13:56:25.919676,2017-08-16 13:57:29.675767,0:01:03.756091,private,0
2017-08-16 13:57:29.681629,2017-08-16 14:00:10.200962,0:02:40.519333,private,0
2017-08-16 14:00:10.205781,2017-08-16 15:25:06.308379,1:24:56.102598,meeting,0
2017-08-16 15:25:06.314808,2017-08-16 15:28:57.484143,0:03:51.169335,browsing,0
2017-08-16 15:28:57.488747,2017-08-16 15:30:37.813866,0:01:40.325119,browsing,0
2017-08-16 15:30:37.818855,2017-08-16 15:33:33.528001,0:02:55.709146,copyFiles,0
2017-08-16 15:33:33.533892,2017-08-16 15:37:15.986933,0:03:42.453041,browsing,0
2017-08-16 15:37:15.992198,2017-08-16 15:41:50.419652,0:04:34.427454,copyFiles,0
2017-08-16 15:41:50.425809,2017-08-16 15:43:00.058863,0:01:09.633054,private,0
2017-08-16 15:43:00.064680,2017-08-16 15:44:08.133672,0:01:08.068992,offline,0
2017-08-16 15:44:08.139592,2017-08-16 15:48:51.181108,0:04:43.041516,copyFiles,0
2017-08-16 15:48:51.199415,2017-08-16 16:50:54.300695,1:02:03.101280,meeting,0
2017-08-16 16:50:54.308186,2017-08-16 16:57:22.692921,0:06:28.384735,copyFiles,0
2017-08-16 16:57:22.698641,2017-08-16 16:59:08.532089,0:01:45.833448,browsing,0
2017-08-16 16:59:08.536679,2017-08-16 17:00:32.307715,0:01:23.771036,copyFiles,0
2017-08-16 17:00:32.314679,2017-08-16 17:06:31.491413,0:05:59.176734,copyFiles,0
2017-08-16 17:06:31.497799,2017-08-16 17:29:31.598681,0:23:00.100882,offline,0
2017-08-16 17:29:31.608363,2017-08-16 17:30:52.573149,0:01:20.964786,mailing,0
2017-08-16 17:30:52.578526,2017-08-16 19:18:02.679351,1:47:10.100825,meeting,0
2017-08-16 19:18:02.686282,2017-08-16 19:21:14.238128,0:03:11.551846,mailing,0
2017-08-16 19:21:14.243427,2017-08-16 19:23:16.904881,0:02:02.661454,browsing,0
2017-08-16 19:23:16.910073,2017-08-16 19:31:05.836891,0:07:48.926818,browsing,0
2017-08-16 19:31:05.843156,2017-08-16 19:32:05.210682,0:00:59.367526,browsing,0
2017-08-16 19:32:05.215726,2017-08-16 19:32:20.433294,0:00:15.217568,printing,0
2017-08-16 19:32:20.438670,2017-08-16 19:40:19.526139,0:07:59.087469,copyFiles,0
2017-08-16 19:40:19.533630,2017-08-16 19:43:33.884003,0:03:14.350373,copyFiles,0
2017-08-16 19:43:33.889646,2017-08-16 19:46:18.194977,0:02:44.305331,copyFiles,0
2017-08-16 19:46:18.200193,2017-08-16 19:47:24.795003,0:01:06.594810,browsing,0
2017-08-16 19:47:24.800378,2017-08-16 19:53:53.961206,0:06:29.160828,copyFiles,0
2017-08-16 19:53:53.966746,2017-08-16 20:05:50.121231,0:11:56.154485,copyFiles,0
